[0.014s] Invoking command in '/home/ycao/virtual_roam_2/build/unitree_go2_sim': CMAKE_PREFIX_PATH=${CMAKE_PREFIX_PATH}:/opt/ros/jazzy DEBUGINFOD_URLS=https://debuginfod.ubuntu.com /usr/bin/cmake /home/ycao/virtual_roam_2/src/unitree_go2_sim -DCMAKE_INSTALL_PREFIX=/home/ycao/virtual_roam_2/install/unitree_go2_sim
[0.063s] -- The C compiler identification is GNU 13.3.0
[0.106s] -- The CXX compiler identification is GNU 13.3.0
[0.120s] -- Detecting C compiler ABI info
[0.194s] -- Detecting C compiler ABI info - done
[0.203s] -- Check for working C compiler: /usr/bin/cc - skipped
[0.203s] -- Detecting C compile features
[0.203s] -- Detecting C compile features - done
[0.213s] -- Detecting CXX compiler ABI info
[0.297s] -- Detecting CXX compiler ABI info - done
[0.303s] -- Check for working CXX compiler: /usr/bin/c++ - skipped
[0.303s] -- Detecting CXX compile features
[0.304s] -- Detecting CXX compile features - done
[0.307s] -- Found ament_cmake: 2.5.4 (/opt/ros/jazzy/share/ament_cmake/cmake)
[0.421s] -- Found Python3: /usr/bin/python3 (found version "3.12.3") found components: Interpreter 
[0.574s] -- Configuring done (0.6s)
[0.576s] -- Generating done (0.0s)
[0.577s] -- Build files have been written to: /home/ycao/virtual_roam_2/build/unitree_go2_sim
[0.581s] Invoked command in '/home/ycao/virtual_roam_2/build/unitree_go2_sim' returned '0': CMAKE_PREFIX_PATH=${CMAKE_PREFIX_PATH}:/opt/ros/jazzy DEBUGINFOD_URLS=https://debuginfod.ubuntu.com /usr/bin/cmake /home/ycao/virtual_roam_2/src/unitree_go2_sim -DCMAKE_INSTALL_PREFIX=/home/ycao/virtual_roam_2/install/unitree_go2_sim
[0.582s] Invoking command in '/home/ycao/virtual_roam_2/build/unitree_go2_sim': CMAKE_PREFIX_PATH=${CMAKE_PREFIX_PATH}:/opt/ros/jazzy DEBUGINFOD_URLS=https://debuginfod.ubuntu.com /usr/bin/cmake --build /home/ycao/virtual_roam_2/build/unitree_go2_sim -- -j16 -l16
[0.620s] Invoked command in '/home/ycao/virtual_roam_2/build/unitree_go2_sim' returned '0': CMAKE_PREFIX_PATH=${CMAKE_PREFIX_PATH}:/opt/ros/jazzy DEBUGINFOD_URLS=https://debuginfod.ubuntu.com /usr/bin/cmake --build /home/ycao/virtual_roam_2/build/unitree_go2_sim -- -j16 -l16
[0.621s] Invoking command in '/home/ycao/virtual_roam_2/build/unitree_go2_sim': CMAKE_PREFIX_PATH=${CMAKE_PREFIX_PATH}:/opt/ros/jazzy DEBUGINFOD_URLS=https://debuginfod.ubuntu.com /usr/bin/cmake --install /home/ycao/virtual_roam_2/build/unitree_go2_sim
[0.628s] -- Install configuration: ""
[0.628s] -- Installing: /home/ycao/virtual_roam_2/install/unitree_go2_sim/share/unitree_go2_sim/launch
[0.628s] -- Installing: /home/ycao/virtual_roam_2/install/unitree_go2_sim/share/unitree_go2_sim/launch/unitree_go2_launch.py
[0.628s] -- Installing: /home/ycao/virtual_roam_2/install/unitree_go2_sim/share/unitree_go2_sim/config
[0.628s] -- Installing: /home/ycao/virtual_roam_2/install/unitree_go2_sim/share/unitree_go2_sim/config/links
[0.628s] -- Installing: /home/ycao/virtual_roam_2/install/unitree_go2_sim/share/unitree_go2_sim/config/links/links.yaml
[0.628s] -- Installing: /home/ycao/virtual_roam_2/install/unitree_go2_sim/share/unitree_go2_sim/config/joints
[0.629s] -- Installing: /home/ycao/virtual_roam_2/install/unitree_go2_sim/share/unitree_go2_sim/config/joints/joints.yaml
[0.629s] -- Installing: /home/ycao/virtual_roam_2/install/unitree_go2_sim/share/unitree_go2_sim/config/gait
[0.629s] -- Installing: /home/ycao/virtual_roam_2/install/unitree_go2_sim/share/unitree_go2_sim/config/gait/gait.yaml
[0.629s] -- Installing: /home/ycao/virtual_roam_2/install/unitree_go2_sim/share/unitree_go2_sim/config/ros_control
[0.629s] -- Installing: /home/ycao/virtual_roam_2/install/unitree_go2_sim/share/unitree_go2_sim/config/ros_control/ros_control.yaml
[0.629s] -- Installing: /home/ycao/virtual_roam_2/install/unitree_go2_sim/share/unitree_go2_sim/rviz
[0.629s] -- Installing: /home/ycao/virtual_roam_2/install/unitree_go2_sim/share/unitree_go2_sim/rviz/rviz.rviz
[0.630s] -- Installing: /home/ycao/virtual_roam_2/install/unitree_go2_sim/share/ament_index/resource_index/package_run_dependencies/unitree_go2_sim
[0.630s] -- Installing: /home/ycao/virtual_roam_2/install/unitree_go2_sim/share/ament_index/resource_index/parent_prefix_path/unitree_go2_sim
[0.630s] -- Installing: /home/ycao/virtual_roam_2/install/unitree_go2_sim/share/unitree_go2_sim/environment/ament_prefix_path.sh
[0.630s] -- Installing: /home/ycao/virtual_roam_2/install/unitree_go2_sim/share/unitree_go2_sim/environment/ament_prefix_path.dsv
[0.630s] -- Installing: /home/ycao/virtual_roam_2/install/unitree_go2_sim/share/unitree_go2_sim/environment/path.sh
[0.630s] -- Installing: /home/ycao/virtual_roam_2/install/unitree_go2_sim/share/unitree_go2_sim/environment/path.dsv
[0.630s] -- Installing: /home/ycao/virtual_roam_2/install/unitree_go2_sim/share/unitree_go2_sim/local_setup.bash
[0.630s] -- Installing: /home/ycao/virtual_roam_2/install/unitree_go2_sim/share/unitree_go2_sim/local_setup.sh
[0.630s] -- Installing: /home/ycao/virtual_roam_2/install/unitree_go2_sim/share/unitree_go2_sim/local_setup.zsh
[0.630s] -- Installing: /home/ycao/virtual_roam_2/install/unitree_go2_sim/share/unitree_go2_sim/local_setup.dsv
[0.631s] -- Installing: /home/ycao/virtual_roam_2/install/unitree_go2_sim/share/unitree_go2_sim/package.dsv
[0.631s] -- Installing: /home/ycao/virtual_roam_2/install/unitree_go2_sim/share/ament_index/resource_index/packages/unitree_go2_sim
[0.631s] -- Installing: /home/ycao/virtual_roam_2/install/unitree_go2_sim/share/unitree_go2_sim/cmake/unitree_go2_simConfig.cmake
[0.631s] -- Installing: /home/ycao/virtual_roam_2/install/unitree_go2_sim/share/unitree_go2_sim/cmake/unitree_go2_simConfig-version.cmake
[0.631s] -- Installing: /home/ycao/virtual_roam_2/install/unitree_go2_sim/share/unitree_go2_sim/package.xml
[0.632s] Invoked command in '/home/ycao/virtual_roam_2/build/unitree_go2_sim' returned '0': CMAKE_PREFIX_PATH=${CMAKE_PREFIX_PATH}:/opt/ros/jazzy DEBUGINFOD_URLS=https://debuginfod.ubuntu.com /usr/bin/cmake --install /home/ycao/virtual_roam_2/build/unitree_go2_sim
