[0.011s] Invoking command in '/home/ycao/virtual_roam_2/build/champ_base': AMENT_PREFIX_PATH=/home/ycao/virtual_roam_2/install/champ_msgs:/home/ycao/virtual_roam_2/install/champ:${AMENT_PREFIX_PATH} CMAKE_PREFIX_PATH=/home/ycao/virtual_roam_2/install/champ_msgs:/home/ycao/virtual_roam_2/install/champ:/opt/ros/jazzy/opt/gz_sim_vendor:/opt/ros/jazzy/opt/gz_sensors_vendor:/opt/ros/jazzy/opt/gz_physics_vendor:/opt/ros/jazzy/opt/sdformat_vendor:/opt/ros/jazzy/opt/gz_gui_vendor:/opt/ros/jazzy/opt/gz_transport_vendor:/opt/ros/jazzy/opt/gz_rendering_vendor:/opt/ros/jazzy/opt/gz_plugin_vendor:/opt/ros/jazzy/opt/gz_fuel_tools_vendor:/opt/ros/jazzy/opt/gz_msgs_vendor:/opt/ros/jazzy/opt/gz_common_vendor:/opt/ros/jazzy/opt/gz_math_vendor:/opt/ros/jazzy/opt/gz_utils_vendor:/opt/ros/jazzy/opt/gz_tools_vendor:/opt/ros/jazzy/opt/gz_ogre_next_vendor:/opt/ros/jazzy/opt/gz_dartsim_vendor:/opt/ros/jazzy/opt/gz_cmake_vendor:/opt/ros/jazzy DEBUGINFOD_URLS=https://debuginfod.ubuntu.com LD_LIBRARY_PATH=/home/ycao/virtual_roam_2/install/champ_msgs/lib:${LD_LIBRARY_PATH} PYTHONPATH=/home/ycao/virtual_roam_2/install/champ_msgs/lib/python3.12/site-packages:${PYTHONPATH} /usr/bin/cmake /home/ycao/virtual_roam_2/src/champ_base -DCMAKE_INSTALL_PREFIX=/home/ycao/virtual_roam_2/install/champ_base
[0.055s] -- The C compiler identification is GNU 13.3.0
[0.097s] -- The CXX compiler identification is GNU 13.3.0
[0.110s] -- Detecting C compiler ABI info
[0.184s] -- Detecting C compiler ABI info - done
[0.189s] -- Check for working C compiler: /usr/bin/cc - skipped
[0.190s] -- Detecting C compile features
[0.190s] -- Detecting C compile features - done
[0.198s] -- Detecting CXX compiler ABI info
[0.279s] -- Detecting CXX compiler ABI info - done
[0.285s] -- Check for working CXX compiler: /usr/bin/c++ - skipped
[0.285s] -- Detecting CXX compile features
[0.285s] -- Detecting CXX compile features - done
[0.288s] -- Found ament_cmake: 2.5.4 (/opt/ros/jazzy/share/ament_cmake/cmake)
[0.399s] -- Found Python3: /usr/bin/python3 (found version "3.12.3") found components: Interpreter 
[0.485s] -- Found rclcpp: 28.1.11 (/opt/ros/jazzy/share/rclcpp/cmake)
[0.521s] -- Found rosidl_generator_c: 4.6.6 (/opt/ros/jazzy/share/rosidl_generator_c/cmake)
[0.535s] -- Found rosidl_generator_cpp: 4.6.6 (/opt/ros/jazzy/share/rosidl_generator_cpp/cmake)
[0.550s] -- Using all available rosidl_typesupport_c: rosidl_typesupport_fastrtps_c;rosidl_typesupport_introspection_c
[0.566s] -- Using all available rosidl_typesupport_cpp: rosidl_typesupport_fastrtps_cpp;rosidl_typesupport_introspection_cpp
[0.630s] -- Found rmw_implementation_cmake: 7.3.2 (/opt/ros/jazzy/share/rmw_implementation_cmake/cmake)
[0.633s] -- Found rmw_fastrtps_cpp: 8.4.3 (/opt/ros/jazzy/share/rmw_fastrtps_cpp/cmake)
[0.706s] -- Found OpenSSL: /usr/lib/x86_64-linux-gnu/libcrypto.so (found version "3.0.13")  
[0.721s] -- Found FastRTPS: /opt/ros/jazzy/include (Required is at least version "2.13") 
[0.739s] -- Using RMW implementation 'rmw_fastrtps_cpp' as default
[0.794s] -- Found rclpy: 7.1.5 (/opt/ros/jazzy/share/rclpy/cmake)
[0.794s] -- Found champ_msgs: 0.1.0 (/home/ycao/virtual_roam_2/install/champ_msgs/share/champ_msgs/cmake)
[0.831s] -- Found visualization_msgs: 5.3.6 (/opt/ros/jazzy/share/visualization_msgs/cmake)
[0.870s] -- Found trajectory_msgs: 5.3.6 (/opt/ros/jazzy/share/trajectory_msgs/cmake)
[0.885s] -- Found nav_msgs: 5.3.6 (/opt/ros/jazzy/share/nav_msgs/cmake)
[0.903s] -- Found tf2_ros: 0.36.14 (/opt/ros/jazzy/share/tf2_ros/cmake)
[1.002s] -- Found urdf: 2.10.0 (/opt/ros/jazzy/share/urdf/cmake)
[1.017s] -- Found champ: 0.1.0 (/home/ycao/virtual_roam_2/install/champ/share/champ/cmake)
[1.094s] -- Configuring done (1.1s)
[1.127s] -- Generating done (0.0s)
[1.137s] -- Build files have been written to: /home/ycao/virtual_roam_2/build/champ_base
[1.146s] Invoked command in '/home/ycao/virtual_roam_2/build/champ_base' returned '0': AMENT_PREFIX_PATH=/home/ycao/virtual_roam_2/install/champ_msgs:/home/ycao/virtual_roam_2/install/champ:${AMENT_PREFIX_PATH} CMAKE_PREFIX_PATH=/home/ycao/virtual_roam_2/install/champ_msgs:/home/ycao/virtual_roam_2/install/champ:/opt/ros/jazzy/opt/gz_sim_vendor:/opt/ros/jazzy/opt/gz_sensors_vendor:/opt/ros/jazzy/opt/gz_physics_vendor:/opt/ros/jazzy/opt/sdformat_vendor:/opt/ros/jazzy/opt/gz_gui_vendor:/opt/ros/jazzy/opt/gz_transport_vendor:/opt/ros/jazzy/opt/gz_rendering_vendor:/opt/ros/jazzy/opt/gz_plugin_vendor:/opt/ros/jazzy/opt/gz_fuel_tools_vendor:/opt/ros/jazzy/opt/gz_msgs_vendor:/opt/ros/jazzy/opt/gz_common_vendor:/opt/ros/jazzy/opt/gz_math_vendor:/opt/ros/jazzy/opt/gz_utils_vendor:/opt/ros/jazzy/opt/gz_tools_vendor:/opt/ros/jazzy/opt/gz_ogre_next_vendor:/opt/ros/jazzy/opt/gz_dartsim_vendor:/opt/ros/jazzy/opt/gz_cmake_vendor:/opt/ros/jazzy DEBUGINFOD_URLS=https://debuginfod.ubuntu.com LD_LIBRARY_PATH=/home/ycao/virtual_roam_2/install/champ_msgs/lib:${LD_LIBRARY_PATH} PYTHONPATH=/home/ycao/virtual_roam_2/install/champ_msgs/lib/python3.12/site-packages:${PYTHONPATH} /usr/bin/cmake /home/ycao/virtual_roam_2/src/champ_base -DCMAKE_INSTALL_PREFIX=/home/ycao/virtual_roam_2/install/champ_base
[1.147s] Invoking command in '/home/ycao/virtual_roam_2/build/champ_base': AMENT_PREFIX_PATH=/home/ycao/virtual_roam_2/install/champ_msgs:/home/ycao/virtual_roam_2/install/champ:${AMENT_PREFIX_PATH} CMAKE_PREFIX_PATH=/home/ycao/virtual_roam_2/install/champ_msgs:/home/ycao/virtual_roam_2/install/champ:/opt/ros/jazzy/opt/gz_sim_vendor:/opt/ros/jazzy/opt/gz_sensors_vendor:/opt/ros/jazzy/opt/gz_physics_vendor:/opt/ros/jazzy/opt/sdformat_vendor:/opt/ros/jazzy/opt/gz_gui_vendor:/opt/ros/jazzy/opt/gz_transport_vendor:/opt/ros/jazzy/opt/gz_rendering_vendor:/opt/ros/jazzy/opt/gz_plugin_vendor:/opt/ros/jazzy/opt/gz_fuel_tools_vendor:/opt/ros/jazzy/opt/gz_msgs_vendor:/opt/ros/jazzy/opt/gz_common_vendor:/opt/ros/jazzy/opt/gz_math_vendor:/opt/ros/jazzy/opt/gz_utils_vendor:/opt/ros/jazzy/opt/gz_tools_vendor:/opt/ros/jazzy/opt/gz_ogre_next_vendor:/opt/ros/jazzy/opt/gz_dartsim_vendor:/opt/ros/jazzy/opt/gz_cmake_vendor:/opt/ros/jazzy DEBUGINFOD_URLS=https://debuginfod.ubuntu.com LD_LIBRARY_PATH=/home/ycao/virtual_roam_2/install/champ_msgs/lib:${LD_LIBRARY_PATH} PYTHONPATH=/home/ycao/virtual_roam_2/install/champ_msgs/lib/python3.12/site-packages:${PYTHONPATH} /usr/bin/cmake --build /home/ycao/virtual_roam_2/build/champ_base -- -j16 -l16
[1.193s] [ 25%] [32mBuilding CXX object CMakeFiles/state_estimation.dir/src/state_estimation.cpp.o[0m
[1.193s] [ 25%] [32mBuilding CXX object CMakeFiles/message_relay.dir/src/message_relay.cpp.o[0m
[1.193s] [ 25%] [32mBuilding CXX object CMakeFiles/quadruped_controller.dir/src/quadruped_controller.cpp.o[0m
[9.527s] [ 33%] [32m[1mLinking CXX shared library libquadruped_controller.so[0m
[9.893s] [ 33%] Built target quadruped_controller
[9.912s] [ 41%] [32mBuilding CXX object CMakeFiles/quadruped_controller_node.dir/src/quadruped_controller_node.cpp.o[0m
[12.117s] [ 50%] [32m[1mLinking CXX executable quadruped_controller_node[0m
[12.161s] [ 58%] [32m[1mLinking CXX shared library libmessage_relay.so[0m
[12.359s] [ 58%] Built target quadruped_controller_node
[12.626s] [ 58%] Built target message_relay
[12.644s] [ 66%] [32mBuilding CXX object CMakeFiles/message_relay_node.dir/src/message_relay_node.cpp.o[0m
[13.289s] [ 75%] [32m[1mLinking CXX shared library libstate_estimation.so[0m
[13.803s] [ 75%] Built target state_estimation
[13.822s] [ 83%] [32mBuilding CXX object CMakeFiles/state_estimation_node.dir/src/state_estimation_node.cpp.o[0m
[14.892s] [ 91%] [32m[1mLinking CXX executable message_relay_node[0m
[15.150s] [ 91%] Built target message_relay_node
[17.250s] [100%] [32m[1mLinking CXX executable state_estimation_node[0m
[17.530s] [100%] Built target state_estimation_node
[17.539s] Invoked command in '/home/ycao/virtual_roam_2/build/champ_base' returned '0': AMENT_PREFIX_PATH=/home/ycao/virtual_roam_2/install/champ_msgs:/home/ycao/virtual_roam_2/install/champ:${AMENT_PREFIX_PATH} CMAKE_PREFIX_PATH=/home/ycao/virtual_roam_2/install/champ_msgs:/home/ycao/virtual_roam_2/install/champ:/opt/ros/jazzy/opt/gz_sim_vendor:/opt/ros/jazzy/opt/gz_sensors_vendor:/opt/ros/jazzy/opt/gz_physics_vendor:/opt/ros/jazzy/opt/sdformat_vendor:/opt/ros/jazzy/opt/gz_gui_vendor:/opt/ros/jazzy/opt/gz_transport_vendor:/opt/ros/jazzy/opt/gz_rendering_vendor:/opt/ros/jazzy/opt/gz_plugin_vendor:/opt/ros/jazzy/opt/gz_fuel_tools_vendor:/opt/ros/jazzy/opt/gz_msgs_vendor:/opt/ros/jazzy/opt/gz_common_vendor:/opt/ros/jazzy/opt/gz_math_vendor:/opt/ros/jazzy/opt/gz_utils_vendor:/opt/ros/jazzy/opt/gz_tools_vendor:/opt/ros/jazzy/opt/gz_ogre_next_vendor:/opt/ros/jazzy/opt/gz_dartsim_vendor:/opt/ros/jazzy/opt/gz_cmake_vendor:/opt/ros/jazzy DEBUGINFOD_URLS=https://debuginfod.ubuntu.com LD_LIBRARY_PATH=/home/ycao/virtual_roam_2/install/champ_msgs/lib:${LD_LIBRARY_PATH} PYTHONPATH=/home/ycao/virtual_roam_2/install/champ_msgs/lib/python3.12/site-packages:${PYTHONPATH} /usr/bin/cmake --build /home/ycao/virtual_roam_2/build/champ_base -- -j16 -l16
[17.540s] Invoking command in '/home/ycao/virtual_roam_2/build/champ_base': AMENT_PREFIX_PATH=/home/ycao/virtual_roam_2/install/champ_msgs:/home/ycao/virtual_roam_2/install/champ:${AMENT_PREFIX_PATH} CMAKE_PREFIX_PATH=/home/ycao/virtual_roam_2/install/champ_msgs:/home/ycao/virtual_roam_2/install/champ:/opt/ros/jazzy/opt/gz_sim_vendor:/opt/ros/jazzy/opt/gz_sensors_vendor:/opt/ros/jazzy/opt/gz_physics_vendor:/opt/ros/jazzy/opt/sdformat_vendor:/opt/ros/jazzy/opt/gz_gui_vendor:/opt/ros/jazzy/opt/gz_transport_vendor:/opt/ros/jazzy/opt/gz_rendering_vendor:/opt/ros/jazzy/opt/gz_plugin_vendor:/opt/ros/jazzy/opt/gz_fuel_tools_vendor:/opt/ros/jazzy/opt/gz_msgs_vendor:/opt/ros/jazzy/opt/gz_common_vendor:/opt/ros/jazzy/opt/gz_math_vendor:/opt/ros/jazzy/opt/gz_utils_vendor:/opt/ros/jazzy/opt/gz_tools_vendor:/opt/ros/jazzy/opt/gz_ogre_next_vendor:/opt/ros/jazzy/opt/gz_dartsim_vendor:/opt/ros/jazzy/opt/gz_cmake_vendor:/opt/ros/jazzy DEBUGINFOD_URLS=https://debuginfod.ubuntu.com LD_LIBRARY_PATH=/home/ycao/virtual_roam_2/install/champ_msgs/lib:${LD_LIBRARY_PATH} PYTHONPATH=/home/ycao/virtual_roam_2/install/champ_msgs/lib/python3.12/site-packages:${PYTHONPATH} /usr/bin/cmake --install /home/ycao/virtual_roam_2/build/champ_base
[17.547s] -- Install configuration: ""
[17.547s] -- Installing: /home/ycao/virtual_roam_2/install/champ_base/share/champ_base/config
[17.547s] -- Installing: /home/ycao/virtual_roam_2/install/champ_base/share/champ_base/config/velocity_smoother
[17.547s] -- Installing: /home/ycao/virtual_roam_2/install/champ_base/share/champ_base/config/velocity_smoother/velocity_smoother.yaml
[17.547s] -- Installing: /home/ycao/virtual_roam_2/install/champ_base/share/champ_base/config/ekf
[17.547s] -- Installing: /home/ycao/virtual_roam_2/install/champ_base/share/champ_base/config/ekf/footprint_to_odom.yaml
[17.547s] -- Installing: /home/ycao/virtual_roam_2/install/champ_base/share/champ_base/config/ekf/base_to_footprint.yaml
[17.547s] -- Installing: /home/ycao/virtual_roam_2/install/champ_base/lib/libquadruped_controller.so
[17.553s] -- Set non-toolchain portion of runtime path of "/home/ycao/virtual_roam_2/install/champ_base/lib/libquadruped_controller.so" to ""
[17.554s] -- Installing: /home/ycao/virtual_roam_2/install/champ_base/bin/quadruped_controller_node
[17.554s] -- Set non-toolchain portion of runtime path of "/home/ycao/virtual_roam_2/install/champ_base/bin/quadruped_controller_node" to ""
[17.554s] -- Installing: /home/ycao/virtual_roam_2/install/champ_base/lib/libmessage_relay.so
[17.564s] -- Set non-toolchain portion of runtime path of "/home/ycao/virtual_roam_2/install/champ_base/lib/libmessage_relay.so" to ""
[17.564s] -- Installing: /home/ycao/virtual_roam_2/install/champ_base/bin/message_relay_node
[17.564s] -- Set non-toolchain portion of runtime path of "/home/ycao/virtual_roam_2/install/champ_base/bin/message_relay_node" to ""
[17.564s] -- Installing: /home/ycao/virtual_roam_2/install/champ_base/lib/libstate_estimation.so
[17.574s] -- Set non-toolchain portion of runtime path of "/home/ycao/virtual_roam_2/install/champ_base/lib/libstate_estimation.so" to ""
[17.574s] -- Installing: /home/ycao/virtual_roam_2/install/champ_base/bin/state_estimation_node
[17.575s] -- Set non-toolchain portion of runtime path of "/home/ycao/virtual_roam_2/install/champ_base/bin/state_estimation_node" to ""
[17.575s] -- Installing: /home/ycao/virtual_roam_2/install/champ_base/lib/champ_base/quadruped_controller_node
[17.575s] -- Set non-toolchain portion of runtime path of "/home/ycao/virtual_roam_2/install/champ_base/lib/champ_base/quadruped_controller_node" to ""
[17.575s] -- Installing: /home/ycao/virtual_roam_2/install/champ_base/lib/champ_base/message_relay_node
[17.576s] -- Set non-toolchain portion of runtime path of "/home/ycao/virtual_roam_2/install/champ_base/lib/champ_base/message_relay_node" to ""
[17.576s] -- Installing: /home/ycao/virtual_roam_2/install/champ_base/lib/champ_base/state_estimation_node
[17.576s] -- Set non-toolchain portion of runtime path of "/home/ycao/virtual_roam_2/install/champ_base/lib/champ_base/state_estimation_node" to ""
[17.576s] -- Installing: /home/ycao/virtual_roam_2/install/champ_base/share/ament_index/resource_index/package_run_dependencies/champ_base
[17.577s] -- Installing: /home/ycao/virtual_roam_2/install/champ_base/share/ament_index/resource_index/parent_prefix_path/champ_base
[17.577s] -- Installing: /home/ycao/virtual_roam_2/install/champ_base/share/champ_base/environment/ament_prefix_path.sh
[17.577s] -- Installing: /home/ycao/virtual_roam_2/install/champ_base/share/champ_base/environment/ament_prefix_path.dsv
[17.577s] -- Installing: /home/ycao/virtual_roam_2/install/champ_base/share/champ_base/environment/path.sh
[17.577s] -- Installing: /home/ycao/virtual_roam_2/install/champ_base/share/champ_base/environment/path.dsv
[17.577s] -- Installing: /home/ycao/virtual_roam_2/install/champ_base/share/champ_base/local_setup.bash
[17.577s] -- Installing: /home/ycao/virtual_roam_2/install/champ_base/share/champ_base/local_setup.sh
[17.577s] -- Installing: /home/ycao/virtual_roam_2/install/champ_base/share/champ_base/local_setup.zsh
[17.577s] -- Installing: /home/ycao/virtual_roam_2/install/champ_base/share/champ_base/local_setup.dsv
[17.577s] -- Installing: /home/ycao/virtual_roam_2/install/champ_base/share/champ_base/package.dsv
[17.578s] -- Installing: /home/ycao/virtual_roam_2/install/champ_base/share/ament_index/resource_index/packages/champ_base
[17.578s] -- Installing: /home/ycao/virtual_roam_2/install/champ_base/share/champ_base/cmake/ament_cmake_export_include_directories-extras.cmake
[17.578s] -- Installing: /home/ycao/virtual_roam_2/install/champ_base/share/champ_base/cmake/ament_cmake_export_dependencies-extras.cmake
[17.578s] -- Installing: /home/ycao/virtual_roam_2/install/champ_base/share/champ_base/cmake/champ_baseConfig.cmake
[17.578s] -- Installing: /home/ycao/virtual_roam_2/install/champ_base/share/champ_base/cmake/champ_baseConfig-version.cmake
[17.578s] -- Installing: /home/ycao/virtual_roam_2/install/champ_base/share/champ_base/package.xml
[17.579s] Invoked command in '/home/ycao/virtual_roam_2/build/champ_base' returned '0': AMENT_PREFIX_PATH=/home/ycao/virtual_roam_2/install/champ_msgs:/home/ycao/virtual_roam_2/install/champ:${AMENT_PREFIX_PATH} CMAKE_PREFIX_PATH=/home/ycao/virtual_roam_2/install/champ_msgs:/home/ycao/virtual_roam_2/install/champ:/opt/ros/jazzy/opt/gz_sim_vendor:/opt/ros/jazzy/opt/gz_sensors_vendor:/opt/ros/jazzy/opt/gz_physics_vendor:/opt/ros/jazzy/opt/sdformat_vendor:/opt/ros/jazzy/opt/gz_gui_vendor:/opt/ros/jazzy/opt/gz_transport_vendor:/opt/ros/jazzy/opt/gz_rendering_vendor:/opt/ros/jazzy/opt/gz_plugin_vendor:/opt/ros/jazzy/opt/gz_fuel_tools_vendor:/opt/ros/jazzy/opt/gz_msgs_vendor:/opt/ros/jazzy/opt/gz_common_vendor:/opt/ros/jazzy/opt/gz_math_vendor:/opt/ros/jazzy/opt/gz_utils_vendor:/opt/ros/jazzy/opt/gz_tools_vendor:/opt/ros/jazzy/opt/gz_ogre_next_vendor:/opt/ros/jazzy/opt/gz_dartsim_vendor:/opt/ros/jazzy/opt/gz_cmake_vendor:/opt/ros/jazzy DEBUGINFOD_URLS=https://debuginfod.ubuntu.com LD_LIBRARY_PATH=/home/ycao/virtual_roam_2/install/champ_msgs/lib:${LD_LIBRARY_PATH} PYTHONPATH=/home/ycao/virtual_roam_2/install/champ_msgs/lib/python3.12/site-packages:${PYTHONPATH} /usr/bin/cmake --install /home/ycao/virtual_roam_2/build/champ_base
