[0.012s] Invoking command in '/home/ycao/virtual_roam_2/build/unitree_go2_description': CMAKE_PREFIX_PATH=${CMAKE_PREFIX_PATH}:/opt/ros/jazzy DEBUGINFOD_URLS=https://debuginfod.ubuntu.com /usr/bin/cmake /home/ycao/virtual_roam_2/src/unitree_go2_description -DCMAKE_INSTALL_PREFIX=/home/ycao/virtual_roam_2/install/unitree_go2_description
[0.060s] -- The C compiler identification is GNU 13.3.0
[0.106s] -- The CXX compiler identification is GNU 13.3.0
[0.122s] -- Detecting C compiler ABI info
[0.195s] -- Detecting C compiler ABI info - done
[0.201s] -- Check for working C compiler: /usr/bin/cc - skipped
[0.201s] -- Detecting C compile features
[0.201s] -- Detecting C compile features - done
[0.210s] -- Detecting CXX compiler ABI info
[0.291s] -- Detecting CXX compiler ABI info - done
[0.298s] -- Check for working CXX compiler: /usr/bin/c++ - skipped
[0.298s] -- Detecting CXX compile features
[0.298s] -- Detecting CXX compile features - done
[0.301s] -- Found ament_cmake: 2.5.4 (/opt/ros/jazzy/share/ament_cmake/cmake)
[0.413s] -- Found Python3: /usr/bin/python3 (found version "3.12.3") found components: Interpreter 
[0.563s] -- Configuring done (0.5s)
[0.565s] -- Generating done (0.0s)
[0.566s] -- Build files have been written to: /home/ycao/virtual_roam_2/build/unitree_go2_description
[0.571s] Invoked command in '/home/ycao/virtual_roam_2/build/unitree_go2_description' returned '0': CMAKE_PREFIX_PATH=${CMAKE_PREFIX_PATH}:/opt/ros/jazzy DEBUGINFOD_URLS=https://debuginfod.ubuntu.com /usr/bin/cmake /home/ycao/virtual_roam_2/src/unitree_go2_description -DCMAKE_INSTALL_PREFIX=/home/ycao/virtual_roam_2/install/unitree_go2_description
[0.573s] Invoking command in '/home/ycao/virtual_roam_2/build/unitree_go2_description': CMAKE_PREFIX_PATH=${CMAKE_PREFIX_PATH}:/opt/ros/jazzy DEBUGINFOD_URLS=https://debuginfod.ubuntu.com /usr/bin/cmake --build /home/ycao/virtual_roam_2/build/unitree_go2_description -- -j16 -l16
[0.609s] Invoked command in '/home/ycao/virtual_roam_2/build/unitree_go2_description' returned '0': CMAKE_PREFIX_PATH=${CMAKE_PREFIX_PATH}:/opt/ros/jazzy DEBUGINFOD_URLS=https://debuginfod.ubuntu.com /usr/bin/cmake --build /home/ycao/virtual_roam_2/build/unitree_go2_description -- -j16 -l16
[0.618s] Invoking command in '/home/ycao/virtual_roam_2/build/unitree_go2_description': CMAKE_PREFIX_PATH=${CMAKE_PREFIX_PATH}:/opt/ros/jazzy DEBUGINFOD_URLS=https://debuginfod.ubuntu.com /usr/bin/cmake --install /home/ycao/virtual_roam_2/build/unitree_go2_description
[0.626s] -- Install configuration: ""
[0.626s] -- Installing: /home/ycao/virtual_roam_2/install/unitree_go2_description/share/unitree_go2_description/worlds
[0.626s] -- Installing: /home/ycao/virtual_roam_2/install/unitree_go2_description/share/unitree_go2_description/worlds/component.sdf
[0.626s] -- Installing: /home/ycao/virtual_roam_2/install/unitree_go2_description/share/unitree_go2_description/worlds/full1.stl
[0.653s] -- Installing: /home/ycao/virtual_roam_2/install/unitree_go2_description/share/unitree_go2_description/worlds/default.sdf
[0.654s] -- Installing: /home/ycao/virtual_roam_2/install/unitree_go2_description/share/unitree_go2_description/worlds/OIP.png
[0.654s] -- Installing: /home/ycao/virtual_roam_2/install/unitree_go2_description/share/unitree_go2_description/meshes
[0.654s] -- Installing: /home/ycao/virtual_roam_2/install/unitree_go2_description/share/unitree_go2_description/meshes/VLP16_scan.dae
[0.654s] -- Installing: /home/ycao/virtual_roam_2/install/unitree_go2_description/share/unitree_go2_description/meshes/L1_4D_Lidar.dae
[0.654s] -- Installing: /home/ycao/virtual_roam_2/install/unitree_go2_description/share/unitree_go2_description/meshes/VLP16_base_1.dae
[0.654s] -- Installing: /home/ycao/virtual_roam_2/install/unitree_go2_description/share/unitree_go2_description/meshes/thigh_mirror.dae
[0.657s] -- Installing: /home/ycao/virtual_roam_2/install/unitree_go2_description/share/unitree_go2_description/meshes/hip.dae
[0.660s] -- Installing: /home/ycao/virtual_roam_2/install/unitree_go2_description/share/unitree_go2_description/meshes/trunk.dae
[0.667s] -- Installing: /home/ycao/virtual_roam_2/install/unitree_go2_description/share/unitree_go2_description/meshes/foot.dae
[0.667s] -- Installing: /home/ycao/virtual_roam_2/install/unitree_go2_description/share/unitree_go2_description/meshes/thigh.dae
[0.670s] -- Installing: /home/ycao/virtual_roam_2/install/unitree_go2_description/share/unitree_go2_description/meshes/hokuyo.dae
[0.670s] -- Installing: /home/ycao/virtual_roam_2/install/unitree_go2_description/share/unitree_go2_description/meshes/calf.dae
[0.671s] -- Installing: /home/ycao/virtual_roam_2/install/unitree_go2_description/share/unitree_go2_description/meshes/calf_mirror.dae
[0.671s] -- Installing: /home/ycao/virtual_roam_2/install/unitree_go2_description/share/unitree_go2_description/meshes/VLP16_base_2.dae
[0.671s] -- Installing: /home/ycao/virtual_roam_2/install/unitree_go2_description/share/unitree_go2_description/urdf
[0.672s] -- Installing: /home/ycao/virtual_roam_2/install/unitree_go2_description/share/unitree_go2_description/urdf/lidar_4D_lidar.xacro
[0.672s] -- Installing: /home/ycao/virtual_roam_2/install/unitree_go2_description/share/unitree_go2_description/urdf/unitree_go2_gazebo.xacro
[0.672s] -- Installing: /home/ycao/virtual_roam_2/install/unitree_go2_description/share/unitree_go2_description/urdf/velodyne.xacro
[0.672s] -- Installing: /home/ycao/virtual_roam_2/install/unitree_go2_description/share/unitree_go2_description/urdf/const.xacro
[0.672s] -- Installing: /home/ycao/virtual_roam_2/install/unitree_go2_description/share/unitree_go2_description/urdf/materials.xacro
[0.672s] -- Installing: /home/ycao/virtual_roam_2/install/unitree_go2_description/share/unitree_go2_description/urdf/unitree_go2_robot.xacro
[0.672s] -- Installing: /home/ycao/virtual_roam_2/install/unitree_go2_description/share/unitree_go2_description/urdf/leg.xacro
[0.673s] -- Installing: /home/ycao/virtual_roam_2/install/unitree_go2_description/share/ament_index/resource_index/package_run_dependencies/unitree_go2_description
[0.673s] -- Installing: /home/ycao/virtual_roam_2/install/unitree_go2_description/share/ament_index/resource_index/parent_prefix_path/unitree_go2_description
[0.673s] -- Installing: /home/ycao/virtual_roam_2/install/unitree_go2_description/share/unitree_go2_description/environment/ament_prefix_path.sh
[0.673s] -- Installing: /home/ycao/virtual_roam_2/install/unitree_go2_description/share/unitree_go2_description/environment/ament_prefix_path.dsv
[0.673s] -- Installing: /home/ycao/virtual_roam_2/install/unitree_go2_description/share/unitree_go2_description/environment/path.sh
[0.673s] -- Installing: /home/ycao/virtual_roam_2/install/unitree_go2_description/share/unitree_go2_description/environment/path.dsv
[0.673s] -- Installing: /home/ycao/virtual_roam_2/install/unitree_go2_description/share/unitree_go2_description/local_setup.bash
[0.673s] -- Installing: /home/ycao/virtual_roam_2/install/unitree_go2_description/share/unitree_go2_description/local_setup.sh
[0.673s] -- Installing: /home/ycao/virtual_roam_2/install/unitree_go2_description/share/unitree_go2_description/local_setup.zsh
[0.673s] -- Installing: /home/ycao/virtual_roam_2/install/unitree_go2_description/share/unitree_go2_description/local_setup.dsv
[0.673s] -- Installing: /home/ycao/virtual_roam_2/install/unitree_go2_description/share/unitree_go2_description/package.dsv
[0.673s] -- Installing: /home/ycao/virtual_roam_2/install/unitree_go2_description/share/ament_index/resource_index/packages/unitree_go2_description
[0.673s] -- Installing: /home/ycao/virtual_roam_2/install/unitree_go2_description/share/unitree_go2_description/cmake/unitree_go2_descriptionConfig.cmake
[0.674s] -- Installing: /home/ycao/virtual_roam_2/install/unitree_go2_description/share/unitree_go2_description/cmake/unitree_go2_descriptionConfig-version.cmake
[0.674s] -- Installing: /home/ycao/virtual_roam_2/install/unitree_go2_description/share/unitree_go2_description/package.xml
[0.675s] Invoked command in '/home/ycao/virtual_roam_2/build/unitree_go2_description' returned '0': CMAKE_PREFIX_PATH=${CMAKE_PREFIX_PATH}:/opt/ros/jazzy DEBUGINFOD_URLS=https://debuginfod.ubuntu.com /usr/bin/cmake --install /home/ycao/virtual_roam_2/build/unitree_go2_description
