[0.014s] Invoking command in '/home/ycao/virtual_roam_2/build/unitree_go2_sim': CMAKE_PREFIX_PATH=${CMAKE_PREFIX_PATH}:/opt/ros/jazzy DEBUGINFOD_URLS=https://debuginfod.ubuntu.com /usr/bin/cmake --build /home/ycao/virtual_roam_2/build/unitree_go2_sim -- -j16 -l16
[0.056s] Invoked command in '/home/ycao/virtual_roam_2/build/unitree_go2_sim' returned '0': CMAKE_PREFIX_PATH=${CMAKE_PREFIX_PATH}:/opt/ros/jazzy DEBUGINFOD_URLS=https://debuginfod.ubuntu.com /usr/bin/cmake --build /home/ycao/virtual_roam_2/build/unitree_go2_sim -- -j16 -l16
[0.057s] Invoking command in '/home/ycao/virtual_roam_2/build/unitree_go2_sim': CMAKE_PREFIX_PATH=${CMAKE_PREFIX_PATH}:/opt/ros/jazzy DEBUGINFOD_URLS=https://debuginfod.ubuntu.com /usr/bin/cmake --install /home/ycao/virtual_roam_2/build/unitree_go2_sim
[0.070s] -- Install configuration: ""
[0.071s] -- Up-to-date: /home/ycao/virtual_roam_2/install/unitree_go2_sim/share/unitree_go2_sim/launch
[0.071s] -- Up-to-date: /home/ycao/virtual_roam_2/install/unitree_go2_sim/share/unitree_go2_sim/launch/unitree_go2_launch.py
[0.071s] -- Up-to-date: /home/ycao/virtual_roam_2/install/unitree_go2_sim/share/unitree_go2_sim/config
[0.071s] -- Up-to-date: /home/ycao/virtual_roam_2/install/unitree_go2_sim/share/unitree_go2_sim/config/links
[0.071s] -- Up-to-date: /home/ycao/virtual_roam_2/install/unitree_go2_sim/share/unitree_go2_sim/config/links/links.yaml
[0.072s] -- Up-to-date: /home/ycao/virtual_roam_2/install/unitree_go2_sim/share/unitree_go2_sim/config/joints
[0.072s] -- Up-to-date: /home/ycao/virtual_roam_2/install/unitree_go2_sim/share/unitree_go2_sim/config/joints/joints.yaml
[0.073s] -- Up-to-date: /home/ycao/virtual_roam_2/install/unitree_go2_sim/share/unitree_go2_sim/config/gait
[0.073s] -- Up-to-date: /home/ycao/virtual_roam_2/install/unitree_go2_sim/share/unitree_go2_sim/config/gait/gait.yaml
[0.073s] -- Up-to-date: /home/ycao/virtual_roam_2/install/unitree_go2_sim/share/unitree_go2_sim/config/ros_control
[0.073s] -- Up-to-date: /home/ycao/virtual_roam_2/install/unitree_go2_sim/share/unitree_go2_sim/config/ros_control/ros_control.yaml
[0.073s] -- Up-to-date: /home/ycao/virtual_roam_2/install/unitree_go2_sim/share/unitree_go2_sim/rviz
[0.073s] -- Up-to-date: /home/ycao/virtual_roam_2/install/unitree_go2_sim/share/unitree_go2_sim/rviz/rviz.rviz
[0.073s] -- Up-to-date: /home/ycao/virtual_roam_2/install/unitree_go2_sim/share/ament_index/resource_index/package_run_dependencies/unitree_go2_sim
[0.073s] -- Up-to-date: /home/ycao/virtual_roam_2/install/unitree_go2_sim/share/ament_index/resource_index/parent_prefix_path/unitree_go2_sim
[0.073s] -- Up-to-date: /home/ycao/virtual_roam_2/install/unitree_go2_sim/share/unitree_go2_sim/environment/ament_prefix_path.sh
[0.073s] -- Up-to-date: /home/ycao/virtual_roam_2/install/unitree_go2_sim/share/unitree_go2_sim/environment/ament_prefix_path.dsv
[0.074s] -- Up-to-date: /home/ycao/virtual_roam_2/install/unitree_go2_sim/share/unitree_go2_sim/environment/path.sh
[0.074s] -- Up-to-date: /home/ycao/virtual_roam_2/install/unitree_go2_sim/share/unitree_go2_sim/environment/path.dsv
[0.074s] -- Up-to-date: /home/ycao/virtual_roam_2/install/unitree_go2_sim/share/unitree_go2_sim/local_setup.bash
[0.074s] -- Up-to-date: /home/ycao/virtual_roam_2/install/unitree_go2_sim/share/unitree_go2_sim/local_setup.sh
[0.074s] -- Up-to-date: /home/ycao/virtual_roam_2/install/unitree_go2_sim/share/unitree_go2_sim/local_setup.zsh
[0.074s] -- Up-to-date: /home/ycao/virtual_roam_2/install/unitree_go2_sim/share/unitree_go2_sim/local_setup.dsv
[0.074s] -- Installing: /home/ycao/virtual_roam_2/install/unitree_go2_sim/share/unitree_go2_sim/package.dsv
[0.077s] -- Up-to-date: /home/ycao/virtual_roam_2/install/unitree_go2_sim/share/ament_index/resource_index/packages/unitree_go2_sim
[0.077s] -- Up-to-date: /home/ycao/virtual_roam_2/install/unitree_go2_sim/share/unitree_go2_sim/cmake/unitree_go2_simConfig.cmake
[0.077s] -- Up-to-date: /home/ycao/virtual_roam_2/install/unitree_go2_sim/share/unitree_go2_sim/cmake/unitree_go2_simConfig-version.cmake
[0.077s] -- Up-to-date: /home/ycao/virtual_roam_2/install/unitree_go2_sim/share/unitree_go2_sim/package.xml
[0.104s] Invoked command in '/home/ycao/virtual_roam_2/build/unitree_go2_sim' returned '0': CMAKE_PREFIX_PATH=${CMAKE_PREFIX_PATH}:/opt/ros/jazzy DEBUGINFOD_URLS=https://debuginfod.ubuntu.com /usr/bin/cmake --install /home/ycao/virtual_roam_2/build/unitree_go2_sim
