[0.012s] Invoking command in '/home/ycao/virtual_roam_2/build/unitree_go2_description': CMAKE_PREFIX_PATH=${CMAKE_PREFIX_PATH}:/opt/ros/jazzy DEBUGINFOD_URLS=https://debuginfod.ubuntu.com /usr/bin/cmake --build /home/ycao/virtual_roam_2/build/unitree_go2_description -- -j16 -l16
[0.057s] Invoked command in '/home/ycao/virtual_roam_2/build/unitree_go2_description' returned '0': CMAKE_PREFIX_PATH=${CMAKE_PREFIX_PATH}:/opt/ros/jazzy DEBUGINFOD_URLS=https://debuginfod.ubuntu.com /usr/bin/cmake --build /home/ycao/virtual_roam_2/build/unitree_go2_description -- -j16 -l16
[0.059s] Invoking command in '/home/ycao/virtual_roam_2/build/unitree_go2_description': CMAKE_PREFIX_PATH=${CMAKE_PREFIX_PATH}:/opt/ros/jazzy DEBUGINFOD_URLS=https://debuginfod.ubuntu.com /usr/bin/cmake --install /home/ycao/virtual_roam_2/build/unitree_go2_description
[0.071s] -- Install configuration: ""
[0.071s] -- Up-to-date: /home/ycao/virtual_roam_2/install/unitree_go2_description/share/unitree_go2_description/worlds
[0.071s] -- Up-to-date: /home/ycao/virtual_roam_2/install/unitree_go2_description/share/unitree_go2_description/worlds/RailroadPack_railroad_1_BaseColor.png
[0.071s] -- Up-to-date: /home/ycao/virtual_roam_2/install/unitree_go2_description/share/unitree_go2_description/worlds/RailroadPack_railroad_6_Metallic_png-RailroadPack_railroad_6.png
[0.072s] -- Up-to-date: /home/ycao/virtual_roam_2/install/unitree_go2_description/share/unitree_go2_description/worlds/RailroadPack_railroad_2_Metallic_png-RailroadPack_railroad_2.png
[0.072s] -- Up-to-date: /home/ycao/virtual_roam_2/install/unitree_go2_description/share/unitree_go2_description/worlds/RailroadPack_railroad_4_BaseColor.png
[0.072s] -- Up-to-date: /home/ycao/virtual_roam_2/install/unitree_go2_description/share/unitree_go2_description/worlds/component.sdf
[0.072s] -- Up-to-date: /home/ycao/virtual_roam_2/install/unitree_go2_description/share/unitree_go2_description/worlds/RailroadPack_railroad_3_NormalOpenGl.png
[0.072s] -- Up-to-date: /home/ycao/virtual_roam_2/install/unitree_go2_description/share/unitree_go2_description/worlds/RailroadPack_railroad_4_Metallic_png-RailroadPack_railroad_4.png
[0.072s] -- Up-to-date: /home/ycao/virtual_roam_2/install/unitree_go2_description/share/unitree_go2_description/worlds/full1.stl
[0.072s] -- Up-to-date: /home/ycao/virtual_roam_2/install/unitree_go2_description/share/unitree_go2_description/worlds/RailroadPack_railroad_7_NormalOpenGl.png
[0.073s] -- Up-to-date: /home/ycao/virtual_roam_2/install/unitree_go2_description/share/unitree_go2_description/worlds/RailroadPack_railroad_5_Metallic_png-RailroadPack_railroad_5.png
[0.073s] -- Up-to-date: /home/ycao/virtual_roam_2/install/unitree_go2_description/share/unitree_go2_description/worlds/RailroadPack_railroad_7_BaseColor.png
[0.073s] -- Up-to-date: /home/ycao/virtual_roam_2/install/unitree_go2_description/share/unitree_go2_description/worlds/RailroadPack_railroad_6_BaseColor.png
[0.073s] -- Up-to-date: /home/ycao/virtual_roam_2/install/unitree_go2_description/share/unitree_go2_description/worlds/RailroadPack_railroad_5_NormalOpenGl.png
[0.073s] -- Installing: /home/ycao/virtual_roam_2/install/unitree_go2_description/share/unitree_go2_description/worlds/scene.sdf
[0.074s] -- Up-to-date: /home/ycao/virtual_roam_2/install/unitree_go2_description/share/unitree_go2_description/worlds/RailroadPack_railroad_6_NormalOpenGl.png
[0.074s] -- Up-to-date: /home/ycao/virtual_roam_2/install/unitree_go2_description/share/unitree_go2_description/worlds/RailroadPack_railroad_7_Metallic_png-RailroadPack_railroad_7.png
[0.074s] -- Up-to-date: /home/ycao/virtual_roam_2/install/unitree_go2_description/share/unitree_go2_description/worlds/RailroadPack_railroad_2_BaseColor.png
[0.074s] -- Up-to-date: /home/ycao/virtual_roam_2/install/unitree_go2_description/share/unitree_go2_description/worlds/RailroadPack_railroad_3_Metallic_png-RailroadPack_railroad_3.png
[0.074s] -- Up-to-date: /home/ycao/virtual_roam_2/install/unitree_go2_description/share/unitree_go2_description/worlds/RailroadPack_railroad_1_Metallic_png-RailroadPack_railroad_1.png
[0.074s] -- Up-to-date: /home/ycao/virtual_roam_2/install/unitree_go2_description/share/unitree_go2_description/worlds/default.sdf
[0.074s] -- Up-to-date: /home/ycao/virtual_roam_2/install/unitree_go2_description/share/unitree_go2_description/worlds/hc.obj
[0.074s] -- Up-to-date: /home/ycao/virtual_roam_2/install/unitree_go2_description/share/unitree_go2_description/worlds/RailroadPack_railroad_5_BaseColor.png
[0.074s] -- Up-to-date: /home/ycao/virtual_roam_2/install/unitree_go2_description/share/unitree_go2_description/worlds/RailroadPack_railroad_2_NormalOpenGl.png
[0.074s] -- Up-to-date: /home/ycao/virtual_roam_2/install/unitree_go2_description/share/unitree_go2_description/worlds/hc.mtl
[0.075s] -- Up-to-date: /home/ycao/virtual_roam_2/install/unitree_go2_description/share/unitree_go2_description/worlds/RailroadPack_railroad_4_NormalOpenGl.png
[0.075s] -- Up-to-date: /home/ycao/virtual_roam_2/install/unitree_go2_description/share/unitree_go2_description/worlds/RailroadPack_railroad_1_NormalOpenGl.png
[0.075s] -- Up-to-date: /home/ycao/virtual_roam_2/install/unitree_go2_description/share/unitree_go2_description/worlds/OIP.png
[0.075s] -- Up-to-date: /home/ycao/virtual_roam_2/install/unitree_go2_description/share/unitree_go2_description/worlds/RailroadPack_railroad_3_BaseColor.png
[0.075s] -- Up-to-date: /home/ycao/virtual_roam_2/install/unitree_go2_description/share/unitree_go2_description/meshes
[0.075s] -- Up-to-date: /home/ycao/virtual_roam_2/install/unitree_go2_description/share/unitree_go2_description/meshes/VLP16_scan.dae
[0.075s] -- Up-to-date: /home/ycao/virtual_roam_2/install/unitree_go2_description/share/unitree_go2_description/meshes/L1_4D_Lidar.dae
[0.075s] -- Up-to-date: /home/ycao/virtual_roam_2/install/unitree_go2_description/share/unitree_go2_description/meshes/VLP16_base_1.dae
[0.075s] -- Up-to-date: /home/ycao/virtual_roam_2/install/unitree_go2_description/share/unitree_go2_description/meshes/thigh_mirror.dae
[0.075s] -- Up-to-date: /home/ycao/virtual_roam_2/install/unitree_go2_description/share/unitree_go2_description/meshes/hip.dae
[0.075s] -- Up-to-date: /home/ycao/virtual_roam_2/install/unitree_go2_description/share/unitree_go2_description/meshes/trunk.dae
[0.076s] -- Up-to-date: /home/ycao/virtual_roam_2/install/unitree_go2_description/share/unitree_go2_description/meshes/foot.dae
[0.076s] -- Up-to-date: /home/ycao/virtual_roam_2/install/unitree_go2_description/share/unitree_go2_description/meshes/thigh.dae
[0.076s] -- Up-to-date: /home/ycao/virtual_roam_2/install/unitree_go2_description/share/unitree_go2_description/meshes/hokuyo.dae
[0.076s] -- Up-to-date: /home/ycao/virtual_roam_2/install/unitree_go2_description/share/unitree_go2_description/meshes/calf.dae
[0.076s] -- Up-to-date: /home/ycao/virtual_roam_2/install/unitree_go2_description/share/unitree_go2_description/meshes/calf_mirror.dae
[0.076s] -- Up-to-date: /home/ycao/virtual_roam_2/install/unitree_go2_description/share/unitree_go2_description/meshes/VLP16_base_2.dae
[0.076s] -- Up-to-date: /home/ycao/virtual_roam_2/install/unitree_go2_description/share/unitree_go2_description/urdf
[0.076s] -- Up-to-date: /home/ycao/virtual_roam_2/install/unitree_go2_description/share/unitree_go2_description/urdf/lidar_4D_lidar.xacro
[0.076s] -- Up-to-date: /home/ycao/virtual_roam_2/install/unitree_go2_description/share/unitree_go2_description/urdf/unitree_go2_gazebo.xacro
[0.076s] -- Up-to-date: /home/ycao/virtual_roam_2/install/unitree_go2_description/share/unitree_go2_description/urdf/velodyne.xacro
[0.077s] -- Up-to-date: /home/ycao/virtual_roam_2/install/unitree_go2_description/share/unitree_go2_description/urdf/const.xacro
[0.077s] -- Up-to-date: /home/ycao/virtual_roam_2/install/unitree_go2_description/share/unitree_go2_description/urdf/materials.xacro
[0.077s] -- Up-to-date: /home/ycao/virtual_roam_2/install/unitree_go2_description/share/unitree_go2_description/urdf/unitree_go2_robot.xacro
[0.077s] -- Up-to-date: /home/ycao/virtual_roam_2/install/unitree_go2_description/share/unitree_go2_description/urdf/leg.xacro
[0.077s] -- Up-to-date: /home/ycao/virtual_roam_2/install/unitree_go2_description/share/ament_index/resource_index/package_run_dependencies/unitree_go2_description
[0.080s] -- Up-to-date: /home/ycao/virtual_roam_2/install/unitree_go2_description/share/ament_index/resource_index/parent_prefix_path/unitree_go2_description
[0.080s] -- Up-to-date: /home/ycao/virtual_roam_2/install/unitree_go2_description/share/unitree_go2_description/environment/ament_prefix_path.sh
[0.080s] -- Up-to-date: /home/ycao/virtual_roam_2/install/unitree_go2_description/share/unitree_go2_description/environment/ament_prefix_path.dsv
[0.080s] -- Up-to-date: /home/ycao/virtual_roam_2/install/unitree_go2_description/share/unitree_go2_description/environment/path.sh
[0.080s] -- Up-to-date: /home/ycao/virtual_roam_2/install/unitree_go2_description/share/unitree_go2_description/environment/path.dsv
[0.080s] -- Up-to-date: /home/ycao/virtual_roam_2/install/unitree_go2_description/share/unitree_go2_description/local_setup.bash
[0.081s] -- Up-to-date: /home/ycao/virtual_roam_2/install/unitree_go2_description/share/unitree_go2_description/local_setup.sh
[0.081s] -- Up-to-date: /home/ycao/virtual_roam_2/install/unitree_go2_description/share/unitree_go2_description/local_setup.zsh
[0.081s] -- Up-to-date: /home/ycao/virtual_roam_2/install/unitree_go2_description/share/unitree_go2_description/local_setup.dsv
[0.081s] -- Installing: /home/ycao/virtual_roam_2/install/unitree_go2_description/share/unitree_go2_description/package.dsv
[0.081s] -- Up-to-date: /home/ycao/virtual_roam_2/install/unitree_go2_description/share/ament_index/resource_index/packages/unitree_go2_description
[0.081s] -- Up-to-date: /home/ycao/virtual_roam_2/install/unitree_go2_description/share/unitree_go2_description/cmake/unitree_go2_descriptionConfig.cmake
[0.081s] -- Up-to-date: /home/ycao/virtual_roam_2/install/unitree_go2_description/share/unitree_go2_description/cmake/unitree_go2_descriptionConfig-version.cmake
[0.081s] -- Up-to-date: /home/ycao/virtual_roam_2/install/unitree_go2_description/share/unitree_go2_description/package.xml
[0.097s] Invoked command in '/home/ycao/virtual_roam_2/build/unitree_go2_description' returned '0': CMAKE_PREFIX_PATH=${CMAKE_PREFIX_PATH}:/opt/ros/jazzy DEBUGINFOD_URLS=https://debuginfod.ubuntu.com /usr/bin/cmake --install /home/ycao/virtual_roam_2/build/unitree_go2_description
