[0.157s] DEBUG:colcon:Command line arguments: ['/usr/bin/colcon', 'build']
[0.158s] DEBUG:colcon:Parsed command line arguments: Namespace(log_base=None, log_level=None, verb_name='build', build_base='build', install_base='install', merge_install=False, symlink_install=False, test_result_base=None, continue_on_error=False, executor='parallel', parallel_workers=16, event_handlers=None, ignore_user_meta=False, metas=['./colcon.meta'], base_paths=['.'], packages_ignore=None, packages_ignore_regex=None, paths=None, packages_up_to=None, packages_up_to_regex=None, packages_above=None, packages_above_and_dependencies=None, packages_above_depth=None, packages_select_by_dep=None, packages_skip_by_dep=None, packages_skip_up_to=None, packages_select_build_failed=False, packages_skip_build_finished=False, packages_select_test_failures=False, packages_skip_test_passed=False, packages_select=None, packages_skip=None, packages_select_regex=None, packages_skip_regex=None, packages_start=None, packages_end=None, allow_overriding=[], cmake_args=None, cmake_target=None, cmake_target_skip_unavailable=False, cmake_clean_cache=False, cmake_clean_first=False, cmake_force_configure=False, ament_cmake_args=None, catkin_cmake_args=None, catkin_skip_building_tests=False, mixin_files=None, mixin=None, verb_parser=<colcon_mixin.mixin.mixin_argument.MixinArgumentDecorator object at 0x7b3e3dba4260>, verb_extension=<colcon_core.verb.build.BuildVerb object at 0x7b3e3db83ec0>, main=<bound method BuildVerb.main of <colcon_core.verb.build.BuildVerb object at 0x7b3e3db83ec0>>, mixin_verb=('build',))
[0.206s] Level 1:colcon.colcon_core.package_discovery:discover_packages(colcon_meta) check parameters
[0.206s] Level 1:colcon.colcon_core.package_discovery:discover_packages(recursive) check parameters
[0.206s] Level 1:colcon.colcon_core.package_discovery:discover_packages(ignore) check parameters
[0.206s] Level 1:colcon.colcon_core.package_discovery:discover_packages(path) check parameters
[0.206s] Level 1:colcon.colcon_core.package_discovery:discover_packages(colcon_meta) discover
[0.206s] Level 1:colcon.colcon_core.package_discovery:discover_packages(recursive) discover
[0.206s] INFO:colcon.colcon_core.package_discovery:Crawling recursively for packages in '/home/ycao/virtual_roam_2'
[0.206s] Level 1:colcon.colcon_core.package_identification:_identify(.) by extensions ['ignore', 'ignore_ament_install']
[0.207s] Level 1:colcon.colcon_core.package_identification:_identify(.) by extension 'ignore'
[0.207s] Level 1:colcon.colcon_core.package_identification:_identify(.) by extension 'ignore_ament_install'
[0.207s] Level 1:colcon.colcon_core.package_identification:_identify(.) by extensions ['colcon_pkg']
[0.207s] Level 1:colcon.colcon_core.package_identification:_identify(.) by extension 'colcon_pkg'
[0.207s] Level 1:colcon.colcon_core.package_identification:_identify(.) by extensions ['colcon_meta']
[0.207s] Level 1:colcon.colcon_core.package_identification:_identify(.) by extension 'colcon_meta'
[0.207s] Level 1:colcon.colcon_core.package_identification:_identify(.) by extensions ['ros']
[0.207s] Level 1:colcon.colcon_core.package_identification:_identify(.) by extension 'ros'
[0.230s] Level 1:colcon.colcon_core.package_identification:_identify(.) by extensions ['cmake', 'python']
[0.230s] Level 1:colcon.colcon_core.package_identification:_identify(.) by extension 'cmake'
[0.230s] Level 1:colcon.colcon_core.package_identification:_identify(.) by extension 'python'
[0.230s] Level 1:colcon.colcon_core.package_identification:_identify(.) by extensions ['python_setup_py']
[0.230s] Level 1:colcon.colcon_core.package_identification:_identify(.) by extension 'python_setup_py'
[0.230s] Level 1:colcon.colcon_core.package_identification:_identify(build) by extensions ['ignore', 'ignore_ament_install']
[0.230s] Level 1:colcon.colcon_core.package_identification:_identify(build) by extension 'ignore'
[0.230s] Level 1:colcon.colcon_core.package_identification:_identify(build) ignored
[0.230s] Level 1:colcon.colcon_core.package_identification:_identify(install) by extensions ['ignore', 'ignore_ament_install']
[0.231s] Level 1:colcon.colcon_core.package_identification:_identify(install) by extension 'ignore'
[0.231s] Level 1:colcon.colcon_core.package_identification:_identify(install) ignored
[0.231s] Level 1:colcon.colcon_core.package_identification:_identify(log) by extensions ['ignore', 'ignore_ament_install']
[0.231s] Level 1:colcon.colcon_core.package_identification:_identify(log) by extension 'ignore'
[0.231s] Level 1:colcon.colcon_core.package_identification:_identify(log) ignored
[0.231s] Level 1:colcon.colcon_core.package_identification:_identify(src) by extensions ['ignore', 'ignore_ament_install']
[0.231s] Level 1:colcon.colcon_core.package_identification:_identify(src) by extension 'ignore'
[0.231s] Level 1:colcon.colcon_core.package_identification:_identify(src) by extension 'ignore_ament_install'
[0.231s] Level 1:colcon.colcon_core.package_identification:_identify(src) by extensions ['colcon_pkg']
[0.231s] Level 1:colcon.colcon_core.package_identification:_identify(src) by extension 'colcon_pkg'
[0.231s] Level 1:colcon.colcon_core.package_identification:_identify(src) by extensions ['colcon_meta']
[0.231s] Level 1:colcon.colcon_core.package_identification:_identify(src) by extension 'colcon_meta'
[0.231s] Level 1:colcon.colcon_core.package_identification:_identify(src) by extensions ['ros']
[0.231s] Level 1:colcon.colcon_core.package_identification:_identify(src) by extension 'ros'
[0.231s] Level 1:colcon.colcon_core.package_identification:_identify(src) by extensions ['cmake', 'python']
[0.231s] Level 1:colcon.colcon_core.package_identification:_identify(src) by extension 'cmake'
[0.231s] Level 1:colcon.colcon_core.package_identification:_identify(src) by extension 'python'
[0.231s] Level 1:colcon.colcon_core.package_identification:_identify(src) by extensions ['python_setup_py']
[0.231s] Level 1:colcon.colcon_core.package_identification:_identify(src) by extension 'python_setup_py'
[0.231s] Level 1:colcon.colcon_core.package_identification:_identify(src/champ) by extensions ['ignore', 'ignore_ament_install']
[0.231s] Level 1:colcon.colcon_core.package_identification:_identify(src/champ) by extension 'ignore'
[0.231s] Level 1:colcon.colcon_core.package_identification:_identify(src/champ) by extension 'ignore_ament_install'
[0.231s] Level 1:colcon.colcon_core.package_identification:_identify(src/champ) by extensions ['colcon_pkg']
[0.231s] Level 1:colcon.colcon_core.package_identification:_identify(src/champ) by extension 'colcon_pkg'
[0.231s] Level 1:colcon.colcon_core.package_identification:_identify(src/champ) by extensions ['colcon_meta']
[0.232s] Level 1:colcon.colcon_core.package_identification:_identify(src/champ) by extension 'colcon_meta'
[0.232s] Level 1:colcon.colcon_core.package_identification:_identify(src/champ) by extensions ['ros']
[0.232s] Level 1:colcon.colcon_core.package_identification:_identify(src/champ) by extension 'ros'
[0.235s] DEBUG:colcon.colcon_core.package_identification:Package 'src/champ' with type 'ros.ament_cmake' and name 'champ'
[0.235s] Level 1:colcon.colcon_core.package_identification:_identify(src/champ_base) by extensions ['ignore', 'ignore_ament_install']
[0.235s] Level 1:colcon.colcon_core.package_identification:_identify(src/champ_base) by extension 'ignore'
[0.235s] Level 1:colcon.colcon_core.package_identification:_identify(src/champ_base) by extension 'ignore_ament_install'
[0.235s] Level 1:colcon.colcon_core.package_identification:_identify(src/champ_base) by extensions ['colcon_pkg']
[0.235s] Level 1:colcon.colcon_core.package_identification:_identify(src/champ_base) by extension 'colcon_pkg'
[0.235s] Level 1:colcon.colcon_core.package_identification:_identify(src/champ_base) by extensions ['colcon_meta']
[0.235s] Level 1:colcon.colcon_core.package_identification:_identify(src/champ_base) by extension 'colcon_meta'
[0.235s] Level 1:colcon.colcon_core.package_identification:_identify(src/champ_base) by extensions ['ros']
[0.235s] Level 1:colcon.colcon_core.package_identification:_identify(src/champ_base) by extension 'ros'
[0.236s] DEBUG:colcon.colcon_core.package_identification:Package 'src/champ_base' with type 'ros.ament_cmake' and name 'champ_base'
[0.236s] Level 1:colcon.colcon_core.package_identification:_identify(src/champ_msgs) by extensions ['ignore', 'ignore_ament_install']
[0.236s] Level 1:colcon.colcon_core.package_identification:_identify(src/champ_msgs) by extension 'ignore'
[0.236s] Level 1:colcon.colcon_core.package_identification:_identify(src/champ_msgs) by extension 'ignore_ament_install'
[0.236s] Level 1:colcon.colcon_core.package_identification:_identify(src/champ_msgs) by extensions ['colcon_pkg']
[0.236s] Level 1:colcon.colcon_core.package_identification:_identify(src/champ_msgs) by extension 'colcon_pkg'
[0.236s] Level 1:colcon.colcon_core.package_identification:_identify(src/champ_msgs) by extensions ['colcon_meta']
[0.236s] Level 1:colcon.colcon_core.package_identification:_identify(src/champ_msgs) by extension 'colcon_meta'
[0.236s] Level 1:colcon.colcon_core.package_identification:_identify(src/champ_msgs) by extensions ['ros']
[0.236s] Level 1:colcon.colcon_core.package_identification:_identify(src/champ_msgs) by extension 'ros'
[0.236s] DEBUG:colcon.colcon_core.package_identification:Package 'src/champ_msgs' with type 'ros.ament_cmake' and name 'champ_msgs'
[0.237s] Level 1:colcon.colcon_core.package_identification:_identify(src/unitree_go2_description) by extensions ['ignore', 'ignore_ament_install']
[0.237s] Level 1:colcon.colcon_core.package_identification:_identify(src/unitree_go2_description) by extension 'ignore'
[0.237s] Level 1:colcon.colcon_core.package_identification:_identify(src/unitree_go2_description) by extension 'ignore_ament_install'
[0.237s] Level 1:colcon.colcon_core.package_identification:_identify(src/unitree_go2_description) by extensions ['colcon_pkg']
[0.237s] Level 1:colcon.colcon_core.package_identification:_identify(src/unitree_go2_description) by extension 'colcon_pkg'
[0.237s] Level 1:colcon.colcon_core.package_identification:_identify(src/unitree_go2_description) by extensions ['colcon_meta']
[0.237s] Level 1:colcon.colcon_core.package_identification:_identify(src/unitree_go2_description) by extension 'colcon_meta'
[0.237s] Level 1:colcon.colcon_core.package_identification:_identify(src/unitree_go2_description) by extensions ['ros']
[0.237s] Level 1:colcon.colcon_core.package_identification:_identify(src/unitree_go2_description) by extension 'ros'
[0.238s] DEBUG:colcon.colcon_core.package_identification:Package 'src/unitree_go2_description' with type 'ros.ament_cmake' and name 'unitree_go2_description'
[0.238s] Level 1:colcon.colcon_core.package_identification:_identify(src/unitree_go2_sim) by extensions ['ignore', 'ignore_ament_install']
[0.238s] Level 1:colcon.colcon_core.package_identification:_identify(src/unitree_go2_sim) by extension 'ignore'
[0.238s] Level 1:colcon.colcon_core.package_identification:_identify(src/unitree_go2_sim) by extension 'ignore_ament_install'
[0.238s] Level 1:colcon.colcon_core.package_identification:_identify(src/unitree_go2_sim) by extensions ['colcon_pkg']
[0.238s] Level 1:colcon.colcon_core.package_identification:_identify(src/unitree_go2_sim) by extension 'colcon_pkg'
[0.238s] Level 1:colcon.colcon_core.package_identification:_identify(src/unitree_go2_sim) by extensions ['colcon_meta']
[0.238s] Level 1:colcon.colcon_core.package_identification:_identify(src/unitree_go2_sim) by extension 'colcon_meta'
[0.238s] Level 1:colcon.colcon_core.package_identification:_identify(src/unitree_go2_sim) by extensions ['ros']
[0.238s] Level 1:colcon.colcon_core.package_identification:_identify(src/unitree_go2_sim) by extension 'ros'
[0.239s] DEBUG:colcon.colcon_core.package_identification:Package 'src/unitree_go2_sim' with type 'ros.ament_cmake' and name 'unitree_go2_sim'
[0.239s] Level 1:colcon.colcon_core.package_discovery:discover_packages(recursive) using defaults
[0.239s] Level 1:colcon.colcon_core.package_discovery:discover_packages(ignore) discover
[0.239s] Level 1:colcon.colcon_core.package_discovery:discover_packages(ignore) using defaults
[0.239s] Level 1:colcon.colcon_core.package_discovery:discover_packages(path) discover
[0.239s] Level 1:colcon.colcon_core.package_discovery:discover_packages(path) using defaults
[0.256s] Level 1:colcon.colcon_core.package_discovery:discover_packages(prefix_path) check parameters
[0.256s] Level 1:colcon.colcon_core.package_discovery:discover_packages(prefix_path) discover
[0.260s] DEBUG:colcon.colcon_installed_package_information.package_discovery:Found 375 installed packages in /opt/ros/jazzy
[0.261s] Level 1:colcon.colcon_core.package_discovery:discover_packages(prefix_path) using defaults
[0.291s] Level 5:colcon.colcon_core.verb:set package 'champ' build argument 'cmake_args' from command line to 'None'
[0.291s] Level 5:colcon.colcon_core.verb:set package 'champ' build argument 'cmake_target' from command line to 'None'
[0.291s] Level 5:colcon.colcon_core.verb:set package 'champ' build argument 'cmake_target_skip_unavailable' from command line to 'False'
[0.291s] Level 5:colcon.colcon_core.verb:set package 'champ' build argument 'cmake_clean_cache' from command line to 'False'
[0.291s] Level 5:colcon.colcon_core.verb:set package 'champ' build argument 'cmake_clean_first' from command line to 'False'
[0.291s] Level 5:colcon.colcon_core.verb:set package 'champ' build argument 'cmake_force_configure' from command line to 'False'
[0.291s] Level 5:colcon.colcon_core.verb:set package 'champ' build argument 'ament_cmake_args' from command line to 'None'
[0.291s] Level 5:colcon.colcon_core.verb:set package 'champ' build argument 'catkin_cmake_args' from command line to 'None'
[0.291s] Level 5:colcon.colcon_core.verb:set package 'champ' build argument 'catkin_skip_building_tests' from command line to 'False'
[0.291s] DEBUG:colcon.colcon_core.verb:Building package 'champ' with the following arguments: {'ament_cmake_args': None, 'build_base': '/home/ycao/virtual_roam_2/build/champ', 'catkin_cmake_args': None, 'catkin_skip_building_tests': False, 'cmake_args': None, 'cmake_clean_cache': False, 'cmake_clean_first': False, 'cmake_force_configure': False, 'cmake_target': None, 'cmake_target_skip_unavailable': False, 'install_base': '/home/ycao/virtual_roam_2/install/champ', 'merge_install': False, 'path': '/home/ycao/virtual_roam_2/src/champ', 'symlink_install': False, 'test_result_base': None}
[0.292s] Level 5:colcon.colcon_core.verb:set package 'champ_msgs' build argument 'cmake_args' from command line to 'None'
[0.292s] Level 5:colcon.colcon_core.verb:set package 'champ_msgs' build argument 'cmake_target' from command line to 'None'
[0.292s] Level 5:colcon.colcon_core.verb:set package 'champ_msgs' build argument 'cmake_target_skip_unavailable' from command line to 'False'
[0.292s] Level 5:colcon.colcon_core.verb:set package 'champ_msgs' build argument 'cmake_clean_cache' from command line to 'False'
[0.292s] Level 5:colcon.colcon_core.verb:set package 'champ_msgs' build argument 'cmake_clean_first' from command line to 'False'
[0.292s] Level 5:colcon.colcon_core.verb:set package 'champ_msgs' build argument 'cmake_force_configure' from command line to 'False'
[0.292s] Level 5:colcon.colcon_core.verb:set package 'champ_msgs' build argument 'ament_cmake_args' from command line to 'None'
[0.292s] Level 5:colcon.colcon_core.verb:set package 'champ_msgs' build argument 'catkin_cmake_args' from command line to 'None'
[0.292s] Level 5:colcon.colcon_core.verb:set package 'champ_msgs' build argument 'catkin_skip_building_tests' from command line to 'False'
[0.292s] DEBUG:colcon.colcon_core.verb:Building package 'champ_msgs' with the following arguments: {'ament_cmake_args': None, 'build_base': '/home/ycao/virtual_roam_2/build/champ_msgs', 'catkin_cmake_args': None, 'catkin_skip_building_tests': False, 'cmake_args': None, 'cmake_clean_cache': False, 'cmake_clean_first': False, 'cmake_force_configure': False, 'cmake_target': None, 'cmake_target_skip_unavailable': False, 'install_base': '/home/ycao/virtual_roam_2/install/champ_msgs', 'merge_install': False, 'path': '/home/ycao/virtual_roam_2/src/champ_msgs', 'symlink_install': False, 'test_result_base': None}
[0.292s] Level 5:colcon.colcon_core.verb:set package 'unitree_go2_description' build argument 'cmake_args' from command line to 'None'
[0.292s] Level 5:colcon.colcon_core.verb:set package 'unitree_go2_description' build argument 'cmake_target' from command line to 'None'
[0.292s] Level 5:colcon.colcon_core.verb:set package 'unitree_go2_description' build argument 'cmake_target_skip_unavailable' from command line to 'False'
[0.292s] Level 5:colcon.colcon_core.verb:set package 'unitree_go2_description' build argument 'cmake_clean_cache' from command line to 'False'
[0.292s] Level 5:colcon.colcon_core.verb:set package 'unitree_go2_description' build argument 'cmake_clean_first' from command line to 'False'
[0.292s] Level 5:colcon.colcon_core.verb:set package 'unitree_go2_description' build argument 'cmake_force_configure' from command line to 'False'
[0.292s] Level 5:colcon.colcon_core.verb:set package 'unitree_go2_description' build argument 'ament_cmake_args' from command line to 'None'
[0.292s] Level 5:colcon.colcon_core.verb:set package 'unitree_go2_description' build argument 'catkin_cmake_args' from command line to 'None'
[0.292s] Level 5:colcon.colcon_core.verb:set package 'unitree_go2_description' build argument 'catkin_skip_building_tests' from command line to 'False'
[0.292s] DEBUG:colcon.colcon_core.verb:Building package 'unitree_go2_description' with the following arguments: {'ament_cmake_args': None, 'build_base': '/home/ycao/virtual_roam_2/build/unitree_go2_description', 'catkin_cmake_args': None, 'catkin_skip_building_tests': False, 'cmake_args': None, 'cmake_clean_cache': False, 'cmake_clean_first': False, 'cmake_force_configure': False, 'cmake_target': None, 'cmake_target_skip_unavailable': False, 'install_base': '/home/ycao/virtual_roam_2/install/unitree_go2_description', 'merge_install': False, 'path': '/home/ycao/virtual_roam_2/src/unitree_go2_description', 'symlink_install': False, 'test_result_base': None}
[0.292s] Level 5:colcon.colcon_core.verb:set package 'unitree_go2_sim' build argument 'cmake_args' from command line to 'None'
[0.292s] Level 5:colcon.colcon_core.verb:set package 'unitree_go2_sim' build argument 'cmake_target' from command line to 'None'
[0.292s] Level 5:colcon.colcon_core.verb:set package 'unitree_go2_sim' build argument 'cmake_target_skip_unavailable' from command line to 'False'
[0.292s] Level 5:colcon.colcon_core.verb:set package 'unitree_go2_sim' build argument 'cmake_clean_cache' from command line to 'False'
[0.292s] Level 5:colcon.colcon_core.verb:set package 'unitree_go2_sim' build argument 'cmake_clean_first' from command line to 'False'
[0.292s] Level 5:colcon.colcon_core.verb:set package 'unitree_go2_sim' build argument 'cmake_force_configure' from command line to 'False'
[0.292s] Level 5:colcon.colcon_core.verb:set package 'unitree_go2_sim' build argument 'ament_cmake_args' from command line to 'None'
[0.292s] Level 5:colcon.colcon_core.verb:set package 'unitree_go2_sim' build argument 'catkin_cmake_args' from command line to 'None'
[0.292s] Level 5:colcon.colcon_core.verb:set package 'unitree_go2_sim' build argument 'catkin_skip_building_tests' from command line to 'False'
[0.292s] DEBUG:colcon.colcon_core.verb:Building package 'unitree_go2_sim' with the following arguments: {'ament_cmake_args': None, 'build_base': '/home/ycao/virtual_roam_2/build/unitree_go2_sim', 'catkin_cmake_args': None, 'catkin_skip_building_tests': False, 'cmake_args': None, 'cmake_clean_cache': False, 'cmake_clean_first': False, 'cmake_force_configure': False, 'cmake_target': None, 'cmake_target_skip_unavailable': False, 'install_base': '/home/ycao/virtual_roam_2/install/unitree_go2_sim', 'merge_install': False, 'path': '/home/ycao/virtual_roam_2/src/unitree_go2_sim', 'symlink_install': False, 'test_result_base': None}
[0.293s] Level 5:colcon.colcon_core.verb:set package 'champ_base' build argument 'cmake_args' from command line to 'None'
[0.293s] Level 5:colcon.colcon_core.verb:set package 'champ_base' build argument 'cmake_target' from command line to 'None'
[0.293s] Level 5:colcon.colcon_core.verb:set package 'champ_base' build argument 'cmake_target_skip_unavailable' from command line to 'False'
[0.293s] Level 5:colcon.colcon_core.verb:set package 'champ_base' build argument 'cmake_clean_cache' from command line to 'False'
[0.293s] Level 5:colcon.colcon_core.verb:set package 'champ_base' build argument 'cmake_clean_first' from command line to 'False'
[0.293s] Level 5:colcon.colcon_core.verb:set package 'champ_base' build argument 'cmake_force_configure' from command line to 'False'
[0.293s] Level 5:colcon.colcon_core.verb:set package 'champ_base' build argument 'ament_cmake_args' from command line to 'None'
[0.293s] Level 5:colcon.colcon_core.verb:set package 'champ_base' build argument 'catkin_cmake_args' from command line to 'None'
[0.293s] Level 5:colcon.colcon_core.verb:set package 'champ_base' build argument 'catkin_skip_building_tests' from command line to 'False'
[0.293s] DEBUG:colcon.colcon_core.verb:Building package 'champ_base' with the following arguments: {'ament_cmake_args': None, 'build_base': '/home/ycao/virtual_roam_2/build/champ_base', 'catkin_cmake_args': None, 'catkin_skip_building_tests': False, 'cmake_args': None, 'cmake_clean_cache': False, 'cmake_clean_first': False, 'cmake_force_configure': False, 'cmake_target': None, 'cmake_target_skip_unavailable': False, 'install_base': '/home/ycao/virtual_roam_2/install/champ_base', 'merge_install': False, 'path': '/home/ycao/virtual_roam_2/src/champ_base', 'symlink_install': False, 'test_result_base': None}
[0.293s] INFO:colcon.colcon_core.executor:Executing jobs using 'parallel' executor
[0.293s] DEBUG:colcon.colcon_parallel_executor.executor.parallel:run_until_complete
[0.294s] INFO:colcon.colcon_ros.task.ament_cmake.build:Building ROS package in '/home/ycao/virtual_roam_2/src/champ' with build type 'ament_cmake'
[0.294s] INFO:colcon.colcon_cmake.task.cmake.build:Building CMake package in '/home/ycao/virtual_roam_2/src/champ'
[0.297s] INFO:colcon.colcon_core.plugin_system:Skipping extension 'colcon_core.shell.bat': Not used on non-Windows systems
[0.298s] INFO:colcon.colcon_core.shell:Skip shell extension 'powershell' for command environment: Not usable outside of PowerShell
[0.298s] DEBUG:colcon.colcon_core.shell:Skip shell extension 'dsv' for command environment
[0.301s] INFO:colcon.colcon_ros.task.ament_cmake.build:Building ROS package in '/home/ycao/virtual_roam_2/src/champ_msgs' with build type 'ament_cmake'
[0.301s] INFO:colcon.colcon_cmake.task.cmake.build:Building CMake package in '/home/ycao/virtual_roam_2/src/champ_msgs'
[0.301s] INFO:colcon.colcon_core.shell:Skip shell extension 'powershell' for command environment: Not usable outside of PowerShell
[0.301s] DEBUG:colcon.colcon_core.shell:Skip shell extension 'dsv' for command environment
[0.303s] INFO:colcon.colcon_ros.task.ament_cmake.build:Building ROS package in '/home/ycao/virtual_roam_2/src/unitree_go2_description' with build type 'ament_cmake'
[0.304s] INFO:colcon.colcon_cmake.task.cmake.build:Building CMake package in '/home/ycao/virtual_roam_2/src/unitree_go2_description'
[0.304s] INFO:colcon.colcon_core.shell:Skip shell extension 'powershell' for command environment: Not usable outside of PowerShell
[0.304s] DEBUG:colcon.colcon_core.shell:Skip shell extension 'dsv' for command environment
[0.306s] INFO:colcon.colcon_ros.task.ament_cmake.build:Building ROS package in '/home/ycao/virtual_roam_2/src/unitree_go2_sim' with build type 'ament_cmake'
[0.306s] INFO:colcon.colcon_cmake.task.cmake.build:Building CMake package in '/home/ycao/virtual_roam_2/src/unitree_go2_sim'
[0.307s] INFO:colcon.colcon_core.shell:Skip shell extension 'powershell' for command environment: Not usable outside of PowerShell
[0.307s] DEBUG:colcon.colcon_core.shell:Skip shell extension 'dsv' for command environment
[0.314s] DEBUG:colcon.colcon_core.event_handler.log_command:Invoking command in '/home/ycao/virtual_roam_2/build/champ': CMAKE_PREFIX_PATH=${CMAKE_PREFIX_PATH}:/opt/ros/jazzy DEBUGINFOD_URLS=https://debuginfod.ubuntu.com /usr/bin/cmake --build /home/ycao/virtual_roam_2/build/champ -- -j16 -l16
[0.318s] DEBUG:colcon.colcon_core.event_handler.log_command:Invoking command in '/home/ycao/virtual_roam_2/build/champ_msgs': CMAKE_PREFIX_PATH=${CMAKE_PREFIX_PATH}:/opt/ros/jazzy DEBUGINFOD_URLS=https://debuginfod.ubuntu.com /usr/bin/cmake --build /home/ycao/virtual_roam_2/build/champ_msgs -- -j16 -l16
[0.321s] DEBUG:colcon.colcon_core.event_handler.log_command:Invoking command in '/home/ycao/virtual_roam_2/build/unitree_go2_description': CMAKE_PREFIX_PATH=${CMAKE_PREFIX_PATH}:/opt/ros/jazzy DEBUGINFOD_URLS=https://debuginfod.ubuntu.com /usr/bin/cmake --build /home/ycao/virtual_roam_2/build/unitree_go2_description -- -j16 -l16
[0.329s] DEBUG:colcon.colcon_core.event_handler.log_command:Invoking command in '/home/ycao/virtual_roam_2/build/unitree_go2_sim': CMAKE_PREFIX_PATH=${CMAKE_PREFIX_PATH}:/opt/ros/jazzy DEBUGINFOD_URLS=https://debuginfod.ubuntu.com /usr/bin/cmake --build /home/ycao/virtual_roam_2/build/unitree_go2_sim -- -j16 -l16
[0.401s] DEBUG:colcon.colcon_core.event_handler.log_command:Invoked command in '/home/ycao/virtual_roam_2/build/unitree_go2_sim' returned '0': CMAKE_PREFIX_PATH=${CMAKE_PREFIX_PATH}:/opt/ros/jazzy DEBUGINFOD_URLS=https://debuginfod.ubuntu.com /usr/bin/cmake --build /home/ycao/virtual_roam_2/build/unitree_go2_sim -- -j16 -l16
[0.412s] DEBUG:colcon.colcon_core.event_handler.log_command:Invoking command in '/home/ycao/virtual_roam_2/build/unitree_go2_sim': CMAKE_PREFIX_PATH=${CMAKE_PREFIX_PATH}:/opt/ros/jazzy DEBUGINFOD_URLS=https://debuginfod.ubuntu.com /usr/bin/cmake --install /home/ycao/virtual_roam_2/build/unitree_go2_sim
[0.414s] DEBUG:colcon.colcon_core.event_handler.log_command:Invoked command in '/home/ycao/virtual_roam_2/build/unitree_go2_description' returned '0': CMAKE_PREFIX_PATH=${CMAKE_PREFIX_PATH}:/opt/ros/jazzy DEBUGINFOD_URLS=https://debuginfod.ubuntu.com /usr/bin/cmake --build /home/ycao/virtual_roam_2/build/unitree_go2_description -- -j16 -l16
[0.416s] DEBUG:colcon.colcon_core.event_handler.log_command:Invoking command in '/home/ycao/virtual_roam_2/build/unitree_go2_description': CMAKE_PREFIX_PATH=${CMAKE_PREFIX_PATH}:/opt/ros/jazzy DEBUGINFOD_URLS=https://debuginfod.ubuntu.com /usr/bin/cmake --install /home/ycao/virtual_roam_2/build/unitree_go2_description
[0.416s] DEBUG:colcon.colcon_core.event_handler.log_command:Invoked command in '/home/ycao/virtual_roam_2/build/champ' returned '0': CMAKE_PREFIX_PATH=${CMAKE_PREFIX_PATH}:/opt/ros/jazzy DEBUGINFOD_URLS=https://debuginfod.ubuntu.com /usr/bin/cmake --build /home/ycao/virtual_roam_2/build/champ -- -j16 -l16
[0.418s] DEBUG:colcon.colcon_core.event_handler.log_command:Invoking command in '/home/ycao/virtual_roam_2/build/champ': CMAKE_PREFIX_PATH=${CMAKE_PREFIX_PATH}:/opt/ros/jazzy DEBUGINFOD_URLS=https://debuginfod.ubuntu.com /usr/bin/cmake --install /home/ycao/virtual_roam_2/build/champ
[0.426s] Level 1:colcon.colcon_core.environment:create_environment_scripts_only(unitree_go2_sim)
[0.433s] DEBUG:colcon.colcon_core.event_handler.log_command:Invoked command in '/home/ycao/virtual_roam_2/build/unitree_go2_sim' returned '0': CMAKE_PREFIX_PATH=${CMAKE_PREFIX_PATH}:/opt/ros/jazzy DEBUGINFOD_URLS=https://debuginfod.ubuntu.com /usr/bin/cmake --install /home/ycao/virtual_roam_2/build/unitree_go2_sim
[0.440s] Level 1:colcon.colcon_core.environment:checking '/home/ycao/virtual_roam_2/install/unitree_go2_sim' for CMake module files
[0.441s] Level 1:colcon.colcon_core.environment:checking '/home/ycao/virtual_roam_2/install/unitree_go2_sim' for CMake config files
[0.441s] Level 1:colcon.colcon_core.shell:create_environment_hook('unitree_go2_sim', 'cmake_prefix_path')
[0.441s] INFO:colcon.colcon_core.shell:Creating environment hook '/home/ycao/virtual_roam_2/install/unitree_go2_sim/share/unitree_go2_sim/hook/cmake_prefix_path.ps1'
[0.442s] INFO:colcon.colcon_core.shell:Creating environment descriptor '/home/ycao/virtual_roam_2/install/unitree_go2_sim/share/unitree_go2_sim/hook/cmake_prefix_path.dsv'
[0.443s] INFO:colcon.colcon_core.shell:Creating environment hook '/home/ycao/virtual_roam_2/install/unitree_go2_sim/share/unitree_go2_sim/hook/cmake_prefix_path.sh'
[0.444s] Level 1:colcon.colcon_core.environment:checking '/home/ycao/virtual_roam_2/install/unitree_go2_sim/bin'
[0.445s] Level 1:colcon.colcon_core.environment:checking '/home/ycao/virtual_roam_2/install/unitree_go2_sim/lib/pkgconfig/unitree_go2_sim.pc'
[0.445s] Level 1:colcon.colcon_core.environment:checking '/home/ycao/virtual_roam_2/install/unitree_go2_sim/lib/python3.12/site-packages'
[0.445s] Level 1:colcon.colcon_core.environment:checking '/home/ycao/virtual_roam_2/install/unitree_go2_sim/bin'
[0.445s] INFO:colcon.colcon_core.shell:Creating package script '/home/ycao/virtual_roam_2/install/unitree_go2_sim/share/unitree_go2_sim/package.ps1'
[0.446s] INFO:colcon.colcon_core.shell:Creating package descriptor '/home/ycao/virtual_roam_2/install/unitree_go2_sim/share/unitree_go2_sim/package.dsv'
[0.451s] INFO:colcon.colcon_core.shell:Creating package script '/home/ycao/virtual_roam_2/install/unitree_go2_sim/share/unitree_go2_sim/package.sh'
[0.451s] INFO:colcon.colcon_core.shell:Creating package script '/home/ycao/virtual_roam_2/install/unitree_go2_sim/share/unitree_go2_sim/package.bash'
[0.452s] INFO:colcon.colcon_core.shell:Creating package script '/home/ycao/virtual_roam_2/install/unitree_go2_sim/share/unitree_go2_sim/package.zsh'
[0.453s] Level 1:colcon.colcon_core.environment:create_file_with_runtime_dependencies(/home/ycao/virtual_roam_2/install/unitree_go2_sim/share/colcon-core/packages/unitree_go2_sim)
[0.453s] Level 1:colcon.colcon_core.environment:create_environment_scripts_only(unitree_go2_sim)
[0.453s] Level 1:colcon.colcon_core.environment:checking '/home/ycao/virtual_roam_2/install/unitree_go2_sim' for CMake module files
[0.454s] Level 1:colcon.colcon_core.environment:checking '/home/ycao/virtual_roam_2/install/unitree_go2_sim' for CMake config files
[0.454s] Level 1:colcon.colcon_core.shell:create_environment_hook('unitree_go2_sim', 'cmake_prefix_path')
[0.454s] INFO:colcon.colcon_core.shell:Creating environment hook '/home/ycao/virtual_roam_2/install/unitree_go2_sim/share/unitree_go2_sim/hook/cmake_prefix_path.ps1'
[0.454s] INFO:colcon.colcon_core.shell:Creating environment descriptor '/home/ycao/virtual_roam_2/install/unitree_go2_sim/share/unitree_go2_sim/hook/cmake_prefix_path.dsv'
[0.455s] INFO:colcon.colcon_core.shell:Creating environment hook '/home/ycao/virtual_roam_2/install/unitree_go2_sim/share/unitree_go2_sim/hook/cmake_prefix_path.sh'
[0.455s] Level 1:colcon.colcon_core.environment:checking '/home/ycao/virtual_roam_2/install/unitree_go2_sim/bin'
[0.455s] Level 1:colcon.colcon_core.environment:checking '/home/ycao/virtual_roam_2/install/unitree_go2_sim/lib/pkgconfig/unitree_go2_sim.pc'
[0.455s] Level 1:colcon.colcon_core.environment:checking '/home/ycao/virtual_roam_2/install/unitree_go2_sim/lib/python3.12/site-packages'
[0.455s] Level 1:colcon.colcon_core.environment:checking '/home/ycao/virtual_roam_2/install/unitree_go2_sim/bin'
[0.456s] INFO:colcon.colcon_core.shell:Creating package script '/home/ycao/virtual_roam_2/install/unitree_go2_sim/share/unitree_go2_sim/package.ps1'
[0.456s] INFO:colcon.colcon_core.shell:Creating package descriptor '/home/ycao/virtual_roam_2/install/unitree_go2_sim/share/unitree_go2_sim/package.dsv'
[0.456s] INFO:colcon.colcon_core.shell:Creating package script '/home/ycao/virtual_roam_2/install/unitree_go2_sim/share/unitree_go2_sim/package.sh'
[0.457s] INFO:colcon.colcon_core.shell:Creating package script '/home/ycao/virtual_roam_2/install/unitree_go2_sim/share/unitree_go2_sim/package.bash'
[0.457s] INFO:colcon.colcon_core.shell:Creating package script '/home/ycao/virtual_roam_2/install/unitree_go2_sim/share/unitree_go2_sim/package.zsh'
[0.457s] Level 1:colcon.colcon_core.environment:create_file_with_runtime_dependencies(/home/ycao/virtual_roam_2/install/unitree_go2_sim/share/colcon-core/packages/unitree_go2_sim)
[0.459s] Level 1:colcon.colcon_core.environment:create_environment_scripts_only(champ)
[0.459s] Level 1:colcon.colcon_core.environment:checking '/home/ycao/virtual_roam_2/install/champ' for CMake module files
[0.459s] DEBUG:colcon.colcon_core.event_handler.log_command:Invoked command in '/home/ycao/virtual_roam_2/build/champ' returned '0': CMAKE_PREFIX_PATH=${CMAKE_PREFIX_PATH}:/opt/ros/jazzy DEBUGINFOD_URLS=https://debuginfod.ubuntu.com /usr/bin/cmake --install /home/ycao/virtual_roam_2/build/champ
[0.460s] Level 1:colcon.colcon_core.environment:checking '/home/ycao/virtual_roam_2/install/champ' for CMake config files
[0.460s] Level 1:colcon.colcon_core.shell:create_environment_hook('champ', 'cmake_prefix_path')
[0.460s] INFO:colcon.colcon_core.shell:Creating environment hook '/home/ycao/virtual_roam_2/install/champ/share/champ/hook/cmake_prefix_path.ps1'
[0.460s] INFO:colcon.colcon_core.shell:Creating environment descriptor '/home/ycao/virtual_roam_2/install/champ/share/champ/hook/cmake_prefix_path.dsv'
[0.461s] INFO:colcon.colcon_core.shell:Creating environment hook '/home/ycao/virtual_roam_2/install/champ/share/champ/hook/cmake_prefix_path.sh'
[0.461s] Level 1:colcon.colcon_core.environment:checking '/home/ycao/virtual_roam_2/install/champ/bin'
[0.461s] Level 1:colcon.colcon_core.environment:checking '/home/ycao/virtual_roam_2/install/champ/lib/pkgconfig/champ.pc'
[0.461s] Level 1:colcon.colcon_core.environment:checking '/home/ycao/virtual_roam_2/install/champ/lib/python3.12/site-packages'
[0.461s] Level 1:colcon.colcon_core.environment:checking '/home/ycao/virtual_roam_2/install/champ/bin'
[0.461s] INFO:colcon.colcon_core.shell:Creating package script '/home/ycao/virtual_roam_2/install/champ/share/champ/package.ps1'
[0.462s] INFO:colcon.colcon_core.shell:Creating package descriptor '/home/ycao/virtual_roam_2/install/champ/share/champ/package.dsv'
[0.462s] INFO:colcon.colcon_core.shell:Creating package script '/home/ycao/virtual_roam_2/install/champ/share/champ/package.sh'
[0.462s] INFO:colcon.colcon_core.shell:Creating package script '/home/ycao/virtual_roam_2/install/champ/share/champ/package.bash'
[0.463s] INFO:colcon.colcon_core.shell:Creating package script '/home/ycao/virtual_roam_2/install/champ/share/champ/package.zsh'
[0.463s] Level 1:colcon.colcon_core.environment:create_file_with_runtime_dependencies(/home/ycao/virtual_roam_2/install/champ/share/colcon-core/packages/champ)
[0.464s] Level 1:colcon.colcon_core.environment:create_environment_scripts_only(champ)
[0.464s] Level 1:colcon.colcon_core.environment:checking '/home/ycao/virtual_roam_2/install/champ' for CMake module files
[0.464s] Level 1:colcon.colcon_core.environment:checking '/home/ycao/virtual_roam_2/install/champ' for CMake config files
[0.464s] Level 1:colcon.colcon_core.shell:create_environment_hook('champ', 'cmake_prefix_path')
[0.464s] INFO:colcon.colcon_core.shell:Creating environment hook '/home/ycao/virtual_roam_2/install/champ/share/champ/hook/cmake_prefix_path.ps1'
[0.465s] INFO:colcon.colcon_core.shell:Creating environment descriptor '/home/ycao/virtual_roam_2/install/champ/share/champ/hook/cmake_prefix_path.dsv'
[0.465s] INFO:colcon.colcon_core.shell:Creating environment hook '/home/ycao/virtual_roam_2/install/champ/share/champ/hook/cmake_prefix_path.sh'
[0.466s] Level 1:colcon.colcon_core.environment:checking '/home/ycao/virtual_roam_2/install/champ/bin'
[0.466s] Level 1:colcon.colcon_core.environment:checking '/home/ycao/virtual_roam_2/install/champ/lib/pkgconfig/champ.pc'
[0.466s] Level 1:colcon.colcon_core.environment:checking '/home/ycao/virtual_roam_2/install/champ/lib/python3.12/site-packages'
[0.466s] Level 1:colcon.colcon_core.environment:checking '/home/ycao/virtual_roam_2/install/champ/bin'
[0.466s] INFO:colcon.colcon_core.shell:Creating package script '/home/ycao/virtual_roam_2/install/champ/share/champ/package.ps1'
[0.467s] INFO:colcon.colcon_core.shell:Creating package descriptor '/home/ycao/virtual_roam_2/install/champ/share/champ/package.dsv'
[0.468s] INFO:colcon.colcon_core.shell:Creating package script '/home/ycao/virtual_roam_2/install/champ/share/champ/package.sh'
[0.468s] INFO:colcon.colcon_core.shell:Creating package script '/home/ycao/virtual_roam_2/install/champ/share/champ/package.bash'
[0.468s] INFO:colcon.colcon_core.shell:Creating package script '/home/ycao/virtual_roam_2/install/champ/share/champ/package.zsh'
[0.469s] Level 1:colcon.colcon_core.environment:create_file_with_runtime_dependencies(/home/ycao/virtual_roam_2/install/champ/share/colcon-core/packages/champ)
[0.469s] Level 1:colcon.colcon_core.environment:create_environment_scripts_only(unitree_go2_description)
[0.469s] Level 1:colcon.colcon_core.environment:checking '/home/ycao/virtual_roam_2/install/unitree_go2_description' for CMake module files
[0.471s] DEBUG:colcon.colcon_core.event_handler.log_command:Invoked command in '/home/ycao/virtual_roam_2/build/unitree_go2_description' returned '0': CMAKE_PREFIX_PATH=${CMAKE_PREFIX_PATH}:/opt/ros/jazzy DEBUGINFOD_URLS=https://debuginfod.ubuntu.com /usr/bin/cmake --install /home/ycao/virtual_roam_2/build/unitree_go2_description
[0.471s] Level 1:colcon.colcon_core.environment:checking '/home/ycao/virtual_roam_2/install/unitree_go2_description' for CMake config files
[0.471s] Level 1:colcon.colcon_core.shell:create_environment_hook('unitree_go2_description', 'cmake_prefix_path')
[0.472s] INFO:colcon.colcon_core.shell:Creating environment hook '/home/ycao/virtual_roam_2/install/unitree_go2_description/share/unitree_go2_description/hook/cmake_prefix_path.ps1'
[0.472s] INFO:colcon.colcon_core.shell:Creating environment descriptor '/home/ycao/virtual_roam_2/install/unitree_go2_description/share/unitree_go2_description/hook/cmake_prefix_path.dsv'
[0.472s] INFO:colcon.colcon_core.shell:Creating environment hook '/home/ycao/virtual_roam_2/install/unitree_go2_description/share/unitree_go2_description/hook/cmake_prefix_path.sh'
[0.473s] Level 1:colcon.colcon_core.environment:checking '/home/ycao/virtual_roam_2/install/unitree_go2_description/bin'
[0.473s] Level 1:colcon.colcon_core.environment:checking '/home/ycao/virtual_roam_2/install/unitree_go2_description/lib/pkgconfig/unitree_go2_description.pc'
[0.473s] Level 1:colcon.colcon_core.environment:checking '/home/ycao/virtual_roam_2/install/unitree_go2_description/lib/python3.12/site-packages'
[0.473s] Level 1:colcon.colcon_core.environment:checking '/home/ycao/virtual_roam_2/install/unitree_go2_description/bin'
[0.473s] INFO:colcon.colcon_core.shell:Creating package script '/home/ycao/virtual_roam_2/install/unitree_go2_description/share/unitree_go2_description/package.ps1'
[0.474s] INFO:colcon.colcon_core.shell:Creating package descriptor '/home/ycao/virtual_roam_2/install/unitree_go2_description/share/unitree_go2_description/package.dsv'
[0.474s] INFO:colcon.colcon_core.shell:Creating package script '/home/ycao/virtual_roam_2/install/unitree_go2_description/share/unitree_go2_description/package.sh'
[0.474s] INFO:colcon.colcon_core.shell:Creating package script '/home/ycao/virtual_roam_2/install/unitree_go2_description/share/unitree_go2_description/package.bash'
[0.475s] INFO:colcon.colcon_core.shell:Creating package script '/home/ycao/virtual_roam_2/install/unitree_go2_description/share/unitree_go2_description/package.zsh'
[0.475s] Level 1:colcon.colcon_core.environment:create_file_with_runtime_dependencies(/home/ycao/virtual_roam_2/install/unitree_go2_description/share/colcon-core/packages/unitree_go2_description)
[0.475s] Level 1:colcon.colcon_core.environment:create_environment_scripts_only(unitree_go2_description)
[0.476s] Level 1:colcon.colcon_core.environment:checking '/home/ycao/virtual_roam_2/install/unitree_go2_description' for CMake module files
[0.476s] Level 1:colcon.colcon_core.environment:checking '/home/ycao/virtual_roam_2/install/unitree_go2_description' for CMake config files
[0.476s] Level 1:colcon.colcon_core.shell:create_environment_hook('unitree_go2_description', 'cmake_prefix_path')
[0.476s] INFO:colcon.colcon_core.shell:Creating environment hook '/home/ycao/virtual_roam_2/install/unitree_go2_description/share/unitree_go2_description/hook/cmake_prefix_path.ps1'
[0.477s] INFO:colcon.colcon_core.shell:Creating environment descriptor '/home/ycao/virtual_roam_2/install/unitree_go2_description/share/unitree_go2_description/hook/cmake_prefix_path.dsv'
[0.477s] INFO:colcon.colcon_core.shell:Creating environment hook '/home/ycao/virtual_roam_2/install/unitree_go2_description/share/unitree_go2_description/hook/cmake_prefix_path.sh'
[0.478s] Level 1:colcon.colcon_core.environment:checking '/home/ycao/virtual_roam_2/install/unitree_go2_description/bin'
[0.479s] Level 1:colcon.colcon_core.environment:checking '/home/ycao/virtual_roam_2/install/unitree_go2_description/lib/pkgconfig/unitree_go2_description.pc'
[0.479s] Level 1:colcon.colcon_core.environment:checking '/home/ycao/virtual_roam_2/install/unitree_go2_description/lib/python3.12/site-packages'
[0.479s] Level 1:colcon.colcon_core.environment:checking '/home/ycao/virtual_roam_2/install/unitree_go2_description/bin'
[0.479s] INFO:colcon.colcon_core.shell:Creating package script '/home/ycao/virtual_roam_2/install/unitree_go2_description/share/unitree_go2_description/package.ps1'
[0.480s] INFO:colcon.colcon_core.shell:Creating package descriptor '/home/ycao/virtual_roam_2/install/unitree_go2_description/share/unitree_go2_description/package.dsv'
[0.481s] INFO:colcon.colcon_core.shell:Creating package script '/home/ycao/virtual_roam_2/install/unitree_go2_description/share/unitree_go2_description/package.sh'
[0.481s] INFO:colcon.colcon_core.shell:Creating package script '/home/ycao/virtual_roam_2/install/unitree_go2_description/share/unitree_go2_description/package.bash'
[0.482s] INFO:colcon.colcon_core.shell:Creating package script '/home/ycao/virtual_roam_2/install/unitree_go2_description/share/unitree_go2_description/package.zsh'
[0.483s] Level 1:colcon.colcon_core.environment:create_file_with_runtime_dependencies(/home/ycao/virtual_roam_2/install/unitree_go2_description/share/colcon-core/packages/unitree_go2_description)
[0.668s] DEBUG:colcon.colcon_core.event_handler.log_command:Invoked command in '/home/ycao/virtual_roam_2/build/champ_msgs' returned '0': CMAKE_PREFIX_PATH=${CMAKE_PREFIX_PATH}:/opt/ros/jazzy DEBUGINFOD_URLS=https://debuginfod.ubuntu.com /usr/bin/cmake --build /home/ycao/virtual_roam_2/build/champ_msgs -- -j16 -l16
[0.669s] DEBUG:colcon.colcon_core.event_handler.log_command:Invoking command in '/home/ycao/virtual_roam_2/build/champ_msgs': CMAKE_PREFIX_PATH=${CMAKE_PREFIX_PATH}:/opt/ros/jazzy DEBUGINFOD_URLS=https://debuginfod.ubuntu.com /usr/bin/cmake --install /home/ycao/virtual_roam_2/build/champ_msgs
[0.729s] Level 1:colcon.colcon_core.environment:create_environment_scripts_only(champ_msgs)
[0.729s] Level 1:colcon.colcon_core.environment:checking '/home/ycao/virtual_roam_2/install/champ_msgs' for CMake module files
[0.729s] DEBUG:colcon.colcon_core.event_handler.log_command:Invoked command in '/home/ycao/virtual_roam_2/build/champ_msgs' returned '0': CMAKE_PREFIX_PATH=${CMAKE_PREFIX_PATH}:/opt/ros/jazzy DEBUGINFOD_URLS=https://debuginfod.ubuntu.com /usr/bin/cmake --install /home/ycao/virtual_roam_2/build/champ_msgs
[0.729s] Level 1:colcon.colcon_core.environment:checking '/home/ycao/virtual_roam_2/install/champ_msgs' for CMake config files
[0.730s] Level 1:colcon.colcon_core.shell:create_environment_hook('champ_msgs', 'cmake_prefix_path')
[0.730s] INFO:colcon.colcon_core.shell:Creating environment hook '/home/ycao/virtual_roam_2/install/champ_msgs/share/champ_msgs/hook/cmake_prefix_path.ps1'
[0.730s] INFO:colcon.colcon_core.shell:Creating environment descriptor '/home/ycao/virtual_roam_2/install/champ_msgs/share/champ_msgs/hook/cmake_prefix_path.dsv'
[0.730s] INFO:colcon.colcon_core.shell:Creating environment hook '/home/ycao/virtual_roam_2/install/champ_msgs/share/champ_msgs/hook/cmake_prefix_path.sh'
[0.731s] Level 1:colcon.colcon_core.environment:checking '/home/ycao/virtual_roam_2/install/champ_msgs/lib'
[0.731s] Level 1:colcon.colcon_core.shell:create_environment_hook('champ_msgs', 'ld_library_path_lib')
[0.731s] INFO:colcon.colcon_core.shell:Creating environment hook '/home/ycao/virtual_roam_2/install/champ_msgs/share/champ_msgs/hook/ld_library_path_lib.ps1'
[0.731s] INFO:colcon.colcon_core.shell:Creating environment descriptor '/home/ycao/virtual_roam_2/install/champ_msgs/share/champ_msgs/hook/ld_library_path_lib.dsv'
[0.732s] INFO:colcon.colcon_core.shell:Creating environment hook '/home/ycao/virtual_roam_2/install/champ_msgs/share/champ_msgs/hook/ld_library_path_lib.sh'
[0.732s] Level 1:colcon.colcon_core.environment:checking '/home/ycao/virtual_roam_2/install/champ_msgs/bin'
[0.732s] Level 1:colcon.colcon_core.environment:checking '/home/ycao/virtual_roam_2/install/champ_msgs/lib/pkgconfig/champ_msgs.pc'
[0.732s] Level 1:colcon.colcon_core.environment:checking '/home/ycao/virtual_roam_2/install/champ_msgs/lib/python3.12/site-packages'
[0.732s] Level 1:colcon.colcon_core.shell:create_environment_hook('champ_msgs', 'pythonpath')
[0.732s] INFO:colcon.colcon_core.shell:Creating environment hook '/home/ycao/virtual_roam_2/install/champ_msgs/share/champ_msgs/hook/pythonpath.ps1'
[0.733s] INFO:colcon.colcon_core.shell:Creating environment descriptor '/home/ycao/virtual_roam_2/install/champ_msgs/share/champ_msgs/hook/pythonpath.dsv'
[0.733s] INFO:colcon.colcon_core.shell:Creating environment hook '/home/ycao/virtual_roam_2/install/champ_msgs/share/champ_msgs/hook/pythonpath.sh'
[0.733s] Level 1:colcon.colcon_core.environment:checking '/home/ycao/virtual_roam_2/install/champ_msgs/bin'
[0.734s] INFO:colcon.colcon_core.shell:Creating package script '/home/ycao/virtual_roam_2/install/champ_msgs/share/champ_msgs/package.ps1'
[0.734s] INFO:colcon.colcon_core.shell:Creating package descriptor '/home/ycao/virtual_roam_2/install/champ_msgs/share/champ_msgs/package.dsv'
[0.734s] INFO:colcon.colcon_core.shell:Creating package script '/home/ycao/virtual_roam_2/install/champ_msgs/share/champ_msgs/package.sh'
[0.735s] INFO:colcon.colcon_core.shell:Creating package script '/home/ycao/virtual_roam_2/install/champ_msgs/share/champ_msgs/package.bash'
[0.735s] INFO:colcon.colcon_core.shell:Creating package script '/home/ycao/virtual_roam_2/install/champ_msgs/share/champ_msgs/package.zsh'
[0.735s] Level 1:colcon.colcon_core.environment:create_file_with_runtime_dependencies(/home/ycao/virtual_roam_2/install/champ_msgs/share/colcon-core/packages/champ_msgs)
[0.736s] Level 1:colcon.colcon_core.environment:create_environment_scripts_only(champ_msgs)
[0.736s] Level 1:colcon.colcon_core.environment:checking '/home/ycao/virtual_roam_2/install/champ_msgs' for CMake module files
[0.736s] Level 1:colcon.colcon_core.environment:checking '/home/ycao/virtual_roam_2/install/champ_msgs' for CMake config files
[0.736s] Level 1:colcon.colcon_core.shell:create_environment_hook('champ_msgs', 'cmake_prefix_path')
[0.736s] INFO:colcon.colcon_core.shell:Creating environment hook '/home/ycao/virtual_roam_2/install/champ_msgs/share/champ_msgs/hook/cmake_prefix_path.ps1'
[0.737s] INFO:colcon.colcon_core.shell:Creating environment descriptor '/home/ycao/virtual_roam_2/install/champ_msgs/share/champ_msgs/hook/cmake_prefix_path.dsv'
[0.737s] INFO:colcon.colcon_core.shell:Creating environment hook '/home/ycao/virtual_roam_2/install/champ_msgs/share/champ_msgs/hook/cmake_prefix_path.sh'
[0.737s] Level 1:colcon.colcon_core.environment:checking '/home/ycao/virtual_roam_2/install/champ_msgs/lib'
[0.737s] Level 1:colcon.colcon_core.shell:create_environment_hook('champ_msgs', 'ld_library_path_lib')
[0.737s] INFO:colcon.colcon_core.shell:Creating environment hook '/home/ycao/virtual_roam_2/install/champ_msgs/share/champ_msgs/hook/ld_library_path_lib.ps1'
[0.738s] INFO:colcon.colcon_core.shell:Creating environment descriptor '/home/ycao/virtual_roam_2/install/champ_msgs/share/champ_msgs/hook/ld_library_path_lib.dsv'
[0.738s] INFO:colcon.colcon_core.shell:Creating environment hook '/home/ycao/virtual_roam_2/install/champ_msgs/share/champ_msgs/hook/ld_library_path_lib.sh'
[0.738s] Level 1:colcon.colcon_core.environment:checking '/home/ycao/virtual_roam_2/install/champ_msgs/bin'
[0.738s] Level 1:colcon.colcon_core.environment:checking '/home/ycao/virtual_roam_2/install/champ_msgs/lib/pkgconfig/champ_msgs.pc'
[0.738s] Level 1:colcon.colcon_core.environment:checking '/home/ycao/virtual_roam_2/install/champ_msgs/lib/python3.12/site-packages'
[0.739s] Level 1:colcon.colcon_core.shell:create_environment_hook('champ_msgs', 'pythonpath')
[0.739s] INFO:colcon.colcon_core.shell:Creating environment hook '/home/ycao/virtual_roam_2/install/champ_msgs/share/champ_msgs/hook/pythonpath.ps1'
[0.739s] INFO:colcon.colcon_core.shell:Creating environment descriptor '/home/ycao/virtual_roam_2/install/champ_msgs/share/champ_msgs/hook/pythonpath.dsv'
[0.739s] INFO:colcon.colcon_core.shell:Creating environment hook '/home/ycao/virtual_roam_2/install/champ_msgs/share/champ_msgs/hook/pythonpath.sh'
[0.740s] Level 1:colcon.colcon_core.environment:checking '/home/ycao/virtual_roam_2/install/champ_msgs/bin'
[0.740s] INFO:colcon.colcon_core.shell:Creating package script '/home/ycao/virtual_roam_2/install/champ_msgs/share/champ_msgs/package.ps1'
[0.740s] INFO:colcon.colcon_core.shell:Creating package descriptor '/home/ycao/virtual_roam_2/install/champ_msgs/share/champ_msgs/package.dsv'
[0.741s] INFO:colcon.colcon_core.shell:Creating package script '/home/ycao/virtual_roam_2/install/champ_msgs/share/champ_msgs/package.sh'
[0.741s] INFO:colcon.colcon_core.shell:Creating package script '/home/ycao/virtual_roam_2/install/champ_msgs/share/champ_msgs/package.bash'
[0.742s] INFO:colcon.colcon_core.shell:Creating package script '/home/ycao/virtual_roam_2/install/champ_msgs/share/champ_msgs/package.zsh'
[0.742s] Level 1:colcon.colcon_core.environment:create_file_with_runtime_dependencies(/home/ycao/virtual_roam_2/install/champ_msgs/share/colcon-core/packages/champ_msgs)
[0.742s] INFO:colcon.colcon_ros.task.ament_cmake.build:Building ROS package in '/home/ycao/virtual_roam_2/src/champ_base' with build type 'ament_cmake'
[0.742s] INFO:colcon.colcon_cmake.task.cmake.build:Building CMake package in '/home/ycao/virtual_roam_2/src/champ_base'
[0.743s] INFO:colcon.colcon_core.shell:Skip shell extension 'powershell' for command environment: Not usable outside of PowerShell
[0.743s] DEBUG:colcon.colcon_core.shell:Skip shell extension 'dsv' for command environment
[0.755s] DEBUG:colcon.colcon_core.event_handler.log_command:Invoking command in '/home/ycao/virtual_roam_2/build/champ_base': AMENT_PREFIX_PATH=/home/ycao/virtual_roam_2/install/champ_msgs:/home/ycao/virtual_roam_2/install/champ:${AMENT_PREFIX_PATH} CMAKE_PREFIX_PATH=/home/ycao/virtual_roam_2/install/champ_msgs:/home/ycao/virtual_roam_2/install/champ:/opt/ros/jazzy/opt/gz_sim_vendor:/opt/ros/jazzy/opt/gz_sensors_vendor:/opt/ros/jazzy/opt/gz_physics_vendor:/opt/ros/jazzy/opt/sdformat_vendor:/opt/ros/jazzy/opt/gz_gui_vendor:/opt/ros/jazzy/opt/gz_transport_vendor:/opt/ros/jazzy/opt/gz_rendering_vendor:/opt/ros/jazzy/opt/gz_plugin_vendor:/opt/ros/jazzy/opt/gz_fuel_tools_vendor:/opt/ros/jazzy/opt/gz_msgs_vendor:/opt/ros/jazzy/opt/gz_common_vendor:/opt/ros/jazzy/opt/gz_math_vendor:/opt/ros/jazzy/opt/gz_utils_vendor:/opt/ros/jazzy/opt/gz_tools_vendor:/opt/ros/jazzy/opt/gz_ogre_next_vendor:/opt/ros/jazzy/opt/gz_dartsim_vendor:/opt/ros/jazzy/opt/gz_cmake_vendor:/opt/ros/jazzy DEBUGINFOD_URLS=https://debuginfod.ubuntu.com LD_LIBRARY_PATH=/home/ycao/virtual_roam_2/install/champ_msgs/lib:${LD_LIBRARY_PATH} PYTHONPATH=/home/ycao/virtual_roam_2/install/champ_msgs/lib/python3.12/site-packages:${PYTHONPATH} /usr/bin/cmake --build /home/ycao/virtual_roam_2/build/champ_base -- -j16 -l16
[0.908s] DEBUG:colcon.colcon_core.event_handler.log_command:Invoked command in '/home/ycao/virtual_roam_2/build/champ_base' returned '0': AMENT_PREFIX_PATH=/home/ycao/virtual_roam_2/install/champ_msgs:/home/ycao/virtual_roam_2/install/champ:${AMENT_PREFIX_PATH} CMAKE_PREFIX_PATH=/home/ycao/virtual_roam_2/install/champ_msgs:/home/ycao/virtual_roam_2/install/champ:/opt/ros/jazzy/opt/gz_sim_vendor:/opt/ros/jazzy/opt/gz_sensors_vendor:/opt/ros/jazzy/opt/gz_physics_vendor:/opt/ros/jazzy/opt/sdformat_vendor:/opt/ros/jazzy/opt/gz_gui_vendor:/opt/ros/jazzy/opt/gz_transport_vendor:/opt/ros/jazzy/opt/gz_rendering_vendor:/opt/ros/jazzy/opt/gz_plugin_vendor:/opt/ros/jazzy/opt/gz_fuel_tools_vendor:/opt/ros/jazzy/opt/gz_msgs_vendor:/opt/ros/jazzy/opt/gz_common_vendor:/opt/ros/jazzy/opt/gz_math_vendor:/opt/ros/jazzy/opt/gz_utils_vendor:/opt/ros/jazzy/opt/gz_tools_vendor:/opt/ros/jazzy/opt/gz_ogre_next_vendor:/opt/ros/jazzy/opt/gz_dartsim_vendor:/opt/ros/jazzy/opt/gz_cmake_vendor:/opt/ros/jazzy DEBUGINFOD_URLS=https://debuginfod.ubuntu.com LD_LIBRARY_PATH=/home/ycao/virtual_roam_2/install/champ_msgs/lib:${LD_LIBRARY_PATH} PYTHONPATH=/home/ycao/virtual_roam_2/install/champ_msgs/lib/python3.12/site-packages:${PYTHONPATH} /usr/bin/cmake --build /home/ycao/virtual_roam_2/build/champ_base -- -j16 -l16
[0.911s] DEBUG:colcon.colcon_core.event_handler.log_command:Invoking command in '/home/ycao/virtual_roam_2/build/champ_base': AMENT_PREFIX_PATH=/home/ycao/virtual_roam_2/install/champ_msgs:/home/ycao/virtual_roam_2/install/champ:${AMENT_PREFIX_PATH} CMAKE_PREFIX_PATH=/home/ycao/virtual_roam_2/install/champ_msgs:/home/ycao/virtual_roam_2/install/champ:/opt/ros/jazzy/opt/gz_sim_vendor:/opt/ros/jazzy/opt/gz_sensors_vendor:/opt/ros/jazzy/opt/gz_physics_vendor:/opt/ros/jazzy/opt/sdformat_vendor:/opt/ros/jazzy/opt/gz_gui_vendor:/opt/ros/jazzy/opt/gz_transport_vendor:/opt/ros/jazzy/opt/gz_rendering_vendor:/opt/ros/jazzy/opt/gz_plugin_vendor:/opt/ros/jazzy/opt/gz_fuel_tools_vendor:/opt/ros/jazzy/opt/gz_msgs_vendor:/opt/ros/jazzy/opt/gz_common_vendor:/opt/ros/jazzy/opt/gz_math_vendor:/opt/ros/jazzy/opt/gz_utils_vendor:/opt/ros/jazzy/opt/gz_tools_vendor:/opt/ros/jazzy/opt/gz_ogre_next_vendor:/opt/ros/jazzy/opt/gz_dartsim_vendor:/opt/ros/jazzy/opt/gz_cmake_vendor:/opt/ros/jazzy DEBUGINFOD_URLS=https://debuginfod.ubuntu.com LD_LIBRARY_PATH=/home/ycao/virtual_roam_2/install/champ_msgs/lib:${LD_LIBRARY_PATH} PYTHONPATH=/home/ycao/virtual_roam_2/install/champ_msgs/lib/python3.12/site-packages:${PYTHONPATH} /usr/bin/cmake --install /home/ycao/virtual_roam_2/build/champ_base
[0.935s] Level 1:colcon.colcon_core.environment:create_environment_scripts_only(champ_base)
[0.936s] Level 1:colcon.colcon_core.environment:checking '/home/ycao/virtual_roam_2/install/champ_base' for CMake module files
[0.936s] DEBUG:colcon.colcon_core.event_handler.log_command:Invoked command in '/home/ycao/virtual_roam_2/build/champ_base' returned '0': AMENT_PREFIX_PATH=/home/ycao/virtual_roam_2/install/champ_msgs:/home/ycao/virtual_roam_2/install/champ:${AMENT_PREFIX_PATH} CMAKE_PREFIX_PATH=/home/ycao/virtual_roam_2/install/champ_msgs:/home/ycao/virtual_roam_2/install/champ:/opt/ros/jazzy/opt/gz_sim_vendor:/opt/ros/jazzy/opt/gz_sensors_vendor:/opt/ros/jazzy/opt/gz_physics_vendor:/opt/ros/jazzy/opt/sdformat_vendor:/opt/ros/jazzy/opt/gz_gui_vendor:/opt/ros/jazzy/opt/gz_transport_vendor:/opt/ros/jazzy/opt/gz_rendering_vendor:/opt/ros/jazzy/opt/gz_plugin_vendor:/opt/ros/jazzy/opt/gz_fuel_tools_vendor:/opt/ros/jazzy/opt/gz_msgs_vendor:/opt/ros/jazzy/opt/gz_common_vendor:/opt/ros/jazzy/opt/gz_math_vendor:/opt/ros/jazzy/opt/gz_utils_vendor:/opt/ros/jazzy/opt/gz_tools_vendor:/opt/ros/jazzy/opt/gz_ogre_next_vendor:/opt/ros/jazzy/opt/gz_dartsim_vendor:/opt/ros/jazzy/opt/gz_cmake_vendor:/opt/ros/jazzy DEBUGINFOD_URLS=https://debuginfod.ubuntu.com LD_LIBRARY_PATH=/home/ycao/virtual_roam_2/install/champ_msgs/lib:${LD_LIBRARY_PATH} PYTHONPATH=/home/ycao/virtual_roam_2/install/champ_msgs/lib/python3.12/site-packages:${PYTHONPATH} /usr/bin/cmake --install /home/ycao/virtual_roam_2/build/champ_base
[0.937s] Level 1:colcon.colcon_core.environment:checking '/home/ycao/virtual_roam_2/install/champ_base' for CMake config files
[0.937s] Level 1:colcon.colcon_core.shell:create_environment_hook('champ_base', 'cmake_prefix_path')
[0.937s] INFO:colcon.colcon_core.shell:Creating environment hook '/home/ycao/virtual_roam_2/install/champ_base/share/champ_base/hook/cmake_prefix_path.ps1'
[0.938s] INFO:colcon.colcon_core.shell:Creating environment descriptor '/home/ycao/virtual_roam_2/install/champ_base/share/champ_base/hook/cmake_prefix_path.dsv'
[0.939s] INFO:colcon.colcon_core.shell:Creating environment hook '/home/ycao/virtual_roam_2/install/champ_base/share/champ_base/hook/cmake_prefix_path.sh'
[0.940s] Level 1:colcon.colcon_core.environment:checking '/home/ycao/virtual_roam_2/install/champ_base/lib'
[0.940s] Level 1:colcon.colcon_core.shell:create_environment_hook('champ_base', 'ld_library_path_lib')
[0.940s] INFO:colcon.colcon_core.shell:Creating environment hook '/home/ycao/virtual_roam_2/install/champ_base/share/champ_base/hook/ld_library_path_lib.ps1'
[0.940s] INFO:colcon.colcon_core.shell:Creating environment descriptor '/home/ycao/virtual_roam_2/install/champ_base/share/champ_base/hook/ld_library_path_lib.dsv'
[0.941s] INFO:colcon.colcon_core.shell:Creating environment hook '/home/ycao/virtual_roam_2/install/champ_base/share/champ_base/hook/ld_library_path_lib.sh'
[0.941s] Level 1:colcon.colcon_core.environment:checking '/home/ycao/virtual_roam_2/install/champ_base/bin'
[0.941s] Level 1:colcon.colcon_core.shell:create_environment_hook('champ_base', 'path')
[0.941s] INFO:colcon.colcon_core.shell:Creating environment hook '/home/ycao/virtual_roam_2/install/champ_base/share/champ_base/hook/path.ps1'
[0.941s] INFO:colcon.colcon_core.shell:Creating environment descriptor '/home/ycao/virtual_roam_2/install/champ_base/share/champ_base/hook/path.dsv'
[0.942s] INFO:colcon.colcon_core.shell:Creating environment hook '/home/ycao/virtual_roam_2/install/champ_base/share/champ_base/hook/path.sh'
[0.942s] Level 1:colcon.colcon_core.environment:checking '/home/ycao/virtual_roam_2/install/champ_base/lib/pkgconfig/champ_base.pc'
[0.942s] Level 1:colcon.colcon_core.environment:checking '/home/ycao/virtual_roam_2/install/champ_base/lib/python3.12/site-packages'
[0.942s] Level 1:colcon.colcon_core.environment:checking '/home/ycao/virtual_roam_2/install/champ_base/bin'
[0.942s] Level 1:colcon.colcon_core.shell:create_environment_hook('champ_base', 'pythonscriptspath')
[0.943s] INFO:colcon.colcon_core.shell:Creating environment hook '/home/ycao/virtual_roam_2/install/champ_base/share/champ_base/hook/pythonscriptspath.ps1'
[0.943s] INFO:colcon.colcon_core.shell:Creating environment descriptor '/home/ycao/virtual_roam_2/install/champ_base/share/champ_base/hook/pythonscriptspath.dsv'
[0.943s] INFO:colcon.colcon_core.shell:Creating environment hook '/home/ycao/virtual_roam_2/install/champ_base/share/champ_base/hook/pythonscriptspath.sh'
[0.944s] INFO:colcon.colcon_core.shell:Creating package script '/home/ycao/virtual_roam_2/install/champ_base/share/champ_base/package.ps1'
[0.944s] INFO:colcon.colcon_core.shell:Creating package descriptor '/home/ycao/virtual_roam_2/install/champ_base/share/champ_base/package.dsv'
[0.945s] INFO:colcon.colcon_core.shell:Creating package script '/home/ycao/virtual_roam_2/install/champ_base/share/champ_base/package.sh'
[0.945s] INFO:colcon.colcon_core.shell:Creating package script '/home/ycao/virtual_roam_2/install/champ_base/share/champ_base/package.bash'
[0.945s] INFO:colcon.colcon_core.shell:Creating package script '/home/ycao/virtual_roam_2/install/champ_base/share/champ_base/package.zsh'
[0.946s] Level 1:colcon.colcon_core.environment:create_file_with_runtime_dependencies(/home/ycao/virtual_roam_2/install/champ_base/share/colcon-core/packages/champ_base)
[0.946s] Level 1:colcon.colcon_core.environment:create_environment_scripts_only(champ_base)
[0.946s] Level 1:colcon.colcon_core.environment:checking '/home/ycao/virtual_roam_2/install/champ_base' for CMake module files
[0.947s] Level 1:colcon.colcon_core.environment:checking '/home/ycao/virtual_roam_2/install/champ_base' for CMake config files
[0.947s] Level 1:colcon.colcon_core.shell:create_environment_hook('champ_base', 'cmake_prefix_path')
[0.947s] INFO:colcon.colcon_core.shell:Creating environment hook '/home/ycao/virtual_roam_2/install/champ_base/share/champ_base/hook/cmake_prefix_path.ps1'
[0.947s] INFO:colcon.colcon_core.shell:Creating environment descriptor '/home/ycao/virtual_roam_2/install/champ_base/share/champ_base/hook/cmake_prefix_path.dsv'
[0.947s] INFO:colcon.colcon_core.shell:Creating environment hook '/home/ycao/virtual_roam_2/install/champ_base/share/champ_base/hook/cmake_prefix_path.sh'
[0.948s] Level 1:colcon.colcon_core.environment:checking '/home/ycao/virtual_roam_2/install/champ_base/lib'
[0.948s] Level 1:colcon.colcon_core.shell:create_environment_hook('champ_base', 'ld_library_path_lib')
[0.948s] INFO:colcon.colcon_core.shell:Creating environment hook '/home/ycao/virtual_roam_2/install/champ_base/share/champ_base/hook/ld_library_path_lib.ps1'
[0.948s] INFO:colcon.colcon_core.shell:Creating environment descriptor '/home/ycao/virtual_roam_2/install/champ_base/share/champ_base/hook/ld_library_path_lib.dsv'
[0.949s] INFO:colcon.colcon_core.shell:Creating environment hook '/home/ycao/virtual_roam_2/install/champ_base/share/champ_base/hook/ld_library_path_lib.sh'
[0.949s] Level 1:colcon.colcon_core.environment:checking '/home/ycao/virtual_roam_2/install/champ_base/bin'
[0.949s] Level 1:colcon.colcon_core.shell:create_environment_hook('champ_base', 'path')
[0.949s] INFO:colcon.colcon_core.shell:Creating environment hook '/home/ycao/virtual_roam_2/install/champ_base/share/champ_base/hook/path.ps1'
[0.949s] INFO:colcon.colcon_core.shell:Creating environment descriptor '/home/ycao/virtual_roam_2/install/champ_base/share/champ_base/hook/path.dsv'
[0.950s] INFO:colcon.colcon_core.shell:Creating environment hook '/home/ycao/virtual_roam_2/install/champ_base/share/champ_base/hook/path.sh'
[0.950s] Level 1:colcon.colcon_core.environment:checking '/home/ycao/virtual_roam_2/install/champ_base/lib/pkgconfig/champ_base.pc'
[0.950s] Level 1:colcon.colcon_core.environment:checking '/home/ycao/virtual_roam_2/install/champ_base/lib/python3.12/site-packages'
[0.950s] Level 1:colcon.colcon_core.environment:checking '/home/ycao/virtual_roam_2/install/champ_base/bin'
[0.950s] Level 1:colcon.colcon_core.shell:create_environment_hook('champ_base', 'pythonscriptspath')
[0.951s] INFO:colcon.colcon_core.shell:Creating environment hook '/home/ycao/virtual_roam_2/install/champ_base/share/champ_base/hook/pythonscriptspath.ps1'
[0.951s] INFO:colcon.colcon_core.shell:Creating environment descriptor '/home/ycao/virtual_roam_2/install/champ_base/share/champ_base/hook/pythonscriptspath.dsv'
[0.951s] INFO:colcon.colcon_core.shell:Creating environment hook '/home/ycao/virtual_roam_2/install/champ_base/share/champ_base/hook/pythonscriptspath.sh'
[0.952s] INFO:colcon.colcon_core.shell:Creating package script '/home/ycao/virtual_roam_2/install/champ_base/share/champ_base/package.ps1'
[0.952s] INFO:colcon.colcon_core.shell:Creating package descriptor '/home/ycao/virtual_roam_2/install/champ_base/share/champ_base/package.dsv'
[0.952s] INFO:colcon.colcon_core.shell:Creating package script '/home/ycao/virtual_roam_2/install/champ_base/share/champ_base/package.sh'
[0.953s] INFO:colcon.colcon_core.shell:Creating package script '/home/ycao/virtual_roam_2/install/champ_base/share/champ_base/package.bash'
[0.953s] INFO:colcon.colcon_core.shell:Creating package script '/home/ycao/virtual_roam_2/install/champ_base/share/champ_base/package.zsh'
[0.954s] Level 1:colcon.colcon_core.environment:create_file_with_runtime_dependencies(/home/ycao/virtual_roam_2/install/champ_base/share/colcon-core/packages/champ_base)
[0.954s] DEBUG:colcon.colcon_parallel_executor.executor.parallel:closing loop
[0.954s] DEBUG:colcon.colcon_parallel_executor.executor.parallel:loop closed
[0.954s] DEBUG:colcon.colcon_parallel_executor.executor.parallel:run_until_complete finished with '0'
[0.954s] DEBUG:colcon.colcon_core.event_reactor:joining thread
[0.961s] INFO:colcon.colcon_core.plugin_system:Skipping extension 'colcon_notification.desktop_notification.terminal_notifier': Not used on non-Darwin systems
[0.961s] INFO:colcon.colcon_core.plugin_system:Skipping extension 'colcon_notification.desktop_notification.win32': Not used on non-Windows systems
[0.961s] INFO:colcon.colcon_notification.desktop_notification:Sending desktop notification using 'notify2'
[0.985s] DEBUG:colcon.colcon_core.event_reactor:joined thread
[0.985s] INFO:colcon.colcon_core.shell:Creating prefix script '/home/ycao/virtual_roam_2/install/local_setup.ps1'
[0.988s] INFO:colcon.colcon_core.shell:Creating prefix util module '/home/ycao/virtual_roam_2/install/_local_setup_util_ps1.py'
[0.990s] INFO:colcon.colcon_core.shell:Creating prefix chain script '/home/ycao/virtual_roam_2/install/setup.ps1'
[0.991s] INFO:colcon.colcon_core.shell:Creating prefix script '/home/ycao/virtual_roam_2/install/local_setup.sh'
[0.992s] INFO:colcon.colcon_core.shell:Creating prefix util module '/home/ycao/virtual_roam_2/install/_local_setup_util_sh.py'
[0.992s] INFO:colcon.colcon_core.shell:Creating prefix chain script '/home/ycao/virtual_roam_2/install/setup.sh'
[0.994s] INFO:colcon.colcon_core.shell:Creating prefix script '/home/ycao/virtual_roam_2/install/local_setup.bash'
[0.995s] INFO:colcon.colcon_core.shell:Creating prefix chain script '/home/ycao/virtual_roam_2/install/setup.bash'
[0.996s] INFO:colcon.colcon_core.shell:Creating prefix script '/home/ycao/virtual_roam_2/install/local_setup.zsh'
[0.997s] INFO:colcon.colcon_core.shell:Creating prefix chain script '/home/ycao/virtual_roam_2/install/setup.zsh'
