[0.072s] DEBUG:colcon:Command line arguments: ['/usr/bin/colcon', 'build']
[0.072s] DEBUG:colcon:Parsed command line arguments: Namespace(log_base=None, log_level=None, verb_name='build', build_base='build', install_base='install', merge_install=False, symlink_install=False, test_result_base=None, continue_on_error=False, executor='parallel', parallel_workers=16, event_handlers=None, ignore_user_meta=False, metas=['./colcon.meta'], base_paths=['.'], packages_ignore=None, packages_ignore_regex=None, paths=None, packages_up_to=None, packages_up_to_regex=None, packages_above=None, packages_above_and_dependencies=None, packages_above_depth=None, packages_select_by_dep=None, packages_skip_by_dep=None, packages_skip_up_to=None, packages_select_build_failed=False, packages_skip_build_finished=False, packages_select_test_failures=False, packages_skip_test_passed=False, packages_select=None, packages_skip=None, packages_select_regex=None, packages_skip_regex=None, packages_start=None, packages_end=None, allow_overriding=[], cmake_args=None, cmake_target=None, cmake_target_skip_unavailable=False, cmake_clean_cache=False, cmake_clean_first=False, cmake_force_configure=False, ament_cmake_args=None, catkin_cmake_args=None, catkin_skip_building_tests=False, mixin_files=None, mixin=None, verb_parser=<colcon_mixin.mixin.mixin_argument.MixinArgumentDecorator object at 0x7340e8da4260>, verb_extension=<colcon_core.verb.build.BuildVerb object at 0x7340e8d7ff80>, main=<bound method BuildVerb.main of <colcon_core.verb.build.BuildVerb object at 0x7340e8d7ff80>>, mixin_verb=('build',))
[0.098s] Level 1:colcon.colcon_core.package_discovery:discover_packages(colcon_meta) check parameters
[0.098s] Level 1:colcon.colcon_core.package_discovery:discover_packages(recursive) check parameters
[0.098s] Level 1:colcon.colcon_core.package_discovery:discover_packages(ignore) check parameters
[0.098s] Level 1:colcon.colcon_core.package_discovery:discover_packages(path) check parameters
[0.098s] Level 1:colcon.colcon_core.package_discovery:discover_packages(colcon_meta) discover
[0.098s] Level 1:colcon.colcon_core.package_discovery:discover_packages(recursive) discover
[0.098s] INFO:colcon.colcon_core.package_discovery:Crawling recursively for packages in '/home/ycao/virtual_roam_2'
[0.098s] Level 1:colcon.colcon_core.package_identification:_identify(.) by extensions ['ignore', 'ignore_ament_install']
[0.098s] Level 1:colcon.colcon_core.package_identification:_identify(.) by extension 'ignore'
[0.098s] Level 1:colcon.colcon_core.package_identification:_identify(.) by extension 'ignore_ament_install'
[0.098s] Level 1:colcon.colcon_core.package_identification:_identify(.) by extensions ['colcon_pkg']
[0.098s] Level 1:colcon.colcon_core.package_identification:_identify(.) by extension 'colcon_pkg'
[0.098s] Level 1:colcon.colcon_core.package_identification:_identify(.) by extensions ['colcon_meta']
[0.098s] Level 1:colcon.colcon_core.package_identification:_identify(.) by extension 'colcon_meta'
[0.098s] Level 1:colcon.colcon_core.package_identification:_identify(.) by extensions ['ros']
[0.098s] Level 1:colcon.colcon_core.package_identification:_identify(.) by extension 'ros'
[0.116s] Level 1:colcon.colcon_core.package_identification:_identify(.) by extensions ['cmake', 'python']
[0.116s] Level 1:colcon.colcon_core.package_identification:_identify(.) by extension 'cmake'
[0.116s] Level 1:colcon.colcon_core.package_identification:_identify(.) by extension 'python'
[0.116s] Level 1:colcon.colcon_core.package_identification:_identify(.) by extensions ['python_setup_py']
[0.116s] Level 1:colcon.colcon_core.package_identification:_identify(.) by extension 'python_setup_py'
[0.116s] Level 1:colcon.colcon_core.package_identification:_identify(build) by extensions ['ignore', 'ignore_ament_install']
[0.116s] Level 1:colcon.colcon_core.package_identification:_identify(build) by extension 'ignore'
[0.117s] Level 1:colcon.colcon_core.package_identification:_identify(build) ignored
[0.117s] Level 1:colcon.colcon_core.package_identification:_identify(install) by extensions ['ignore', 'ignore_ament_install']
[0.117s] Level 1:colcon.colcon_core.package_identification:_identify(install) by extension 'ignore'
[0.117s] Level 1:colcon.colcon_core.package_identification:_identify(install) ignored
[0.117s] Level 1:colcon.colcon_core.package_identification:_identify(log) by extensions ['ignore', 'ignore_ament_install']
[0.117s] Level 1:colcon.colcon_core.package_identification:_identify(log) by extension 'ignore'
[0.117s] Level 1:colcon.colcon_core.package_identification:_identify(log) ignored
[0.117s] Level 1:colcon.colcon_core.package_identification:_identify(src) by extensions ['ignore', 'ignore_ament_install']
[0.117s] Level 1:colcon.colcon_core.package_identification:_identify(src) by extension 'ignore'
[0.117s] Level 1:colcon.colcon_core.package_identification:_identify(src) by extension 'ignore_ament_install'
[0.117s] Level 1:colcon.colcon_core.package_identification:_identify(src) by extensions ['colcon_pkg']
[0.117s] Level 1:colcon.colcon_core.package_identification:_identify(src) by extension 'colcon_pkg'
[0.117s] Level 1:colcon.colcon_core.package_identification:_identify(src) by extensions ['colcon_meta']
[0.117s] Level 1:colcon.colcon_core.package_identification:_identify(src) by extension 'colcon_meta'
[0.117s] Level 1:colcon.colcon_core.package_identification:_identify(src) by extensions ['ros']
[0.117s] Level 1:colcon.colcon_core.package_identification:_identify(src) by extension 'ros'
[0.117s] Level 1:colcon.colcon_core.package_identification:_identify(src) by extensions ['cmake', 'python']
[0.117s] Level 1:colcon.colcon_core.package_identification:_identify(src) by extension 'cmake'
[0.118s] Level 1:colcon.colcon_core.package_identification:_identify(src) by extension 'python'
[0.118s] Level 1:colcon.colcon_core.package_identification:_identify(src) by extensions ['python_setup_py']
[0.118s] Level 1:colcon.colcon_core.package_identification:_identify(src) by extension 'python_setup_py'
[0.118s] Level 1:colcon.colcon_core.package_identification:_identify(src/champ) by extensions ['ignore', 'ignore_ament_install']
[0.118s] Level 1:colcon.colcon_core.package_identification:_identify(src/champ) by extension 'ignore'
[0.118s] Level 1:colcon.colcon_core.package_identification:_identify(src/champ) by extension 'ignore_ament_install'
[0.118s] Level 1:colcon.colcon_core.package_identification:_identify(src/champ) by extensions ['colcon_pkg']
[0.118s] Level 1:colcon.colcon_core.package_identification:_identify(src/champ) by extension 'colcon_pkg'
[0.118s] Level 1:colcon.colcon_core.package_identification:_identify(src/champ) by extensions ['colcon_meta']
[0.118s] Level 1:colcon.colcon_core.package_identification:_identify(src/champ) by extension 'colcon_meta'
[0.118s] Level 1:colcon.colcon_core.package_identification:_identify(src/champ) by extensions ['ros']
[0.118s] Level 1:colcon.colcon_core.package_identification:_identify(src/champ) by extension 'ros'
[0.119s] DEBUG:colcon.colcon_core.package_identification:Package 'src/champ' with type 'ros.ament_cmake' and name 'champ'
[0.119s] Level 1:colcon.colcon_core.package_identification:_identify(src/champ_base) by extensions ['ignore', 'ignore_ament_install']
[0.119s] Level 1:colcon.colcon_core.package_identification:_identify(src/champ_base) by extension 'ignore'
[0.120s] Level 1:colcon.colcon_core.package_identification:_identify(src/champ_base) by extension 'ignore_ament_install'
[0.120s] Level 1:colcon.colcon_core.package_identification:_identify(src/champ_base) by extensions ['colcon_pkg']
[0.120s] Level 1:colcon.colcon_core.package_identification:_identify(src/champ_base) by extension 'colcon_pkg'
[0.120s] Level 1:colcon.colcon_core.package_identification:_identify(src/champ_base) by extensions ['colcon_meta']
[0.120s] Level 1:colcon.colcon_core.package_identification:_identify(src/champ_base) by extension 'colcon_meta'
[0.120s] Level 1:colcon.colcon_core.package_identification:_identify(src/champ_base) by extensions ['ros']
[0.120s] Level 1:colcon.colcon_core.package_identification:_identify(src/champ_base) by extension 'ros'
[0.120s] DEBUG:colcon.colcon_core.package_identification:Package 'src/champ_base' with type 'ros.ament_cmake' and name 'champ_base'
[0.120s] Level 1:colcon.colcon_core.package_identification:_identify(src/champ_msgs) by extensions ['ignore', 'ignore_ament_install']
[0.121s] Level 1:colcon.colcon_core.package_identification:_identify(src/champ_msgs) by extension 'ignore'
[0.121s] Level 1:colcon.colcon_core.package_identification:_identify(src/champ_msgs) by extension 'ignore_ament_install'
[0.121s] Level 1:colcon.colcon_core.package_identification:_identify(src/champ_msgs) by extensions ['colcon_pkg']
[0.121s] Level 1:colcon.colcon_core.package_identification:_identify(src/champ_msgs) by extension 'colcon_pkg'
[0.121s] Level 1:colcon.colcon_core.package_identification:_identify(src/champ_msgs) by extensions ['colcon_meta']
[0.121s] Level 1:colcon.colcon_core.package_identification:_identify(src/champ_msgs) by extension 'colcon_meta'
[0.121s] Level 1:colcon.colcon_core.package_identification:_identify(src/champ_msgs) by extensions ['ros']
[0.121s] Level 1:colcon.colcon_core.package_identification:_identify(src/champ_msgs) by extension 'ros'
[0.121s] DEBUG:colcon.colcon_core.package_identification:Package 'src/champ_msgs' with type 'ros.ament_cmake' and name 'champ_msgs'
[0.121s] Level 1:colcon.colcon_core.package_identification:_identify(src/unitree_go2_description) by extensions ['ignore', 'ignore_ament_install']
[0.121s] Level 1:colcon.colcon_core.package_identification:_identify(src/unitree_go2_description) by extension 'ignore'
[0.121s] Level 1:colcon.colcon_core.package_identification:_identify(src/unitree_go2_description) by extension 'ignore_ament_install'
[0.121s] Level 1:colcon.colcon_core.package_identification:_identify(src/unitree_go2_description) by extensions ['colcon_pkg']
[0.121s] Level 1:colcon.colcon_core.package_identification:_identify(src/unitree_go2_description) by extension 'colcon_pkg'
[0.121s] Level 1:colcon.colcon_core.package_identification:_identify(src/unitree_go2_description) by extensions ['colcon_meta']
[0.121s] Level 1:colcon.colcon_core.package_identification:_identify(src/unitree_go2_description) by extension 'colcon_meta'
[0.121s] Level 1:colcon.colcon_core.package_identification:_identify(src/unitree_go2_description) by extensions ['ros']
[0.121s] Level 1:colcon.colcon_core.package_identification:_identify(src/unitree_go2_description) by extension 'ros'
[0.122s] DEBUG:colcon.colcon_core.package_identification:Package 'src/unitree_go2_description' with type 'ros.ament_cmake' and name 'unitree_go2_description'
[0.122s] Level 1:colcon.colcon_core.package_identification:_identify(src/unitree_go2_sim) by extensions ['ignore', 'ignore_ament_install']
[0.122s] Level 1:colcon.colcon_core.package_identification:_identify(src/unitree_go2_sim) by extension 'ignore'
[0.122s] Level 1:colcon.colcon_core.package_identification:_identify(src/unitree_go2_sim) by extension 'ignore_ament_install'
[0.122s] Level 1:colcon.colcon_core.package_identification:_identify(src/unitree_go2_sim) by extensions ['colcon_pkg']
[0.122s] Level 1:colcon.colcon_core.package_identification:_identify(src/unitree_go2_sim) by extension 'colcon_pkg'
[0.122s] Level 1:colcon.colcon_core.package_identification:_identify(src/unitree_go2_sim) by extensions ['colcon_meta']
[0.122s] Level 1:colcon.colcon_core.package_identification:_identify(src/unitree_go2_sim) by extension 'colcon_meta'
[0.122s] Level 1:colcon.colcon_core.package_identification:_identify(src/unitree_go2_sim) by extensions ['ros']
[0.122s] Level 1:colcon.colcon_core.package_identification:_identify(src/unitree_go2_sim) by extension 'ros'
[0.122s] DEBUG:colcon.colcon_core.package_identification:Package 'src/unitree_go2_sim' with type 'ros.ament_cmake' and name 'unitree_go2_sim'
[0.122s] Level 1:colcon.colcon_core.package_discovery:discover_packages(recursive) using defaults
[0.122s] Level 1:colcon.colcon_core.package_discovery:discover_packages(ignore) discover
[0.122s] Level 1:colcon.colcon_core.package_discovery:discover_packages(ignore) using defaults
[0.122s] Level 1:colcon.colcon_core.package_discovery:discover_packages(path) discover
[0.122s] Level 1:colcon.colcon_core.package_discovery:discover_packages(path) using defaults
[0.134s] Level 1:colcon.colcon_core.package_discovery:discover_packages(prefix_path) check parameters
[0.134s] Level 1:colcon.colcon_core.package_discovery:discover_packages(prefix_path) discover
[0.136s] DEBUG:colcon.colcon_installed_package_information.package_discovery:Found 375 installed packages in /opt/ros/jazzy
[0.137s] Level 1:colcon.colcon_core.package_discovery:discover_packages(prefix_path) using defaults
[0.167s] Level 5:colcon.colcon_core.verb:set package 'champ' build argument 'cmake_args' from command line to 'None'
[0.167s] Level 5:colcon.colcon_core.verb:set package 'champ' build argument 'cmake_target' from command line to 'None'
[0.167s] Level 5:colcon.colcon_core.verb:set package 'champ' build argument 'cmake_target_skip_unavailable' from command line to 'False'
[0.167s] Level 5:colcon.colcon_core.verb:set package 'champ' build argument 'cmake_clean_cache' from command line to 'False'
[0.167s] Level 5:colcon.colcon_core.verb:set package 'champ' build argument 'cmake_clean_first' from command line to 'False'
[0.167s] Level 5:colcon.colcon_core.verb:set package 'champ' build argument 'cmake_force_configure' from command line to 'False'
[0.167s] Level 5:colcon.colcon_core.verb:set package 'champ' build argument 'ament_cmake_args' from command line to 'None'
[0.167s] Level 5:colcon.colcon_core.verb:set package 'champ' build argument 'catkin_cmake_args' from command line to 'None'
[0.167s] Level 5:colcon.colcon_core.verb:set package 'champ' build argument 'catkin_skip_building_tests' from command line to 'False'
[0.167s] DEBUG:colcon.colcon_core.verb:Building package 'champ' with the following arguments: {'ament_cmake_args': None, 'build_base': '/home/ycao/virtual_roam_2/build/champ', 'catkin_cmake_args': None, 'catkin_skip_building_tests': False, 'cmake_args': None, 'cmake_clean_cache': False, 'cmake_clean_first': False, 'cmake_force_configure': False, 'cmake_target': None, 'cmake_target_skip_unavailable': False, 'install_base': '/home/ycao/virtual_roam_2/install/champ', 'merge_install': False, 'path': '/home/ycao/virtual_roam_2/src/champ', 'symlink_install': False, 'test_result_base': None}
[0.167s] Level 5:colcon.colcon_core.verb:set package 'champ_msgs' build argument 'cmake_args' from command line to 'None'
[0.167s] Level 5:colcon.colcon_core.verb:set package 'champ_msgs' build argument 'cmake_target' from command line to 'None'
[0.167s] Level 5:colcon.colcon_core.verb:set package 'champ_msgs' build argument 'cmake_target_skip_unavailable' from command line to 'False'
[0.167s] Level 5:colcon.colcon_core.verb:set package 'champ_msgs' build argument 'cmake_clean_cache' from command line to 'False'
[0.167s] Level 5:colcon.colcon_core.verb:set package 'champ_msgs' build argument 'cmake_clean_first' from command line to 'False'
[0.167s] Level 5:colcon.colcon_core.verb:set package 'champ_msgs' build argument 'cmake_force_configure' from command line to 'False'
[0.167s] Level 5:colcon.colcon_core.verb:set package 'champ_msgs' build argument 'ament_cmake_args' from command line to 'None'
[0.167s] Level 5:colcon.colcon_core.verb:set package 'champ_msgs' build argument 'catkin_cmake_args' from command line to 'None'
[0.167s] Level 5:colcon.colcon_core.verb:set package 'champ_msgs' build argument 'catkin_skip_building_tests' from command line to 'False'
[0.167s] DEBUG:colcon.colcon_core.verb:Building package 'champ_msgs' with the following arguments: {'ament_cmake_args': None, 'build_base': '/home/ycao/virtual_roam_2/build/champ_msgs', 'catkin_cmake_args': None, 'catkin_skip_building_tests': False, 'cmake_args': None, 'cmake_clean_cache': False, 'cmake_clean_first': False, 'cmake_force_configure': False, 'cmake_target': None, 'cmake_target_skip_unavailable': False, 'install_base': '/home/ycao/virtual_roam_2/install/champ_msgs', 'merge_install': False, 'path': '/home/ycao/virtual_roam_2/src/champ_msgs', 'symlink_install': False, 'test_result_base': None}
[0.167s] Level 5:colcon.colcon_core.verb:set package 'unitree_go2_description' build argument 'cmake_args' from command line to 'None'
[0.167s] Level 5:colcon.colcon_core.verb:set package 'unitree_go2_description' build argument 'cmake_target' from command line to 'None'
[0.167s] Level 5:colcon.colcon_core.verb:set package 'unitree_go2_description' build argument 'cmake_target_skip_unavailable' from command line to 'False'
[0.168s] Level 5:colcon.colcon_core.verb:set package 'unitree_go2_description' build argument 'cmake_clean_cache' from command line to 'False'
[0.168s] Level 5:colcon.colcon_core.verb:set package 'unitree_go2_description' build argument 'cmake_clean_first' from command line to 'False'
[0.168s] Level 5:colcon.colcon_core.verb:set package 'unitree_go2_description' build argument 'cmake_force_configure' from command line to 'False'
[0.168s] Level 5:colcon.colcon_core.verb:set package 'unitree_go2_description' build argument 'ament_cmake_args' from command line to 'None'
[0.168s] Level 5:colcon.colcon_core.verb:set package 'unitree_go2_description' build argument 'catkin_cmake_args' from command line to 'None'
[0.168s] Level 5:colcon.colcon_core.verb:set package 'unitree_go2_description' build argument 'catkin_skip_building_tests' from command line to 'False'
[0.168s] DEBUG:colcon.colcon_core.verb:Building package 'unitree_go2_description' with the following arguments: {'ament_cmake_args': None, 'build_base': '/home/ycao/virtual_roam_2/build/unitree_go2_description', 'catkin_cmake_args': None, 'catkin_skip_building_tests': False, 'cmake_args': None, 'cmake_clean_cache': False, 'cmake_clean_first': False, 'cmake_force_configure': False, 'cmake_target': None, 'cmake_target_skip_unavailable': False, 'install_base': '/home/ycao/virtual_roam_2/install/unitree_go2_description', 'merge_install': False, 'path': '/home/ycao/virtual_roam_2/src/unitree_go2_description', 'symlink_install': False, 'test_result_base': None}
[0.168s] Level 5:colcon.colcon_core.verb:set package 'unitree_go2_sim' build argument 'cmake_args' from command line to 'None'
[0.168s] Level 5:colcon.colcon_core.verb:set package 'unitree_go2_sim' build argument 'cmake_target' from command line to 'None'
[0.168s] Level 5:colcon.colcon_core.verb:set package 'unitree_go2_sim' build argument 'cmake_target_skip_unavailable' from command line to 'False'
[0.168s] Level 5:colcon.colcon_core.verb:set package 'unitree_go2_sim' build argument 'cmake_clean_cache' from command line to 'False'
[0.168s] Level 5:colcon.colcon_core.verb:set package 'unitree_go2_sim' build argument 'cmake_clean_first' from command line to 'False'
[0.168s] Level 5:colcon.colcon_core.verb:set package 'unitree_go2_sim' build argument 'cmake_force_configure' from command line to 'False'
[0.168s] Level 5:colcon.colcon_core.verb:set package 'unitree_go2_sim' build argument 'ament_cmake_args' from command line to 'None'
[0.168s] Level 5:colcon.colcon_core.verb:set package 'unitree_go2_sim' build argument 'catkin_cmake_args' from command line to 'None'
[0.168s] Level 5:colcon.colcon_core.verb:set package 'unitree_go2_sim' build argument 'catkin_skip_building_tests' from command line to 'False'
[0.168s] DEBUG:colcon.colcon_core.verb:Building package 'unitree_go2_sim' with the following arguments: {'ament_cmake_args': None, 'build_base': '/home/ycao/virtual_roam_2/build/unitree_go2_sim', 'catkin_cmake_args': None, 'catkin_skip_building_tests': False, 'cmake_args': None, 'cmake_clean_cache': False, 'cmake_clean_first': False, 'cmake_force_configure': False, 'cmake_target': None, 'cmake_target_skip_unavailable': False, 'install_base': '/home/ycao/virtual_roam_2/install/unitree_go2_sim', 'merge_install': False, 'path': '/home/ycao/virtual_roam_2/src/unitree_go2_sim', 'symlink_install': False, 'test_result_base': None}
[0.168s] Level 5:colcon.colcon_core.verb:set package 'champ_base' build argument 'cmake_args' from command line to 'None'
[0.168s] Level 5:colcon.colcon_core.verb:set package 'champ_base' build argument 'cmake_target' from command line to 'None'
[0.168s] Level 5:colcon.colcon_core.verb:set package 'champ_base' build argument 'cmake_target_skip_unavailable' from command line to 'False'
[0.168s] Level 5:colcon.colcon_core.verb:set package 'champ_base' build argument 'cmake_clean_cache' from command line to 'False'
[0.168s] Level 5:colcon.colcon_core.verb:set package 'champ_base' build argument 'cmake_clean_first' from command line to 'False'
[0.168s] Level 5:colcon.colcon_core.verb:set package 'champ_base' build argument 'cmake_force_configure' from command line to 'False'
[0.168s] Level 5:colcon.colcon_core.verb:set package 'champ_base' build argument 'ament_cmake_args' from command line to 'None'
[0.168s] Level 5:colcon.colcon_core.verb:set package 'champ_base' build argument 'catkin_cmake_args' from command line to 'None'
[0.168s] Level 5:colcon.colcon_core.verb:set package 'champ_base' build argument 'catkin_skip_building_tests' from command line to 'False'
[0.168s] DEBUG:colcon.colcon_core.verb:Building package 'champ_base' with the following arguments: {'ament_cmake_args': None, 'build_base': '/home/ycao/virtual_roam_2/build/champ_base', 'catkin_cmake_args': None, 'catkin_skip_building_tests': False, 'cmake_args': None, 'cmake_clean_cache': False, 'cmake_clean_first': False, 'cmake_force_configure': False, 'cmake_target': None, 'cmake_target_skip_unavailable': False, 'install_base': '/home/ycao/virtual_roam_2/install/champ_base', 'merge_install': False, 'path': '/home/ycao/virtual_roam_2/src/champ_base', 'symlink_install': False, 'test_result_base': None}
[0.168s] INFO:colcon.colcon_core.executor:Executing jobs using 'parallel' executor
[0.169s] DEBUG:colcon.colcon_parallel_executor.executor.parallel:run_until_complete
[0.169s] INFO:colcon.colcon_ros.task.ament_cmake.build:Building ROS package in '/home/ycao/virtual_roam_2/src/champ' with build type 'ament_cmake'
[0.169s] INFO:colcon.colcon_cmake.task.cmake.build:Building CMake package in '/home/ycao/virtual_roam_2/src/champ'
[0.171s] INFO:colcon.colcon_core.plugin_system:Skipping extension 'colcon_core.shell.bat': Not used on non-Windows systems
[0.171s] INFO:colcon.colcon_core.shell:Skip shell extension 'powershell' for command environment: Not usable outside of PowerShell
[0.171s] DEBUG:colcon.colcon_core.shell:Skip shell extension 'dsv' for command environment
[0.173s] INFO:colcon.colcon_ros.task.ament_cmake.build:Building ROS package in '/home/ycao/virtual_roam_2/src/champ_msgs' with build type 'ament_cmake'
[0.173s] INFO:colcon.colcon_cmake.task.cmake.build:Building CMake package in '/home/ycao/virtual_roam_2/src/champ_msgs'
[0.174s] INFO:colcon.colcon_core.shell:Skip shell extension 'powershell' for command environment: Not usable outside of PowerShell
[0.174s] DEBUG:colcon.colcon_core.shell:Skip shell extension 'dsv' for command environment
[0.176s] INFO:colcon.colcon_ros.task.ament_cmake.build:Building ROS package in '/home/ycao/virtual_roam_2/src/unitree_go2_description' with build type 'ament_cmake'
[0.176s] INFO:colcon.colcon_cmake.task.cmake.build:Building CMake package in '/home/ycao/virtual_roam_2/src/unitree_go2_description'
[0.176s] INFO:colcon.colcon_core.shell:Skip shell extension 'powershell' for command environment: Not usable outside of PowerShell
[0.176s] DEBUG:colcon.colcon_core.shell:Skip shell extension 'dsv' for command environment
[0.179s] INFO:colcon.colcon_ros.task.ament_cmake.build:Building ROS package in '/home/ycao/virtual_roam_2/src/unitree_go2_sim' with build type 'ament_cmake'
[0.179s] INFO:colcon.colcon_cmake.task.cmake.build:Building CMake package in '/home/ycao/virtual_roam_2/src/unitree_go2_sim'
[0.179s] INFO:colcon.colcon_core.shell:Skip shell extension 'powershell' for command environment: Not usable outside of PowerShell
[0.179s] DEBUG:colcon.colcon_core.shell:Skip shell extension 'dsv' for command environment
[0.185s] DEBUG:colcon.colcon_core.event_handler.log_command:Invoking command in '/home/ycao/virtual_roam_2/build/champ': CMAKE_PREFIX_PATH=${CMAKE_PREFIX_PATH}:/opt/ros/jazzy DEBUGINFOD_URLS=https://debuginfod.ubuntu.com /usr/bin/cmake --build /home/ycao/virtual_roam_2/build/champ -- -j16 -l16
[0.187s] DEBUG:colcon.colcon_core.event_handler.log_command:Invoking command in '/home/ycao/virtual_roam_2/build/champ_msgs': CMAKE_PREFIX_PATH=${CMAKE_PREFIX_PATH}:/opt/ros/jazzy DEBUGINFOD_URLS=https://debuginfod.ubuntu.com /usr/bin/cmake --build /home/ycao/virtual_roam_2/build/champ_msgs -- -j16 -l16
[0.189s] DEBUG:colcon.colcon_core.event_handler.log_command:Invoking command in '/home/ycao/virtual_roam_2/build/unitree_go2_description': CMAKE_PREFIX_PATH=${CMAKE_PREFIX_PATH}:/opt/ros/jazzy DEBUGINFOD_URLS=https://debuginfod.ubuntu.com /usr/bin/cmake --build /home/ycao/virtual_roam_2/build/unitree_go2_description -- -j16 -l16
[0.194s] DEBUG:colcon.colcon_core.event_handler.log_command:Invoking command in '/home/ycao/virtual_roam_2/build/unitree_go2_sim': CMAKE_PREFIX_PATH=${CMAKE_PREFIX_PATH}:/opt/ros/jazzy DEBUGINFOD_URLS=https://debuginfod.ubuntu.com /usr/bin/cmake --build /home/ycao/virtual_roam_2/build/unitree_go2_sim -- -j16 -l16
[0.223s] DEBUG:colcon.colcon_core.event_handler.log_command:Invoked command in '/home/ycao/virtual_roam_2/build/champ' returned '0': CMAKE_PREFIX_PATH=${CMAKE_PREFIX_PATH}:/opt/ros/jazzy DEBUGINFOD_URLS=https://debuginfod.ubuntu.com /usr/bin/cmake --build /home/ycao/virtual_roam_2/build/champ -- -j16 -l16
[0.233s] DEBUG:colcon.colcon_core.event_handler.log_command:Invoking command in '/home/ycao/virtual_roam_2/build/champ': CMAKE_PREFIX_PATH=${CMAKE_PREFIX_PATH}:/opt/ros/jazzy DEBUGINFOD_URLS=https://debuginfod.ubuntu.com /usr/bin/cmake --install /home/ycao/virtual_roam_2/build/champ
[0.234s] DEBUG:colcon.colcon_core.event_handler.log_command:Invoked command in '/home/ycao/virtual_roam_2/build/unitree_go2_description' returned '0': CMAKE_PREFIX_PATH=${CMAKE_PREFIX_PATH}:/opt/ros/jazzy DEBUGINFOD_URLS=https://debuginfod.ubuntu.com /usr/bin/cmake --build /home/ycao/virtual_roam_2/build/unitree_go2_description -- -j16 -l16
[0.235s] DEBUG:colcon.colcon_core.event_handler.log_command:Invoking command in '/home/ycao/virtual_roam_2/build/unitree_go2_description': CMAKE_PREFIX_PATH=${CMAKE_PREFIX_PATH}:/opt/ros/jazzy DEBUGINFOD_URLS=https://debuginfod.ubuntu.com /usr/bin/cmake --install /home/ycao/virtual_roam_2/build/unitree_go2_description
[0.236s] DEBUG:colcon.colcon_core.event_handler.log_command:Invoked command in '/home/ycao/virtual_roam_2/build/unitree_go2_sim' returned '0': CMAKE_PREFIX_PATH=${CMAKE_PREFIX_PATH}:/opt/ros/jazzy DEBUGINFOD_URLS=https://debuginfod.ubuntu.com /usr/bin/cmake --build /home/ycao/virtual_roam_2/build/unitree_go2_sim -- -j16 -l16
[0.237s] DEBUG:colcon.colcon_core.event_handler.log_command:Invoking command in '/home/ycao/virtual_roam_2/build/unitree_go2_sim': CMAKE_PREFIX_PATH=${CMAKE_PREFIX_PATH}:/opt/ros/jazzy DEBUGINFOD_URLS=https://debuginfod.ubuntu.com /usr/bin/cmake --install /home/ycao/virtual_roam_2/build/unitree_go2_sim
[0.253s] Level 1:colcon.colcon_core.environment:create_environment_scripts_only(champ)
[0.257s] DEBUG:colcon.colcon_core.event_handler.log_command:Invoked command in '/home/ycao/virtual_roam_2/build/champ' returned '0': CMAKE_PREFIX_PATH=${CMAKE_PREFIX_PATH}:/opt/ros/jazzy DEBUGINFOD_URLS=https://debuginfod.ubuntu.com /usr/bin/cmake --install /home/ycao/virtual_roam_2/build/champ
[0.258s] Level 1:colcon.colcon_core.environment:checking '/home/ycao/virtual_roam_2/install/champ' for CMake module files
[0.258s] Level 1:colcon.colcon_core.environment:checking '/home/ycao/virtual_roam_2/install/champ' for CMake config files
[0.259s] Level 1:colcon.colcon_core.shell:create_environment_hook('champ', 'cmake_prefix_path')
[0.259s] INFO:colcon.colcon_core.shell:Creating environment hook '/home/ycao/virtual_roam_2/install/champ/share/champ/hook/cmake_prefix_path.ps1'
[0.259s] INFO:colcon.colcon_core.shell:Creating environment descriptor '/home/ycao/virtual_roam_2/install/champ/share/champ/hook/cmake_prefix_path.dsv'
[0.260s] INFO:colcon.colcon_core.shell:Creating environment hook '/home/ycao/virtual_roam_2/install/champ/share/champ/hook/cmake_prefix_path.sh'
[0.260s] Level 1:colcon.colcon_core.environment:checking '/home/ycao/virtual_roam_2/install/champ/bin'
[0.260s] Level 1:colcon.colcon_core.environment:checking '/home/ycao/virtual_roam_2/install/champ/lib/pkgconfig/champ.pc'
[0.260s] Level 1:colcon.colcon_core.environment:checking '/home/ycao/virtual_roam_2/install/champ/lib/python3.12/site-packages'
[0.261s] Level 1:colcon.colcon_core.environment:checking '/home/ycao/virtual_roam_2/install/champ/bin'
[0.261s] INFO:colcon.colcon_core.shell:Creating package script '/home/ycao/virtual_roam_2/install/champ/share/champ/package.ps1'
[0.261s] INFO:colcon.colcon_core.shell:Creating package descriptor '/home/ycao/virtual_roam_2/install/champ/share/champ/package.dsv'
[0.262s] INFO:colcon.colcon_core.shell:Creating package script '/home/ycao/virtual_roam_2/install/champ/share/champ/package.sh'
[0.262s] INFO:colcon.colcon_core.shell:Creating package script '/home/ycao/virtual_roam_2/install/champ/share/champ/package.bash'
[0.263s] INFO:colcon.colcon_core.shell:Creating package script '/home/ycao/virtual_roam_2/install/champ/share/champ/package.zsh'
[0.263s] Level 1:colcon.colcon_core.environment:create_file_with_runtime_dependencies(/home/ycao/virtual_roam_2/install/champ/share/colcon-core/packages/champ)
[0.263s] Level 1:colcon.colcon_core.environment:create_environment_scripts_only(champ)
[0.264s] Level 1:colcon.colcon_core.environment:checking '/home/ycao/virtual_roam_2/install/champ' for CMake module files
[0.264s] Level 1:colcon.colcon_core.environment:checking '/home/ycao/virtual_roam_2/install/champ' for CMake config files
[0.264s] Level 1:colcon.colcon_core.shell:create_environment_hook('champ', 'cmake_prefix_path')
[0.264s] INFO:colcon.colcon_core.shell:Creating environment hook '/home/ycao/virtual_roam_2/install/champ/share/champ/hook/cmake_prefix_path.ps1'
[0.265s] INFO:colcon.colcon_core.shell:Creating environment descriptor '/home/ycao/virtual_roam_2/install/champ/share/champ/hook/cmake_prefix_path.dsv'
[0.265s] INFO:colcon.colcon_core.shell:Creating environment hook '/home/ycao/virtual_roam_2/install/champ/share/champ/hook/cmake_prefix_path.sh'
[0.265s] Level 1:colcon.colcon_core.environment:checking '/home/ycao/virtual_roam_2/install/champ/bin'
[0.265s] Level 1:colcon.colcon_core.environment:checking '/home/ycao/virtual_roam_2/install/champ/lib/pkgconfig/champ.pc'
[0.266s] Level 1:colcon.colcon_core.environment:checking '/home/ycao/virtual_roam_2/install/champ/lib/python3.12/site-packages'
[0.266s] Level 1:colcon.colcon_core.environment:checking '/home/ycao/virtual_roam_2/install/champ/bin'
[0.266s] INFO:colcon.colcon_core.shell:Creating package script '/home/ycao/virtual_roam_2/install/champ/share/champ/package.ps1'
[0.266s] INFO:colcon.colcon_core.shell:Creating package descriptor '/home/ycao/virtual_roam_2/install/champ/share/champ/package.dsv'
[0.267s] INFO:colcon.colcon_core.shell:Creating package script '/home/ycao/virtual_roam_2/install/champ/share/champ/package.sh'
[0.267s] INFO:colcon.colcon_core.shell:Creating package script '/home/ycao/virtual_roam_2/install/champ/share/champ/package.bash'
[0.267s] INFO:colcon.colcon_core.shell:Creating package script '/home/ycao/virtual_roam_2/install/champ/share/champ/package.zsh'
[0.268s] Level 1:colcon.colcon_core.environment:create_file_with_runtime_dependencies(/home/ycao/virtual_roam_2/install/champ/share/colcon-core/packages/champ)
[0.268s] Level 1:colcon.colcon_core.environment:create_environment_scripts_only(unitree_go2_description)
[0.268s] Level 1:colcon.colcon_core.environment:checking '/home/ycao/virtual_roam_2/install/unitree_go2_description' for CMake module files
[0.269s] Level 1:colcon.colcon_core.environment:checking '/home/ycao/virtual_roam_2/install/unitree_go2_description' for CMake config files
[0.270s] DEBUG:colcon.colcon_core.event_handler.log_command:Invoked command in '/home/ycao/virtual_roam_2/build/unitree_go2_description' returned '0': CMAKE_PREFIX_PATH=${CMAKE_PREFIX_PATH}:/opt/ros/jazzy DEBUGINFOD_URLS=https://debuginfod.ubuntu.com /usr/bin/cmake --install /home/ycao/virtual_roam_2/build/unitree_go2_description
[0.270s] Level 1:colcon.colcon_core.shell:create_environment_hook('unitree_go2_description', 'cmake_prefix_path')
[0.270s] INFO:colcon.colcon_core.shell:Creating environment hook '/home/ycao/virtual_roam_2/install/unitree_go2_description/share/unitree_go2_description/hook/cmake_prefix_path.ps1'
[0.270s] INFO:colcon.colcon_core.shell:Creating environment descriptor '/home/ycao/virtual_roam_2/install/unitree_go2_description/share/unitree_go2_description/hook/cmake_prefix_path.dsv'
[0.271s] INFO:colcon.colcon_core.shell:Creating environment hook '/home/ycao/virtual_roam_2/install/unitree_go2_description/share/unitree_go2_description/hook/cmake_prefix_path.sh'
[0.271s] Level 1:colcon.colcon_core.environment:checking '/home/ycao/virtual_roam_2/install/unitree_go2_description/bin'
[0.271s] Level 1:colcon.colcon_core.environment:checking '/home/ycao/virtual_roam_2/install/unitree_go2_description/lib/pkgconfig/unitree_go2_description.pc'
[0.271s] Level 1:colcon.colcon_core.environment:checking '/home/ycao/virtual_roam_2/install/unitree_go2_description/lib/python3.12/site-packages'
[0.272s] Level 1:colcon.colcon_core.environment:checking '/home/ycao/virtual_roam_2/install/unitree_go2_description/bin'
[0.272s] INFO:colcon.colcon_core.shell:Creating package script '/home/ycao/virtual_roam_2/install/unitree_go2_description/share/unitree_go2_description/package.ps1'
[0.272s] INFO:colcon.colcon_core.shell:Creating package descriptor '/home/ycao/virtual_roam_2/install/unitree_go2_description/share/unitree_go2_description/package.dsv'
[0.273s] INFO:colcon.colcon_core.shell:Creating package script '/home/ycao/virtual_roam_2/install/unitree_go2_description/share/unitree_go2_description/package.sh'
[0.273s] INFO:colcon.colcon_core.shell:Creating package script '/home/ycao/virtual_roam_2/install/unitree_go2_description/share/unitree_go2_description/package.bash'
[0.273s] INFO:colcon.colcon_core.shell:Creating package script '/home/ycao/virtual_roam_2/install/unitree_go2_description/share/unitree_go2_description/package.zsh'
[0.274s] Level 1:colcon.colcon_core.environment:create_file_with_runtime_dependencies(/home/ycao/virtual_roam_2/install/unitree_go2_description/share/colcon-core/packages/unitree_go2_description)
[0.274s] Level 1:colcon.colcon_core.environment:create_environment_scripts_only(unitree_go2_description)
[0.274s] Level 1:colcon.colcon_core.environment:checking '/home/ycao/virtual_roam_2/install/unitree_go2_description' for CMake module files
[0.275s] Level 1:colcon.colcon_core.environment:checking '/home/ycao/virtual_roam_2/install/unitree_go2_description' for CMake config files
[0.275s] Level 1:colcon.colcon_core.shell:create_environment_hook('unitree_go2_description', 'cmake_prefix_path')
[0.275s] INFO:colcon.colcon_core.shell:Creating environment hook '/home/ycao/virtual_roam_2/install/unitree_go2_description/share/unitree_go2_description/hook/cmake_prefix_path.ps1'
[0.275s] INFO:colcon.colcon_core.shell:Creating environment descriptor '/home/ycao/virtual_roam_2/install/unitree_go2_description/share/unitree_go2_description/hook/cmake_prefix_path.dsv'
[0.276s] INFO:colcon.colcon_core.shell:Creating environment hook '/home/ycao/virtual_roam_2/install/unitree_go2_description/share/unitree_go2_description/hook/cmake_prefix_path.sh'
[0.276s] Level 1:colcon.colcon_core.environment:checking '/home/ycao/virtual_roam_2/install/unitree_go2_description/bin'
[0.276s] Level 1:colcon.colcon_core.environment:checking '/home/ycao/virtual_roam_2/install/unitree_go2_description/lib/pkgconfig/unitree_go2_description.pc'
[0.276s] Level 1:colcon.colcon_core.environment:checking '/home/ycao/virtual_roam_2/install/unitree_go2_description/lib/python3.12/site-packages'
[0.276s] Level 1:colcon.colcon_core.environment:checking '/home/ycao/virtual_roam_2/install/unitree_go2_description/bin'
[0.277s] INFO:colcon.colcon_core.shell:Creating package script '/home/ycao/virtual_roam_2/install/unitree_go2_description/share/unitree_go2_description/package.ps1'
[0.277s] INFO:colcon.colcon_core.shell:Creating package descriptor '/home/ycao/virtual_roam_2/install/unitree_go2_description/share/unitree_go2_description/package.dsv'
[0.277s] INFO:colcon.colcon_core.shell:Creating package script '/home/ycao/virtual_roam_2/install/unitree_go2_description/share/unitree_go2_description/package.sh'
[0.278s] INFO:colcon.colcon_core.shell:Creating package script '/home/ycao/virtual_roam_2/install/unitree_go2_description/share/unitree_go2_description/package.bash'
[0.278s] INFO:colcon.colcon_core.shell:Creating package script '/home/ycao/virtual_roam_2/install/unitree_go2_description/share/unitree_go2_description/package.zsh'
[0.278s] Level 1:colcon.colcon_core.environment:create_file_with_runtime_dependencies(/home/ycao/virtual_roam_2/install/unitree_go2_description/share/colcon-core/packages/unitree_go2_description)
[0.279s] Level 1:colcon.colcon_core.environment:create_environment_scripts_only(unitree_go2_sim)
[0.279s] Level 1:colcon.colcon_core.environment:checking '/home/ycao/virtual_roam_2/install/unitree_go2_sim' for CMake module files
[0.280s] DEBUG:colcon.colcon_core.event_handler.log_command:Invoked command in '/home/ycao/virtual_roam_2/build/unitree_go2_sim' returned '0': CMAKE_PREFIX_PATH=${CMAKE_PREFIX_PATH}:/opt/ros/jazzy DEBUGINFOD_URLS=https://debuginfod.ubuntu.com /usr/bin/cmake --install /home/ycao/virtual_roam_2/build/unitree_go2_sim
[0.280s] Level 1:colcon.colcon_core.environment:checking '/home/ycao/virtual_roam_2/install/unitree_go2_sim' for CMake config files
[0.281s] Level 1:colcon.colcon_core.shell:create_environment_hook('unitree_go2_sim', 'cmake_prefix_path')
[0.281s] INFO:colcon.colcon_core.shell:Creating environment hook '/home/ycao/virtual_roam_2/install/unitree_go2_sim/share/unitree_go2_sim/hook/cmake_prefix_path.ps1'
[0.281s] INFO:colcon.colcon_core.shell:Creating environment descriptor '/home/ycao/virtual_roam_2/install/unitree_go2_sim/share/unitree_go2_sim/hook/cmake_prefix_path.dsv'
[0.281s] INFO:colcon.colcon_core.shell:Creating environment hook '/home/ycao/virtual_roam_2/install/unitree_go2_sim/share/unitree_go2_sim/hook/cmake_prefix_path.sh'
[0.282s] Level 1:colcon.colcon_core.environment:checking '/home/ycao/virtual_roam_2/install/unitree_go2_sim/bin'
[0.282s] Level 1:colcon.colcon_core.environment:checking '/home/ycao/virtual_roam_2/install/unitree_go2_sim/lib/pkgconfig/unitree_go2_sim.pc'
[0.282s] Level 1:colcon.colcon_core.environment:checking '/home/ycao/virtual_roam_2/install/unitree_go2_sim/lib/python3.12/site-packages'
[0.282s] Level 1:colcon.colcon_core.environment:checking '/home/ycao/virtual_roam_2/install/unitree_go2_sim/bin'
[0.282s] INFO:colcon.colcon_core.shell:Creating package script '/home/ycao/virtual_roam_2/install/unitree_go2_sim/share/unitree_go2_sim/package.ps1'
[0.283s] INFO:colcon.colcon_core.shell:Creating package descriptor '/home/ycao/virtual_roam_2/install/unitree_go2_sim/share/unitree_go2_sim/package.dsv'
[0.283s] INFO:colcon.colcon_core.shell:Creating package script '/home/ycao/virtual_roam_2/install/unitree_go2_sim/share/unitree_go2_sim/package.sh'
[0.283s] INFO:colcon.colcon_core.shell:Creating package script '/home/ycao/virtual_roam_2/install/unitree_go2_sim/share/unitree_go2_sim/package.bash'
[0.284s] INFO:colcon.colcon_core.shell:Creating package script '/home/ycao/virtual_roam_2/install/unitree_go2_sim/share/unitree_go2_sim/package.zsh'
[0.284s] Level 1:colcon.colcon_core.environment:create_file_with_runtime_dependencies(/home/ycao/virtual_roam_2/install/unitree_go2_sim/share/colcon-core/packages/unitree_go2_sim)
[0.285s] Level 1:colcon.colcon_core.environment:create_environment_scripts_only(unitree_go2_sim)
[0.285s] Level 1:colcon.colcon_core.environment:checking '/home/ycao/virtual_roam_2/install/unitree_go2_sim' for CMake module files
[0.285s] Level 1:colcon.colcon_core.environment:checking '/home/ycao/virtual_roam_2/install/unitree_go2_sim' for CMake config files
[0.285s] Level 1:colcon.colcon_core.shell:create_environment_hook('unitree_go2_sim', 'cmake_prefix_path')
[0.285s] INFO:colcon.colcon_core.shell:Creating environment hook '/home/ycao/virtual_roam_2/install/unitree_go2_sim/share/unitree_go2_sim/hook/cmake_prefix_path.ps1'
[0.286s] INFO:colcon.colcon_core.shell:Creating environment descriptor '/home/ycao/virtual_roam_2/install/unitree_go2_sim/share/unitree_go2_sim/hook/cmake_prefix_path.dsv'
[0.286s] INFO:colcon.colcon_core.shell:Creating environment hook '/home/ycao/virtual_roam_2/install/unitree_go2_sim/share/unitree_go2_sim/hook/cmake_prefix_path.sh'
[0.287s] Level 1:colcon.colcon_core.environment:checking '/home/ycao/virtual_roam_2/install/unitree_go2_sim/bin'
[0.287s] Level 1:colcon.colcon_core.environment:checking '/home/ycao/virtual_roam_2/install/unitree_go2_sim/lib/pkgconfig/unitree_go2_sim.pc'
[0.287s] Level 1:colcon.colcon_core.environment:checking '/home/ycao/virtual_roam_2/install/unitree_go2_sim/lib/python3.12/site-packages'
[0.287s] Level 1:colcon.colcon_core.environment:checking '/home/ycao/virtual_roam_2/install/unitree_go2_sim/bin'
[0.287s] INFO:colcon.colcon_core.shell:Creating package script '/home/ycao/virtual_roam_2/install/unitree_go2_sim/share/unitree_go2_sim/package.ps1'
[0.288s] INFO:colcon.colcon_core.shell:Creating package descriptor '/home/ycao/virtual_roam_2/install/unitree_go2_sim/share/unitree_go2_sim/package.dsv'
[0.288s] INFO:colcon.colcon_core.shell:Creating package script '/home/ycao/virtual_roam_2/install/unitree_go2_sim/share/unitree_go2_sim/package.sh'
[0.288s] INFO:colcon.colcon_core.shell:Creating package script '/home/ycao/virtual_roam_2/install/unitree_go2_sim/share/unitree_go2_sim/package.bash'
[0.289s] INFO:colcon.colcon_core.shell:Creating package script '/home/ycao/virtual_roam_2/install/unitree_go2_sim/share/unitree_go2_sim/package.zsh'
[0.289s] Level 1:colcon.colcon_core.environment:create_file_with_runtime_dependencies(/home/ycao/virtual_roam_2/install/unitree_go2_sim/share/colcon-core/packages/unitree_go2_sim)
[0.813s] DEBUG:colcon.colcon_core.event_handler.log_command:Invoked command in '/home/ycao/virtual_roam_2/build/champ_msgs' returned '0': CMAKE_PREFIX_PATH=${CMAKE_PREFIX_PATH}:/opt/ros/jazzy DEBUGINFOD_URLS=https://debuginfod.ubuntu.com /usr/bin/cmake --build /home/ycao/virtual_roam_2/build/champ_msgs -- -j16 -l16
[0.814s] DEBUG:colcon.colcon_core.event_handler.log_command:Invoking command in '/home/ycao/virtual_roam_2/build/champ_msgs': CMAKE_PREFIX_PATH=${CMAKE_PREFIX_PATH}:/opt/ros/jazzy DEBUGINFOD_URLS=https://debuginfod.ubuntu.com /usr/bin/cmake --install /home/ycao/virtual_roam_2/build/champ_msgs
[0.872s] Level 1:colcon.colcon_core.environment:create_environment_scripts_only(champ_msgs)
[0.873s] Level 1:colcon.colcon_core.environment:checking '/home/ycao/virtual_roam_2/install/champ_msgs' for CMake module files
[0.875s] DEBUG:colcon.colcon_core.event_handler.log_command:Invoked command in '/home/ycao/virtual_roam_2/build/champ_msgs' returned '0': CMAKE_PREFIX_PATH=${CMAKE_PREFIX_PATH}:/opt/ros/jazzy DEBUGINFOD_URLS=https://debuginfod.ubuntu.com /usr/bin/cmake --install /home/ycao/virtual_roam_2/build/champ_msgs
[0.875s] Level 1:colcon.colcon_core.environment:checking '/home/ycao/virtual_roam_2/install/champ_msgs' for CMake config files
[0.875s] Level 1:colcon.colcon_core.shell:create_environment_hook('champ_msgs', 'cmake_prefix_path')
[0.876s] INFO:colcon.colcon_core.shell:Creating environment hook '/home/ycao/virtual_roam_2/install/champ_msgs/share/champ_msgs/hook/cmake_prefix_path.ps1'
[0.876s] INFO:colcon.colcon_core.shell:Creating environment descriptor '/home/ycao/virtual_roam_2/install/champ_msgs/share/champ_msgs/hook/cmake_prefix_path.dsv'
[0.876s] INFO:colcon.colcon_core.shell:Creating environment hook '/home/ycao/virtual_roam_2/install/champ_msgs/share/champ_msgs/hook/cmake_prefix_path.sh'
[0.877s] Level 1:colcon.colcon_core.environment:checking '/home/ycao/virtual_roam_2/install/champ_msgs/lib'
[0.877s] Level 1:colcon.colcon_core.shell:create_environment_hook('champ_msgs', 'ld_library_path_lib')
[0.877s] INFO:colcon.colcon_core.shell:Creating environment hook '/home/ycao/virtual_roam_2/install/champ_msgs/share/champ_msgs/hook/ld_library_path_lib.ps1'
[0.878s] INFO:colcon.colcon_core.shell:Creating environment descriptor '/home/ycao/virtual_roam_2/install/champ_msgs/share/champ_msgs/hook/ld_library_path_lib.dsv'
[0.878s] INFO:colcon.colcon_core.shell:Creating environment hook '/home/ycao/virtual_roam_2/install/champ_msgs/share/champ_msgs/hook/ld_library_path_lib.sh'
[0.878s] Level 1:colcon.colcon_core.environment:checking '/home/ycao/virtual_roam_2/install/champ_msgs/bin'
[0.878s] Level 1:colcon.colcon_core.environment:checking '/home/ycao/virtual_roam_2/install/champ_msgs/lib/pkgconfig/champ_msgs.pc'
[0.878s] Level 1:colcon.colcon_core.environment:checking '/home/ycao/virtual_roam_2/install/champ_msgs/lib/python3.12/site-packages'
[0.879s] Level 1:colcon.colcon_core.shell:create_environment_hook('champ_msgs', 'pythonpath')
[0.879s] INFO:colcon.colcon_core.shell:Creating environment hook '/home/ycao/virtual_roam_2/install/champ_msgs/share/champ_msgs/hook/pythonpath.ps1'
[0.879s] INFO:colcon.colcon_core.shell:Creating environment descriptor '/home/ycao/virtual_roam_2/install/champ_msgs/share/champ_msgs/hook/pythonpath.dsv'
[0.879s] INFO:colcon.colcon_core.shell:Creating environment hook '/home/ycao/virtual_roam_2/install/champ_msgs/share/champ_msgs/hook/pythonpath.sh'
[0.880s] Level 1:colcon.colcon_core.environment:checking '/home/ycao/virtual_roam_2/install/champ_msgs/bin'
[0.880s] INFO:colcon.colcon_core.shell:Creating package script '/home/ycao/virtual_roam_2/install/champ_msgs/share/champ_msgs/package.ps1'
[0.880s] INFO:colcon.colcon_core.shell:Creating package descriptor '/home/ycao/virtual_roam_2/install/champ_msgs/share/champ_msgs/package.dsv'
[0.881s] INFO:colcon.colcon_core.shell:Creating package script '/home/ycao/virtual_roam_2/install/champ_msgs/share/champ_msgs/package.sh'
[0.881s] INFO:colcon.colcon_core.shell:Creating package script '/home/ycao/virtual_roam_2/install/champ_msgs/share/champ_msgs/package.bash'
[0.881s] INFO:colcon.colcon_core.shell:Creating package script '/home/ycao/virtual_roam_2/install/champ_msgs/share/champ_msgs/package.zsh'
[0.882s] Level 1:colcon.colcon_core.environment:create_file_with_runtime_dependencies(/home/ycao/virtual_roam_2/install/champ_msgs/share/colcon-core/packages/champ_msgs)
[0.882s] Level 1:colcon.colcon_core.environment:create_environment_scripts_only(champ_msgs)
[0.882s] Level 1:colcon.colcon_core.environment:checking '/home/ycao/virtual_roam_2/install/champ_msgs' for CMake module files
[0.883s] Level 1:colcon.colcon_core.environment:checking '/home/ycao/virtual_roam_2/install/champ_msgs' for CMake config files
[0.883s] Level 1:colcon.colcon_core.shell:create_environment_hook('champ_msgs', 'cmake_prefix_path')
[0.883s] INFO:colcon.colcon_core.shell:Creating environment hook '/home/ycao/virtual_roam_2/install/champ_msgs/share/champ_msgs/hook/cmake_prefix_path.ps1'
[0.884s] INFO:colcon.colcon_core.shell:Creating environment descriptor '/home/ycao/virtual_roam_2/install/champ_msgs/share/champ_msgs/hook/cmake_prefix_path.dsv'
[0.884s] INFO:colcon.colcon_core.shell:Creating environment hook '/home/ycao/virtual_roam_2/install/champ_msgs/share/champ_msgs/hook/cmake_prefix_path.sh'
[0.885s] Level 1:colcon.colcon_core.environment:checking '/home/ycao/virtual_roam_2/install/champ_msgs/lib'
[0.885s] Level 1:colcon.colcon_core.shell:create_environment_hook('champ_msgs', 'ld_library_path_lib')
[0.885s] INFO:colcon.colcon_core.shell:Creating environment hook '/home/ycao/virtual_roam_2/install/champ_msgs/share/champ_msgs/hook/ld_library_path_lib.ps1'
[0.886s] INFO:colcon.colcon_core.shell:Creating environment descriptor '/home/ycao/virtual_roam_2/install/champ_msgs/share/champ_msgs/hook/ld_library_path_lib.dsv'
[0.887s] INFO:colcon.colcon_core.shell:Creating environment hook '/home/ycao/virtual_roam_2/install/champ_msgs/share/champ_msgs/hook/ld_library_path_lib.sh'
[0.888s] Level 1:colcon.colcon_core.environment:checking '/home/ycao/virtual_roam_2/install/champ_msgs/bin'
[0.888s] Level 1:colcon.colcon_core.environment:checking '/home/ycao/virtual_roam_2/install/champ_msgs/lib/pkgconfig/champ_msgs.pc'
[0.888s] Level 1:colcon.colcon_core.environment:checking '/home/ycao/virtual_roam_2/install/champ_msgs/lib/python3.12/site-packages'
[0.888s] Level 1:colcon.colcon_core.shell:create_environment_hook('champ_msgs', 'pythonpath')
[0.888s] INFO:colcon.colcon_core.shell:Creating environment hook '/home/ycao/virtual_roam_2/install/champ_msgs/share/champ_msgs/hook/pythonpath.ps1'
[0.888s] INFO:colcon.colcon_core.shell:Creating environment descriptor '/home/ycao/virtual_roam_2/install/champ_msgs/share/champ_msgs/hook/pythonpath.dsv'
[0.889s] INFO:colcon.colcon_core.shell:Creating environment hook '/home/ycao/virtual_roam_2/install/champ_msgs/share/champ_msgs/hook/pythonpath.sh'
[0.889s] Level 1:colcon.colcon_core.environment:checking '/home/ycao/virtual_roam_2/install/champ_msgs/bin'
[0.889s] INFO:colcon.colcon_core.shell:Creating package script '/home/ycao/virtual_roam_2/install/champ_msgs/share/champ_msgs/package.ps1'
[0.890s] INFO:colcon.colcon_core.shell:Creating package descriptor '/home/ycao/virtual_roam_2/install/champ_msgs/share/champ_msgs/package.dsv'
[0.890s] INFO:colcon.colcon_core.shell:Creating package script '/home/ycao/virtual_roam_2/install/champ_msgs/share/champ_msgs/package.sh'
[0.891s] INFO:colcon.colcon_core.shell:Creating package script '/home/ycao/virtual_roam_2/install/champ_msgs/share/champ_msgs/package.bash'
[0.891s] INFO:colcon.colcon_core.shell:Creating package script '/home/ycao/virtual_roam_2/install/champ_msgs/share/champ_msgs/package.zsh'
[0.892s] Level 1:colcon.colcon_core.environment:create_file_with_runtime_dependencies(/home/ycao/virtual_roam_2/install/champ_msgs/share/colcon-core/packages/champ_msgs)
[0.892s] INFO:colcon.colcon_ros.task.ament_cmake.build:Building ROS package in '/home/ycao/virtual_roam_2/src/champ_base' with build type 'ament_cmake'
[0.893s] INFO:colcon.colcon_cmake.task.cmake.build:Building CMake package in '/home/ycao/virtual_roam_2/src/champ_base'
[0.893s] INFO:colcon.colcon_core.shell:Skip shell extension 'powershell' for command environment: Not usable outside of PowerShell
[0.893s] DEBUG:colcon.colcon_core.shell:Skip shell extension 'dsv' for command environment
[0.910s] DEBUG:colcon.colcon_core.event_handler.log_command:Invoking command in '/home/ycao/virtual_roam_2/build/champ_base': AMENT_PREFIX_PATH=/home/ycao/virtual_roam_2/install/champ_msgs:/home/ycao/virtual_roam_2/install/champ:${AMENT_PREFIX_PATH} CMAKE_PREFIX_PATH=/home/ycao/virtual_roam_2/install/champ_msgs:/home/ycao/virtual_roam_2/install/champ:/opt/ros/jazzy/opt/gz_sim_vendor:/opt/ros/jazzy/opt/gz_sensors_vendor:/opt/ros/jazzy/opt/gz_physics_vendor:/opt/ros/jazzy/opt/sdformat_vendor:/opt/ros/jazzy/opt/gz_gui_vendor:/opt/ros/jazzy/opt/gz_transport_vendor:/opt/ros/jazzy/opt/gz_rendering_vendor:/opt/ros/jazzy/opt/gz_plugin_vendor:/opt/ros/jazzy/opt/gz_fuel_tools_vendor:/opt/ros/jazzy/opt/gz_msgs_vendor:/opt/ros/jazzy/opt/gz_common_vendor:/opt/ros/jazzy/opt/gz_math_vendor:/opt/ros/jazzy/opt/gz_utils_vendor:/opt/ros/jazzy/opt/gz_tools_vendor:/opt/ros/jazzy/opt/gz_ogre_next_vendor:/opt/ros/jazzy/opt/gz_dartsim_vendor:/opt/ros/jazzy/opt/gz_cmake_vendor:/opt/ros/jazzy DEBUGINFOD_URLS=https://debuginfod.ubuntu.com LD_LIBRARY_PATH=/home/ycao/virtual_roam_2/install/champ_msgs/lib:${LD_LIBRARY_PATH} PYTHONPATH=/home/ycao/virtual_roam_2/install/champ_msgs/lib/python3.12/site-packages:${PYTHONPATH} /usr/bin/cmake --build /home/ycao/virtual_roam_2/build/champ_base -- -j16 -l16
[1.051s] DEBUG:colcon.colcon_core.event_handler.log_command:Invoked command in '/home/ycao/virtual_roam_2/build/champ_base' returned '0': AMENT_PREFIX_PATH=/home/ycao/virtual_roam_2/install/champ_msgs:/home/ycao/virtual_roam_2/install/champ:${AMENT_PREFIX_PATH} CMAKE_PREFIX_PATH=/home/ycao/virtual_roam_2/install/champ_msgs:/home/ycao/virtual_roam_2/install/champ:/opt/ros/jazzy/opt/gz_sim_vendor:/opt/ros/jazzy/opt/gz_sensors_vendor:/opt/ros/jazzy/opt/gz_physics_vendor:/opt/ros/jazzy/opt/sdformat_vendor:/opt/ros/jazzy/opt/gz_gui_vendor:/opt/ros/jazzy/opt/gz_transport_vendor:/opt/ros/jazzy/opt/gz_rendering_vendor:/opt/ros/jazzy/opt/gz_plugin_vendor:/opt/ros/jazzy/opt/gz_fuel_tools_vendor:/opt/ros/jazzy/opt/gz_msgs_vendor:/opt/ros/jazzy/opt/gz_common_vendor:/opt/ros/jazzy/opt/gz_math_vendor:/opt/ros/jazzy/opt/gz_utils_vendor:/opt/ros/jazzy/opt/gz_tools_vendor:/opt/ros/jazzy/opt/gz_ogre_next_vendor:/opt/ros/jazzy/opt/gz_dartsim_vendor:/opt/ros/jazzy/opt/gz_cmake_vendor:/opt/ros/jazzy DEBUGINFOD_URLS=https://debuginfod.ubuntu.com LD_LIBRARY_PATH=/home/ycao/virtual_roam_2/install/champ_msgs/lib:${LD_LIBRARY_PATH} PYTHONPATH=/home/ycao/virtual_roam_2/install/champ_msgs/lib/python3.12/site-packages:${PYTHONPATH} /usr/bin/cmake --build /home/ycao/virtual_roam_2/build/champ_base -- -j16 -l16
[1.053s] DEBUG:colcon.colcon_core.event_handler.log_command:Invoking command in '/home/ycao/virtual_roam_2/build/champ_base': AMENT_PREFIX_PATH=/home/ycao/virtual_roam_2/install/champ_msgs:/home/ycao/virtual_roam_2/install/champ:${AMENT_PREFIX_PATH} CMAKE_PREFIX_PATH=/home/ycao/virtual_roam_2/install/champ_msgs:/home/ycao/virtual_roam_2/install/champ:/opt/ros/jazzy/opt/gz_sim_vendor:/opt/ros/jazzy/opt/gz_sensors_vendor:/opt/ros/jazzy/opt/gz_physics_vendor:/opt/ros/jazzy/opt/sdformat_vendor:/opt/ros/jazzy/opt/gz_gui_vendor:/opt/ros/jazzy/opt/gz_transport_vendor:/opt/ros/jazzy/opt/gz_rendering_vendor:/opt/ros/jazzy/opt/gz_plugin_vendor:/opt/ros/jazzy/opt/gz_fuel_tools_vendor:/opt/ros/jazzy/opt/gz_msgs_vendor:/opt/ros/jazzy/opt/gz_common_vendor:/opt/ros/jazzy/opt/gz_math_vendor:/opt/ros/jazzy/opt/gz_utils_vendor:/opt/ros/jazzy/opt/gz_tools_vendor:/opt/ros/jazzy/opt/gz_ogre_next_vendor:/opt/ros/jazzy/opt/gz_dartsim_vendor:/opt/ros/jazzy/opt/gz_cmake_vendor:/opt/ros/jazzy DEBUGINFOD_URLS=https://debuginfod.ubuntu.com LD_LIBRARY_PATH=/home/ycao/virtual_roam_2/install/champ_msgs/lib:${LD_LIBRARY_PATH} PYTHONPATH=/home/ycao/virtual_roam_2/install/champ_msgs/lib/python3.12/site-packages:${PYTHONPATH} /usr/bin/cmake --install /home/ycao/virtual_roam_2/build/champ_base
[1.070s] Level 1:colcon.colcon_core.environment:create_environment_scripts_only(champ_base)
[1.070s] Level 1:colcon.colcon_core.environment:checking '/home/ycao/virtual_roam_2/install/champ_base' for CMake module files
[1.071s] DEBUG:colcon.colcon_core.event_handler.log_command:Invoked command in '/home/ycao/virtual_roam_2/build/champ_base' returned '0': AMENT_PREFIX_PATH=/home/ycao/virtual_roam_2/install/champ_msgs:/home/ycao/virtual_roam_2/install/champ:${AMENT_PREFIX_PATH} CMAKE_PREFIX_PATH=/home/ycao/virtual_roam_2/install/champ_msgs:/home/ycao/virtual_roam_2/install/champ:/opt/ros/jazzy/opt/gz_sim_vendor:/opt/ros/jazzy/opt/gz_sensors_vendor:/opt/ros/jazzy/opt/gz_physics_vendor:/opt/ros/jazzy/opt/sdformat_vendor:/opt/ros/jazzy/opt/gz_gui_vendor:/opt/ros/jazzy/opt/gz_transport_vendor:/opt/ros/jazzy/opt/gz_rendering_vendor:/opt/ros/jazzy/opt/gz_plugin_vendor:/opt/ros/jazzy/opt/gz_fuel_tools_vendor:/opt/ros/jazzy/opt/gz_msgs_vendor:/opt/ros/jazzy/opt/gz_common_vendor:/opt/ros/jazzy/opt/gz_math_vendor:/opt/ros/jazzy/opt/gz_utils_vendor:/opt/ros/jazzy/opt/gz_tools_vendor:/opt/ros/jazzy/opt/gz_ogre_next_vendor:/opt/ros/jazzy/opt/gz_dartsim_vendor:/opt/ros/jazzy/opt/gz_cmake_vendor:/opt/ros/jazzy DEBUGINFOD_URLS=https://debuginfod.ubuntu.com LD_LIBRARY_PATH=/home/ycao/virtual_roam_2/install/champ_msgs/lib:${LD_LIBRARY_PATH} PYTHONPATH=/home/ycao/virtual_roam_2/install/champ_msgs/lib/python3.12/site-packages:${PYTHONPATH} /usr/bin/cmake --install /home/ycao/virtual_roam_2/build/champ_base
[1.072s] Level 1:colcon.colcon_core.environment:checking '/home/ycao/virtual_roam_2/install/champ_base' for CMake config files
[1.072s] Level 1:colcon.colcon_core.shell:create_environment_hook('champ_base', 'cmake_prefix_path')
[1.072s] INFO:colcon.colcon_core.shell:Creating environment hook '/home/ycao/virtual_roam_2/install/champ_base/share/champ_base/hook/cmake_prefix_path.ps1'
[1.073s] INFO:colcon.colcon_core.shell:Creating environment descriptor '/home/ycao/virtual_roam_2/install/champ_base/share/champ_base/hook/cmake_prefix_path.dsv'
[1.073s] INFO:colcon.colcon_core.shell:Creating environment hook '/home/ycao/virtual_roam_2/install/champ_base/share/champ_base/hook/cmake_prefix_path.sh'
[1.074s] Level 1:colcon.colcon_core.environment:checking '/home/ycao/virtual_roam_2/install/champ_base/lib'
[1.074s] Level 1:colcon.colcon_core.shell:create_environment_hook('champ_base', 'ld_library_path_lib')
[1.074s] INFO:colcon.colcon_core.shell:Creating environment hook '/home/ycao/virtual_roam_2/install/champ_base/share/champ_base/hook/ld_library_path_lib.ps1'
[1.074s] INFO:colcon.colcon_core.shell:Creating environment descriptor '/home/ycao/virtual_roam_2/install/champ_base/share/champ_base/hook/ld_library_path_lib.dsv'
[1.075s] INFO:colcon.colcon_core.shell:Creating environment hook '/home/ycao/virtual_roam_2/install/champ_base/share/champ_base/hook/ld_library_path_lib.sh'
[1.075s] Level 1:colcon.colcon_core.environment:checking '/home/ycao/virtual_roam_2/install/champ_base/bin'
[1.075s] Level 1:colcon.colcon_core.shell:create_environment_hook('champ_base', 'path')
[1.075s] INFO:colcon.colcon_core.shell:Creating environment hook '/home/ycao/virtual_roam_2/install/champ_base/share/champ_base/hook/path.ps1'
[1.076s] INFO:colcon.colcon_core.shell:Creating environment descriptor '/home/ycao/virtual_roam_2/install/champ_base/share/champ_base/hook/path.dsv'
[1.076s] INFO:colcon.colcon_core.shell:Creating environment hook '/home/ycao/virtual_roam_2/install/champ_base/share/champ_base/hook/path.sh'
[1.076s] Level 1:colcon.colcon_core.environment:checking '/home/ycao/virtual_roam_2/install/champ_base/lib/pkgconfig/champ_base.pc'
[1.077s] Level 1:colcon.colcon_core.environment:checking '/home/ycao/virtual_roam_2/install/champ_base/lib/python3.12/site-packages'
[1.077s] Level 1:colcon.colcon_core.environment:checking '/home/ycao/virtual_roam_2/install/champ_base/bin'
[1.077s] Level 1:colcon.colcon_core.shell:create_environment_hook('champ_base', 'pythonscriptspath')
[1.077s] INFO:colcon.colcon_core.shell:Creating environment hook '/home/ycao/virtual_roam_2/install/champ_base/share/champ_base/hook/pythonscriptspath.ps1'
[1.077s] INFO:colcon.colcon_core.shell:Creating environment descriptor '/home/ycao/virtual_roam_2/install/champ_base/share/champ_base/hook/pythonscriptspath.dsv'
[1.078s] INFO:colcon.colcon_core.shell:Creating environment hook '/home/ycao/virtual_roam_2/install/champ_base/share/champ_base/hook/pythonscriptspath.sh'
[1.078s] INFO:colcon.colcon_core.shell:Creating package script '/home/ycao/virtual_roam_2/install/champ_base/share/champ_base/package.ps1'
[1.079s] INFO:colcon.colcon_core.shell:Creating package descriptor '/home/ycao/virtual_roam_2/install/champ_base/share/champ_base/package.dsv'
[1.079s] INFO:colcon.colcon_core.shell:Creating package script '/home/ycao/virtual_roam_2/install/champ_base/share/champ_base/package.sh'
[1.080s] INFO:colcon.colcon_core.shell:Creating package script '/home/ycao/virtual_roam_2/install/champ_base/share/champ_base/package.bash'
[1.080s] INFO:colcon.colcon_core.shell:Creating package script '/home/ycao/virtual_roam_2/install/champ_base/share/champ_base/package.zsh'
[1.080s] Level 1:colcon.colcon_core.environment:create_file_with_runtime_dependencies(/home/ycao/virtual_roam_2/install/champ_base/share/colcon-core/packages/champ_base)
[1.081s] Level 1:colcon.colcon_core.environment:create_environment_scripts_only(champ_base)
[1.081s] Level 1:colcon.colcon_core.environment:checking '/home/ycao/virtual_roam_2/install/champ_base' for CMake module files
[1.081s] Level 1:colcon.colcon_core.environment:checking '/home/ycao/virtual_roam_2/install/champ_base' for CMake config files
[1.081s] Level 1:colcon.colcon_core.shell:create_environment_hook('champ_base', 'cmake_prefix_path')
[1.082s] INFO:colcon.colcon_core.shell:Creating environment hook '/home/ycao/virtual_roam_2/install/champ_base/share/champ_base/hook/cmake_prefix_path.ps1'
[1.082s] INFO:colcon.colcon_core.shell:Creating environment descriptor '/home/ycao/virtual_roam_2/install/champ_base/share/champ_base/hook/cmake_prefix_path.dsv'
[1.082s] INFO:colcon.colcon_core.shell:Creating environment hook '/home/ycao/virtual_roam_2/install/champ_base/share/champ_base/hook/cmake_prefix_path.sh'
[1.083s] Level 1:colcon.colcon_core.environment:checking '/home/ycao/virtual_roam_2/install/champ_base/lib'
[1.083s] Level 1:colcon.colcon_core.shell:create_environment_hook('champ_base', 'ld_library_path_lib')
[1.083s] INFO:colcon.colcon_core.shell:Creating environment hook '/home/ycao/virtual_roam_2/install/champ_base/share/champ_base/hook/ld_library_path_lib.ps1'
[1.083s] INFO:colcon.colcon_core.shell:Creating environment descriptor '/home/ycao/virtual_roam_2/install/champ_base/share/champ_base/hook/ld_library_path_lib.dsv'
[1.084s] INFO:colcon.colcon_core.shell:Creating environment hook '/home/ycao/virtual_roam_2/install/champ_base/share/champ_base/hook/ld_library_path_lib.sh'
[1.084s] Level 1:colcon.colcon_core.environment:checking '/home/ycao/virtual_roam_2/install/champ_base/bin'
[1.084s] Level 1:colcon.colcon_core.shell:create_environment_hook('champ_base', 'path')
[1.084s] INFO:colcon.colcon_core.shell:Creating environment hook '/home/ycao/virtual_roam_2/install/champ_base/share/champ_base/hook/path.ps1'
[1.085s] INFO:colcon.colcon_core.shell:Creating environment descriptor '/home/ycao/virtual_roam_2/install/champ_base/share/champ_base/hook/path.dsv'
[1.085s] INFO:colcon.colcon_core.shell:Creating environment hook '/home/ycao/virtual_roam_2/install/champ_base/share/champ_base/hook/path.sh'
[1.085s] Level 1:colcon.colcon_core.environment:checking '/home/ycao/virtual_roam_2/install/champ_base/lib/pkgconfig/champ_base.pc'
[1.085s] Level 1:colcon.colcon_core.environment:checking '/home/ycao/virtual_roam_2/install/champ_base/lib/python3.12/site-packages'
[1.085s] Level 1:colcon.colcon_core.environment:checking '/home/ycao/virtual_roam_2/install/champ_base/bin'
[1.086s] Level 1:colcon.colcon_core.shell:create_environment_hook('champ_base', 'pythonscriptspath')
[1.086s] INFO:colcon.colcon_core.shell:Creating environment hook '/home/ycao/virtual_roam_2/install/champ_base/share/champ_base/hook/pythonscriptspath.ps1'
[1.086s] INFO:colcon.colcon_core.shell:Creating environment descriptor '/home/ycao/virtual_roam_2/install/champ_base/share/champ_base/hook/pythonscriptspath.dsv'
[1.086s] INFO:colcon.colcon_core.shell:Creating environment hook '/home/ycao/virtual_roam_2/install/champ_base/share/champ_base/hook/pythonscriptspath.sh'
[1.087s] INFO:colcon.colcon_core.shell:Creating package script '/home/ycao/virtual_roam_2/install/champ_base/share/champ_base/package.ps1'
[1.087s] INFO:colcon.colcon_core.shell:Creating package descriptor '/home/ycao/virtual_roam_2/install/champ_base/share/champ_base/package.dsv'
[1.088s] INFO:colcon.colcon_core.shell:Creating package script '/home/ycao/virtual_roam_2/install/champ_base/share/champ_base/package.sh'
[1.088s] INFO:colcon.colcon_core.shell:Creating package script '/home/ycao/virtual_roam_2/install/champ_base/share/champ_base/package.bash'
[1.089s] INFO:colcon.colcon_core.shell:Creating package script '/home/ycao/virtual_roam_2/install/champ_base/share/champ_base/package.zsh'
[1.089s] Level 1:colcon.colcon_core.environment:create_file_with_runtime_dependencies(/home/ycao/virtual_roam_2/install/champ_base/share/colcon-core/packages/champ_base)
[1.089s] DEBUG:colcon.colcon_parallel_executor.executor.parallel:closing loop
[1.090s] DEBUG:colcon.colcon_parallel_executor.executor.parallel:loop closed
[1.090s] DEBUG:colcon.colcon_parallel_executor.executor.parallel:run_until_complete finished with '0'
[1.090s] DEBUG:colcon.colcon_core.event_reactor:joining thread
[1.094s] INFO:colcon.colcon_core.plugin_system:Skipping extension 'colcon_notification.desktop_notification.terminal_notifier': Not used on non-Darwin systems
[1.095s] INFO:colcon.colcon_core.plugin_system:Skipping extension 'colcon_notification.desktop_notification.win32': Not used on non-Windows systems
[1.095s] INFO:colcon.colcon_notification.desktop_notification:Sending desktop notification using 'notify2'
[1.105s] DEBUG:colcon.colcon_core.event_reactor:joined thread
[1.105s] INFO:colcon.colcon_core.shell:Creating prefix script '/home/ycao/virtual_roam_2/install/local_setup.ps1'
[1.106s] INFO:colcon.colcon_core.shell:Creating prefix util module '/home/ycao/virtual_roam_2/install/_local_setup_util_ps1.py'
[1.107s] INFO:colcon.colcon_core.shell:Creating prefix chain script '/home/ycao/virtual_roam_2/install/setup.ps1'
[1.107s] INFO:colcon.colcon_core.shell:Creating prefix script '/home/ycao/virtual_roam_2/install/local_setup.sh'
[1.108s] INFO:colcon.colcon_core.shell:Creating prefix util module '/home/ycao/virtual_roam_2/install/_local_setup_util_sh.py'
[1.108s] INFO:colcon.colcon_core.shell:Creating prefix chain script '/home/ycao/virtual_roam_2/install/setup.sh'
[1.109s] INFO:colcon.colcon_core.shell:Creating prefix script '/home/ycao/virtual_roam_2/install/local_setup.bash'
[1.109s] INFO:colcon.colcon_core.shell:Creating prefix chain script '/home/ycao/virtual_roam_2/install/setup.bash'
[1.110s] INFO:colcon.colcon_core.shell:Creating prefix script '/home/ycao/virtual_roam_2/install/local_setup.zsh'
[1.111s] INFO:colcon.colcon_core.shell:Creating prefix chain script '/home/ycao/virtual_roam_2/install/setup.zsh'
