[0.012s] Invoking command in '/home/ycao/virtual_roam_2/build/champ_msgs': CMAKE_PREFIX_PATH=${CMAKE_PREFIX_PATH}:/opt/ros/jazzy DEBUGINFOD_URLS=https://debuginfod.ubuntu.com /usr/bin/cmake --build /home/ycao/virtual_roam_2/build/champ_msgs -- -j16 -l16
[0.060s] [  1%] Built target champ_msgs__rosidl_generator_type_description
[0.084s] [  1%] Built target ament_cmake_python_copy_champ_msgs
[0.087s] [  1%] Built target champ_msgs__cpp
[0.087s] [ 27%] Built target champ_msgs__rosidl_generator_c
[0.118s] [ 37%] Built target champ_msgs__rosidl_typesupport_fastrtps_cpp
[0.118s] [ 46%] Built target champ_msgs__rosidl_typesupport_fastrtps_c
[0.120s] [ 56%] Built target champ_msgs__rosidl_typesupport_c
[0.122s] [ 66%] Built target champ_msgs__rosidl_typesupport_introspection_c
[0.123s] [ 75%] Built target champ_msgs__rosidl_typesupport_introspection_cpp
[0.125s] [ 85%] Built target champ_msgs__rosidl_typesupport_cpp
[0.144s] [ 85%] Built target champ_msgs
[0.165s] [ 86%] Built target champ_msgs__py
[0.189s] [ 94%] Built target champ_msgs__rosidl_generator_py
[0.210s] [ 98%] Built target champ_msgs_s__rosidl_typesupport_c
[0.210s] [ 98%] Built target champ_msgs_s__rosidl_typesupport_fastrtps_c
[0.212s] [100%] Built target champ_msgs_s__rosidl_typesupport_introspection_c
[0.228s] running egg_info
[0.241s] writing champ_msgs.egg-info/PKG-INFO
[0.241s] writing dependency_links to champ_msgs.egg-info/dependency_links.txt
[0.241s] writing top-level names to champ_msgs.egg-info/top_level.txt
[0.277s] reading manifest file 'champ_msgs.egg-info/SOURCES.txt'
[0.277s] writing manifest file 'champ_msgs.egg-info/SOURCES.txt'
[0.297s] [100%] Built target ament_cmake_python_build_champ_msgs_egg
[0.307s] Invoked command in '/home/ycao/virtual_roam_2/build/champ_msgs' returned '0': CMAKE_PREFIX_PATH=${CMAKE_PREFIX_PATH}:/opt/ros/jazzy DEBUGINFOD_URLS=https://debuginfod.ubuntu.com /usr/bin/cmake --build /home/ycao/virtual_roam_2/build/champ_msgs -- -j16 -l16
[0.308s] Invoking command in '/home/ycao/virtual_roam_2/build/champ_msgs': CMAKE_PREFIX_PATH=${CMAKE_PREFIX_PATH}:/opt/ros/jazzy DEBUGINFOD_URLS=https://debuginfod.ubuntu.com /usr/bin/cmake --install /home/ycao/virtual_roam_2/build/champ_msgs
[0.316s] -- Install configuration: ""
[0.316s] -- Up-to-date: /home/ycao/virtual_roam_2/install/champ_msgs/share/ament_index/resource_index/rosidl_interfaces/champ_msgs
[0.317s] -- Up-to-date: /home/ycao/virtual_roam_2/install/champ_msgs/share/champ_msgs/msg/Velocities.json
[0.317s] -- Up-to-date: /home/ycao/virtual_roam_2/install/champ_msgs/share/champ_msgs/msg/PID.json
[0.317s] -- Up-to-date: /home/ycao/virtual_roam_2/install/champ_msgs/share/champ_msgs/msg/Imu.json
[0.317s] -- Up-to-date: /home/ycao/virtual_roam_2/install/champ_msgs/share/champ_msgs/msg/Point.json
[0.317s] -- Up-to-date: /home/ycao/virtual_roam_2/install/champ_msgs/share/champ_msgs/msg/PointArray.json
[0.317s] -- Up-to-date: /home/ycao/virtual_roam_2/install/champ_msgs/share/champ_msgs/msg/Joints.json
[0.317s] -- Up-to-date: /home/ycao/virtual_roam_2/install/champ_msgs/share/champ_msgs/msg/Contacts.json
[0.317s] -- Up-to-date: /home/ycao/virtual_roam_2/install/champ_msgs/share/champ_msgs/msg/ContactsStamped.json
[0.318s] -- Up-to-date: /home/ycao/virtual_roam_2/install/champ_msgs/share/champ_msgs/msg/Pose.json
[0.318s] -- Up-to-date: /home/ycao/virtual_roam_2/install/champ_msgs/include/champ_msgs/champ_msgs
[0.318s] -- Up-to-date: /home/ycao/virtual_roam_2/install/champ_msgs/include/champ_msgs/champ_msgs/msg
[0.318s] -- Up-to-date: /home/ycao/virtual_roam_2/install/champ_msgs/include/champ_msgs/champ_msgs/msg/rosidl_generator_c__visibility_control.h
[0.318s] -- Up-to-date: /home/ycao/virtual_roam_2/install/champ_msgs/include/champ_msgs/champ_msgs/msg/point.h
[0.318s] -- Up-to-date: /home/ycao/virtual_roam_2/install/champ_msgs/include/champ_msgs/champ_msgs/msg/joints.h
[0.318s] -- Up-to-date: /home/ycao/virtual_roam_2/install/champ_msgs/include/champ_msgs/champ_msgs/msg/point_array.h
[0.318s] -- Up-to-date: /home/ycao/virtual_roam_2/install/champ_msgs/include/champ_msgs/champ_msgs/msg/pid.h
[0.318s] -- Up-to-date: /home/ycao/virtual_roam_2/install/champ_msgs/include/champ_msgs/champ_msgs/msg/detail
[0.319s] -- Up-to-date: /home/ycao/virtual_roam_2/install/champ_msgs/include/champ_msgs/champ_msgs/msg/detail/joints__struct.h
[0.319s] -- Up-to-date: /home/ycao/virtual_roam_2/install/champ_msgs/include/champ_msgs/champ_msgs/msg/detail/contacts__functions.h
[0.319s] -- Up-to-date: /home/ycao/virtual_roam_2/install/champ_msgs/include/champ_msgs/champ_msgs/msg/detail/point_array__struct.h
[0.319s] -- Up-to-date: /home/ycao/virtual_roam_2/install/champ_msgs/include/champ_msgs/champ_msgs/msg/detail/point__functions.c
[0.319s] -- Up-to-date: /home/ycao/virtual_roam_2/install/champ_msgs/include/champ_msgs/champ_msgs/msg/detail/contacts_stamped__functions.h
[0.319s] -- Up-to-date: /home/ycao/virtual_roam_2/install/champ_msgs/include/champ_msgs/champ_msgs/msg/detail/pid__struct.h
[0.319s] -- Up-to-date: /home/ycao/virtual_roam_2/install/champ_msgs/include/champ_msgs/champ_msgs/msg/detail/contacts_stamped__description.c
[0.319s] -- Up-to-date: /home/ycao/virtual_roam_2/install/champ_msgs/include/champ_msgs/champ_msgs/msg/detail/imu__type_support.h
[0.319s] -- Up-to-date: /home/ycao/virtual_roam_2/install/champ_msgs/include/champ_msgs/champ_msgs/msg/detail/contacts__struct.h
[0.319s] -- Up-to-date: /home/ycao/virtual_roam_2/install/champ_msgs/include/champ_msgs/champ_msgs/msg/detail/contacts_stamped__type_support.c
[0.319s] -- Up-to-date: /home/ycao/virtual_roam_2/install/champ_msgs/include/champ_msgs/champ_msgs/msg/detail/pose__struct.h
[0.319s] -- Up-to-date: /home/ycao/virtual_roam_2/install/champ_msgs/include/champ_msgs/champ_msgs/msg/detail/joints__description.c
[0.320s] -- Up-to-date: /home/ycao/virtual_roam_2/install/champ_msgs/include/champ_msgs/champ_msgs/msg/detail/imu__functions.c
[0.320s] -- Up-to-date: /home/ycao/virtual_roam_2/install/champ_msgs/include/champ_msgs/champ_msgs/msg/detail/contacts__description.c
[0.320s] -- Up-to-date: /home/ycao/virtual_roam_2/install/champ_msgs/include/champ_msgs/champ_msgs/msg/detail/velocities__struct.h
[0.320s] -- Up-to-date: /home/ycao/virtual_roam_2/install/champ_msgs/include/champ_msgs/champ_msgs/msg/detail/pid__type_support.h
[0.320s] -- Up-to-date: /home/ycao/virtual_roam_2/install/champ_msgs/include/champ_msgs/champ_msgs/msg/detail/point__type_support.h
[0.320s] -- Up-to-date: /home/ycao/virtual_roam_2/install/champ_msgs/include/champ_msgs/champ_msgs/msg/detail/joints__type_support.c
[0.320s] -- Up-to-date: /home/ycao/virtual_roam_2/install/champ_msgs/include/champ_msgs/champ_msgs/msg/detail/point_array__description.c
[0.320s] -- Up-to-date: /home/ycao/virtual_roam_2/install/champ_msgs/include/champ_msgs/champ_msgs/msg/detail/point_array__type_support.h
[0.320s] -- Up-to-date: /home/ycao/virtual_roam_2/install/champ_msgs/include/champ_msgs/champ_msgs/msg/detail/point_array__functions.h
[0.320s] -- Up-to-date: /home/ycao/virtual_roam_2/install/champ_msgs/include/champ_msgs/champ_msgs/msg/detail/imu__struct.h
[0.320s] -- Up-to-date: /home/ycao/virtual_roam_2/install/champ_msgs/include/champ_msgs/champ_msgs/msg/detail/pose__functions.c
[0.321s] -- Up-to-date: /home/ycao/virtual_roam_2/install/champ_msgs/include/champ_msgs/champ_msgs/msg/detail/velocities__type_support.c
[0.321s] -- Up-to-date: /home/ycao/virtual_roam_2/install/champ_msgs/include/champ_msgs/champ_msgs/msg/detail/imu__functions.h
[0.321s] -- Up-to-date: /home/ycao/virtual_roam_2/install/champ_msgs/include/champ_msgs/champ_msgs/msg/detail/contacts_stamped__struct.h
[0.321s] -- Up-to-date: /home/ycao/virtual_roam_2/install/champ_msgs/include/champ_msgs/champ_msgs/msg/detail/velocities__functions.h
[0.321s] -- Up-to-date: /home/ycao/virtual_roam_2/install/champ_msgs/include/champ_msgs/champ_msgs/msg/detail/contacts_stamped__functions.c
[0.321s] -- Up-to-date: /home/ycao/virtual_roam_2/install/champ_msgs/include/champ_msgs/champ_msgs/msg/detail/point__description.c
[0.321s] -- Up-to-date: /home/ycao/virtual_roam_2/install/champ_msgs/include/champ_msgs/champ_msgs/msg/detail/pid__type_support.c
[0.321s] -- Up-to-date: /home/ycao/virtual_roam_2/install/champ_msgs/include/champ_msgs/champ_msgs/msg/detail/point_array__type_support.c
[0.321s] -- Up-to-date: /home/ycao/virtual_roam_2/install/champ_msgs/include/champ_msgs/champ_msgs/msg/detail/pid__functions.c
[0.322s] -- Up-to-date: /home/ycao/virtual_roam_2/install/champ_msgs/include/champ_msgs/champ_msgs/msg/detail/pose__description.c
[0.322s] -- Up-to-date: /home/ycao/virtual_roam_2/install/champ_msgs/include/champ_msgs/champ_msgs/msg/detail/point__functions.h
[0.322s] -- Up-to-date: /home/ycao/virtual_roam_2/install/champ_msgs/include/champ_msgs/champ_msgs/msg/detail/contacts_stamped__type_support.h
[0.322s] -- Up-to-date: /home/ycao/virtual_roam_2/install/champ_msgs/include/champ_msgs/champ_msgs/msg/detail/imu__type_support.c
[0.322s] -- Up-to-date: /home/ycao/virtual_roam_2/install/champ_msgs/include/champ_msgs/champ_msgs/msg/detail/joints__functions.h
[0.322s] -- Up-to-date: /home/ycao/virtual_roam_2/install/champ_msgs/include/champ_msgs/champ_msgs/msg/detail/pose__type_support.h
[0.322s] -- Up-to-date: /home/ycao/virtual_roam_2/install/champ_msgs/include/champ_msgs/champ_msgs/msg/detail/point__type_support.c
[0.322s] -- Up-to-date: /home/ycao/virtual_roam_2/install/champ_msgs/include/champ_msgs/champ_msgs/msg/detail/contacts__functions.c
[0.322s] -- Up-to-date: /home/ycao/virtual_roam_2/install/champ_msgs/include/champ_msgs/champ_msgs/msg/detail/joints__functions.c
[0.322s] -- Up-to-date: /home/ycao/virtual_roam_2/install/champ_msgs/include/champ_msgs/champ_msgs/msg/detail/joints__type_support.h
[0.322s] -- Up-to-date: /home/ycao/virtual_roam_2/install/champ_msgs/include/champ_msgs/champ_msgs/msg/detail/contacts__type_support.c
[0.323s] -- Up-to-date: /home/ycao/virtual_roam_2/install/champ_msgs/include/champ_msgs/champ_msgs/msg/detail/contacts__type_support.h
[0.323s] -- Up-to-date: /home/ycao/virtual_roam_2/install/champ_msgs/include/champ_msgs/champ_msgs/msg/detail/imu__description.c
[0.323s] -- Up-to-date: /home/ycao/virtual_roam_2/install/champ_msgs/include/champ_msgs/champ_msgs/msg/detail/pid__functions.h
[0.323s] -- Up-to-date: /home/ycao/virtual_roam_2/install/champ_msgs/include/champ_msgs/champ_msgs/msg/detail/point_array__functions.c
[0.323s] -- Up-to-date: /home/ycao/virtual_roam_2/install/champ_msgs/include/champ_msgs/champ_msgs/msg/detail/velocities__description.c
[0.323s] -- Up-to-date: /home/ycao/virtual_roam_2/install/champ_msgs/include/champ_msgs/champ_msgs/msg/detail/point__struct.h
[0.323s] -- Up-to-date: /home/ycao/virtual_roam_2/install/champ_msgs/include/champ_msgs/champ_msgs/msg/detail/pose__functions.h
[0.323s] -- Up-to-date: /home/ycao/virtual_roam_2/install/champ_msgs/include/champ_msgs/champ_msgs/msg/detail/velocities__functions.c
[0.323s] -- Up-to-date: /home/ycao/virtual_roam_2/install/champ_msgs/include/champ_msgs/champ_msgs/msg/detail/pose__type_support.c
[0.323s] -- Up-to-date: /home/ycao/virtual_roam_2/install/champ_msgs/include/champ_msgs/champ_msgs/msg/detail/pid__description.c
[0.324s] -- Up-to-date: /home/ycao/virtual_roam_2/install/champ_msgs/include/champ_msgs/champ_msgs/msg/detail/velocities__type_support.h
[0.324s] -- Up-to-date: /home/ycao/virtual_roam_2/install/champ_msgs/include/champ_msgs/champ_msgs/msg/contacts.h
[0.324s] -- Up-to-date: /home/ycao/virtual_roam_2/install/champ_msgs/include/champ_msgs/champ_msgs/msg/velocities.h
[0.324s] -- Up-to-date: /home/ycao/virtual_roam_2/install/champ_msgs/include/champ_msgs/champ_msgs/msg/pose.h
[0.324s] -- Up-to-date: /home/ycao/virtual_roam_2/install/champ_msgs/include/champ_msgs/champ_msgs/msg/contacts_stamped.h
[0.324s] -- Up-to-date: /home/ycao/virtual_roam_2/install/champ_msgs/include/champ_msgs/champ_msgs/msg/imu.h
[0.324s] -- Up-to-date: /home/ycao/virtual_roam_2/install/champ_msgs/share/champ_msgs/environment/library_path.sh
[0.324s] -- Up-to-date: /home/ycao/virtual_roam_2/install/champ_msgs/share/champ_msgs/environment/library_path.dsv
[0.324s] -- Up-to-date: /home/ycao/virtual_roam_2/install/champ_msgs/lib/libchamp_msgs__rosidl_generator_c.so
[0.324s] -- Up-to-date: /home/ycao/virtual_roam_2/install/champ_msgs/include/champ_msgs/champ_msgs
[0.324s] -- Up-to-date: /home/ycao/virtual_roam_2/install/champ_msgs/include/champ_msgs/champ_msgs/msg
[0.325s] -- Up-to-date: /home/ycao/virtual_roam_2/install/champ_msgs/include/champ_msgs/champ_msgs/msg/rosidl_typesupport_fastrtps_c__visibility_control.h
[0.325s] -- Up-to-date: /home/ycao/virtual_roam_2/install/champ_msgs/include/champ_msgs/champ_msgs/msg/detail
[0.325s] -- Up-to-date: /home/ycao/virtual_roam_2/install/champ_msgs/include/champ_msgs/champ_msgs/msg/detail/joints__rosidl_typesupport_fastrtps_c.h
[0.325s] -- Up-to-date: /home/ycao/virtual_roam_2/install/champ_msgs/include/champ_msgs/champ_msgs/msg/detail/imu__rosidl_typesupport_fastrtps_c.h
[0.325s] -- Up-to-date: /home/ycao/virtual_roam_2/install/champ_msgs/include/champ_msgs/champ_msgs/msg/detail/contacts_stamped__rosidl_typesupport_fastrtps_c.h
[0.325s] -- Up-to-date: /home/ycao/virtual_roam_2/install/champ_msgs/include/champ_msgs/champ_msgs/msg/detail/point_array__rosidl_typesupport_fastrtps_c.h
[0.325s] -- Up-to-date: /home/ycao/virtual_roam_2/install/champ_msgs/include/champ_msgs/champ_msgs/msg/detail/pid__rosidl_typesupport_fastrtps_c.h
[0.325s] -- Up-to-date: /home/ycao/virtual_roam_2/install/champ_msgs/include/champ_msgs/champ_msgs/msg/detail/point__rosidl_typesupport_fastrtps_c.h
[0.325s] -- Up-to-date: /home/ycao/virtual_roam_2/install/champ_msgs/include/champ_msgs/champ_msgs/msg/detail/contacts__rosidl_typesupport_fastrtps_c.h
[0.326s] -- Up-to-date: /home/ycao/virtual_roam_2/install/champ_msgs/include/champ_msgs/champ_msgs/msg/detail/velocities__rosidl_typesupport_fastrtps_c.h
[0.326s] -- Up-to-date: /home/ycao/virtual_roam_2/install/champ_msgs/include/champ_msgs/champ_msgs/msg/detail/pose__rosidl_typesupport_fastrtps_c.h
[0.326s] -- Up-to-date: /home/ycao/virtual_roam_2/install/champ_msgs/lib/libchamp_msgs__rosidl_typesupport_fastrtps_c.so
[0.326s] -- Up-to-date: /home/ycao/virtual_roam_2/install/champ_msgs/include/champ_msgs/champ_msgs
[0.326s] -- Up-to-date: /home/ycao/virtual_roam_2/install/champ_msgs/include/champ_msgs/champ_msgs/msg
[0.326s] -- Up-to-date: /home/ycao/virtual_roam_2/install/champ_msgs/include/champ_msgs/champ_msgs/msg/rosidl_typesupport_introspection_c__visibility_control.h
[0.326s] -- Up-to-date: /home/ycao/virtual_roam_2/install/champ_msgs/include/champ_msgs/champ_msgs/msg/detail
[0.326s] -- Up-to-date: /home/ycao/virtual_roam_2/install/champ_msgs/include/champ_msgs/champ_msgs/msg/detail/pid__rosidl_typesupport_introspection_c.h
[0.326s] -- Up-to-date: /home/ycao/virtual_roam_2/install/champ_msgs/include/champ_msgs/champ_msgs/msg/detail/contacts_stamped__rosidl_typesupport_introspection_c.h
[0.326s] -- Up-to-date: /home/ycao/virtual_roam_2/install/champ_msgs/include/champ_msgs/champ_msgs/msg/detail/contacts_stamped__type_support.c
[0.326s] -- Up-to-date: /home/ycao/virtual_roam_2/install/champ_msgs/include/champ_msgs/champ_msgs/msg/detail/joints__type_support.c
[0.326s] -- Up-to-date: /home/ycao/virtual_roam_2/install/champ_msgs/include/champ_msgs/champ_msgs/msg/detail/velocities__type_support.c
[0.326s] -- Up-to-date: /home/ycao/virtual_roam_2/install/champ_msgs/include/champ_msgs/champ_msgs/msg/detail/pid__type_support.c
[0.326s] -- Up-to-date: /home/ycao/virtual_roam_2/install/champ_msgs/include/champ_msgs/champ_msgs/msg/detail/point_array__type_support.c
[0.326s] -- Up-to-date: /home/ycao/virtual_roam_2/install/champ_msgs/include/champ_msgs/champ_msgs/msg/detail/contacts__rosidl_typesupport_introspection_c.h
[0.326s] -- Up-to-date: /home/ycao/virtual_roam_2/install/champ_msgs/include/champ_msgs/champ_msgs/msg/detail/imu__type_support.c
[0.326s] -- Up-to-date: /home/ycao/virtual_roam_2/install/champ_msgs/include/champ_msgs/champ_msgs/msg/detail/point__type_support.c
[0.326s] -- Up-to-date: /home/ycao/virtual_roam_2/install/champ_msgs/include/champ_msgs/champ_msgs/msg/detail/point__rosidl_typesupport_introspection_c.h
[0.326s] -- Up-to-date: /home/ycao/virtual_roam_2/install/champ_msgs/include/champ_msgs/champ_msgs/msg/detail/point_array__rosidl_typesupport_introspection_c.h
[0.326s] -- Up-to-date: /home/ycao/virtual_roam_2/install/champ_msgs/include/champ_msgs/champ_msgs/msg/detail/contacts__type_support.c
[0.326s] -- Up-to-date: /home/ycao/virtual_roam_2/install/champ_msgs/include/champ_msgs/champ_msgs/msg/detail/velocities__rosidl_typesupport_introspection_c.h
[0.326s] -- Up-to-date: /home/ycao/virtual_roam_2/install/champ_msgs/include/champ_msgs/champ_msgs/msg/detail/imu__rosidl_typesupport_introspection_c.h
[0.326s] -- Up-to-date: /home/ycao/virtual_roam_2/install/champ_msgs/include/champ_msgs/champ_msgs/msg/detail/joints__rosidl_typesupport_introspection_c.h
[0.326s] -- Up-to-date: /home/ycao/virtual_roam_2/install/champ_msgs/include/champ_msgs/champ_msgs/msg/detail/pose__rosidl_typesupport_introspection_c.h
[0.327s] -- Up-to-date: /home/ycao/virtual_roam_2/install/champ_msgs/include/champ_msgs/champ_msgs/msg/detail/pose__type_support.c
[0.327s] -- Up-to-date: /home/ycao/virtual_roam_2/install/champ_msgs/lib/libchamp_msgs__rosidl_typesupport_introspection_c.so
[0.327s] -- Up-to-date: /home/ycao/virtual_roam_2/install/champ_msgs/lib/libchamp_msgs__rosidl_typesupport_c.so
[0.327s] -- Up-to-date: /home/ycao/virtual_roam_2/install/champ_msgs/include/champ_msgs/champ_msgs
[0.327s] -- Up-to-date: /home/ycao/virtual_roam_2/install/champ_msgs/include/champ_msgs/champ_msgs/msg
[0.327s] -- Up-to-date: /home/ycao/virtual_roam_2/install/champ_msgs/include/champ_msgs/champ_msgs/msg/pid.hpp
[0.327s] -- Up-to-date: /home/ycao/virtual_roam_2/install/champ_msgs/include/champ_msgs/champ_msgs/msg/point_array.hpp
[0.327s] -- Up-to-date: /home/ycao/virtual_roam_2/install/champ_msgs/include/champ_msgs/champ_msgs/msg/contacts_stamped.hpp
[0.327s] -- Up-to-date: /home/ycao/virtual_roam_2/install/champ_msgs/include/champ_msgs/champ_msgs/msg/imu.hpp
[0.327s] -- Up-to-date: /home/ycao/virtual_roam_2/install/champ_msgs/include/champ_msgs/champ_msgs/msg/point.hpp
[0.327s] -- Up-to-date: /home/ycao/virtual_roam_2/install/champ_msgs/include/champ_msgs/champ_msgs/msg/rosidl_generator_cpp__visibility_control.hpp
[0.327s] -- Up-to-date: /home/ycao/virtual_roam_2/install/champ_msgs/include/champ_msgs/champ_msgs/msg/detail
[0.327s] -- Up-to-date: /home/ycao/virtual_roam_2/install/champ_msgs/include/champ_msgs/champ_msgs/msg/detail/pose__traits.hpp
[0.327s] -- Up-to-date: /home/ycao/virtual_roam_2/install/champ_msgs/include/champ_msgs/champ_msgs/msg/detail/point_array__struct.hpp
[0.327s] -- Up-to-date: /home/ycao/virtual_roam_2/install/champ_msgs/include/champ_msgs/champ_msgs/msg/detail/imu__struct.hpp
[0.327s] -- Up-to-date: /home/ycao/virtual_roam_2/install/champ_msgs/include/champ_msgs/champ_msgs/msg/detail/velocities__struct.hpp
[0.327s] -- Up-to-date: /home/ycao/virtual_roam_2/install/champ_msgs/include/champ_msgs/champ_msgs/msg/detail/point__builder.hpp
[0.327s] -- Up-to-date: /home/ycao/virtual_roam_2/install/champ_msgs/include/champ_msgs/champ_msgs/msg/detail/point__traits.hpp
[0.327s] -- Up-to-date: /home/ycao/virtual_roam_2/install/champ_msgs/include/champ_msgs/champ_msgs/msg/detail/contacts__type_support.hpp
[0.327s] -- Up-to-date: /home/ycao/virtual_roam_2/install/champ_msgs/include/champ_msgs/champ_msgs/msg/detail/point_array__type_support.hpp
[0.327s] -- Up-to-date: /home/ycao/virtual_roam_2/install/champ_msgs/include/champ_msgs/champ_msgs/msg/detail/imu__traits.hpp
[0.327s] -- Up-to-date: /home/ycao/virtual_roam_2/install/champ_msgs/include/champ_msgs/champ_msgs/msg/detail/imu__builder.hpp
[0.327s] -- Up-to-date: /home/ycao/virtual_roam_2/install/champ_msgs/include/champ_msgs/champ_msgs/msg/detail/point_array__builder.hpp
[0.327s] -- Up-to-date: /home/ycao/virtual_roam_2/install/champ_msgs/include/champ_msgs/champ_msgs/msg/detail/pid__type_support.hpp
[0.328s] -- Up-to-date: /home/ycao/virtual_roam_2/install/champ_msgs/include/champ_msgs/champ_msgs/msg/detail/joints__type_support.hpp
[0.328s] -- Up-to-date: /home/ycao/virtual_roam_2/install/champ_msgs/include/champ_msgs/champ_msgs/msg/detail/velocities__traits.hpp
[0.328s] -- Up-to-date: /home/ycao/virtual_roam_2/install/champ_msgs/include/champ_msgs/champ_msgs/msg/detail/joints__traits.hpp
[0.328s] -- Up-to-date: /home/ycao/virtual_roam_2/install/champ_msgs/include/champ_msgs/champ_msgs/msg/detail/pid__traits.hpp
[0.328s] -- Up-to-date: /home/ycao/virtual_roam_2/install/champ_msgs/include/champ_msgs/champ_msgs/msg/detail/pose__struct.hpp
[0.328s] -- Up-to-date: /home/ycao/virtual_roam_2/install/champ_msgs/include/champ_msgs/champ_msgs/msg/detail/imu__type_support.hpp
[0.328s] -- Up-to-date: /home/ycao/virtual_roam_2/install/champ_msgs/include/champ_msgs/champ_msgs/msg/detail/point__struct.hpp
[0.328s] -- Up-to-date: /home/ycao/virtual_roam_2/install/champ_msgs/include/champ_msgs/champ_msgs/msg/detail/pid__builder.hpp
[0.328s] -- Up-to-date: /home/ycao/virtual_roam_2/install/champ_msgs/include/champ_msgs/champ_msgs/msg/detail/contacts__struct.hpp
[0.328s] -- Up-to-date: /home/ycao/virtual_roam_2/install/champ_msgs/include/champ_msgs/champ_msgs/msg/detail/contacts_stamped__struct.hpp
[0.328s] -- Up-to-date: /home/ycao/virtual_roam_2/install/champ_msgs/include/champ_msgs/champ_msgs/msg/detail/point__type_support.hpp
[0.328s] -- Up-to-date: /home/ycao/virtual_roam_2/install/champ_msgs/include/champ_msgs/champ_msgs/msg/detail/joints__struct.hpp
[0.328s] -- Up-to-date: /home/ycao/virtual_roam_2/install/champ_msgs/include/champ_msgs/champ_msgs/msg/detail/pose__builder.hpp
[0.328s] -- Up-to-date: /home/ycao/virtual_roam_2/install/champ_msgs/include/champ_msgs/champ_msgs/msg/detail/velocities__type_support.hpp
[0.329s] -- Up-to-date: /home/ycao/virtual_roam_2/install/champ_msgs/include/champ_msgs/champ_msgs/msg/detail/pose__type_support.hpp
[0.329s] -- Up-to-date: /home/ycao/virtual_roam_2/install/champ_msgs/include/champ_msgs/champ_msgs/msg/detail/point_array__traits.hpp
[0.329s] -- Up-to-date: /home/ycao/virtual_roam_2/install/champ_msgs/include/champ_msgs/champ_msgs/msg/detail/velocities__builder.hpp
[0.329s] -- Up-to-date: /home/ycao/virtual_roam_2/install/champ_msgs/include/champ_msgs/champ_msgs/msg/detail/contacts__builder.hpp
[0.329s] -- Up-to-date: /home/ycao/virtual_roam_2/install/champ_msgs/include/champ_msgs/champ_msgs/msg/detail/contacts_stamped__traits.hpp
[0.329s] -- Up-to-date: /home/ycao/virtual_roam_2/install/champ_msgs/include/champ_msgs/champ_msgs/msg/detail/contacts_stamped__builder.hpp
[0.329s] -- Up-to-date: /home/ycao/virtual_roam_2/install/champ_msgs/include/champ_msgs/champ_msgs/msg/detail/joints__builder.hpp
[0.329s] -- Up-to-date: /home/ycao/virtual_roam_2/install/champ_msgs/include/champ_msgs/champ_msgs/msg/detail/contacts__traits.hpp
[0.329s] -- Up-to-date: /home/ycao/virtual_roam_2/install/champ_msgs/include/champ_msgs/champ_msgs/msg/detail/contacts_stamped__type_support.hpp
[0.329s] -- Up-to-date: /home/ycao/virtual_roam_2/install/champ_msgs/include/champ_msgs/champ_msgs/msg/detail/pid__struct.hpp
[0.329s] -- Up-to-date: /home/ycao/virtual_roam_2/install/champ_msgs/include/champ_msgs/champ_msgs/msg/pose.hpp
[0.330s] -- Up-to-date: /home/ycao/virtual_roam_2/install/champ_msgs/include/champ_msgs/champ_msgs/msg/velocities.hpp
[0.330s] -- Up-to-date: /home/ycao/virtual_roam_2/install/champ_msgs/include/champ_msgs/champ_msgs/msg/joints.hpp
[0.330s] -- Up-to-date: /home/ycao/virtual_roam_2/install/champ_msgs/include/champ_msgs/champ_msgs/msg/contacts.hpp
[0.330s] -- Up-to-date: /home/ycao/virtual_roam_2/install/champ_msgs/include/champ_msgs/champ_msgs
[0.330s] -- Up-to-date: /home/ycao/virtual_roam_2/install/champ_msgs/include/champ_msgs/champ_msgs/msg
[0.330s] -- Up-to-date: /home/ycao/virtual_roam_2/install/champ_msgs/include/champ_msgs/champ_msgs/msg/rosidl_typesupport_fastrtps_cpp__visibility_control.h
[0.330s] -- Up-to-date: /home/ycao/virtual_roam_2/install/champ_msgs/include/champ_msgs/champ_msgs/msg/detail
[0.330s] -- Up-to-date: /home/ycao/virtual_roam_2/install/champ_msgs/include/champ_msgs/champ_msgs/msg/detail/imu__rosidl_typesupport_fastrtps_cpp.hpp
[0.330s] -- Up-to-date: /home/ycao/virtual_roam_2/install/champ_msgs/include/champ_msgs/champ_msgs/msg/detail/point_array__rosidl_typesupport_fastrtps_cpp.hpp
[0.330s] -- Up-to-date: /home/ycao/virtual_roam_2/install/champ_msgs/include/champ_msgs/champ_msgs/msg/detail/point__rosidl_typesupport_fastrtps_cpp.hpp
[0.330s] -- Up-to-date: /home/ycao/virtual_roam_2/install/champ_msgs/include/champ_msgs/champ_msgs/msg/detail/joints__rosidl_typesupport_fastrtps_cpp.hpp
[0.330s] -- Up-to-date: /home/ycao/virtual_roam_2/install/champ_msgs/include/champ_msgs/champ_msgs/msg/detail/dds_fastrtps
[0.330s] -- Up-to-date: /home/ycao/virtual_roam_2/install/champ_msgs/include/champ_msgs/champ_msgs/msg/detail/pid__rosidl_typesupport_fastrtps_cpp.hpp
[0.330s] -- Up-to-date: /home/ycao/virtual_roam_2/install/champ_msgs/include/champ_msgs/champ_msgs/msg/detail/contacts_stamped__rosidl_typesupport_fastrtps_cpp.hpp
[0.331s] -- Up-to-date: /home/ycao/virtual_roam_2/install/champ_msgs/include/champ_msgs/champ_msgs/msg/detail/pose__rosidl_typesupport_fastrtps_cpp.hpp
[0.331s] -- Up-to-date: /home/ycao/virtual_roam_2/install/champ_msgs/include/champ_msgs/champ_msgs/msg/detail/contacts__rosidl_typesupport_fastrtps_cpp.hpp
[0.331s] -- Up-to-date: /home/ycao/virtual_roam_2/install/champ_msgs/include/champ_msgs/champ_msgs/msg/detail/velocities__rosidl_typesupport_fastrtps_cpp.hpp
[0.331s] -- Up-to-date: /home/ycao/virtual_roam_2/install/champ_msgs/lib/libchamp_msgs__rosidl_typesupport_fastrtps_cpp.so
[0.331s] -- Up-to-date: /home/ycao/virtual_roam_2/install/champ_msgs/include/champ_msgs/champ_msgs
[0.331s] -- Up-to-date: /home/ycao/virtual_roam_2/install/champ_msgs/include/champ_msgs/champ_msgs/msg
[0.331s] -- Up-to-date: /home/ycao/virtual_roam_2/install/champ_msgs/include/champ_msgs/champ_msgs/msg/detail
[0.331s] -- Up-to-date: /home/ycao/virtual_roam_2/install/champ_msgs/include/champ_msgs/champ_msgs/msg/detail/point__rosidl_typesupport_introspection_cpp.hpp
[0.331s] -- Up-to-date: /home/ycao/virtual_roam_2/install/champ_msgs/include/champ_msgs/champ_msgs/msg/detail/velocities__type_support.cpp
[0.331s] -- Up-to-date: /home/ycao/virtual_roam_2/install/champ_msgs/include/champ_msgs/champ_msgs/msg/detail/imu__rosidl_typesupport_introspection_cpp.hpp
[0.331s] -- Up-to-date: /home/ycao/virtual_roam_2/install/champ_msgs/include/champ_msgs/champ_msgs/msg/detail/point_array__type_support.cpp
[0.331s] -- Up-to-date: /home/ycao/virtual_roam_2/install/champ_msgs/include/champ_msgs/champ_msgs/msg/detail/joints__rosidl_typesupport_introspection_cpp.hpp
[0.331s] -- Up-to-date: /home/ycao/virtual_roam_2/install/champ_msgs/include/champ_msgs/champ_msgs/msg/detail/velocities__rosidl_typesupport_introspection_cpp.hpp
[0.331s] -- Up-to-date: /home/ycao/virtual_roam_2/install/champ_msgs/include/champ_msgs/champ_msgs/msg/detail/point_array__rosidl_typesupport_introspection_cpp.hpp
[0.331s] -- Up-to-date: /home/ycao/virtual_roam_2/install/champ_msgs/include/champ_msgs/champ_msgs/msg/detail/pid__rosidl_typesupport_introspection_cpp.hpp
[0.331s] -- Up-to-date: /home/ycao/virtual_roam_2/install/champ_msgs/include/champ_msgs/champ_msgs/msg/detail/contacts_stamped__rosidl_typesupport_introspection_cpp.hpp
[0.331s] -- Up-to-date: /home/ycao/virtual_roam_2/install/champ_msgs/include/champ_msgs/champ_msgs/msg/detail/contacts__rosidl_typesupport_introspection_cpp.hpp
[0.331s] -- Up-to-date: /home/ycao/virtual_roam_2/install/champ_msgs/include/champ_msgs/champ_msgs/msg/detail/point__type_support.cpp
[0.331s] -- Up-to-date: /home/ycao/virtual_roam_2/install/champ_msgs/include/champ_msgs/champ_msgs/msg/detail/contacts__type_support.cpp
[0.331s] -- Up-to-date: /home/ycao/virtual_roam_2/install/champ_msgs/include/champ_msgs/champ_msgs/msg/detail/pid__type_support.cpp
[0.331s] -- Up-to-date: /home/ycao/virtual_roam_2/install/champ_msgs/include/champ_msgs/champ_msgs/msg/detail/pose__type_support.cpp
[0.331s] -- Up-to-date: /home/ycao/virtual_roam_2/install/champ_msgs/include/champ_msgs/champ_msgs/msg/detail/joints__type_support.cpp
[0.331s] -- Up-to-date: /home/ycao/virtual_roam_2/install/champ_msgs/include/champ_msgs/champ_msgs/msg/detail/contacts_stamped__type_support.cpp
[0.331s] -- Up-to-date: /home/ycao/virtual_roam_2/install/champ_msgs/include/champ_msgs/champ_msgs/msg/detail/pose__rosidl_typesupport_introspection_cpp.hpp
[0.331s] -- Up-to-date: /home/ycao/virtual_roam_2/install/champ_msgs/include/champ_msgs/champ_msgs/msg/detail/imu__type_support.cpp
[0.332s] -- Up-to-date: /home/ycao/virtual_roam_2/install/champ_msgs/lib/libchamp_msgs__rosidl_typesupport_introspection_cpp.so
[0.332s] -- Up-to-date: /home/ycao/virtual_roam_2/install/champ_msgs/lib/libchamp_msgs__rosidl_typesupport_cpp.so
[0.332s] -- Up-to-date: /home/ycao/virtual_roam_2/install/champ_msgs/share/champ_msgs/environment/pythonpath.sh
[0.332s] -- Up-to-date: /home/ycao/virtual_roam_2/install/champ_msgs/share/champ_msgs/environment/pythonpath.dsv
[0.332s] -- Up-to-date: /home/ycao/virtual_roam_2/install/champ_msgs/lib/python3.12/site-packages/champ_msgs-0.1.0-py3.12.egg-info
[0.332s] -- Installing: /home/ycao/virtual_roam_2/install/champ_msgs/lib/python3.12/site-packages/champ_msgs-0.1.0-py3.12.egg-info/dependency_links.txt
[0.332s] -- Installing: /home/ycao/virtual_roam_2/install/champ_msgs/lib/python3.12/site-packages/champ_msgs-0.1.0-py3.12.egg-info/PKG-INFO
[0.332s] -- Installing: /home/ycao/virtual_roam_2/install/champ_msgs/lib/python3.12/site-packages/champ_msgs-0.1.0-py3.12.egg-info/SOURCES.txt
[0.332s] -- Installing: /home/ycao/virtual_roam_2/install/champ_msgs/lib/python3.12/site-packages/champ_msgs-0.1.0-py3.12.egg-info/top_level.txt
[0.332s] -- Up-to-date: /home/ycao/virtual_roam_2/install/champ_msgs/lib/python3.12/site-packages/champ_msgs
[0.332s] -- Up-to-date: /home/ycao/virtual_roam_2/install/champ_msgs/lib/python3.12/site-packages/champ_msgs/champ_msgs_s__rosidl_typesupport_c.so
[0.332s] -- Up-to-date: /home/ycao/virtual_roam_2/install/champ_msgs/lib/python3.12/site-packages/champ_msgs/msg
[0.332s] -- Up-to-date: /home/ycao/virtual_roam_2/install/champ_msgs/lib/python3.12/site-packages/champ_msgs/msg/_joints_s.c
[0.332s] -- Up-to-date: /home/ycao/virtual_roam_2/install/champ_msgs/lib/python3.12/site-packages/champ_msgs/msg/__init__.py
[0.332s] -- Up-to-date: /home/ycao/virtual_roam_2/install/champ_msgs/lib/python3.12/site-packages/champ_msgs/msg/_point.py
[0.332s] -- Up-to-date: /home/ycao/virtual_roam_2/install/champ_msgs/lib/python3.12/site-packages/champ_msgs/msg/_pose_s.c
[0.332s] -- Up-to-date: /home/ycao/virtual_roam_2/install/champ_msgs/lib/python3.12/site-packages/champ_msgs/msg/_contacts.py
[0.332s] -- Up-to-date: /home/ycao/virtual_roam_2/install/champ_msgs/lib/python3.12/site-packages/champ_msgs/msg/_point_s.c
[0.332s] -- Up-to-date: /home/ycao/virtual_roam_2/install/champ_msgs/lib/python3.12/site-packages/champ_msgs/msg/_imu_s.c
[0.332s] -- Up-to-date: /home/ycao/virtual_roam_2/install/champ_msgs/lib/python3.12/site-packages/champ_msgs/msg/_point_array.py
[0.332s] -- Up-to-date: /home/ycao/virtual_roam_2/install/champ_msgs/lib/python3.12/site-packages/champ_msgs/msg/_pid.py
[0.332s] -- Up-to-date: /home/ycao/virtual_roam_2/install/champ_msgs/lib/python3.12/site-packages/champ_msgs/msg/_contacts_s.c
[0.332s] -- Up-to-date: /home/ycao/virtual_roam_2/install/champ_msgs/lib/python3.12/site-packages/champ_msgs/msg/_velocities_s.c
[0.332s] -- Up-to-date: /home/ycao/virtual_roam_2/install/champ_msgs/lib/python3.12/site-packages/champ_msgs/msg/_pose.py
[0.333s] -- Up-to-date: /home/ycao/virtual_roam_2/install/champ_msgs/lib/python3.12/site-packages/champ_msgs/msg/_velocities.py
[0.333s] -- Up-to-date: /home/ycao/virtual_roam_2/install/champ_msgs/lib/python3.12/site-packages/champ_msgs/msg/_imu.py
[0.333s] -- Up-to-date: /home/ycao/virtual_roam_2/install/champ_msgs/lib/python3.12/site-packages/champ_msgs/msg/_point_array_s.c
[0.333s] -- Up-to-date: /home/ycao/virtual_roam_2/install/champ_msgs/lib/python3.12/site-packages/champ_msgs/msg/_joints.py
[0.333s] -- Up-to-date: /home/ycao/virtual_roam_2/install/champ_msgs/lib/python3.12/site-packages/champ_msgs/msg/_pid_s.c
[0.333s] -- Up-to-date: /home/ycao/virtual_roam_2/install/champ_msgs/lib/python3.12/site-packages/champ_msgs/msg/_contacts_stamped_s.c
[0.333s] -- Up-to-date: /home/ycao/virtual_roam_2/install/champ_msgs/lib/python3.12/site-packages/champ_msgs/msg/_contacts_stamped.py
[0.333s] -- Up-to-date: /home/ycao/virtual_roam_2/install/champ_msgs/lib/python3.12/site-packages/champ_msgs/__init__.py
[0.333s] -- Up-to-date: /home/ycao/virtual_roam_2/install/champ_msgs/lib/python3.12/site-packages/champ_msgs/champ_msgs_s__rosidl_typesupport_introspection_c.so
[0.333s] -- Up-to-date: /home/ycao/virtual_roam_2/install/champ_msgs/lib/python3.12/site-packages/champ_msgs/_champ_msgs_s.ep.rosidl_typesupport_c.c
[0.333s] -- Up-to-date: /home/ycao/virtual_roam_2/install/champ_msgs/lib/python3.12/site-packages/champ_msgs/_champ_msgs_s.ep.rosidl_typesupport_fastrtps_c.c
[0.333s] -- Up-to-date: /home/ycao/virtual_roam_2/install/champ_msgs/lib/python3.12/site-packages/champ_msgs/_champ_msgs_s.ep.rosidl_typesupport_introspection_c.c
[0.333s] -- Up-to-date: /home/ycao/virtual_roam_2/install/champ_msgs/lib/python3.12/site-packages/champ_msgs/champ_msgs_s__rosidl_typesupport_fastrtps_c.so
[0.351s] Listing '/home/ycao/virtual_roam_2/install/champ_msgs/lib/python3.12/site-packages/champ_msgs'...
[0.351s] Listing '/home/ycao/virtual_roam_2/install/champ_msgs/lib/python3.12/site-packages/champ_msgs/msg'...
[0.355s] -- Up-to-date: /home/ycao/virtual_roam_2/install/champ_msgs/lib/python3.12/site-packages/champ_msgs/champ_msgs_s__rosidl_typesupport_fastrtps_c.so
[0.355s] -- Up-to-date: /home/ycao/virtual_roam_2/install/champ_msgs/lib/python3.12/site-packages/champ_msgs/champ_msgs_s__rosidl_typesupport_introspection_c.so
[0.356s] -- Up-to-date: /home/ycao/virtual_roam_2/install/champ_msgs/lib/python3.12/site-packages/champ_msgs/champ_msgs_s__rosidl_typesupport_c.so
[0.356s] -- Up-to-date: /home/ycao/virtual_roam_2/install/champ_msgs/lib/libchamp_msgs__rosidl_generator_py.so
[0.356s] -- Up-to-date: /home/ycao/virtual_roam_2/install/champ_msgs/share/champ_msgs/msg/Velocities.idl
[0.356s] -- Up-to-date: /home/ycao/virtual_roam_2/install/champ_msgs/share/champ_msgs/msg/PID.idl
[0.356s] -- Up-to-date: /home/ycao/virtual_roam_2/install/champ_msgs/share/champ_msgs/msg/Imu.idl
[0.356s] -- Up-to-date: /home/ycao/virtual_roam_2/install/champ_msgs/share/champ_msgs/msg/Point.idl
[0.357s] -- Up-to-date: /home/ycao/virtual_roam_2/install/champ_msgs/share/champ_msgs/msg/PointArray.idl
[0.357s] -- Up-to-date: /home/ycao/virtual_roam_2/install/champ_msgs/share/champ_msgs/msg/Joints.idl
[0.357s] -- Up-to-date: /home/ycao/virtual_roam_2/install/champ_msgs/share/champ_msgs/msg/Contacts.idl
[0.357s] -- Up-to-date: /home/ycao/virtual_roam_2/install/champ_msgs/share/champ_msgs/msg/ContactsStamped.idl
[0.357s] -- Up-to-date: /home/ycao/virtual_roam_2/install/champ_msgs/share/champ_msgs/msg/Pose.idl
[0.357s] -- Up-to-date: /home/ycao/virtual_roam_2/install/champ_msgs/share/champ_msgs/msg/Velocities.msg
[0.357s] -- Up-to-date: /home/ycao/virtual_roam_2/install/champ_msgs/share/champ_msgs/msg/PID.msg
[0.357s] -- Up-to-date: /home/ycao/virtual_roam_2/install/champ_msgs/share/champ_msgs/msg/Imu.msg
[0.357s] -- Up-to-date: /home/ycao/virtual_roam_2/install/champ_msgs/share/champ_msgs/msg/Point.msg
[0.357s] -- Up-to-date: /home/ycao/virtual_roam_2/install/champ_msgs/share/champ_msgs/msg/PointArray.msg
[0.358s] -- Up-to-date: /home/ycao/virtual_roam_2/install/champ_msgs/share/champ_msgs/msg/Joints.msg
[0.358s] -- Up-to-date: /home/ycao/virtual_roam_2/install/champ_msgs/share/champ_msgs/msg/Contacts.msg
[0.358s] -- Up-to-date: /home/ycao/virtual_roam_2/install/champ_msgs/share/champ_msgs/msg/ContactsStamped.msg
[0.358s] -- Up-to-date: /home/ycao/virtual_roam_2/install/champ_msgs/share/champ_msgs/msg/Pose.msg
[0.358s] -- Up-to-date: /home/ycao/virtual_roam_2/install/champ_msgs/share/ament_index/resource_index/package_run_dependencies/champ_msgs
[0.358s] -- Up-to-date: /home/ycao/virtual_roam_2/install/champ_msgs/share/ament_index/resource_index/parent_prefix_path/champ_msgs
[0.358s] -- Up-to-date: /home/ycao/virtual_roam_2/install/champ_msgs/share/champ_msgs/environment/ament_prefix_path.sh
[0.358s] -- Up-to-date: /home/ycao/virtual_roam_2/install/champ_msgs/share/champ_msgs/environment/ament_prefix_path.dsv
[0.358s] -- Up-to-date: /home/ycao/virtual_roam_2/install/champ_msgs/share/champ_msgs/environment/path.sh
[0.358s] -- Up-to-date: /home/ycao/virtual_roam_2/install/champ_msgs/share/champ_msgs/environment/path.dsv
[0.359s] -- Up-to-date: /home/ycao/virtual_roam_2/install/champ_msgs/share/champ_msgs/local_setup.bash
[0.359s] -- Up-to-date: /home/ycao/virtual_roam_2/install/champ_msgs/share/champ_msgs/local_setup.sh
[0.359s] -- Up-to-date: /home/ycao/virtual_roam_2/install/champ_msgs/share/champ_msgs/local_setup.zsh
[0.359s] -- Up-to-date: /home/ycao/virtual_roam_2/install/champ_msgs/share/champ_msgs/local_setup.dsv
[0.359s] -- Installing: /home/ycao/virtual_roam_2/install/champ_msgs/share/champ_msgs/package.dsv
[0.359s] -- Up-to-date: /home/ycao/virtual_roam_2/install/champ_msgs/share/ament_index/resource_index/packages/champ_msgs
[0.359s] -- Up-to-date: /home/ycao/virtual_roam_2/install/champ_msgs/share/champ_msgs/cmake/export_champ_msgs__rosidl_generator_cExport.cmake
[0.359s] -- Up-to-date: /home/ycao/virtual_roam_2/install/champ_msgs/share/champ_msgs/cmake/export_champ_msgs__rosidl_generator_cExport-noconfig.cmake
[0.359s] -- Up-to-date: /home/ycao/virtual_roam_2/install/champ_msgs/share/champ_msgs/cmake/export_champ_msgs__rosidl_typesupport_fastrtps_cExport.cmake
[0.359s] -- Up-to-date: /home/ycao/virtual_roam_2/install/champ_msgs/share/champ_msgs/cmake/export_champ_msgs__rosidl_typesupport_fastrtps_cExport-noconfig.cmake
[0.359s] -- Up-to-date: /home/ycao/virtual_roam_2/install/champ_msgs/share/champ_msgs/cmake/champ_msgs__rosidl_typesupport_introspection_cExport.cmake
[0.360s] -- Up-to-date: /home/ycao/virtual_roam_2/install/champ_msgs/share/champ_msgs/cmake/champ_msgs__rosidl_typesupport_introspection_cExport-noconfig.cmake
[0.360s] -- Up-to-date: /home/ycao/virtual_roam_2/install/champ_msgs/share/champ_msgs/cmake/champ_msgs__rosidl_typesupport_cExport.cmake
[0.360s] -- Up-to-date: /home/ycao/virtual_roam_2/install/champ_msgs/share/champ_msgs/cmake/champ_msgs__rosidl_typesupport_cExport-noconfig.cmake
[0.360s] -- Up-to-date: /home/ycao/virtual_roam_2/install/champ_msgs/share/champ_msgs/cmake/export_champ_msgs__rosidl_generator_cppExport.cmake
[0.360s] -- Up-to-date: /home/ycao/virtual_roam_2/install/champ_msgs/share/champ_msgs/cmake/export_champ_msgs__rosidl_typesupport_fastrtps_cppExport.cmake
[0.360s] -- Up-to-date: /home/ycao/virtual_roam_2/install/champ_msgs/share/champ_msgs/cmake/export_champ_msgs__rosidl_typesupport_fastrtps_cppExport-noconfig.cmake
[0.360s] -- Up-to-date: /home/ycao/virtual_roam_2/install/champ_msgs/share/champ_msgs/cmake/champ_msgs__rosidl_typesupport_introspection_cppExport.cmake
[0.360s] -- Up-to-date: /home/ycao/virtual_roam_2/install/champ_msgs/share/champ_msgs/cmake/champ_msgs__rosidl_typesupport_introspection_cppExport-noconfig.cmake
[0.360s] -- Up-to-date: /home/ycao/virtual_roam_2/install/champ_msgs/share/champ_msgs/cmake/champ_msgs__rosidl_typesupport_cppExport.cmake
[0.361s] -- Up-to-date: /home/ycao/virtual_roam_2/install/champ_msgs/share/champ_msgs/cmake/champ_msgs__rosidl_typesupport_cppExport-noconfig.cmake
[0.361s] -- Up-to-date: /home/ycao/virtual_roam_2/install/champ_msgs/share/champ_msgs/cmake/export_champ_msgs__rosidl_generator_pyExport.cmake
[0.361s] -- Up-to-date: /home/ycao/virtual_roam_2/install/champ_msgs/share/champ_msgs/cmake/export_champ_msgs__rosidl_generator_pyExport-noconfig.cmake
[0.361s] -- Up-to-date: /home/ycao/virtual_roam_2/install/champ_msgs/share/champ_msgs/cmake/rosidl_cmake-extras.cmake
[0.361s] -- Up-to-date: /home/ycao/virtual_roam_2/install/champ_msgs/share/champ_msgs/cmake/ament_cmake_export_dependencies-extras.cmake
[0.362s] -- Up-to-date: /home/ycao/virtual_roam_2/install/champ_msgs/share/champ_msgs/cmake/ament_cmake_export_include_directories-extras.cmake
[0.362s] -- Up-to-date: /home/ycao/virtual_roam_2/install/champ_msgs/share/champ_msgs/cmake/ament_cmake_export_libraries-extras.cmake
[0.362s] -- Up-to-date: /home/ycao/virtual_roam_2/install/champ_msgs/share/champ_msgs/cmake/ament_cmake_export_targets-extras.cmake
[0.362s] -- Up-to-date: /home/ycao/virtual_roam_2/install/champ_msgs/share/champ_msgs/cmake/rosidl_cmake_export_typesupport_targets-extras.cmake
[0.362s] -- Up-to-date: /home/ycao/virtual_roam_2/install/champ_msgs/share/champ_msgs/cmake/rosidl_cmake_export_typesupport_libraries-extras.cmake
[0.362s] -- Up-to-date: /home/ycao/virtual_roam_2/install/champ_msgs/share/champ_msgs/cmake/champ_msgsConfig.cmake
[0.362s] -- Up-to-date: /home/ycao/virtual_roam_2/install/champ_msgs/share/champ_msgs/cmake/champ_msgsConfig-version.cmake
[0.363s] -- Up-to-date: /home/ycao/virtual_roam_2/install/champ_msgs/share/champ_msgs/package.xml
[0.363s] Invoked command in '/home/ycao/virtual_roam_2/build/champ_msgs' returned '0': CMAKE_PREFIX_PATH=${CMAKE_PREFIX_PATH}:/opt/ros/jazzy DEBUGINFOD_URLS=https://debuginfod.ubuntu.com /usr/bin/cmake --install /home/ycao/virtual_roam_2/build/champ_msgs
