[0.066s] DEBUG:colcon:Command line arguments: ['/usr/bin/colcon', 'build']
[0.067s] DEBUG:colcon:Parsed command line arguments: Namespace(log_base=None, log_level=None, verb_name='build', build_base='build', install_base='install', merge_install=False, symlink_install=False, test_result_base=None, continue_on_error=False, executor='parallel', parallel_workers=16, event_handlers=None, ignore_user_meta=False, metas=['./colcon.meta'], base_paths=['.'], packages_ignore=None, packages_ignore_regex=None, paths=None, packages_up_to=None, packages_up_to_regex=None, packages_above=None, packages_above_and_dependencies=None, packages_above_depth=None, packages_select_by_dep=None, packages_skip_by_dep=None, packages_skip_up_to=None, packages_select_build_failed=False, packages_skip_build_finished=False, packages_select_test_failures=False, packages_skip_test_passed=False, packages_select=None, packages_skip=None, packages_select_regex=None, packages_skip_regex=None, packages_start=None, packages_end=None, allow_overriding=[], cmake_args=None, cmake_target=None, cmake_target_skip_unavailable=False, cmake_clean_cache=False, cmake_clean_first=False, cmake_force_configure=False, ament_cmake_args=None, catkin_cmake_args=None, catkin_skip_building_tests=False, mixin_files=None, mixin=None, verb_parser=<colcon_mixin.mixin.mixin_argument.MixinArgumentDecorator object at 0x77e8e5f94680>, verb_extension=<colcon_core.verb.build.BuildVerb object at 0x77e8e6997830>, main=<bound method BuildVerb.main of <colcon_core.verb.build.BuildVerb object at 0x77e8e6997830>>, mixin_verb=('build',))
[0.092s] Level 1:colcon.colcon_core.package_discovery:discover_packages(colcon_meta) check parameters
[0.092s] Level 1:colcon.colcon_core.package_discovery:discover_packages(recursive) check parameters
[0.092s] Level 1:colcon.colcon_core.package_discovery:discover_packages(ignore) check parameters
[0.092s] Level 1:colcon.colcon_core.package_discovery:discover_packages(path) check parameters
[0.092s] Level 1:colcon.colcon_core.package_discovery:discover_packages(colcon_meta) discover
[0.092s] Level 1:colcon.colcon_core.package_discovery:discover_packages(recursive) discover
[0.092s] INFO:colcon.colcon_core.package_discovery:Crawling recursively for packages in '/home/ycao/virtual_roam_2'
[0.092s] Level 1:colcon.colcon_core.package_identification:_identify(.) by extensions ['ignore', 'ignore_ament_install']
[0.092s] Level 1:colcon.colcon_core.package_identification:_identify(.) by extension 'ignore'
[0.092s] Level 1:colcon.colcon_core.package_identification:_identify(.) by extension 'ignore_ament_install'
[0.093s] Level 1:colcon.colcon_core.package_identification:_identify(.) by extensions ['colcon_pkg']
[0.093s] Level 1:colcon.colcon_core.package_identification:_identify(.) by extension 'colcon_pkg'
[0.093s] Level 1:colcon.colcon_core.package_identification:_identify(.) by extensions ['colcon_meta']
[0.093s] Level 1:colcon.colcon_core.package_identification:_identify(.) by extension 'colcon_meta'
[0.093s] Level 1:colcon.colcon_core.package_identification:_identify(.) by extensions ['ros']
[0.093s] Level 1:colcon.colcon_core.package_identification:_identify(.) by extension 'ros'
[0.108s] Level 1:colcon.colcon_core.package_identification:_identify(.) by extensions ['cmake', 'python']
[0.108s] Level 1:colcon.colcon_core.package_identification:_identify(.) by extension 'cmake'
[0.108s] Level 1:colcon.colcon_core.package_identification:_identify(.) by extension 'python'
[0.108s] Level 1:colcon.colcon_core.package_identification:_identify(.) by extensions ['python_setup_py']
[0.108s] Level 1:colcon.colcon_core.package_identification:_identify(.) by extension 'python_setup_py'
[0.108s] Level 1:colcon.colcon_core.package_identification:_identify(build) by extensions ['ignore', 'ignore_ament_install']
[0.108s] Level 1:colcon.colcon_core.package_identification:_identify(build) by extension 'ignore'
[0.109s] Level 1:colcon.colcon_core.package_identification:_identify(build) ignored
[0.109s] Level 1:colcon.colcon_core.package_identification:_identify(install) by extensions ['ignore', 'ignore_ament_install']
[0.109s] Level 1:colcon.colcon_core.package_identification:_identify(install) by extension 'ignore'
[0.109s] Level 1:colcon.colcon_core.package_identification:_identify(install) ignored
[0.109s] Level 1:colcon.colcon_core.package_identification:_identify(log) by extensions ['ignore', 'ignore_ament_install']
[0.109s] Level 1:colcon.colcon_core.package_identification:_identify(log) by extension 'ignore'
[0.109s] Level 1:colcon.colcon_core.package_identification:_identify(log) ignored
[0.109s] Level 1:colcon.colcon_core.package_identification:_identify(src) by extensions ['ignore', 'ignore_ament_install']
[0.109s] Level 1:colcon.colcon_core.package_identification:_identify(src) by extension 'ignore'
[0.109s] Level 1:colcon.colcon_core.package_identification:_identify(src) by extension 'ignore_ament_install'
[0.109s] Level 1:colcon.colcon_core.package_identification:_identify(src) by extensions ['colcon_pkg']
[0.109s] Level 1:colcon.colcon_core.package_identification:_identify(src) by extension 'colcon_pkg'
[0.109s] Level 1:colcon.colcon_core.package_identification:_identify(src) by extensions ['colcon_meta']
[0.109s] Level 1:colcon.colcon_core.package_identification:_identify(src) by extension 'colcon_meta'
[0.109s] Level 1:colcon.colcon_core.package_identification:_identify(src) by extensions ['ros']
[0.109s] Level 1:colcon.colcon_core.package_identification:_identify(src) by extension 'ros'
[0.109s] Level 1:colcon.colcon_core.package_identification:_identify(src) by extensions ['cmake', 'python']
[0.109s] Level 1:colcon.colcon_core.package_identification:_identify(src) by extension 'cmake'
[0.109s] Level 1:colcon.colcon_core.package_identification:_identify(src) by extension 'python'
[0.109s] Level 1:colcon.colcon_core.package_identification:_identify(src) by extensions ['python_setup_py']
[0.109s] Level 1:colcon.colcon_core.package_identification:_identify(src) by extension 'python_setup_py'
[0.109s] Level 1:colcon.colcon_core.package_identification:_identify(src/champ) by extensions ['ignore', 'ignore_ament_install']
[0.109s] Level 1:colcon.colcon_core.package_identification:_identify(src/champ) by extension 'ignore'
[0.109s] Level 1:colcon.colcon_core.package_identification:_identify(src/champ) by extension 'ignore_ament_install'
[0.109s] Level 1:colcon.colcon_core.package_identification:_identify(src/champ) by extensions ['colcon_pkg']
[0.109s] Level 1:colcon.colcon_core.package_identification:_identify(src/champ) by extension 'colcon_pkg'
[0.110s] Level 1:colcon.colcon_core.package_identification:_identify(src/champ) by extensions ['colcon_meta']
[0.110s] Level 1:colcon.colcon_core.package_identification:_identify(src/champ) by extension 'colcon_meta'
[0.110s] Level 1:colcon.colcon_core.package_identification:_identify(src/champ) by extensions ['ros']
[0.110s] Level 1:colcon.colcon_core.package_identification:_identify(src/champ) by extension 'ros'
[0.111s] DEBUG:colcon.colcon_core.package_identification:Package 'src/champ' with type 'ros.ament_cmake' and name 'champ'
[0.111s] Level 1:colcon.colcon_core.package_identification:_identify(src/champ_base) by extensions ['ignore', 'ignore_ament_install']
[0.111s] Level 1:colcon.colcon_core.package_identification:_identify(src/champ_base) by extension 'ignore'
[0.111s] Level 1:colcon.colcon_core.package_identification:_identify(src/champ_base) by extension 'ignore_ament_install'
[0.111s] Level 1:colcon.colcon_core.package_identification:_identify(src/champ_base) by extensions ['colcon_pkg']
[0.111s] Level 1:colcon.colcon_core.package_identification:_identify(src/champ_base) by extension 'colcon_pkg'
[0.111s] Level 1:colcon.colcon_core.package_identification:_identify(src/champ_base) by extensions ['colcon_meta']
[0.111s] Level 1:colcon.colcon_core.package_identification:_identify(src/champ_base) by extension 'colcon_meta'
[0.111s] Level 1:colcon.colcon_core.package_identification:_identify(src/champ_base) by extensions ['ros']
[0.111s] Level 1:colcon.colcon_core.package_identification:_identify(src/champ_base) by extension 'ros'
[0.112s] DEBUG:colcon.colcon_core.package_identification:Package 'src/champ_base' with type 'ros.ament_cmake' and name 'champ_base'
[0.112s] Level 1:colcon.colcon_core.package_identification:_identify(src/champ_msgs) by extensions ['ignore', 'ignore_ament_install']
[0.112s] Level 1:colcon.colcon_core.package_identification:_identify(src/champ_msgs) by extension 'ignore'
[0.112s] Level 1:colcon.colcon_core.package_identification:_identify(src/champ_msgs) by extension 'ignore_ament_install'
[0.112s] Level 1:colcon.colcon_core.package_identification:_identify(src/champ_msgs) by extensions ['colcon_pkg']
[0.112s] Level 1:colcon.colcon_core.package_identification:_identify(src/champ_msgs) by extension 'colcon_pkg'
[0.113s] Level 1:colcon.colcon_core.package_identification:_identify(src/champ_msgs) by extensions ['colcon_meta']
[0.113s] Level 1:colcon.colcon_core.package_identification:_identify(src/champ_msgs) by extension 'colcon_meta'
[0.113s] Level 1:colcon.colcon_core.package_identification:_identify(src/champ_msgs) by extensions ['ros']
[0.113s] Level 1:colcon.colcon_core.package_identification:_identify(src/champ_msgs) by extension 'ros'
[0.113s] DEBUG:colcon.colcon_core.package_identification:Package 'src/champ_msgs' with type 'ros.ament_cmake' and name 'champ_msgs'
[0.113s] Level 1:colcon.colcon_core.package_identification:_identify(src/unitree_go2_description) by extensions ['ignore', 'ignore_ament_install']
[0.113s] Level 1:colcon.colcon_core.package_identification:_identify(src/unitree_go2_description) by extension 'ignore'
[0.113s] Level 1:colcon.colcon_core.package_identification:_identify(src/unitree_go2_description) by extension 'ignore_ament_install'
[0.113s] Level 1:colcon.colcon_core.package_identification:_identify(src/unitree_go2_description) by extensions ['colcon_pkg']
[0.113s] Level 1:colcon.colcon_core.package_identification:_identify(src/unitree_go2_description) by extension 'colcon_pkg'
[0.113s] Level 1:colcon.colcon_core.package_identification:_identify(src/unitree_go2_description) by extensions ['colcon_meta']
[0.113s] Level 1:colcon.colcon_core.package_identification:_identify(src/unitree_go2_description) by extension 'colcon_meta'
[0.113s] Level 1:colcon.colcon_core.package_identification:_identify(src/unitree_go2_description) by extensions ['ros']
[0.113s] Level 1:colcon.colcon_core.package_identification:_identify(src/unitree_go2_description) by extension 'ros'
[0.114s] DEBUG:colcon.colcon_core.package_identification:Package 'src/unitree_go2_description' with type 'ros.ament_cmake' and name 'unitree_go2_description'
[0.114s] Level 1:colcon.colcon_core.package_identification:_identify(src/unitree_go2_sim) by extensions ['ignore', 'ignore_ament_install']
[0.114s] Level 1:colcon.colcon_core.package_identification:_identify(src/unitree_go2_sim) by extension 'ignore'
[0.114s] Level 1:colcon.colcon_core.package_identification:_identify(src/unitree_go2_sim) by extension 'ignore_ament_install'
[0.114s] Level 1:colcon.colcon_core.package_identification:_identify(src/unitree_go2_sim) by extensions ['colcon_pkg']
[0.114s] Level 1:colcon.colcon_core.package_identification:_identify(src/unitree_go2_sim) by extension 'colcon_pkg'
[0.114s] Level 1:colcon.colcon_core.package_identification:_identify(src/unitree_go2_sim) by extensions ['colcon_meta']
[0.114s] Level 1:colcon.colcon_core.package_identification:_identify(src/unitree_go2_sim) by extension 'colcon_meta'
[0.114s] Level 1:colcon.colcon_core.package_identification:_identify(src/unitree_go2_sim) by extensions ['ros']
[0.114s] Level 1:colcon.colcon_core.package_identification:_identify(src/unitree_go2_sim) by extension 'ros'
[0.114s] DEBUG:colcon.colcon_core.package_identification:Package 'src/unitree_go2_sim' with type 'ros.ament_cmake' and name 'unitree_go2_sim'
[0.114s] Level 1:colcon.colcon_core.package_discovery:discover_packages(recursive) using defaults
[0.114s] Level 1:colcon.colcon_core.package_discovery:discover_packages(ignore) discover
[0.114s] Level 1:colcon.colcon_core.package_discovery:discover_packages(ignore) using defaults
[0.114s] Level 1:colcon.colcon_core.package_discovery:discover_packages(path) discover
[0.114s] Level 1:colcon.colcon_core.package_discovery:discover_packages(path) using defaults
[0.126s] Level 1:colcon.colcon_core.package_discovery:discover_packages(prefix_path) check parameters
[0.126s] Level 1:colcon.colcon_core.package_discovery:discover_packages(prefix_path) discover
[0.128s] DEBUG:colcon.colcon_installed_package_information.package_discovery:Found 375 installed packages in /opt/ros/jazzy
[0.129s] Level 1:colcon.colcon_core.package_discovery:discover_packages(prefix_path) using defaults
[0.158s] Level 5:colcon.colcon_core.verb:set package 'champ' build argument 'cmake_args' from command line to 'None'
[0.158s] Level 5:colcon.colcon_core.verb:set package 'champ' build argument 'cmake_target' from command line to 'None'
[0.158s] Level 5:colcon.colcon_core.verb:set package 'champ' build argument 'cmake_target_skip_unavailable' from command line to 'False'
[0.158s] Level 5:colcon.colcon_core.verb:set package 'champ' build argument 'cmake_clean_cache' from command line to 'False'
[0.158s] Level 5:colcon.colcon_core.verb:set package 'champ' build argument 'cmake_clean_first' from command line to 'False'
[0.158s] Level 5:colcon.colcon_core.verb:set package 'champ' build argument 'cmake_force_configure' from command line to 'False'
[0.158s] Level 5:colcon.colcon_core.verb:set package 'champ' build argument 'ament_cmake_args' from command line to 'None'
[0.158s] Level 5:colcon.colcon_core.verb:set package 'champ' build argument 'catkin_cmake_args' from command line to 'None'
[0.158s] Level 5:colcon.colcon_core.verb:set package 'champ' build argument 'catkin_skip_building_tests' from command line to 'False'
[0.158s] DEBUG:colcon.colcon_core.verb:Building package 'champ' with the following arguments: {'ament_cmake_args': None, 'build_base': '/home/ycao/virtual_roam_2/build/champ', 'catkin_cmake_args': None, 'catkin_skip_building_tests': False, 'cmake_args': None, 'cmake_clean_cache': False, 'cmake_clean_first': False, 'cmake_force_configure': False, 'cmake_target': None, 'cmake_target_skip_unavailable': False, 'install_base': '/home/ycao/virtual_roam_2/install/champ', 'merge_install': False, 'path': '/home/ycao/virtual_roam_2/src/champ', 'symlink_install': False, 'test_result_base': None}
[0.159s] Level 5:colcon.colcon_core.verb:set package 'champ_msgs' build argument 'cmake_args' from command line to 'None'
[0.159s] Level 5:colcon.colcon_core.verb:set package 'champ_msgs' build argument 'cmake_target' from command line to 'None'
[0.159s] Level 5:colcon.colcon_core.verb:set package 'champ_msgs' build argument 'cmake_target_skip_unavailable' from command line to 'False'
[0.159s] Level 5:colcon.colcon_core.verb:set package 'champ_msgs' build argument 'cmake_clean_cache' from command line to 'False'
[0.159s] Level 5:colcon.colcon_core.verb:set package 'champ_msgs' build argument 'cmake_clean_first' from command line to 'False'
[0.159s] Level 5:colcon.colcon_core.verb:set package 'champ_msgs' build argument 'cmake_force_configure' from command line to 'False'
[0.159s] Level 5:colcon.colcon_core.verb:set package 'champ_msgs' build argument 'ament_cmake_args' from command line to 'None'
[0.159s] Level 5:colcon.colcon_core.verb:set package 'champ_msgs' build argument 'catkin_cmake_args' from command line to 'None'
[0.159s] Level 5:colcon.colcon_core.verb:set package 'champ_msgs' build argument 'catkin_skip_building_tests' from command line to 'False'
[0.159s] DEBUG:colcon.colcon_core.verb:Building package 'champ_msgs' with the following arguments: {'ament_cmake_args': None, 'build_base': '/home/ycao/virtual_roam_2/build/champ_msgs', 'catkin_cmake_args': None, 'catkin_skip_building_tests': False, 'cmake_args': None, 'cmake_clean_cache': False, 'cmake_clean_first': False, 'cmake_force_configure': False, 'cmake_target': None, 'cmake_target_skip_unavailable': False, 'install_base': '/home/ycao/virtual_roam_2/install/champ_msgs', 'merge_install': False, 'path': '/home/ycao/virtual_roam_2/src/champ_msgs', 'symlink_install': False, 'test_result_base': None}
[0.159s] Level 5:colcon.colcon_core.verb:set package 'unitree_go2_description' build argument 'cmake_args' from command line to 'None'
[0.159s] Level 5:colcon.colcon_core.verb:set package 'unitree_go2_description' build argument 'cmake_target' from command line to 'None'
[0.159s] Level 5:colcon.colcon_core.verb:set package 'unitree_go2_description' build argument 'cmake_target_skip_unavailable' from command line to 'False'
[0.159s] Level 5:colcon.colcon_core.verb:set package 'unitree_go2_description' build argument 'cmake_clean_cache' from command line to 'False'
[0.159s] Level 5:colcon.colcon_core.verb:set package 'unitree_go2_description' build argument 'cmake_clean_first' from command line to 'False'
[0.159s] Level 5:colcon.colcon_core.verb:set package 'unitree_go2_description' build argument 'cmake_force_configure' from command line to 'False'
[0.159s] Level 5:colcon.colcon_core.verb:set package 'unitree_go2_description' build argument 'ament_cmake_args' from command line to 'None'
[0.159s] Level 5:colcon.colcon_core.verb:set package 'unitree_go2_description' build argument 'catkin_cmake_args' from command line to 'None'
[0.159s] Level 5:colcon.colcon_core.verb:set package 'unitree_go2_description' build argument 'catkin_skip_building_tests' from command line to 'False'
[0.159s] DEBUG:colcon.colcon_core.verb:Building package 'unitree_go2_description' with the following arguments: {'ament_cmake_args': None, 'build_base': '/home/ycao/virtual_roam_2/build/unitree_go2_description', 'catkin_cmake_args': None, 'catkin_skip_building_tests': False, 'cmake_args': None, 'cmake_clean_cache': False, 'cmake_clean_first': False, 'cmake_force_configure': False, 'cmake_target': None, 'cmake_target_skip_unavailable': False, 'install_base': '/home/ycao/virtual_roam_2/install/unitree_go2_description', 'merge_install': False, 'path': '/home/ycao/virtual_roam_2/src/unitree_go2_description', 'symlink_install': False, 'test_result_base': None}
[0.159s] Level 5:colcon.colcon_core.verb:set package 'unitree_go2_sim' build argument 'cmake_args' from command line to 'None'
[0.159s] Level 5:colcon.colcon_core.verb:set package 'unitree_go2_sim' build argument 'cmake_target' from command line to 'None'
[0.159s] Level 5:colcon.colcon_core.verb:set package 'unitree_go2_sim' build argument 'cmake_target_skip_unavailable' from command line to 'False'
[0.159s] Level 5:colcon.colcon_core.verb:set package 'unitree_go2_sim' build argument 'cmake_clean_cache' from command line to 'False'
[0.159s] Level 5:colcon.colcon_core.verb:set package 'unitree_go2_sim' build argument 'cmake_clean_first' from command line to 'False'
[0.159s] Level 5:colcon.colcon_core.verb:set package 'unitree_go2_sim' build argument 'cmake_force_configure' from command line to 'False'
[0.159s] Level 5:colcon.colcon_core.verb:set package 'unitree_go2_sim' build argument 'ament_cmake_args' from command line to 'None'
[0.159s] Level 5:colcon.colcon_core.verb:set package 'unitree_go2_sim' build argument 'catkin_cmake_args' from command line to 'None'
[0.159s] Level 5:colcon.colcon_core.verb:set package 'unitree_go2_sim' build argument 'catkin_skip_building_tests' from command line to 'False'
[0.159s] DEBUG:colcon.colcon_core.verb:Building package 'unitree_go2_sim' with the following arguments: {'ament_cmake_args': None, 'build_base': '/home/ycao/virtual_roam_2/build/unitree_go2_sim', 'catkin_cmake_args': None, 'catkin_skip_building_tests': False, 'cmake_args': None, 'cmake_clean_cache': False, 'cmake_clean_first': False, 'cmake_force_configure': False, 'cmake_target': None, 'cmake_target_skip_unavailable': False, 'install_base': '/home/ycao/virtual_roam_2/install/unitree_go2_sim', 'merge_install': False, 'path': '/home/ycao/virtual_roam_2/src/unitree_go2_sim', 'symlink_install': False, 'test_result_base': None}
[0.159s] Level 5:colcon.colcon_core.verb:set package 'champ_base' build argument 'cmake_args' from command line to 'None'
[0.159s] Level 5:colcon.colcon_core.verb:set package 'champ_base' build argument 'cmake_target' from command line to 'None'
[0.159s] Level 5:colcon.colcon_core.verb:set package 'champ_base' build argument 'cmake_target_skip_unavailable' from command line to 'False'
[0.159s] Level 5:colcon.colcon_core.verb:set package 'champ_base' build argument 'cmake_clean_cache' from command line to 'False'
[0.159s] Level 5:colcon.colcon_core.verb:set package 'champ_base' build argument 'cmake_clean_first' from command line to 'False'
[0.160s] Level 5:colcon.colcon_core.verb:set package 'champ_base' build argument 'cmake_force_configure' from command line to 'False'
[0.160s] Level 5:colcon.colcon_core.verb:set package 'champ_base' build argument 'ament_cmake_args' from command line to 'None'
[0.160s] Level 5:colcon.colcon_core.verb:set package 'champ_base' build argument 'catkin_cmake_args' from command line to 'None'
[0.160s] Level 5:colcon.colcon_core.verb:set package 'champ_base' build argument 'catkin_skip_building_tests' from command line to 'False'
[0.160s] DEBUG:colcon.colcon_core.verb:Building package 'champ_base' with the following arguments: {'ament_cmake_args': None, 'build_base': '/home/ycao/virtual_roam_2/build/champ_base', 'catkin_cmake_args': None, 'catkin_skip_building_tests': False, 'cmake_args': None, 'cmake_clean_cache': False, 'cmake_clean_first': False, 'cmake_force_configure': False, 'cmake_target': None, 'cmake_target_skip_unavailable': False, 'install_base': '/home/ycao/virtual_roam_2/install/champ_base', 'merge_install': False, 'path': '/home/ycao/virtual_roam_2/src/champ_base', 'symlink_install': False, 'test_result_base': None}
[0.160s] INFO:colcon.colcon_core.executor:Executing jobs using 'parallel' executor
[0.160s] DEBUG:colcon.colcon_parallel_executor.executor.parallel:run_until_complete
[0.161s] INFO:colcon.colcon_ros.task.ament_cmake.build:Building ROS package in '/home/ycao/virtual_roam_2/src/champ' with build type 'ament_cmake'
[0.161s] INFO:colcon.colcon_cmake.task.cmake.build:Building CMake package in '/home/ycao/virtual_roam_2/src/champ'
[0.162s] INFO:colcon.colcon_core.plugin_system:Skipping extension 'colcon_core.shell.bat': Not used on non-Windows systems
[0.162s] INFO:colcon.colcon_core.shell:Skip shell extension 'powershell' for command environment: Not usable outside of PowerShell
[0.162s] DEBUG:colcon.colcon_core.shell:Skip shell extension 'dsv' for command environment
[0.165s] INFO:colcon.colcon_ros.task.ament_cmake.build:Building ROS package in '/home/ycao/virtual_roam_2/src/champ_msgs' with build type 'ament_cmake'
[0.165s] INFO:colcon.colcon_cmake.task.cmake.build:Building CMake package in '/home/ycao/virtual_roam_2/src/champ_msgs'
[0.166s] INFO:colcon.colcon_core.shell:Skip shell extension 'powershell' for command environment: Not usable outside of PowerShell
[0.166s] DEBUG:colcon.colcon_core.shell:Skip shell extension 'dsv' for command environment
[0.168s] INFO:colcon.colcon_ros.task.ament_cmake.build:Building ROS package in '/home/ycao/virtual_roam_2/src/unitree_go2_description' with build type 'ament_cmake'
[0.169s] INFO:colcon.colcon_cmake.task.cmake.build:Building CMake package in '/home/ycao/virtual_roam_2/src/unitree_go2_description'
[0.169s] INFO:colcon.colcon_core.shell:Skip shell extension 'powershell' for command environment: Not usable outside of PowerShell
[0.169s] DEBUG:colcon.colcon_core.shell:Skip shell extension 'dsv' for command environment
[0.171s] INFO:colcon.colcon_ros.task.ament_cmake.build:Building ROS package in '/home/ycao/virtual_roam_2/src/unitree_go2_sim' with build type 'ament_cmake'
[0.171s] INFO:colcon.colcon_cmake.task.cmake.build:Building CMake package in '/home/ycao/virtual_roam_2/src/unitree_go2_sim'
[0.171s] INFO:colcon.colcon_core.shell:Skip shell extension 'powershell' for command environment: Not usable outside of PowerShell
[0.171s] DEBUG:colcon.colcon_core.shell:Skip shell extension 'dsv' for command environment
[0.175s] DEBUG:colcon.colcon_core.event_handler.log_command:Invoking command in '/home/ycao/virtual_roam_2/build/champ': CMAKE_PREFIX_PATH=${CMAKE_PREFIX_PATH}:/opt/ros/jazzy DEBUGINFOD_URLS=https://debuginfod.ubuntu.com /usr/bin/cmake /home/ycao/virtual_roam_2/src/champ -DCMAKE_INSTALL_PREFIX=/home/ycao/virtual_roam_2/install/champ
[0.179s] DEBUG:colcon.colcon_core.event_handler.log_command:Invoking command in '/home/ycao/virtual_roam_2/build/champ_msgs': CMAKE_PREFIX_PATH=${CMAKE_PREFIX_PATH}:/opt/ros/jazzy DEBUGINFOD_URLS=https://debuginfod.ubuntu.com /usr/bin/cmake /home/ycao/virtual_roam_2/src/champ_msgs -DCMAKE_INSTALL_PREFIX=/home/ycao/virtual_roam_2/install/champ_msgs
[0.180s] DEBUG:colcon.colcon_core.event_handler.log_command:Invoking command in '/home/ycao/virtual_roam_2/build/unitree_go2_description': CMAKE_PREFIX_PATH=${CMAKE_PREFIX_PATH}:/opt/ros/jazzy DEBUGINFOD_URLS=https://debuginfod.ubuntu.com /usr/bin/cmake /home/ycao/virtual_roam_2/src/unitree_go2_description -DCMAKE_INSTALL_PREFIX=/home/ycao/virtual_roam_2/install/unitree_go2_description
[0.185s] DEBUG:colcon.colcon_core.event_handler.log_command:Invoking command in '/home/ycao/virtual_roam_2/build/unitree_go2_sim': CMAKE_PREFIX_PATH=${CMAKE_PREFIX_PATH}:/opt/ros/jazzy DEBUGINFOD_URLS=https://debuginfod.ubuntu.com /usr/bin/cmake /home/ycao/virtual_roam_2/src/unitree_go2_sim -DCMAKE_INSTALL_PREFIX=/home/ycao/virtual_roam_2/install/unitree_go2_sim
[0.740s] DEBUG:colcon.colcon_core.event_handler.log_command:Invoked command in '/home/ycao/virtual_roam_2/build/unitree_go2_description' returned '0': CMAKE_PREFIX_PATH=${CMAKE_PREFIX_PATH}:/opt/ros/jazzy DEBUGINFOD_URLS=https://debuginfod.ubuntu.com /usr/bin/cmake /home/ycao/virtual_roam_2/src/unitree_go2_description -DCMAKE_INSTALL_PREFIX=/home/ycao/virtual_roam_2/install/unitree_go2_description
[0.741s] DEBUG:colcon.colcon_core.event_handler.log_command:Invoking command in '/home/ycao/virtual_roam_2/build/unitree_go2_description': CMAKE_PREFIX_PATH=${CMAKE_PREFIX_PATH}:/opt/ros/jazzy DEBUGINFOD_URLS=https://debuginfod.ubuntu.com /usr/bin/cmake --build /home/ycao/virtual_roam_2/build/unitree_go2_description -- -j16 -l16
[0.752s] DEBUG:colcon.colcon_core.event_handler.log_command:Invoked command in '/home/ycao/virtual_roam_2/build/unitree_go2_sim' returned '0': CMAKE_PREFIX_PATH=${CMAKE_PREFIX_PATH}:/opt/ros/jazzy DEBUGINFOD_URLS=https://debuginfod.ubuntu.com /usr/bin/cmake /home/ycao/virtual_roam_2/src/unitree_go2_sim -DCMAKE_INSTALL_PREFIX=/home/ycao/virtual_roam_2/install/unitree_go2_sim
[0.753s] DEBUG:colcon.colcon_core.event_handler.log_command:Invoking command in '/home/ycao/virtual_roam_2/build/unitree_go2_sim': CMAKE_PREFIX_PATH=${CMAKE_PREFIX_PATH}:/opt/ros/jazzy DEBUGINFOD_URLS=https://debuginfod.ubuntu.com /usr/bin/cmake --build /home/ycao/virtual_roam_2/build/unitree_go2_sim -- -j16 -l16
[0.777s] DEBUG:colcon.colcon_core.event_handler.log_command:Invoked command in '/home/ycao/virtual_roam_2/build/unitree_go2_description' returned '0': CMAKE_PREFIX_PATH=${CMAKE_PREFIX_PATH}:/opt/ros/jazzy DEBUGINFOD_URLS=https://debuginfod.ubuntu.com /usr/bin/cmake --build /home/ycao/virtual_roam_2/build/unitree_go2_description -- -j16 -l16
[0.787s] DEBUG:colcon.colcon_core.event_handler.log_command:Invoking command in '/home/ycao/virtual_roam_2/build/unitree_go2_description': CMAKE_PREFIX_PATH=${CMAKE_PREFIX_PATH}:/opt/ros/jazzy DEBUGINFOD_URLS=https://debuginfod.ubuntu.com /usr/bin/cmake --install /home/ycao/virtual_roam_2/build/unitree_go2_description
[0.791s] DEBUG:colcon.colcon_core.event_handler.log_command:Invoked command in '/home/ycao/virtual_roam_2/build/unitree_go2_sim' returned '0': CMAKE_PREFIX_PATH=${CMAKE_PREFIX_PATH}:/opt/ros/jazzy DEBUGINFOD_URLS=https://debuginfod.ubuntu.com /usr/bin/cmake --build /home/ycao/virtual_roam_2/build/unitree_go2_sim -- -j16 -l16
[0.792s] DEBUG:colcon.colcon_core.event_handler.log_command:Invoking command in '/home/ycao/virtual_roam_2/build/unitree_go2_sim': CMAKE_PREFIX_PATH=${CMAKE_PREFIX_PATH}:/opt/ros/jazzy DEBUGINFOD_URLS=https://debuginfod.ubuntu.com /usr/bin/cmake --install /home/ycao/virtual_roam_2/build/unitree_go2_sim
[0.802s] Level 1:colcon.colcon_core.environment:create_environment_scripts_only(unitree_go2_sim)
[0.803s] DEBUG:colcon.colcon_core.event_handler.log_command:Invoked command in '/home/ycao/virtual_roam_2/build/unitree_go2_sim' returned '0': CMAKE_PREFIX_PATH=${CMAKE_PREFIX_PATH}:/opt/ros/jazzy DEBUGINFOD_URLS=https://debuginfod.ubuntu.com /usr/bin/cmake --install /home/ycao/virtual_roam_2/build/unitree_go2_sim
[0.805s] Level 1:colcon.colcon_core.environment:checking '/home/ycao/virtual_roam_2/install/unitree_go2_sim' for CMake module files
[0.805s] Level 1:colcon.colcon_core.environment:checking '/home/ycao/virtual_roam_2/install/unitree_go2_sim' for CMake config files
[0.805s] Level 1:colcon.colcon_core.shell:create_environment_hook('unitree_go2_sim', 'cmake_prefix_path')
[0.805s] INFO:colcon.colcon_core.shell:Creating environment hook '/home/ycao/virtual_roam_2/install/unitree_go2_sim/share/unitree_go2_sim/hook/cmake_prefix_path.ps1'
[0.806s] INFO:colcon.colcon_core.shell:Creating environment descriptor '/home/ycao/virtual_roam_2/install/unitree_go2_sim/share/unitree_go2_sim/hook/cmake_prefix_path.dsv'
[0.806s] INFO:colcon.colcon_core.shell:Creating environment hook '/home/ycao/virtual_roam_2/install/unitree_go2_sim/share/unitree_go2_sim/hook/cmake_prefix_path.sh'
[0.807s] Level 1:colcon.colcon_core.environment:checking '/home/ycao/virtual_roam_2/install/unitree_go2_sim/bin'
[0.807s] Level 1:colcon.colcon_core.environment:checking '/home/ycao/virtual_roam_2/install/unitree_go2_sim/lib/pkgconfig/unitree_go2_sim.pc'
[0.807s] Level 1:colcon.colcon_core.environment:checking '/home/ycao/virtual_roam_2/install/unitree_go2_sim/lib/python3.12/site-packages'
[0.807s] Level 1:colcon.colcon_core.environment:checking '/home/ycao/virtual_roam_2/install/unitree_go2_sim/bin'
[0.807s] INFO:colcon.colcon_core.shell:Creating package script '/home/ycao/virtual_roam_2/install/unitree_go2_sim/share/unitree_go2_sim/package.ps1'
[0.808s] INFO:colcon.colcon_core.shell:Creating package descriptor '/home/ycao/virtual_roam_2/install/unitree_go2_sim/share/unitree_go2_sim/package.dsv'
[0.808s] INFO:colcon.colcon_core.shell:Creating package script '/home/ycao/virtual_roam_2/install/unitree_go2_sim/share/unitree_go2_sim/package.sh'
[0.808s] INFO:colcon.colcon_core.shell:Creating package script '/home/ycao/virtual_roam_2/install/unitree_go2_sim/share/unitree_go2_sim/package.bash'
[0.809s] INFO:colcon.colcon_core.shell:Creating package script '/home/ycao/virtual_roam_2/install/unitree_go2_sim/share/unitree_go2_sim/package.zsh'
[0.809s] Level 1:colcon.colcon_core.environment:create_file_with_runtime_dependencies(/home/ycao/virtual_roam_2/install/unitree_go2_sim/share/colcon-core/packages/unitree_go2_sim)
[0.809s] Level 1:colcon.colcon_core.environment:create_environment_scripts_only(unitree_go2_sim)
[0.810s] Level 1:colcon.colcon_core.environment:checking '/home/ycao/virtual_roam_2/install/unitree_go2_sim' for CMake module files
[0.810s] Level 1:colcon.colcon_core.environment:checking '/home/ycao/virtual_roam_2/install/unitree_go2_sim' for CMake config files
[0.810s] Level 1:colcon.colcon_core.shell:create_environment_hook('unitree_go2_sim', 'cmake_prefix_path')
[0.810s] INFO:colcon.colcon_core.shell:Creating environment hook '/home/ycao/virtual_roam_2/install/unitree_go2_sim/share/unitree_go2_sim/hook/cmake_prefix_path.ps1'
[0.810s] INFO:colcon.colcon_core.shell:Creating environment descriptor '/home/ycao/virtual_roam_2/install/unitree_go2_sim/share/unitree_go2_sim/hook/cmake_prefix_path.dsv'
[0.811s] INFO:colcon.colcon_core.shell:Creating environment hook '/home/ycao/virtual_roam_2/install/unitree_go2_sim/share/unitree_go2_sim/hook/cmake_prefix_path.sh'
[0.811s] Level 1:colcon.colcon_core.environment:checking '/home/ycao/virtual_roam_2/install/unitree_go2_sim/bin'
[0.811s] Level 1:colcon.colcon_core.environment:checking '/home/ycao/virtual_roam_2/install/unitree_go2_sim/lib/pkgconfig/unitree_go2_sim.pc'
[0.811s] Level 1:colcon.colcon_core.environment:checking '/home/ycao/virtual_roam_2/install/unitree_go2_sim/lib/python3.12/site-packages'
[0.812s] Level 1:colcon.colcon_core.environment:checking '/home/ycao/virtual_roam_2/install/unitree_go2_sim/bin'
[0.812s] INFO:colcon.colcon_core.shell:Creating package script '/home/ycao/virtual_roam_2/install/unitree_go2_sim/share/unitree_go2_sim/package.ps1'
[0.812s] INFO:colcon.colcon_core.shell:Creating package descriptor '/home/ycao/virtual_roam_2/install/unitree_go2_sim/share/unitree_go2_sim/package.dsv'
[0.813s] INFO:colcon.colcon_core.shell:Creating package script '/home/ycao/virtual_roam_2/install/unitree_go2_sim/share/unitree_go2_sim/package.sh'
[0.813s] INFO:colcon.colcon_core.shell:Creating package script '/home/ycao/virtual_roam_2/install/unitree_go2_sim/share/unitree_go2_sim/package.bash'
[0.813s] INFO:colcon.colcon_core.shell:Creating package script '/home/ycao/virtual_roam_2/install/unitree_go2_sim/share/unitree_go2_sim/package.zsh'
[0.814s] Level 1:colcon.colcon_core.environment:create_file_with_runtime_dependencies(/home/ycao/virtual_roam_2/install/unitree_go2_sim/share/colcon-core/packages/unitree_go2_sim)
[0.843s] Level 1:colcon.colcon_core.environment:create_environment_scripts_only(unitree_go2_description)
[0.843s] Level 1:colcon.colcon_core.environment:checking '/home/ycao/virtual_roam_2/install/unitree_go2_description' for CMake module files
[0.843s] DEBUG:colcon.colcon_core.event_handler.log_command:Invoked command in '/home/ycao/virtual_roam_2/build/unitree_go2_description' returned '0': CMAKE_PREFIX_PATH=${CMAKE_PREFIX_PATH}:/opt/ros/jazzy DEBUGINFOD_URLS=https://debuginfod.ubuntu.com /usr/bin/cmake --install /home/ycao/virtual_roam_2/build/unitree_go2_description
[0.844s] Level 1:colcon.colcon_core.environment:checking '/home/ycao/virtual_roam_2/install/unitree_go2_description' for CMake config files
[0.844s] Level 1:colcon.colcon_core.shell:create_environment_hook('unitree_go2_description', 'cmake_prefix_path')
[0.844s] INFO:colcon.colcon_core.shell:Creating environment hook '/home/ycao/virtual_roam_2/install/unitree_go2_description/share/unitree_go2_description/hook/cmake_prefix_path.ps1'
[0.844s] INFO:colcon.colcon_core.shell:Creating environment descriptor '/home/ycao/virtual_roam_2/install/unitree_go2_description/share/unitree_go2_description/hook/cmake_prefix_path.dsv'
[0.845s] INFO:colcon.colcon_core.shell:Creating environment hook '/home/ycao/virtual_roam_2/install/unitree_go2_description/share/unitree_go2_description/hook/cmake_prefix_path.sh'
[0.845s] Level 1:colcon.colcon_core.environment:checking '/home/ycao/virtual_roam_2/install/unitree_go2_description/bin'
[0.845s] Level 1:colcon.colcon_core.environment:checking '/home/ycao/virtual_roam_2/install/unitree_go2_description/lib/pkgconfig/unitree_go2_description.pc'
[0.845s] Level 1:colcon.colcon_core.environment:checking '/home/ycao/virtual_roam_2/install/unitree_go2_description/lib/python3.12/site-packages'
[0.845s] Level 1:colcon.colcon_core.environment:checking '/home/ycao/virtual_roam_2/install/unitree_go2_description/bin'
[0.845s] INFO:colcon.colcon_core.shell:Creating package script '/home/ycao/virtual_roam_2/install/unitree_go2_description/share/unitree_go2_description/package.ps1'
[0.846s] INFO:colcon.colcon_core.shell:Creating package descriptor '/home/ycao/virtual_roam_2/install/unitree_go2_description/share/unitree_go2_description/package.dsv'
[0.846s] INFO:colcon.colcon_core.shell:Creating package script '/home/ycao/virtual_roam_2/install/unitree_go2_description/share/unitree_go2_description/package.sh'
[0.846s] INFO:colcon.colcon_core.shell:Creating package script '/home/ycao/virtual_roam_2/install/unitree_go2_description/share/unitree_go2_description/package.bash'
[0.846s] INFO:colcon.colcon_core.shell:Creating package script '/home/ycao/virtual_roam_2/install/unitree_go2_description/share/unitree_go2_description/package.zsh'
[0.847s] Level 1:colcon.colcon_core.environment:create_file_with_runtime_dependencies(/home/ycao/virtual_roam_2/install/unitree_go2_description/share/colcon-core/packages/unitree_go2_description)
[0.847s] Level 1:colcon.colcon_core.environment:create_environment_scripts_only(unitree_go2_description)
[0.847s] Level 1:colcon.colcon_core.environment:checking '/home/ycao/virtual_roam_2/install/unitree_go2_description' for CMake module files
[0.847s] Level 1:colcon.colcon_core.environment:checking '/home/ycao/virtual_roam_2/install/unitree_go2_description' for CMake config files
[0.848s] Level 1:colcon.colcon_core.shell:create_environment_hook('unitree_go2_description', 'cmake_prefix_path')
[0.848s] INFO:colcon.colcon_core.shell:Creating environment hook '/home/ycao/virtual_roam_2/install/unitree_go2_description/share/unitree_go2_description/hook/cmake_prefix_path.ps1'
[0.848s] INFO:colcon.colcon_core.shell:Creating environment descriptor '/home/ycao/virtual_roam_2/install/unitree_go2_description/share/unitree_go2_description/hook/cmake_prefix_path.dsv'
[0.848s] INFO:colcon.colcon_core.shell:Creating environment hook '/home/ycao/virtual_roam_2/install/unitree_go2_description/share/unitree_go2_description/hook/cmake_prefix_path.sh'
[0.849s] Level 1:colcon.colcon_core.environment:checking '/home/ycao/virtual_roam_2/install/unitree_go2_description/bin'
[0.849s] Level 1:colcon.colcon_core.environment:checking '/home/ycao/virtual_roam_2/install/unitree_go2_description/lib/pkgconfig/unitree_go2_description.pc'
[0.849s] Level 1:colcon.colcon_core.environment:checking '/home/ycao/virtual_roam_2/install/unitree_go2_description/lib/python3.12/site-packages'
[0.849s] Level 1:colcon.colcon_core.environment:checking '/home/ycao/virtual_roam_2/install/unitree_go2_description/bin'
[0.849s] INFO:colcon.colcon_core.shell:Creating package script '/home/ycao/virtual_roam_2/install/unitree_go2_description/share/unitree_go2_description/package.ps1'
[0.850s] INFO:colcon.colcon_core.shell:Creating package descriptor '/home/ycao/virtual_roam_2/install/unitree_go2_description/share/unitree_go2_description/package.dsv'
[0.850s] INFO:colcon.colcon_core.shell:Creating package script '/home/ycao/virtual_roam_2/install/unitree_go2_description/share/unitree_go2_description/package.sh'
[0.850s] INFO:colcon.colcon_core.shell:Creating package script '/home/ycao/virtual_roam_2/install/unitree_go2_description/share/unitree_go2_description/package.bash'
[0.851s] INFO:colcon.colcon_core.shell:Creating package script '/home/ycao/virtual_roam_2/install/unitree_go2_description/share/unitree_go2_description/package.zsh'
[0.851s] Level 1:colcon.colcon_core.environment:create_file_with_runtime_dependencies(/home/ycao/virtual_roam_2/install/unitree_go2_description/share/colcon-core/packages/unitree_go2_description)
[1.069s] DEBUG:colcon.colcon_core.event_handler.log_command:Invoked command in '/home/ycao/virtual_roam_2/build/champ' returned '0': CMAKE_PREFIX_PATH=${CMAKE_PREFIX_PATH}:/opt/ros/jazzy DEBUGINFOD_URLS=https://debuginfod.ubuntu.com /usr/bin/cmake /home/ycao/virtual_roam_2/src/champ -DCMAKE_INSTALL_PREFIX=/home/ycao/virtual_roam_2/install/champ
[1.070s] DEBUG:colcon.colcon_core.event_handler.log_command:Invoking command in '/home/ycao/virtual_roam_2/build/champ': CMAKE_PREFIX_PATH=${CMAKE_PREFIX_PATH}:/opt/ros/jazzy DEBUGINFOD_URLS=https://debuginfod.ubuntu.com /usr/bin/cmake --build /home/ycao/virtual_roam_2/build/champ -- -j16 -l16
[1.105s] DEBUG:colcon.colcon_core.event_handler.log_command:Invoked command in '/home/ycao/virtual_roam_2/build/champ' returned '0': CMAKE_PREFIX_PATH=${CMAKE_PREFIX_PATH}:/opt/ros/jazzy DEBUGINFOD_URLS=https://debuginfod.ubuntu.com /usr/bin/cmake --build /home/ycao/virtual_roam_2/build/champ -- -j16 -l16
[1.106s] DEBUG:colcon.colcon_core.event_handler.log_command:Invoking command in '/home/ycao/virtual_roam_2/build/champ': CMAKE_PREFIX_PATH=${CMAKE_PREFIX_PATH}:/opt/ros/jazzy DEBUGINFOD_URLS=https://debuginfod.ubuntu.com /usr/bin/cmake --install /home/ycao/virtual_roam_2/build/champ
[1.117s] Level 1:colcon.colcon_core.environment:create_environment_scripts_only(champ)
[1.118s] DEBUG:colcon.colcon_core.event_handler.log_command:Invoked command in '/home/ycao/virtual_roam_2/build/champ' returned '0': CMAKE_PREFIX_PATH=${CMAKE_PREFIX_PATH}:/opt/ros/jazzy DEBUGINFOD_URLS=https://debuginfod.ubuntu.com /usr/bin/cmake --install /home/ycao/virtual_roam_2/build/champ
[1.118s] Level 1:colcon.colcon_core.environment:checking '/home/ycao/virtual_roam_2/install/champ' for CMake module files
[1.118s] Level 1:colcon.colcon_core.environment:checking '/home/ycao/virtual_roam_2/install/champ' for CMake config files
[1.118s] Level 1:colcon.colcon_core.shell:create_environment_hook('champ', 'cmake_prefix_path')
[1.119s] INFO:colcon.colcon_core.shell:Creating environment hook '/home/ycao/virtual_roam_2/install/champ/share/champ/hook/cmake_prefix_path.ps1'
[1.119s] INFO:colcon.colcon_core.shell:Creating environment descriptor '/home/ycao/virtual_roam_2/install/champ/share/champ/hook/cmake_prefix_path.dsv'
[1.119s] INFO:colcon.colcon_core.shell:Creating environment hook '/home/ycao/virtual_roam_2/install/champ/share/champ/hook/cmake_prefix_path.sh'
[1.120s] Level 1:colcon.colcon_core.environment:checking '/home/ycao/virtual_roam_2/install/champ/bin'
[1.120s] Level 1:colcon.colcon_core.environment:checking '/home/ycao/virtual_roam_2/install/champ/lib/pkgconfig/champ.pc'
[1.120s] Level 1:colcon.colcon_core.environment:checking '/home/ycao/virtual_roam_2/install/champ/lib/python3.12/site-packages'
[1.120s] Level 1:colcon.colcon_core.environment:checking '/home/ycao/virtual_roam_2/install/champ/bin'
[1.120s] INFO:colcon.colcon_core.shell:Creating package script '/home/ycao/virtual_roam_2/install/champ/share/champ/package.ps1'
[1.120s] INFO:colcon.colcon_core.shell:Creating package descriptor '/home/ycao/virtual_roam_2/install/champ/share/champ/package.dsv'
[1.121s] INFO:colcon.colcon_core.shell:Creating package script '/home/ycao/virtual_roam_2/install/champ/share/champ/package.sh'
[1.121s] INFO:colcon.colcon_core.shell:Creating package script '/home/ycao/virtual_roam_2/install/champ/share/champ/package.bash'
[1.121s] INFO:colcon.colcon_core.shell:Creating package script '/home/ycao/virtual_roam_2/install/champ/share/champ/package.zsh'
[1.121s] Level 1:colcon.colcon_core.environment:create_file_with_runtime_dependencies(/home/ycao/virtual_roam_2/install/champ/share/colcon-core/packages/champ)
[1.122s] Level 1:colcon.colcon_core.environment:create_environment_scripts_only(champ)
[1.122s] Level 1:colcon.colcon_core.environment:checking '/home/ycao/virtual_roam_2/install/champ' for CMake module files
[1.122s] Level 1:colcon.colcon_core.environment:checking '/home/ycao/virtual_roam_2/install/champ' for CMake config files
[1.122s] Level 1:colcon.colcon_core.shell:create_environment_hook('champ', 'cmake_prefix_path')
[1.123s] INFO:colcon.colcon_core.shell:Creating environment hook '/home/ycao/virtual_roam_2/install/champ/share/champ/hook/cmake_prefix_path.ps1'
[1.123s] INFO:colcon.colcon_core.shell:Creating environment descriptor '/home/ycao/virtual_roam_2/install/champ/share/champ/hook/cmake_prefix_path.dsv'
[1.123s] INFO:colcon.colcon_core.shell:Creating environment hook '/home/ycao/virtual_roam_2/install/champ/share/champ/hook/cmake_prefix_path.sh'
[1.124s] Level 1:colcon.colcon_core.environment:checking '/home/ycao/virtual_roam_2/install/champ/bin'
[1.124s] Level 1:colcon.colcon_core.environment:checking '/home/ycao/virtual_roam_2/install/champ/lib/pkgconfig/champ.pc'
[1.124s] Level 1:colcon.colcon_core.environment:checking '/home/ycao/virtual_roam_2/install/champ/lib/python3.12/site-packages'
[1.124s] Level 1:colcon.colcon_core.environment:checking '/home/ycao/virtual_roam_2/install/champ/bin'
[1.124s] INFO:colcon.colcon_core.shell:Creating package script '/home/ycao/virtual_roam_2/install/champ/share/champ/package.ps1'
[1.125s] INFO:colcon.colcon_core.shell:Creating package descriptor '/home/ycao/virtual_roam_2/install/champ/share/champ/package.dsv'
[1.125s] INFO:colcon.colcon_core.shell:Creating package script '/home/ycao/virtual_roam_2/install/champ/share/champ/package.sh'
[1.125s] INFO:colcon.colcon_core.shell:Creating package script '/home/ycao/virtual_roam_2/install/champ/share/champ/package.bash'
[1.126s] INFO:colcon.colcon_core.shell:Creating package script '/home/ycao/virtual_roam_2/install/champ/share/champ/package.zsh'
[1.126s] Level 1:colcon.colcon_core.environment:create_file_with_runtime_dependencies(/home/ycao/virtual_roam_2/install/champ/share/colcon-core/packages/champ)
[2.601s] DEBUG:colcon.colcon_core.event_handler.log_command:Invoked command in '/home/ycao/virtual_roam_2/build/champ_msgs' returned '0': CMAKE_PREFIX_PATH=${CMAKE_PREFIX_PATH}:/opt/ros/jazzy DEBUGINFOD_URLS=https://debuginfod.ubuntu.com /usr/bin/cmake /home/ycao/virtual_roam_2/src/champ_msgs -DCMAKE_INSTALL_PREFIX=/home/ycao/virtual_roam_2/install/champ_msgs
[2.602s] DEBUG:colcon.colcon_core.event_handler.log_command:Invoking command in '/home/ycao/virtual_roam_2/build/champ_msgs': CMAKE_PREFIX_PATH=${CMAKE_PREFIX_PATH}:/opt/ros/jazzy DEBUGINFOD_URLS=https://debuginfod.ubuntu.com /usr/bin/cmake --build /home/ycao/virtual_roam_2/build/champ_msgs -- -j16 -l16
[5.868s] DEBUG:colcon.colcon_core.event_handler.log_command:Invoked command in '/home/ycao/virtual_roam_2/build/champ_msgs' returned '0': CMAKE_PREFIX_PATH=${CMAKE_PREFIX_PATH}:/opt/ros/jazzy DEBUGINFOD_URLS=https://debuginfod.ubuntu.com /usr/bin/cmake --build /home/ycao/virtual_roam_2/build/champ_msgs -- -j16 -l16
[5.869s] DEBUG:colcon.colcon_core.event_handler.log_command:Invoking command in '/home/ycao/virtual_roam_2/build/champ_msgs': CMAKE_PREFIX_PATH=${CMAKE_PREFIX_PATH}:/opt/ros/jazzy DEBUGINFOD_URLS=https://debuginfod.ubuntu.com /usr/bin/cmake --install /home/ycao/virtual_roam_2/build/champ_msgs
[5.939s] Level 1:colcon.colcon_core.environment:create_environment_scripts_only(champ_msgs)
[5.939s] Level 1:colcon.colcon_core.environment:checking '/home/ycao/virtual_roam_2/install/champ_msgs' for CMake module files
[5.939s] DEBUG:colcon.colcon_core.event_handler.log_command:Invoked command in '/home/ycao/virtual_roam_2/build/champ_msgs' returned '0': CMAKE_PREFIX_PATH=${CMAKE_PREFIX_PATH}:/opt/ros/jazzy DEBUGINFOD_URLS=https://debuginfod.ubuntu.com /usr/bin/cmake --install /home/ycao/virtual_roam_2/build/champ_msgs
[5.940s] Level 1:colcon.colcon_core.environment:checking '/home/ycao/virtual_roam_2/install/champ_msgs' for CMake config files
[5.940s] Level 1:colcon.colcon_core.shell:create_environment_hook('champ_msgs', 'cmake_prefix_path')
[5.940s] INFO:colcon.colcon_core.shell:Creating environment hook '/home/ycao/virtual_roam_2/install/champ_msgs/share/champ_msgs/hook/cmake_prefix_path.ps1'
[5.941s] INFO:colcon.colcon_core.shell:Creating environment descriptor '/home/ycao/virtual_roam_2/install/champ_msgs/share/champ_msgs/hook/cmake_prefix_path.dsv'
[5.941s] INFO:colcon.colcon_core.shell:Creating environment hook '/home/ycao/virtual_roam_2/install/champ_msgs/share/champ_msgs/hook/cmake_prefix_path.sh'
[5.941s] Level 1:colcon.colcon_core.environment:checking '/home/ycao/virtual_roam_2/install/champ_msgs/lib'
[5.941s] Level 1:colcon.colcon_core.shell:create_environment_hook('champ_msgs', 'ld_library_path_lib')
[5.941s] INFO:colcon.colcon_core.shell:Creating environment hook '/home/ycao/virtual_roam_2/install/champ_msgs/share/champ_msgs/hook/ld_library_path_lib.ps1'
[5.942s] INFO:colcon.colcon_core.shell:Creating environment descriptor '/home/ycao/virtual_roam_2/install/champ_msgs/share/champ_msgs/hook/ld_library_path_lib.dsv'
[5.942s] INFO:colcon.colcon_core.shell:Creating environment hook '/home/ycao/virtual_roam_2/install/champ_msgs/share/champ_msgs/hook/ld_library_path_lib.sh'
[5.942s] Level 1:colcon.colcon_core.environment:checking '/home/ycao/virtual_roam_2/install/champ_msgs/bin'
[5.942s] Level 1:colcon.colcon_core.environment:checking '/home/ycao/virtual_roam_2/install/champ_msgs/lib/pkgconfig/champ_msgs.pc'
[5.942s] Level 1:colcon.colcon_core.environment:checking '/home/ycao/virtual_roam_2/install/champ_msgs/lib/python3.12/site-packages'
[5.942s] Level 1:colcon.colcon_core.shell:create_environment_hook('champ_msgs', 'pythonpath')
[5.942s] INFO:colcon.colcon_core.shell:Creating environment hook '/home/ycao/virtual_roam_2/install/champ_msgs/share/champ_msgs/hook/pythonpath.ps1'
[5.943s] INFO:colcon.colcon_core.shell:Creating environment descriptor '/home/ycao/virtual_roam_2/install/champ_msgs/share/champ_msgs/hook/pythonpath.dsv'
[5.943s] INFO:colcon.colcon_core.shell:Creating environment hook '/home/ycao/virtual_roam_2/install/champ_msgs/share/champ_msgs/hook/pythonpath.sh'
[5.943s] Level 1:colcon.colcon_core.environment:checking '/home/ycao/virtual_roam_2/install/champ_msgs/bin'
[5.943s] INFO:colcon.colcon_core.shell:Creating package script '/home/ycao/virtual_roam_2/install/champ_msgs/share/champ_msgs/package.ps1'
[5.944s] INFO:colcon.colcon_core.shell:Creating package descriptor '/home/ycao/virtual_roam_2/install/champ_msgs/share/champ_msgs/package.dsv'
[5.944s] INFO:colcon.colcon_core.shell:Creating package script '/home/ycao/virtual_roam_2/install/champ_msgs/share/champ_msgs/package.sh'
[5.944s] INFO:colcon.colcon_core.shell:Creating package script '/home/ycao/virtual_roam_2/install/champ_msgs/share/champ_msgs/package.bash'
[5.945s] INFO:colcon.colcon_core.shell:Creating package script '/home/ycao/virtual_roam_2/install/champ_msgs/share/champ_msgs/package.zsh'
[5.945s] Level 1:colcon.colcon_core.environment:create_file_with_runtime_dependencies(/home/ycao/virtual_roam_2/install/champ_msgs/share/colcon-core/packages/champ_msgs)
[5.945s] Level 1:colcon.colcon_core.environment:create_environment_scripts_only(champ_msgs)
[5.945s] Level 1:colcon.colcon_core.environment:checking '/home/ycao/virtual_roam_2/install/champ_msgs' for CMake module files
[5.946s] Level 1:colcon.colcon_core.environment:checking '/home/ycao/virtual_roam_2/install/champ_msgs' for CMake config files
[5.946s] Level 1:colcon.colcon_core.shell:create_environment_hook('champ_msgs', 'cmake_prefix_path')
[5.946s] INFO:colcon.colcon_core.shell:Creating environment hook '/home/ycao/virtual_roam_2/install/champ_msgs/share/champ_msgs/hook/cmake_prefix_path.ps1'
[5.946s] INFO:colcon.colcon_core.shell:Creating environment descriptor '/home/ycao/virtual_roam_2/install/champ_msgs/share/champ_msgs/hook/cmake_prefix_path.dsv'
[5.946s] INFO:colcon.colcon_core.shell:Creating environment hook '/home/ycao/virtual_roam_2/install/champ_msgs/share/champ_msgs/hook/cmake_prefix_path.sh'
[5.947s] Level 1:colcon.colcon_core.environment:checking '/home/ycao/virtual_roam_2/install/champ_msgs/lib'
[5.947s] Level 1:colcon.colcon_core.shell:create_environment_hook('champ_msgs', 'ld_library_path_lib')
[5.947s] INFO:colcon.colcon_core.shell:Creating environment hook '/home/ycao/virtual_roam_2/install/champ_msgs/share/champ_msgs/hook/ld_library_path_lib.ps1'
[5.947s] INFO:colcon.colcon_core.shell:Creating environment descriptor '/home/ycao/virtual_roam_2/install/champ_msgs/share/champ_msgs/hook/ld_library_path_lib.dsv'
[5.948s] INFO:colcon.colcon_core.shell:Creating environment hook '/home/ycao/virtual_roam_2/install/champ_msgs/share/champ_msgs/hook/ld_library_path_lib.sh'
[5.948s] Level 1:colcon.colcon_core.environment:checking '/home/ycao/virtual_roam_2/install/champ_msgs/bin'
[5.948s] Level 1:colcon.colcon_core.environment:checking '/home/ycao/virtual_roam_2/install/champ_msgs/lib/pkgconfig/champ_msgs.pc'
[5.948s] Level 1:colcon.colcon_core.environment:checking '/home/ycao/virtual_roam_2/install/champ_msgs/lib/python3.12/site-packages'
[5.948s] Level 1:colcon.colcon_core.shell:create_environment_hook('champ_msgs', 'pythonpath')
[5.948s] INFO:colcon.colcon_core.shell:Creating environment hook '/home/ycao/virtual_roam_2/install/champ_msgs/share/champ_msgs/hook/pythonpath.ps1'
[5.949s] INFO:colcon.colcon_core.shell:Creating environment descriptor '/home/ycao/virtual_roam_2/install/champ_msgs/share/champ_msgs/hook/pythonpath.dsv'
[5.949s] INFO:colcon.colcon_core.shell:Creating environment hook '/home/ycao/virtual_roam_2/install/champ_msgs/share/champ_msgs/hook/pythonpath.sh'
[5.949s] Level 1:colcon.colcon_core.environment:checking '/home/ycao/virtual_roam_2/install/champ_msgs/bin'
[5.950s] INFO:colcon.colcon_core.shell:Creating package script '/home/ycao/virtual_roam_2/install/champ_msgs/share/champ_msgs/package.ps1'
[5.950s] INFO:colcon.colcon_core.shell:Creating package descriptor '/home/ycao/virtual_roam_2/install/champ_msgs/share/champ_msgs/package.dsv'
[5.950s] INFO:colcon.colcon_core.shell:Creating package script '/home/ycao/virtual_roam_2/install/champ_msgs/share/champ_msgs/package.sh'
[5.951s] INFO:colcon.colcon_core.shell:Creating package script '/home/ycao/virtual_roam_2/install/champ_msgs/share/champ_msgs/package.bash'
[5.951s] INFO:colcon.colcon_core.shell:Creating package script '/home/ycao/virtual_roam_2/install/champ_msgs/share/champ_msgs/package.zsh'
[5.951s] Level 1:colcon.colcon_core.environment:create_file_with_runtime_dependencies(/home/ycao/virtual_roam_2/install/champ_msgs/share/colcon-core/packages/champ_msgs)
[5.951s] INFO:colcon.colcon_ros.task.ament_cmake.build:Building ROS package in '/home/ycao/virtual_roam_2/src/champ_base' with build type 'ament_cmake'
[5.952s] INFO:colcon.colcon_cmake.task.cmake.build:Building CMake package in '/home/ycao/virtual_roam_2/src/champ_base'
[5.952s] INFO:colcon.colcon_core.shell:Skip shell extension 'powershell' for command environment: Not usable outside of PowerShell
[5.952s] DEBUG:colcon.colcon_core.shell:Skip shell extension 'dsv' for command environment
[5.963s] DEBUG:colcon.colcon_core.event_handler.log_command:Invoking command in '/home/ycao/virtual_roam_2/build/champ_base': AMENT_PREFIX_PATH=/home/ycao/virtual_roam_2/install/champ_msgs:/home/ycao/virtual_roam_2/install/champ:${AMENT_PREFIX_PATH} CMAKE_PREFIX_PATH=/home/ycao/virtual_roam_2/install/champ_msgs:/home/ycao/virtual_roam_2/install/champ:/opt/ros/jazzy/opt/gz_sim_vendor:/opt/ros/jazzy/opt/gz_sensors_vendor:/opt/ros/jazzy/opt/gz_physics_vendor:/opt/ros/jazzy/opt/sdformat_vendor:/opt/ros/jazzy/opt/gz_gui_vendor:/opt/ros/jazzy/opt/gz_transport_vendor:/opt/ros/jazzy/opt/gz_rendering_vendor:/opt/ros/jazzy/opt/gz_plugin_vendor:/opt/ros/jazzy/opt/gz_fuel_tools_vendor:/opt/ros/jazzy/opt/gz_msgs_vendor:/opt/ros/jazzy/opt/gz_common_vendor:/opt/ros/jazzy/opt/gz_math_vendor:/opt/ros/jazzy/opt/gz_utils_vendor:/opt/ros/jazzy/opt/gz_tools_vendor:/opt/ros/jazzy/opt/gz_ogre_next_vendor:/opt/ros/jazzy/opt/gz_dartsim_vendor:/opt/ros/jazzy/opt/gz_cmake_vendor:/opt/ros/jazzy DEBUGINFOD_URLS=https://debuginfod.ubuntu.com LD_LIBRARY_PATH=/home/ycao/virtual_roam_2/install/champ_msgs/lib:${LD_LIBRARY_PATH} PYTHONPATH=/home/ycao/virtual_roam_2/install/champ_msgs/lib/python3.12/site-packages:${PYTHONPATH} /usr/bin/cmake /home/ycao/virtual_roam_2/src/champ_base -DCMAKE_INSTALL_PREFIX=/home/ycao/virtual_roam_2/install/champ_base
[7.099s] DEBUG:colcon.colcon_core.event_handler.log_command:Invoked command in '/home/ycao/virtual_roam_2/build/champ_base' returned '0': AMENT_PREFIX_PATH=/home/ycao/virtual_roam_2/install/champ_msgs:/home/ycao/virtual_roam_2/install/champ:${AMENT_PREFIX_PATH} CMAKE_PREFIX_PATH=/home/ycao/virtual_roam_2/install/champ_msgs:/home/ycao/virtual_roam_2/install/champ:/opt/ros/jazzy/opt/gz_sim_vendor:/opt/ros/jazzy/opt/gz_sensors_vendor:/opt/ros/jazzy/opt/gz_physics_vendor:/opt/ros/jazzy/opt/sdformat_vendor:/opt/ros/jazzy/opt/gz_gui_vendor:/opt/ros/jazzy/opt/gz_transport_vendor:/opt/ros/jazzy/opt/gz_rendering_vendor:/opt/ros/jazzy/opt/gz_plugin_vendor:/opt/ros/jazzy/opt/gz_fuel_tools_vendor:/opt/ros/jazzy/opt/gz_msgs_vendor:/opt/ros/jazzy/opt/gz_common_vendor:/opt/ros/jazzy/opt/gz_math_vendor:/opt/ros/jazzy/opt/gz_utils_vendor:/opt/ros/jazzy/opt/gz_tools_vendor:/opt/ros/jazzy/opt/gz_ogre_next_vendor:/opt/ros/jazzy/opt/gz_dartsim_vendor:/opt/ros/jazzy/opt/gz_cmake_vendor:/opt/ros/jazzy DEBUGINFOD_URLS=https://debuginfod.ubuntu.com LD_LIBRARY_PATH=/home/ycao/virtual_roam_2/install/champ_msgs/lib:${LD_LIBRARY_PATH} PYTHONPATH=/home/ycao/virtual_roam_2/install/champ_msgs/lib/python3.12/site-packages:${PYTHONPATH} /usr/bin/cmake /home/ycao/virtual_roam_2/src/champ_base -DCMAKE_INSTALL_PREFIX=/home/ycao/virtual_roam_2/install/champ_base
[7.099s] DEBUG:colcon.colcon_core.event_handler.log_command:Invoking command in '/home/ycao/virtual_roam_2/build/champ_base': AMENT_PREFIX_PATH=/home/ycao/virtual_roam_2/install/champ_msgs:/home/ycao/virtual_roam_2/install/champ:${AMENT_PREFIX_PATH} CMAKE_PREFIX_PATH=/home/ycao/virtual_roam_2/install/champ_msgs:/home/ycao/virtual_roam_2/install/champ:/opt/ros/jazzy/opt/gz_sim_vendor:/opt/ros/jazzy/opt/gz_sensors_vendor:/opt/ros/jazzy/opt/gz_physics_vendor:/opt/ros/jazzy/opt/sdformat_vendor:/opt/ros/jazzy/opt/gz_gui_vendor:/opt/ros/jazzy/opt/gz_transport_vendor:/opt/ros/jazzy/opt/gz_rendering_vendor:/opt/ros/jazzy/opt/gz_plugin_vendor:/opt/ros/jazzy/opt/gz_fuel_tools_vendor:/opt/ros/jazzy/opt/gz_msgs_vendor:/opt/ros/jazzy/opt/gz_common_vendor:/opt/ros/jazzy/opt/gz_math_vendor:/opt/ros/jazzy/opt/gz_utils_vendor:/opt/ros/jazzy/opt/gz_tools_vendor:/opt/ros/jazzy/opt/gz_ogre_next_vendor:/opt/ros/jazzy/opt/gz_dartsim_vendor:/opt/ros/jazzy/opt/gz_cmake_vendor:/opt/ros/jazzy DEBUGINFOD_URLS=https://debuginfod.ubuntu.com LD_LIBRARY_PATH=/home/ycao/virtual_roam_2/install/champ_msgs/lib:${LD_LIBRARY_PATH} PYTHONPATH=/home/ycao/virtual_roam_2/install/champ_msgs/lib/python3.12/site-packages:${PYTHONPATH} /usr/bin/cmake --build /home/ycao/virtual_roam_2/build/champ_base -- -j16 -l16
[23.491s] DEBUG:colcon.colcon_core.event_handler.log_command:Invoked command in '/home/ycao/virtual_roam_2/build/champ_base' returned '0': AMENT_PREFIX_PATH=/home/ycao/virtual_roam_2/install/champ_msgs:/home/ycao/virtual_roam_2/install/champ:${AMENT_PREFIX_PATH} CMAKE_PREFIX_PATH=/home/ycao/virtual_roam_2/install/champ_msgs:/home/ycao/virtual_roam_2/install/champ:/opt/ros/jazzy/opt/gz_sim_vendor:/opt/ros/jazzy/opt/gz_sensors_vendor:/opt/ros/jazzy/opt/gz_physics_vendor:/opt/ros/jazzy/opt/sdformat_vendor:/opt/ros/jazzy/opt/gz_gui_vendor:/opt/ros/jazzy/opt/gz_transport_vendor:/opt/ros/jazzy/opt/gz_rendering_vendor:/opt/ros/jazzy/opt/gz_plugin_vendor:/opt/ros/jazzy/opt/gz_fuel_tools_vendor:/opt/ros/jazzy/opt/gz_msgs_vendor:/opt/ros/jazzy/opt/gz_common_vendor:/opt/ros/jazzy/opt/gz_math_vendor:/opt/ros/jazzy/opt/gz_utils_vendor:/opt/ros/jazzy/opt/gz_tools_vendor:/opt/ros/jazzy/opt/gz_ogre_next_vendor:/opt/ros/jazzy/opt/gz_dartsim_vendor:/opt/ros/jazzy/opt/gz_cmake_vendor:/opt/ros/jazzy DEBUGINFOD_URLS=https://debuginfod.ubuntu.com LD_LIBRARY_PATH=/home/ycao/virtual_roam_2/install/champ_msgs/lib:${LD_LIBRARY_PATH} PYTHONPATH=/home/ycao/virtual_roam_2/install/champ_msgs/lib/python3.12/site-packages:${PYTHONPATH} /usr/bin/cmake --build /home/ycao/virtual_roam_2/build/champ_base -- -j16 -l16
[23.492s] DEBUG:colcon.colcon_core.event_handler.log_command:Invoking command in '/home/ycao/virtual_roam_2/build/champ_base': AMENT_PREFIX_PATH=/home/ycao/virtual_roam_2/install/champ_msgs:/home/ycao/virtual_roam_2/install/champ:${AMENT_PREFIX_PATH} CMAKE_PREFIX_PATH=/home/ycao/virtual_roam_2/install/champ_msgs:/home/ycao/virtual_roam_2/install/champ:/opt/ros/jazzy/opt/gz_sim_vendor:/opt/ros/jazzy/opt/gz_sensors_vendor:/opt/ros/jazzy/opt/gz_physics_vendor:/opt/ros/jazzy/opt/sdformat_vendor:/opt/ros/jazzy/opt/gz_gui_vendor:/opt/ros/jazzy/opt/gz_transport_vendor:/opt/ros/jazzy/opt/gz_rendering_vendor:/opt/ros/jazzy/opt/gz_plugin_vendor:/opt/ros/jazzy/opt/gz_fuel_tools_vendor:/opt/ros/jazzy/opt/gz_msgs_vendor:/opt/ros/jazzy/opt/gz_common_vendor:/opt/ros/jazzy/opt/gz_math_vendor:/opt/ros/jazzy/opt/gz_utils_vendor:/opt/ros/jazzy/opt/gz_tools_vendor:/opt/ros/jazzy/opt/gz_ogre_next_vendor:/opt/ros/jazzy/opt/gz_dartsim_vendor:/opt/ros/jazzy/opt/gz_cmake_vendor:/opt/ros/jazzy DEBUGINFOD_URLS=https://debuginfod.ubuntu.com LD_LIBRARY_PATH=/home/ycao/virtual_roam_2/install/champ_msgs/lib:${LD_LIBRARY_PATH} PYTHONPATH=/home/ycao/virtual_roam_2/install/champ_msgs/lib/python3.12/site-packages:${PYTHONPATH} /usr/bin/cmake --install /home/ycao/virtual_roam_2/build/champ_base
[23.531s] Level 1:colcon.colcon_core.environment:create_environment_scripts_only(champ_base)
[23.531s] Level 1:colcon.colcon_core.environment:checking '/home/ycao/virtual_roam_2/install/champ_base' for CMake module files
[23.532s] DEBUG:colcon.colcon_core.event_handler.log_command:Invoked command in '/home/ycao/virtual_roam_2/build/champ_base' returned '0': AMENT_PREFIX_PATH=/home/ycao/virtual_roam_2/install/champ_msgs:/home/ycao/virtual_roam_2/install/champ:${AMENT_PREFIX_PATH} CMAKE_PREFIX_PATH=/home/ycao/virtual_roam_2/install/champ_msgs:/home/ycao/virtual_roam_2/install/champ:/opt/ros/jazzy/opt/gz_sim_vendor:/opt/ros/jazzy/opt/gz_sensors_vendor:/opt/ros/jazzy/opt/gz_physics_vendor:/opt/ros/jazzy/opt/sdformat_vendor:/opt/ros/jazzy/opt/gz_gui_vendor:/opt/ros/jazzy/opt/gz_transport_vendor:/opt/ros/jazzy/opt/gz_rendering_vendor:/opt/ros/jazzy/opt/gz_plugin_vendor:/opt/ros/jazzy/opt/gz_fuel_tools_vendor:/opt/ros/jazzy/opt/gz_msgs_vendor:/opt/ros/jazzy/opt/gz_common_vendor:/opt/ros/jazzy/opt/gz_math_vendor:/opt/ros/jazzy/opt/gz_utils_vendor:/opt/ros/jazzy/opt/gz_tools_vendor:/opt/ros/jazzy/opt/gz_ogre_next_vendor:/opt/ros/jazzy/opt/gz_dartsim_vendor:/opt/ros/jazzy/opt/gz_cmake_vendor:/opt/ros/jazzy DEBUGINFOD_URLS=https://debuginfod.ubuntu.com LD_LIBRARY_PATH=/home/ycao/virtual_roam_2/install/champ_msgs/lib:${LD_LIBRARY_PATH} PYTHONPATH=/home/ycao/virtual_roam_2/install/champ_msgs/lib/python3.12/site-packages:${PYTHONPATH} /usr/bin/cmake --install /home/ycao/virtual_roam_2/build/champ_base
[23.532s] Level 1:colcon.colcon_core.environment:checking '/home/ycao/virtual_roam_2/install/champ_base' for CMake config files
[23.533s] Level 1:colcon.colcon_core.shell:create_environment_hook('champ_base', 'cmake_prefix_path')
[23.533s] INFO:colcon.colcon_core.shell:Creating environment hook '/home/ycao/virtual_roam_2/install/champ_base/share/champ_base/hook/cmake_prefix_path.ps1'
[23.533s] INFO:colcon.colcon_core.shell:Creating environment descriptor '/home/ycao/virtual_roam_2/install/champ_base/share/champ_base/hook/cmake_prefix_path.dsv'
[23.533s] INFO:colcon.colcon_core.shell:Creating environment hook '/home/ycao/virtual_roam_2/install/champ_base/share/champ_base/hook/cmake_prefix_path.sh'
[23.534s] Level 1:colcon.colcon_core.environment:checking '/home/ycao/virtual_roam_2/install/champ_base/lib'
[23.534s] Level 1:colcon.colcon_core.shell:create_environment_hook('champ_base', 'ld_library_path_lib')
[23.534s] INFO:colcon.colcon_core.shell:Creating environment hook '/home/ycao/virtual_roam_2/install/champ_base/share/champ_base/hook/ld_library_path_lib.ps1'
[23.534s] INFO:colcon.colcon_core.shell:Creating environment descriptor '/home/ycao/virtual_roam_2/install/champ_base/share/champ_base/hook/ld_library_path_lib.dsv'
[23.534s] INFO:colcon.colcon_core.shell:Creating environment hook '/home/ycao/virtual_roam_2/install/champ_base/share/champ_base/hook/ld_library_path_lib.sh'
[23.535s] Level 1:colcon.colcon_core.environment:checking '/home/ycao/virtual_roam_2/install/champ_base/bin'
[23.535s] Level 1:colcon.colcon_core.shell:create_environment_hook('champ_base', 'path')
[23.535s] INFO:colcon.colcon_core.shell:Creating environment hook '/home/ycao/virtual_roam_2/install/champ_base/share/champ_base/hook/path.ps1'
[23.535s] INFO:colcon.colcon_core.shell:Creating environment descriptor '/home/ycao/virtual_roam_2/install/champ_base/share/champ_base/hook/path.dsv'
[23.535s] INFO:colcon.colcon_core.shell:Creating environment hook '/home/ycao/virtual_roam_2/install/champ_base/share/champ_base/hook/path.sh'
[23.535s] Level 1:colcon.colcon_core.environment:checking '/home/ycao/virtual_roam_2/install/champ_base/lib/pkgconfig/champ_base.pc'
[23.536s] Level 1:colcon.colcon_core.environment:checking '/home/ycao/virtual_roam_2/install/champ_base/lib/python3.12/site-packages'
[23.536s] Level 1:colcon.colcon_core.environment:checking '/home/ycao/virtual_roam_2/install/champ_base/bin'
[23.536s] Level 1:colcon.colcon_core.shell:create_environment_hook('champ_base', 'pythonscriptspath')
[23.536s] INFO:colcon.colcon_core.shell:Creating environment hook '/home/ycao/virtual_roam_2/install/champ_base/share/champ_base/hook/pythonscriptspath.ps1'
[23.536s] INFO:colcon.colcon_core.shell:Creating environment descriptor '/home/ycao/virtual_roam_2/install/champ_base/share/champ_base/hook/pythonscriptspath.dsv'
[23.536s] INFO:colcon.colcon_core.shell:Creating environment hook '/home/ycao/virtual_roam_2/install/champ_base/share/champ_base/hook/pythonscriptspath.sh'
[23.537s] INFO:colcon.colcon_core.shell:Creating package script '/home/ycao/virtual_roam_2/install/champ_base/share/champ_base/package.ps1'
[23.537s] INFO:colcon.colcon_core.shell:Creating package descriptor '/home/ycao/virtual_roam_2/install/champ_base/share/champ_base/package.dsv'
[23.538s] INFO:colcon.colcon_core.shell:Creating package script '/home/ycao/virtual_roam_2/install/champ_base/share/champ_base/package.sh'
[23.538s] INFO:colcon.colcon_core.shell:Creating package script '/home/ycao/virtual_roam_2/install/champ_base/share/champ_base/package.bash'
[23.538s] INFO:colcon.colcon_core.shell:Creating package script '/home/ycao/virtual_roam_2/install/champ_base/share/champ_base/package.zsh'
[23.538s] Level 1:colcon.colcon_core.environment:create_file_with_runtime_dependencies(/home/ycao/virtual_roam_2/install/champ_base/share/colcon-core/packages/champ_base)
[23.539s] Level 1:colcon.colcon_core.environment:create_environment_scripts_only(champ_base)
[23.539s] Level 1:colcon.colcon_core.environment:checking '/home/ycao/virtual_roam_2/install/champ_base' for CMake module files
[23.539s] Level 1:colcon.colcon_core.environment:checking '/home/ycao/virtual_roam_2/install/champ_base' for CMake config files
[23.540s] Level 1:colcon.colcon_core.shell:create_environment_hook('champ_base', 'cmake_prefix_path')
[23.540s] INFO:colcon.colcon_core.shell:Creating environment hook '/home/ycao/virtual_roam_2/install/champ_base/share/champ_base/hook/cmake_prefix_path.ps1'
[23.540s] INFO:colcon.colcon_core.shell:Creating environment descriptor '/home/ycao/virtual_roam_2/install/champ_base/share/champ_base/hook/cmake_prefix_path.dsv'
[23.540s] INFO:colcon.colcon_core.shell:Creating environment hook '/home/ycao/virtual_roam_2/install/champ_base/share/champ_base/hook/cmake_prefix_path.sh'
[23.541s] Level 1:colcon.colcon_core.environment:checking '/home/ycao/virtual_roam_2/install/champ_base/lib'
[23.541s] Level 1:colcon.colcon_core.shell:create_environment_hook('champ_base', 'ld_library_path_lib')
[23.541s] INFO:colcon.colcon_core.shell:Creating environment hook '/home/ycao/virtual_roam_2/install/champ_base/share/champ_base/hook/ld_library_path_lib.ps1'
[23.541s] INFO:colcon.colcon_core.shell:Creating environment descriptor '/home/ycao/virtual_roam_2/install/champ_base/share/champ_base/hook/ld_library_path_lib.dsv'
[23.542s] INFO:colcon.colcon_core.shell:Creating environment hook '/home/ycao/virtual_roam_2/install/champ_base/share/champ_base/hook/ld_library_path_lib.sh'
[23.542s] Level 1:colcon.colcon_core.environment:checking '/home/ycao/virtual_roam_2/install/champ_base/bin'
[23.542s] Level 1:colcon.colcon_core.shell:create_environment_hook('champ_base', 'path')
[23.542s] INFO:colcon.colcon_core.shell:Creating environment hook '/home/ycao/virtual_roam_2/install/champ_base/share/champ_base/hook/path.ps1'
[23.542s] INFO:colcon.colcon_core.shell:Creating environment descriptor '/home/ycao/virtual_roam_2/install/champ_base/share/champ_base/hook/path.dsv'
[23.543s] INFO:colcon.colcon_core.shell:Creating environment hook '/home/ycao/virtual_roam_2/install/champ_base/share/champ_base/hook/path.sh'
[23.543s] Level 1:colcon.colcon_core.environment:checking '/home/ycao/virtual_roam_2/install/champ_base/lib/pkgconfig/champ_base.pc'
[23.543s] Level 1:colcon.colcon_core.environment:checking '/home/ycao/virtual_roam_2/install/champ_base/lib/python3.12/site-packages'
[23.543s] Level 1:colcon.colcon_core.environment:checking '/home/ycao/virtual_roam_2/install/champ_base/bin'
[23.543s] Level 1:colcon.colcon_core.shell:create_environment_hook('champ_base', 'pythonscriptspath')
[23.543s] INFO:colcon.colcon_core.shell:Creating environment hook '/home/ycao/virtual_roam_2/install/champ_base/share/champ_base/hook/pythonscriptspath.ps1'
[23.544s] INFO:colcon.colcon_core.shell:Creating environment descriptor '/home/ycao/virtual_roam_2/install/champ_base/share/champ_base/hook/pythonscriptspath.dsv'
[23.544s] INFO:colcon.colcon_core.shell:Creating environment hook '/home/ycao/virtual_roam_2/install/champ_base/share/champ_base/hook/pythonscriptspath.sh'
[23.544s] INFO:colcon.colcon_core.shell:Creating package script '/home/ycao/virtual_roam_2/install/champ_base/share/champ_base/package.ps1'
[23.545s] INFO:colcon.colcon_core.shell:Creating package descriptor '/home/ycao/virtual_roam_2/install/champ_base/share/champ_base/package.dsv'
[23.545s] INFO:colcon.colcon_core.shell:Creating package script '/home/ycao/virtual_roam_2/install/champ_base/share/champ_base/package.sh'
[23.546s] INFO:colcon.colcon_core.shell:Creating package script '/home/ycao/virtual_roam_2/install/champ_base/share/champ_base/package.bash'
[23.546s] INFO:colcon.colcon_core.shell:Creating package script '/home/ycao/virtual_roam_2/install/champ_base/share/champ_base/package.zsh'
[23.546s] Level 1:colcon.colcon_core.environment:create_file_with_runtime_dependencies(/home/ycao/virtual_roam_2/install/champ_base/share/colcon-core/packages/champ_base)
[23.546s] DEBUG:colcon.colcon_parallel_executor.executor.parallel:closing loop
[23.547s] DEBUG:colcon.colcon_parallel_executor.executor.parallel:loop closed
[23.547s] DEBUG:colcon.colcon_parallel_executor.executor.parallel:run_until_complete finished with '0'
[23.547s] DEBUG:colcon.colcon_core.event_reactor:joining thread
[23.551s] INFO:colcon.colcon_core.plugin_system:Skipping extension 'colcon_notification.desktop_notification.terminal_notifier': Not used on non-Darwin systems
[23.552s] INFO:colcon.colcon_core.plugin_system:Skipping extension 'colcon_notification.desktop_notification.win32': Not used on non-Windows systems
[23.552s] INFO:colcon.colcon_notification.desktop_notification:Sending desktop notification using 'notify2'
[23.562s] DEBUG:colcon.colcon_core.event_reactor:joined thread
[23.562s] INFO:colcon.colcon_core.shell:Creating prefix script '/home/ycao/virtual_roam_2/install/local_setup.ps1'
[23.563s] INFO:colcon.colcon_core.shell:Creating prefix util module '/home/ycao/virtual_roam_2/install/_local_setup_util_ps1.py'
[23.563s] INFO:colcon.colcon_core.shell:Creating prefix chain script '/home/ycao/virtual_roam_2/install/setup.ps1'
[23.564s] INFO:colcon.colcon_core.shell:Creating prefix script '/home/ycao/virtual_roam_2/install/local_setup.sh'
[23.564s] INFO:colcon.colcon_core.shell:Creating prefix util module '/home/ycao/virtual_roam_2/install/_local_setup_util_sh.py'
[23.564s] INFO:colcon.colcon_core.shell:Creating prefix chain script '/home/ycao/virtual_roam_2/install/setup.sh'
[23.565s] INFO:colcon.colcon_core.shell:Creating prefix script '/home/ycao/virtual_roam_2/install/local_setup.bash'
[23.565s] INFO:colcon.colcon_core.shell:Creating prefix chain script '/home/ycao/virtual_roam_2/install/setup.bash'
[23.566s] INFO:colcon.colcon_core.shell:Creating prefix script '/home/ycao/virtual_roam_2/install/local_setup.zsh'
[23.566s] INFO:colcon.colcon_core.shell:Creating prefix chain script '/home/ycao/virtual_roam_2/install/setup.zsh'
