[0.067s] DEBUG:colcon:Command line arguments: ['/usr/bin/colcon', 'build']
[0.067s] DEBUG:colcon:Parsed command line arguments: Namespace(log_base=None, log_level=None, verb_name='build', build_base='build', install_base='install', merge_install=False, symlink_install=False, test_result_base=None, continue_on_error=False, executor='parallel', parallel_workers=16, event_handlers=None, ignore_user_meta=False, metas=['./colcon.meta'], base_paths=['.'], packages_ignore=None, packages_ignore_regex=None, paths=None, packages_up_to=None, packages_up_to_regex=None, packages_above=None, packages_above_and_dependencies=None, packages_above_depth=None, packages_select_by_dep=None, packages_skip_by_dep=None, packages_skip_up_to=None, packages_select_build_failed=False, packages_skip_build_finished=False, packages_select_test_failures=False, packages_skip_test_passed=False, packages_select=None, packages_skip=None, packages_select_regex=None, packages_skip_regex=None, packages_start=None, packages_end=None, allow_overriding=[], cmake_args=None, cmake_target=None, cmake_target_skip_unavailable=False, cmake_clean_cache=False, cmake_clean_first=False, cmake_force_configure=False, ament_cmake_args=None, catkin_cmake_args=None, catkin_skip_building_tests=False, mixin_files=None, mixin=None, verb_parser=<colcon_mixin.mixin.mixin_argument.MixinArgumentDecorator object at 0x756c3f87bfe0>, verb_extension=<colcon_core.verb.build.BuildVerb object at 0x756c3f827830>, main=<bound method BuildVerb.main of <colcon_core.verb.build.BuildVerb object at 0x756c3f827830>>, mixin_verb=('build',))
[0.091s] Level 1:colcon.colcon_core.package_discovery:discover_packages(colcon_meta) check parameters
[0.091s] Level 1:colcon.colcon_core.package_discovery:discover_packages(recursive) check parameters
[0.091s] Level 1:colcon.colcon_core.package_discovery:discover_packages(ignore) check parameters
[0.091s] Level 1:colcon.colcon_core.package_discovery:discover_packages(path) check parameters
[0.091s] Level 1:colcon.colcon_core.package_discovery:discover_packages(colcon_meta) discover
[0.091s] Level 1:colcon.colcon_core.package_discovery:discover_packages(recursive) discover
[0.092s] INFO:colcon.colcon_core.package_discovery:Crawling recursively for packages in '/home/ycao/virtual_roam_2'
[0.092s] Level 1:colcon.colcon_core.package_identification:_identify(.) by extensions ['ignore', 'ignore_ament_install']
[0.092s] Level 1:colcon.colcon_core.package_identification:_identify(.) by extension 'ignore'
[0.092s] Level 1:colcon.colcon_core.package_identification:_identify(.) by extension 'ignore_ament_install'
[0.092s] Level 1:colcon.colcon_core.package_identification:_identify(.) by extensions ['colcon_pkg']
[0.092s] Level 1:colcon.colcon_core.package_identification:_identify(.) by extension 'colcon_pkg'
[0.092s] Level 1:colcon.colcon_core.package_identification:_identify(.) by extensions ['colcon_meta']
[0.092s] Level 1:colcon.colcon_core.package_identification:_identify(.) by extension 'colcon_meta'
[0.092s] Level 1:colcon.colcon_core.package_identification:_identify(.) by extensions ['ros']
[0.092s] Level 1:colcon.colcon_core.package_identification:_identify(.) by extension 'ros'
[0.108s] Level 1:colcon.colcon_core.package_identification:_identify(.) by extensions ['cmake', 'python']
[0.108s] Level 1:colcon.colcon_core.package_identification:_identify(.) by extension 'cmake'
[0.108s] Level 1:colcon.colcon_core.package_identification:_identify(.) by extension 'python'
[0.108s] Level 1:colcon.colcon_core.package_identification:_identify(.) by extensions ['python_setup_py']
[0.108s] Level 1:colcon.colcon_core.package_identification:_identify(.) by extension 'python_setup_py'
[0.108s] Level 1:colcon.colcon_core.package_identification:_identify(build) by extensions ['ignore', 'ignore_ament_install']
[0.108s] Level 1:colcon.colcon_core.package_identification:_identify(build) by extension 'ignore'
[0.108s] Level 1:colcon.colcon_core.package_identification:_identify(build) ignored
[0.108s] Level 1:colcon.colcon_core.package_identification:_identify(install) by extensions ['ignore', 'ignore_ament_install']
[0.108s] Level 1:colcon.colcon_core.package_identification:_identify(install) by extension 'ignore'
[0.109s] Level 1:colcon.colcon_core.package_identification:_identify(install) ignored
[0.109s] Level 1:colcon.colcon_core.package_identification:_identify(log) by extensions ['ignore', 'ignore_ament_install']
[0.109s] Level 1:colcon.colcon_core.package_identification:_identify(log) by extension 'ignore'
[0.109s] Level 1:colcon.colcon_core.package_identification:_identify(log) ignored
[0.109s] Level 1:colcon.colcon_core.package_identification:_identify(src) by extensions ['ignore', 'ignore_ament_install']
[0.109s] Level 1:colcon.colcon_core.package_identification:_identify(src) by extension 'ignore'
[0.109s] Level 1:colcon.colcon_core.package_identification:_identify(src) by extension 'ignore_ament_install'
[0.109s] Level 1:colcon.colcon_core.package_identification:_identify(src) by extensions ['colcon_pkg']
[0.109s] Level 1:colcon.colcon_core.package_identification:_identify(src) by extension 'colcon_pkg'
[0.109s] Level 1:colcon.colcon_core.package_identification:_identify(src) by extensions ['colcon_meta']
[0.109s] Level 1:colcon.colcon_core.package_identification:_identify(src) by extension 'colcon_meta'
[0.109s] Level 1:colcon.colcon_core.package_identification:_identify(src) by extensions ['ros']
[0.109s] Level 1:colcon.colcon_core.package_identification:_identify(src) by extension 'ros'
[0.109s] Level 1:colcon.colcon_core.package_identification:_identify(src) by extensions ['cmake', 'python']
[0.109s] Level 1:colcon.colcon_core.package_identification:_identify(src) by extension 'cmake'
[0.109s] Level 1:colcon.colcon_core.package_identification:_identify(src) by extension 'python'
[0.109s] Level 1:colcon.colcon_core.package_identification:_identify(src) by extensions ['python_setup_py']
[0.109s] Level 1:colcon.colcon_core.package_identification:_identify(src) by extension 'python_setup_py'
[0.109s] Level 1:colcon.colcon_core.package_identification:_identify(src/champ) by extensions ['ignore', 'ignore_ament_install']
[0.109s] Level 1:colcon.colcon_core.package_identification:_identify(src/champ) by extension 'ignore'
[0.109s] Level 1:colcon.colcon_core.package_identification:_identify(src/champ) by extension 'ignore_ament_install'
[0.109s] Level 1:colcon.colcon_core.package_identification:_identify(src/champ) by extensions ['colcon_pkg']
[0.109s] Level 1:colcon.colcon_core.package_identification:_identify(src/champ) by extension 'colcon_pkg'
[0.109s] Level 1:colcon.colcon_core.package_identification:_identify(src/champ) by extensions ['colcon_meta']
[0.109s] Level 1:colcon.colcon_core.package_identification:_identify(src/champ) by extension 'colcon_meta'
[0.109s] Level 1:colcon.colcon_core.package_identification:_identify(src/champ) by extensions ['ros']
[0.109s] Level 1:colcon.colcon_core.package_identification:_identify(src/champ) by extension 'ros'
[0.111s] DEBUG:colcon.colcon_core.package_identification:Package 'src/champ' with type 'ros.ament_cmake' and name 'champ'
[0.111s] Level 1:colcon.colcon_core.package_identification:_identify(src/champ_base) by extensions ['ignore', 'ignore_ament_install']
[0.111s] Level 1:colcon.colcon_core.package_identification:_identify(src/champ_base) by extension 'ignore'
[0.111s] Level 1:colcon.colcon_core.package_identification:_identify(src/champ_base) by extension 'ignore_ament_install'
[0.111s] Level 1:colcon.colcon_core.package_identification:_identify(src/champ_base) by extensions ['colcon_pkg']
[0.111s] Level 1:colcon.colcon_core.package_identification:_identify(src/champ_base) by extension 'colcon_pkg'
[0.111s] Level 1:colcon.colcon_core.package_identification:_identify(src/champ_base) by extensions ['colcon_meta']
[0.111s] Level 1:colcon.colcon_core.package_identification:_identify(src/champ_base) by extension 'colcon_meta'
[0.111s] Level 1:colcon.colcon_core.package_identification:_identify(src/champ_base) by extensions ['ros']
[0.111s] Level 1:colcon.colcon_core.package_identification:_identify(src/champ_base) by extension 'ros'
[0.112s] DEBUG:colcon.colcon_core.package_identification:Package 'src/champ_base' with type 'ros.ament_cmake' and name 'champ_base'
[0.112s] Level 1:colcon.colcon_core.package_identification:_identify(src/champ_msgs) by extensions ['ignore', 'ignore_ament_install']
[0.112s] Level 1:colcon.colcon_core.package_identification:_identify(src/champ_msgs) by extension 'ignore'
[0.112s] Level 1:colcon.colcon_core.package_identification:_identify(src/champ_msgs) by extension 'ignore_ament_install'
[0.112s] Level 1:colcon.colcon_core.package_identification:_identify(src/champ_msgs) by extensions ['colcon_pkg']
[0.112s] Level 1:colcon.colcon_core.package_identification:_identify(src/champ_msgs) by extension 'colcon_pkg'
[0.112s] Level 1:colcon.colcon_core.package_identification:_identify(src/champ_msgs) by extensions ['colcon_meta']
[0.112s] Level 1:colcon.colcon_core.package_identification:_identify(src/champ_msgs) by extension 'colcon_meta'
[0.112s] Level 1:colcon.colcon_core.package_identification:_identify(src/champ_msgs) by extensions ['ros']
[0.112s] Level 1:colcon.colcon_core.package_identification:_identify(src/champ_msgs) by extension 'ros'
[0.112s] DEBUG:colcon.colcon_core.package_identification:Package 'src/champ_msgs' with type 'ros.ament_cmake' and name 'champ_msgs'
[0.112s] Level 1:colcon.colcon_core.package_identification:_identify(src/unitree_go2_description) by extensions ['ignore', 'ignore_ament_install']
[0.112s] Level 1:colcon.colcon_core.package_identification:_identify(src/unitree_go2_description) by extension 'ignore'
[0.112s] Level 1:colcon.colcon_core.package_identification:_identify(src/unitree_go2_description) by extension 'ignore_ament_install'
[0.112s] Level 1:colcon.colcon_core.package_identification:_identify(src/unitree_go2_description) by extensions ['colcon_pkg']
[0.113s] Level 1:colcon.colcon_core.package_identification:_identify(src/unitree_go2_description) by extension 'colcon_pkg'
[0.113s] Level 1:colcon.colcon_core.package_identification:_identify(src/unitree_go2_description) by extensions ['colcon_meta']
[0.113s] Level 1:colcon.colcon_core.package_identification:_identify(src/unitree_go2_description) by extension 'colcon_meta'
[0.113s] Level 1:colcon.colcon_core.package_identification:_identify(src/unitree_go2_description) by extensions ['ros']
[0.113s] Level 1:colcon.colcon_core.package_identification:_identify(src/unitree_go2_description) by extension 'ros'
[0.113s] DEBUG:colcon.colcon_core.package_identification:Package 'src/unitree_go2_description' with type 'ros.ament_cmake' and name 'unitree_go2_description'
[0.113s] Level 1:colcon.colcon_core.package_identification:_identify(src/unitree_go2_sim) by extensions ['ignore', 'ignore_ament_install']
[0.113s] Level 1:colcon.colcon_core.package_identification:_identify(src/unitree_go2_sim) by extension 'ignore'
[0.113s] Level 1:colcon.colcon_core.package_identification:_identify(src/unitree_go2_sim) by extension 'ignore_ament_install'
[0.113s] Level 1:colcon.colcon_core.package_identification:_identify(src/unitree_go2_sim) by extensions ['colcon_pkg']
[0.113s] Level 1:colcon.colcon_core.package_identification:_identify(src/unitree_go2_sim) by extension 'colcon_pkg'
[0.113s] Level 1:colcon.colcon_core.package_identification:_identify(src/unitree_go2_sim) by extensions ['colcon_meta']
[0.113s] Level 1:colcon.colcon_core.package_identification:_identify(src/unitree_go2_sim) by extension 'colcon_meta'
[0.113s] Level 1:colcon.colcon_core.package_identification:_identify(src/unitree_go2_sim) by extensions ['ros']
[0.113s] Level 1:colcon.colcon_core.package_identification:_identify(src/unitree_go2_sim) by extension 'ros'
[0.114s] DEBUG:colcon.colcon_core.package_identification:Package 'src/unitree_go2_sim' with type 'ros.ament_cmake' and name 'unitree_go2_sim'
[0.114s] Level 1:colcon.colcon_core.package_discovery:discover_packages(recursive) using defaults
[0.114s] Level 1:colcon.colcon_core.package_discovery:discover_packages(ignore) discover
[0.114s] Level 1:colcon.colcon_core.package_discovery:discover_packages(ignore) using defaults
[0.114s] Level 1:colcon.colcon_core.package_discovery:discover_packages(path) discover
[0.114s] Level 1:colcon.colcon_core.package_discovery:discover_packages(path) using defaults
[0.125s] Level 1:colcon.colcon_core.package_discovery:discover_packages(prefix_path) check parameters
[0.125s] Level 1:colcon.colcon_core.package_discovery:discover_packages(prefix_path) discover
[0.127s] DEBUG:colcon.colcon_installed_package_information.package_discovery:Found 375 installed packages in /opt/ros/jazzy
[0.128s] Level 1:colcon.colcon_core.package_discovery:discover_packages(prefix_path) using defaults
[0.155s] Level 5:colcon.colcon_core.verb:set package 'champ' build argument 'cmake_args' from command line to 'None'
[0.156s] Level 5:colcon.colcon_core.verb:set package 'champ' build argument 'cmake_target' from command line to 'None'
[0.156s] Level 5:colcon.colcon_core.verb:set package 'champ' build argument 'cmake_target_skip_unavailable' from command line to 'False'
[0.156s] Level 5:colcon.colcon_core.verb:set package 'champ' build argument 'cmake_clean_cache' from command line to 'False'
[0.156s] Level 5:colcon.colcon_core.verb:set package 'champ' build argument 'cmake_clean_first' from command line to 'False'
[0.156s] Level 5:colcon.colcon_core.verb:set package 'champ' build argument 'cmake_force_configure' from command line to 'False'
[0.156s] Level 5:colcon.colcon_core.verb:set package 'champ' build argument 'ament_cmake_args' from command line to 'None'
[0.156s] Level 5:colcon.colcon_core.verb:set package 'champ' build argument 'catkin_cmake_args' from command line to 'None'
[0.156s] Level 5:colcon.colcon_core.verb:set package 'champ' build argument 'catkin_skip_building_tests' from command line to 'False'
[0.156s] DEBUG:colcon.colcon_core.verb:Building package 'champ' with the following arguments: {'ament_cmake_args': None, 'build_base': '/home/ycao/virtual_roam_2/build/champ', 'catkin_cmake_args': None, 'catkin_skip_building_tests': False, 'cmake_args': None, 'cmake_clean_cache': False, 'cmake_clean_first': False, 'cmake_force_configure': False, 'cmake_target': None, 'cmake_target_skip_unavailable': False, 'install_base': '/home/ycao/virtual_roam_2/install/champ', 'merge_install': False, 'path': '/home/ycao/virtual_roam_2/src/champ', 'symlink_install': False, 'test_result_base': None}
[0.156s] Level 5:colcon.colcon_core.verb:set package 'champ_msgs' build argument 'cmake_args' from command line to 'None'
[0.156s] Level 5:colcon.colcon_core.verb:set package 'champ_msgs' build argument 'cmake_target' from command line to 'None'
[0.156s] Level 5:colcon.colcon_core.verb:set package 'champ_msgs' build argument 'cmake_target_skip_unavailable' from command line to 'False'
[0.156s] Level 5:colcon.colcon_core.verb:set package 'champ_msgs' build argument 'cmake_clean_cache' from command line to 'False'
[0.156s] Level 5:colcon.colcon_core.verb:set package 'champ_msgs' build argument 'cmake_clean_first' from command line to 'False'
[0.156s] Level 5:colcon.colcon_core.verb:set package 'champ_msgs' build argument 'cmake_force_configure' from command line to 'False'
[0.156s] Level 5:colcon.colcon_core.verb:set package 'champ_msgs' build argument 'ament_cmake_args' from command line to 'None'
[0.156s] Level 5:colcon.colcon_core.verb:set package 'champ_msgs' build argument 'catkin_cmake_args' from command line to 'None'
[0.156s] Level 5:colcon.colcon_core.verb:set package 'champ_msgs' build argument 'catkin_skip_building_tests' from command line to 'False'
[0.156s] DEBUG:colcon.colcon_core.verb:Building package 'champ_msgs' with the following arguments: {'ament_cmake_args': None, 'build_base': '/home/ycao/virtual_roam_2/build/champ_msgs', 'catkin_cmake_args': None, 'catkin_skip_building_tests': False, 'cmake_args': None, 'cmake_clean_cache': False, 'cmake_clean_first': False, 'cmake_force_configure': False, 'cmake_target': None, 'cmake_target_skip_unavailable': False, 'install_base': '/home/ycao/virtual_roam_2/install/champ_msgs', 'merge_install': False, 'path': '/home/ycao/virtual_roam_2/src/champ_msgs', 'symlink_install': False, 'test_result_base': None}
[0.156s] Level 5:colcon.colcon_core.verb:set package 'unitree_go2_description' build argument 'cmake_args' from command line to 'None'
[0.156s] Level 5:colcon.colcon_core.verb:set package 'unitree_go2_description' build argument 'cmake_target' from command line to 'None'
[0.156s] Level 5:colcon.colcon_core.verb:set package 'unitree_go2_description' build argument 'cmake_target_skip_unavailable' from command line to 'False'
[0.156s] Level 5:colcon.colcon_core.verb:set package 'unitree_go2_description' build argument 'cmake_clean_cache' from command line to 'False'
[0.156s] Level 5:colcon.colcon_core.verb:set package 'unitree_go2_description' build argument 'cmake_clean_first' from command line to 'False'
[0.156s] Level 5:colcon.colcon_core.verb:set package 'unitree_go2_description' build argument 'cmake_force_configure' from command line to 'False'
[0.156s] Level 5:colcon.colcon_core.verb:set package 'unitree_go2_description' build argument 'ament_cmake_args' from command line to 'None'
[0.156s] Level 5:colcon.colcon_core.verb:set package 'unitree_go2_description' build argument 'catkin_cmake_args' from command line to 'None'
[0.156s] Level 5:colcon.colcon_core.verb:set package 'unitree_go2_description' build argument 'catkin_skip_building_tests' from command line to 'False'
[0.156s] DEBUG:colcon.colcon_core.verb:Building package 'unitree_go2_description' with the following arguments: {'ament_cmake_args': None, 'build_base': '/home/ycao/virtual_roam_2/build/unitree_go2_description', 'catkin_cmake_args': None, 'catkin_skip_building_tests': False, 'cmake_args': None, 'cmake_clean_cache': False, 'cmake_clean_first': False, 'cmake_force_configure': False, 'cmake_target': None, 'cmake_target_skip_unavailable': False, 'install_base': '/home/ycao/virtual_roam_2/install/unitree_go2_description', 'merge_install': False, 'path': '/home/ycao/virtual_roam_2/src/unitree_go2_description', 'symlink_install': False, 'test_result_base': None}
[0.156s] Level 5:colcon.colcon_core.verb:set package 'unitree_go2_sim' build argument 'cmake_args' from command line to 'None'
[0.156s] Level 5:colcon.colcon_core.verb:set package 'unitree_go2_sim' build argument 'cmake_target' from command line to 'None'
[0.156s] Level 5:colcon.colcon_core.verb:set package 'unitree_go2_sim' build argument 'cmake_target_skip_unavailable' from command line to 'False'
[0.156s] Level 5:colcon.colcon_core.verb:set package 'unitree_go2_sim' build argument 'cmake_clean_cache' from command line to 'False'
[0.156s] Level 5:colcon.colcon_core.verb:set package 'unitree_go2_sim' build argument 'cmake_clean_first' from command line to 'False'
[0.156s] Level 5:colcon.colcon_core.verb:set package 'unitree_go2_sim' build argument 'cmake_force_configure' from command line to 'False'
[0.157s] Level 5:colcon.colcon_core.verb:set package 'unitree_go2_sim' build argument 'ament_cmake_args' from command line to 'None'
[0.157s] Level 5:colcon.colcon_core.verb:set package 'unitree_go2_sim' build argument 'catkin_cmake_args' from command line to 'None'
[0.157s] Level 5:colcon.colcon_core.verb:set package 'unitree_go2_sim' build argument 'catkin_skip_building_tests' from command line to 'False'
[0.157s] DEBUG:colcon.colcon_core.verb:Building package 'unitree_go2_sim' with the following arguments: {'ament_cmake_args': None, 'build_base': '/home/ycao/virtual_roam_2/build/unitree_go2_sim', 'catkin_cmake_args': None, 'catkin_skip_building_tests': False, 'cmake_args': None, 'cmake_clean_cache': False, 'cmake_clean_first': False, 'cmake_force_configure': False, 'cmake_target': None, 'cmake_target_skip_unavailable': False, 'install_base': '/home/ycao/virtual_roam_2/install/unitree_go2_sim', 'merge_install': False, 'path': '/home/ycao/virtual_roam_2/src/unitree_go2_sim', 'symlink_install': False, 'test_result_base': None}
[0.157s] Level 5:colcon.colcon_core.verb:set package 'champ_base' build argument 'cmake_args' from command line to 'None'
[0.157s] Level 5:colcon.colcon_core.verb:set package 'champ_base' build argument 'cmake_target' from command line to 'None'
[0.157s] Level 5:colcon.colcon_core.verb:set package 'champ_base' build argument 'cmake_target_skip_unavailable' from command line to 'False'
[0.157s] Level 5:colcon.colcon_core.verb:set package 'champ_base' build argument 'cmake_clean_cache' from command line to 'False'
[0.157s] Level 5:colcon.colcon_core.verb:set package 'champ_base' build argument 'cmake_clean_first' from command line to 'False'
[0.157s] Level 5:colcon.colcon_core.verb:set package 'champ_base' build argument 'cmake_force_configure' from command line to 'False'
[0.157s] Level 5:colcon.colcon_core.verb:set package 'champ_base' build argument 'ament_cmake_args' from command line to 'None'
[0.157s] Level 5:colcon.colcon_core.verb:set package 'champ_base' build argument 'catkin_cmake_args' from command line to 'None'
[0.157s] Level 5:colcon.colcon_core.verb:set package 'champ_base' build argument 'catkin_skip_building_tests' from command line to 'False'
[0.157s] DEBUG:colcon.colcon_core.verb:Building package 'champ_base' with the following arguments: {'ament_cmake_args': None, 'build_base': '/home/ycao/virtual_roam_2/build/champ_base', 'catkin_cmake_args': None, 'catkin_skip_building_tests': False, 'cmake_args': None, 'cmake_clean_cache': False, 'cmake_clean_first': False, 'cmake_force_configure': False, 'cmake_target': None, 'cmake_target_skip_unavailable': False, 'install_base': '/home/ycao/virtual_roam_2/install/champ_base', 'merge_install': False, 'path': '/home/ycao/virtual_roam_2/src/champ_base', 'symlink_install': False, 'test_result_base': None}
[0.157s] INFO:colcon.colcon_core.executor:Executing jobs using 'parallel' executor
[0.158s] DEBUG:colcon.colcon_parallel_executor.executor.parallel:run_until_complete
[0.158s] INFO:colcon.colcon_ros.task.ament_cmake.build:Building ROS package in '/home/ycao/virtual_roam_2/src/champ' with build type 'ament_cmake'
[0.158s] INFO:colcon.colcon_cmake.task.cmake.build:Building CMake package in '/home/ycao/virtual_roam_2/src/champ'
[0.159s] INFO:colcon.colcon_core.plugin_system:Skipping extension 'colcon_core.shell.bat': Not used on non-Windows systems
[0.159s] INFO:colcon.colcon_core.shell:Skip shell extension 'powershell' for command environment: Not usable outside of PowerShell
[0.159s] DEBUG:colcon.colcon_core.shell:Skip shell extension 'dsv' for command environment
[0.162s] INFO:colcon.colcon_ros.task.ament_cmake.build:Building ROS package in '/home/ycao/virtual_roam_2/src/champ_msgs' with build type 'ament_cmake'
[0.162s] INFO:colcon.colcon_cmake.task.cmake.build:Building CMake package in '/home/ycao/virtual_roam_2/src/champ_msgs'
[0.162s] INFO:colcon.colcon_core.shell:Skip shell extension 'powershell' for command environment: Not usable outside of PowerShell
[0.162s] DEBUG:colcon.colcon_core.shell:Skip shell extension 'dsv' for command environment
[0.165s] INFO:colcon.colcon_ros.task.ament_cmake.build:Building ROS package in '/home/ycao/virtual_roam_2/src/unitree_go2_description' with build type 'ament_cmake'
[0.165s] INFO:colcon.colcon_cmake.task.cmake.build:Building CMake package in '/home/ycao/virtual_roam_2/src/unitree_go2_description'
[0.165s] INFO:colcon.colcon_core.shell:Skip shell extension 'powershell' for command environment: Not usable outside of PowerShell
[0.165s] DEBUG:colcon.colcon_core.shell:Skip shell extension 'dsv' for command environment
[0.167s] INFO:colcon.colcon_ros.task.ament_cmake.build:Building ROS package in '/home/ycao/virtual_roam_2/src/unitree_go2_sim' with build type 'ament_cmake'
[0.167s] INFO:colcon.colcon_cmake.task.cmake.build:Building CMake package in '/home/ycao/virtual_roam_2/src/unitree_go2_sim'
[0.167s] INFO:colcon.colcon_core.shell:Skip shell extension 'powershell' for command environment: Not usable outside of PowerShell
[0.167s] DEBUG:colcon.colcon_core.shell:Skip shell extension 'dsv' for command environment
[0.173s] DEBUG:colcon.colcon_core.event_handler.log_command:Invoking command in '/home/ycao/virtual_roam_2/build/champ': CMAKE_PREFIX_PATH=${CMAKE_PREFIX_PATH}:/opt/ros/jazzy DEBUGINFOD_URLS=https://debuginfod.ubuntu.com /usr/bin/cmake --build /home/ycao/virtual_roam_2/build/champ -- -j16 -l16
[0.175s] DEBUG:colcon.colcon_core.event_handler.log_command:Invoking command in '/home/ycao/virtual_roam_2/build/champ_msgs': CMAKE_PREFIX_PATH=${CMAKE_PREFIX_PATH}:/opt/ros/jazzy DEBUGINFOD_URLS=https://debuginfod.ubuntu.com /usr/bin/cmake --build /home/ycao/virtual_roam_2/build/champ_msgs -- -j16 -l16
[0.176s] DEBUG:colcon.colcon_core.event_handler.log_command:Invoking command in '/home/ycao/virtual_roam_2/build/unitree_go2_description': CMAKE_PREFIX_PATH=${CMAKE_PREFIX_PATH}:/opt/ros/jazzy DEBUGINFOD_URLS=https://debuginfod.ubuntu.com /usr/bin/cmake --build /home/ycao/virtual_roam_2/build/unitree_go2_description -- -j16 -l16
[0.180s] DEBUG:colcon.colcon_core.event_handler.log_command:Invoking command in '/home/ycao/virtual_roam_2/build/unitree_go2_sim': CMAKE_PREFIX_PATH=${CMAKE_PREFIX_PATH}:/opt/ros/jazzy DEBUGINFOD_URLS=https://debuginfod.ubuntu.com /usr/bin/cmake --build /home/ycao/virtual_roam_2/build/unitree_go2_sim -- -j16 -l16
[0.211s] DEBUG:colcon.colcon_core.event_handler.log_command:Invoked command in '/home/ycao/virtual_roam_2/build/champ' returned '0': CMAKE_PREFIX_PATH=${CMAKE_PREFIX_PATH}:/opt/ros/jazzy DEBUGINFOD_URLS=https://debuginfod.ubuntu.com /usr/bin/cmake --build /home/ycao/virtual_roam_2/build/champ -- -j16 -l16
[0.220s] DEBUG:colcon.colcon_core.event_handler.log_command:Invoking command in '/home/ycao/virtual_roam_2/build/champ': CMAKE_PREFIX_PATH=${CMAKE_PREFIX_PATH}:/opt/ros/jazzy DEBUGINFOD_URLS=https://debuginfod.ubuntu.com /usr/bin/cmake --install /home/ycao/virtual_roam_2/build/champ
[0.222s] DEBUG:colcon.colcon_core.event_handler.log_command:Invoked command in '/home/ycao/virtual_roam_2/build/unitree_go2_description' returned '0': CMAKE_PREFIX_PATH=${CMAKE_PREFIX_PATH}:/opt/ros/jazzy DEBUGINFOD_URLS=https://debuginfod.ubuntu.com /usr/bin/cmake --build /home/ycao/virtual_roam_2/build/unitree_go2_description -- -j16 -l16
[0.223s] DEBUG:colcon.colcon_core.event_handler.log_command:Invoking command in '/home/ycao/virtual_roam_2/build/unitree_go2_description': CMAKE_PREFIX_PATH=${CMAKE_PREFIX_PATH}:/opt/ros/jazzy DEBUGINFOD_URLS=https://debuginfod.ubuntu.com /usr/bin/cmake --install /home/ycao/virtual_roam_2/build/unitree_go2_description
[0.225s] DEBUG:colcon.colcon_core.event_handler.log_command:Invoked command in '/home/ycao/virtual_roam_2/build/unitree_go2_sim' returned '0': CMAKE_PREFIX_PATH=${CMAKE_PREFIX_PATH}:/opt/ros/jazzy DEBUGINFOD_URLS=https://debuginfod.ubuntu.com /usr/bin/cmake --build /home/ycao/virtual_roam_2/build/unitree_go2_sim -- -j16 -l16
[0.225s] DEBUG:colcon.colcon_core.event_handler.log_command:Invoking command in '/home/ycao/virtual_roam_2/build/unitree_go2_sim': CMAKE_PREFIX_PATH=${CMAKE_PREFIX_PATH}:/opt/ros/jazzy DEBUGINFOD_URLS=https://debuginfod.ubuntu.com /usr/bin/cmake --install /home/ycao/virtual_roam_2/build/unitree_go2_sim
[0.231s] Level 1:colcon.colcon_core.environment:create_environment_scripts_only(champ)
[0.239s] DEBUG:colcon.colcon_core.event_handler.log_command:Invoked command in '/home/ycao/virtual_roam_2/build/champ' returned '0': CMAKE_PREFIX_PATH=${CMAKE_PREFIX_PATH}:/opt/ros/jazzy DEBUGINFOD_URLS=https://debuginfod.ubuntu.com /usr/bin/cmake --install /home/ycao/virtual_roam_2/build/champ
[0.246s] Level 1:colcon.colcon_core.environment:checking '/home/ycao/virtual_roam_2/install/champ' for CMake module files
[0.247s] Level 1:colcon.colcon_core.environment:checking '/home/ycao/virtual_roam_2/install/champ' for CMake config files
[0.247s] Level 1:colcon.colcon_core.shell:create_environment_hook('champ', 'cmake_prefix_path')
[0.247s] INFO:colcon.colcon_core.shell:Creating environment hook '/home/ycao/virtual_roam_2/install/champ/share/champ/hook/cmake_prefix_path.ps1'
[0.248s] INFO:colcon.colcon_core.shell:Creating environment descriptor '/home/ycao/virtual_roam_2/install/champ/share/champ/hook/cmake_prefix_path.dsv'
[0.248s] INFO:colcon.colcon_core.shell:Creating environment hook '/home/ycao/virtual_roam_2/install/champ/share/champ/hook/cmake_prefix_path.sh'
[0.249s] Level 1:colcon.colcon_core.environment:checking '/home/ycao/virtual_roam_2/install/champ/bin'
[0.249s] Level 1:colcon.colcon_core.environment:checking '/home/ycao/virtual_roam_2/install/champ/lib/pkgconfig/champ.pc'
[0.249s] Level 1:colcon.colcon_core.environment:checking '/home/ycao/virtual_roam_2/install/champ/lib/python3.12/site-packages'
[0.249s] Level 1:colcon.colcon_core.environment:checking '/home/ycao/virtual_roam_2/install/champ/bin'
[0.249s] INFO:colcon.colcon_core.shell:Creating package script '/home/ycao/virtual_roam_2/install/champ/share/champ/package.ps1'
[0.250s] INFO:colcon.colcon_core.shell:Creating package descriptor '/home/ycao/virtual_roam_2/install/champ/share/champ/package.dsv'
[0.250s] INFO:colcon.colcon_core.shell:Creating package script '/home/ycao/virtual_roam_2/install/champ/share/champ/package.sh'
[0.251s] INFO:colcon.colcon_core.shell:Creating package script '/home/ycao/virtual_roam_2/install/champ/share/champ/package.bash'
[0.251s] INFO:colcon.colcon_core.shell:Creating package script '/home/ycao/virtual_roam_2/install/champ/share/champ/package.zsh'
[0.252s] Level 1:colcon.colcon_core.environment:create_file_with_runtime_dependencies(/home/ycao/virtual_roam_2/install/champ/share/colcon-core/packages/champ)
[0.252s] Level 1:colcon.colcon_core.environment:create_environment_scripts_only(champ)
[0.252s] Level 1:colcon.colcon_core.environment:checking '/home/ycao/virtual_roam_2/install/champ' for CMake module files
[0.253s] Level 1:colcon.colcon_core.environment:checking '/home/ycao/virtual_roam_2/install/champ' for CMake config files
[0.253s] Level 1:colcon.colcon_core.shell:create_environment_hook('champ', 'cmake_prefix_path')
[0.253s] INFO:colcon.colcon_core.shell:Creating environment hook '/home/ycao/virtual_roam_2/install/champ/share/champ/hook/cmake_prefix_path.ps1'
[0.253s] INFO:colcon.colcon_core.shell:Creating environment descriptor '/home/ycao/virtual_roam_2/install/champ/share/champ/hook/cmake_prefix_path.dsv'
[0.254s] INFO:colcon.colcon_core.shell:Creating environment hook '/home/ycao/virtual_roam_2/install/champ/share/champ/hook/cmake_prefix_path.sh'
[0.254s] Level 1:colcon.colcon_core.environment:checking '/home/ycao/virtual_roam_2/install/champ/bin'
[0.254s] Level 1:colcon.colcon_core.environment:checking '/home/ycao/virtual_roam_2/install/champ/lib/pkgconfig/champ.pc'
[0.254s] Level 1:colcon.colcon_core.environment:checking '/home/ycao/virtual_roam_2/install/champ/lib/python3.12/site-packages'
[0.254s] Level 1:colcon.colcon_core.environment:checking '/home/ycao/virtual_roam_2/install/champ/bin'
[0.255s] INFO:colcon.colcon_core.shell:Creating package script '/home/ycao/virtual_roam_2/install/champ/share/champ/package.ps1'
[0.255s] INFO:colcon.colcon_core.shell:Creating package descriptor '/home/ycao/virtual_roam_2/install/champ/share/champ/package.dsv'
[0.255s] INFO:colcon.colcon_core.shell:Creating package script '/home/ycao/virtual_roam_2/install/champ/share/champ/package.sh'
[0.256s] INFO:colcon.colcon_core.shell:Creating package script '/home/ycao/virtual_roam_2/install/champ/share/champ/package.bash'
[0.256s] INFO:colcon.colcon_core.shell:Creating package script '/home/ycao/virtual_roam_2/install/champ/share/champ/package.zsh'
[0.256s] Level 1:colcon.colcon_core.environment:create_file_with_runtime_dependencies(/home/ycao/virtual_roam_2/install/champ/share/colcon-core/packages/champ)
[0.258s] Level 1:colcon.colcon_core.environment:create_environment_scripts_only(unitree_go2_sim)
[0.258s] Level 1:colcon.colcon_core.environment:checking '/home/ycao/virtual_roam_2/install/unitree_go2_sim' for CMake module files
[0.260s] DEBUG:colcon.colcon_core.event_handler.log_command:Invoked command in '/home/ycao/virtual_roam_2/build/unitree_go2_sim' returned '0': CMAKE_PREFIX_PATH=${CMAKE_PREFIX_PATH}:/opt/ros/jazzy DEBUGINFOD_URLS=https://debuginfod.ubuntu.com /usr/bin/cmake --install /home/ycao/virtual_roam_2/build/unitree_go2_sim
[0.260s] Level 1:colcon.colcon_core.environment:checking '/home/ycao/virtual_roam_2/install/unitree_go2_sim' for CMake config files
[0.260s] Level 1:colcon.colcon_core.shell:create_environment_hook('unitree_go2_sim', 'cmake_prefix_path')
[0.260s] INFO:colcon.colcon_core.shell:Creating environment hook '/home/ycao/virtual_roam_2/install/unitree_go2_sim/share/unitree_go2_sim/hook/cmake_prefix_path.ps1'
[0.261s] INFO:colcon.colcon_core.shell:Creating environment descriptor '/home/ycao/virtual_roam_2/install/unitree_go2_sim/share/unitree_go2_sim/hook/cmake_prefix_path.dsv'
[0.262s] INFO:colcon.colcon_core.shell:Creating environment hook '/home/ycao/virtual_roam_2/install/unitree_go2_sim/share/unitree_go2_sim/hook/cmake_prefix_path.sh'
[0.263s] Level 1:colcon.colcon_core.environment:checking '/home/ycao/virtual_roam_2/install/unitree_go2_sim/bin'
[0.263s] Level 1:colcon.colcon_core.environment:checking '/home/ycao/virtual_roam_2/install/unitree_go2_sim/lib/pkgconfig/unitree_go2_sim.pc'
[0.263s] Level 1:colcon.colcon_core.environment:checking '/home/ycao/virtual_roam_2/install/unitree_go2_sim/lib/python3.12/site-packages'
[0.263s] Level 1:colcon.colcon_core.environment:checking '/home/ycao/virtual_roam_2/install/unitree_go2_sim/bin'
[0.263s] INFO:colcon.colcon_core.shell:Creating package script '/home/ycao/virtual_roam_2/install/unitree_go2_sim/share/unitree_go2_sim/package.ps1'
[0.264s] INFO:colcon.colcon_core.shell:Creating package descriptor '/home/ycao/virtual_roam_2/install/unitree_go2_sim/share/unitree_go2_sim/package.dsv'
[0.264s] INFO:colcon.colcon_core.shell:Creating package script '/home/ycao/virtual_roam_2/install/unitree_go2_sim/share/unitree_go2_sim/package.sh'
[0.264s] INFO:colcon.colcon_core.shell:Creating package script '/home/ycao/virtual_roam_2/install/unitree_go2_sim/share/unitree_go2_sim/package.bash'
[0.265s] INFO:colcon.colcon_core.shell:Creating package script '/home/ycao/virtual_roam_2/install/unitree_go2_sim/share/unitree_go2_sim/package.zsh'
[0.265s] Level 1:colcon.colcon_core.environment:create_file_with_runtime_dependencies(/home/ycao/virtual_roam_2/install/unitree_go2_sim/share/colcon-core/packages/unitree_go2_sim)
[0.266s] Level 1:colcon.colcon_core.environment:create_environment_scripts_only(unitree_go2_sim)
[0.266s] Level 1:colcon.colcon_core.environment:checking '/home/ycao/virtual_roam_2/install/unitree_go2_sim' for CMake module files
[0.266s] Level 1:colcon.colcon_core.environment:checking '/home/ycao/virtual_roam_2/install/unitree_go2_sim' for CMake config files
[0.266s] Level 1:colcon.colcon_core.shell:create_environment_hook('unitree_go2_sim', 'cmake_prefix_path')
[0.266s] INFO:colcon.colcon_core.shell:Creating environment hook '/home/ycao/virtual_roam_2/install/unitree_go2_sim/share/unitree_go2_sim/hook/cmake_prefix_path.ps1'
[0.267s] INFO:colcon.colcon_core.shell:Creating environment descriptor '/home/ycao/virtual_roam_2/install/unitree_go2_sim/share/unitree_go2_sim/hook/cmake_prefix_path.dsv'
[0.267s] INFO:colcon.colcon_core.shell:Creating environment hook '/home/ycao/virtual_roam_2/install/unitree_go2_sim/share/unitree_go2_sim/hook/cmake_prefix_path.sh'
[0.268s] Level 1:colcon.colcon_core.environment:checking '/home/ycao/virtual_roam_2/install/unitree_go2_sim/bin'
[0.268s] Level 1:colcon.colcon_core.environment:checking '/home/ycao/virtual_roam_2/install/unitree_go2_sim/lib/pkgconfig/unitree_go2_sim.pc'
[0.269s] Level 1:colcon.colcon_core.environment:checking '/home/ycao/virtual_roam_2/install/unitree_go2_sim/lib/python3.12/site-packages'
[0.269s] Level 1:colcon.colcon_core.environment:checking '/home/ycao/virtual_roam_2/install/unitree_go2_sim/bin'
[0.269s] INFO:colcon.colcon_core.shell:Creating package script '/home/ycao/virtual_roam_2/install/unitree_go2_sim/share/unitree_go2_sim/package.ps1'
[0.270s] INFO:colcon.colcon_core.shell:Creating package descriptor '/home/ycao/virtual_roam_2/install/unitree_go2_sim/share/unitree_go2_sim/package.dsv'
[0.270s] INFO:colcon.colcon_core.shell:Creating package script '/home/ycao/virtual_roam_2/install/unitree_go2_sim/share/unitree_go2_sim/package.sh'
[0.271s] INFO:colcon.colcon_core.shell:Creating package script '/home/ycao/virtual_roam_2/install/unitree_go2_sim/share/unitree_go2_sim/package.bash'
[0.271s] INFO:colcon.colcon_core.shell:Creating package script '/home/ycao/virtual_roam_2/install/unitree_go2_sim/share/unitree_go2_sim/package.zsh'
[0.271s] Level 1:colcon.colcon_core.environment:create_file_with_runtime_dependencies(/home/ycao/virtual_roam_2/install/unitree_go2_sim/share/colcon-core/packages/unitree_go2_sim)
[0.272s] Level 1:colcon.colcon_core.environment:create_environment_scripts_only(unitree_go2_description)
[0.272s] Level 1:colcon.colcon_core.environment:checking '/home/ycao/virtual_roam_2/install/unitree_go2_description' for CMake module files
[0.274s] DEBUG:colcon.colcon_core.event_handler.log_command:Invoked command in '/home/ycao/virtual_roam_2/build/unitree_go2_description' returned '0': CMAKE_PREFIX_PATH=${CMAKE_PREFIX_PATH}:/opt/ros/jazzy DEBUGINFOD_URLS=https://debuginfod.ubuntu.com /usr/bin/cmake --install /home/ycao/virtual_roam_2/build/unitree_go2_description
[0.274s] Level 1:colcon.colcon_core.environment:checking '/home/ycao/virtual_roam_2/install/unitree_go2_description' for CMake config files
[0.274s] Level 1:colcon.colcon_core.shell:create_environment_hook('unitree_go2_description', 'cmake_prefix_path')
[0.275s] INFO:colcon.colcon_core.shell:Creating environment hook '/home/ycao/virtual_roam_2/install/unitree_go2_description/share/unitree_go2_description/hook/cmake_prefix_path.ps1'
[0.275s] INFO:colcon.colcon_core.shell:Creating environment descriptor '/home/ycao/virtual_roam_2/install/unitree_go2_description/share/unitree_go2_description/hook/cmake_prefix_path.dsv'
[0.276s] INFO:colcon.colcon_core.shell:Creating environment hook '/home/ycao/virtual_roam_2/install/unitree_go2_description/share/unitree_go2_description/hook/cmake_prefix_path.sh'
[0.276s] Level 1:colcon.colcon_core.environment:checking '/home/ycao/virtual_roam_2/install/unitree_go2_description/bin'
[0.276s] Level 1:colcon.colcon_core.environment:checking '/home/ycao/virtual_roam_2/install/unitree_go2_description/lib/pkgconfig/unitree_go2_description.pc'
[0.276s] Level 1:colcon.colcon_core.environment:checking '/home/ycao/virtual_roam_2/install/unitree_go2_description/lib/python3.12/site-packages'
[0.277s] Level 1:colcon.colcon_core.environment:checking '/home/ycao/virtual_roam_2/install/unitree_go2_description/bin'
[0.277s] INFO:colcon.colcon_core.shell:Creating package script '/home/ycao/virtual_roam_2/install/unitree_go2_description/share/unitree_go2_description/package.ps1'
[0.277s] INFO:colcon.colcon_core.shell:Creating package descriptor '/home/ycao/virtual_roam_2/install/unitree_go2_description/share/unitree_go2_description/package.dsv'
[0.278s] INFO:colcon.colcon_core.shell:Creating package script '/home/ycao/virtual_roam_2/install/unitree_go2_description/share/unitree_go2_description/package.sh'
[0.278s] INFO:colcon.colcon_core.shell:Creating package script '/home/ycao/virtual_roam_2/install/unitree_go2_description/share/unitree_go2_description/package.bash'
[0.278s] INFO:colcon.colcon_core.shell:Creating package script '/home/ycao/virtual_roam_2/install/unitree_go2_description/share/unitree_go2_description/package.zsh'
[0.279s] Level 1:colcon.colcon_core.environment:create_file_with_runtime_dependencies(/home/ycao/virtual_roam_2/install/unitree_go2_description/share/colcon-core/packages/unitree_go2_description)
[0.279s] Level 1:colcon.colcon_core.environment:create_environment_scripts_only(unitree_go2_description)
[0.279s] Level 1:colcon.colcon_core.environment:checking '/home/ycao/virtual_roam_2/install/unitree_go2_description' for CMake module files
[0.281s] Level 1:colcon.colcon_core.environment:checking '/home/ycao/virtual_roam_2/install/unitree_go2_description' for CMake config files
[0.281s] Level 1:colcon.colcon_core.shell:create_environment_hook('unitree_go2_description', 'cmake_prefix_path')
[0.281s] INFO:colcon.colcon_core.shell:Creating environment hook '/home/ycao/virtual_roam_2/install/unitree_go2_description/share/unitree_go2_description/hook/cmake_prefix_path.ps1'
[0.282s] INFO:colcon.colcon_core.shell:Creating environment descriptor '/home/ycao/virtual_roam_2/install/unitree_go2_description/share/unitree_go2_description/hook/cmake_prefix_path.dsv'
[0.283s] INFO:colcon.colcon_core.shell:Creating environment hook '/home/ycao/virtual_roam_2/install/unitree_go2_description/share/unitree_go2_description/hook/cmake_prefix_path.sh'
[0.284s] Level 1:colcon.colcon_core.environment:checking '/home/ycao/virtual_roam_2/install/unitree_go2_description/bin'
[0.284s] Level 1:colcon.colcon_core.environment:checking '/home/ycao/virtual_roam_2/install/unitree_go2_description/lib/pkgconfig/unitree_go2_description.pc'
[0.284s] Level 1:colcon.colcon_core.environment:checking '/home/ycao/virtual_roam_2/install/unitree_go2_description/lib/python3.12/site-packages'
[0.284s] Level 1:colcon.colcon_core.environment:checking '/home/ycao/virtual_roam_2/install/unitree_go2_description/bin'
[0.284s] INFO:colcon.colcon_core.shell:Creating package script '/home/ycao/virtual_roam_2/install/unitree_go2_description/share/unitree_go2_description/package.ps1'
[0.285s] INFO:colcon.colcon_core.shell:Creating package descriptor '/home/ycao/virtual_roam_2/install/unitree_go2_description/share/unitree_go2_description/package.dsv'
[0.285s] INFO:colcon.colcon_core.shell:Creating package script '/home/ycao/virtual_roam_2/install/unitree_go2_description/share/unitree_go2_description/package.sh'
[0.286s] INFO:colcon.colcon_core.shell:Creating package script '/home/ycao/virtual_roam_2/install/unitree_go2_description/share/unitree_go2_description/package.bash'
[0.286s] INFO:colcon.colcon_core.shell:Creating package script '/home/ycao/virtual_roam_2/install/unitree_go2_description/share/unitree_go2_description/package.zsh'
[0.287s] Level 1:colcon.colcon_core.environment:create_file_with_runtime_dependencies(/home/ycao/virtual_roam_2/install/unitree_go2_description/share/colcon-core/packages/unitree_go2_description)
[0.461s] DEBUG:colcon.colcon_core.event_handler.log_command:Invoked command in '/home/ycao/virtual_roam_2/build/champ_msgs' returned '0': CMAKE_PREFIX_PATH=${CMAKE_PREFIX_PATH}:/opt/ros/jazzy DEBUGINFOD_URLS=https://debuginfod.ubuntu.com /usr/bin/cmake --build /home/ycao/virtual_roam_2/build/champ_msgs -- -j16 -l16
[0.462s] DEBUG:colcon.colcon_core.event_handler.log_command:Invoking command in '/home/ycao/virtual_roam_2/build/champ_msgs': CMAKE_PREFIX_PATH=${CMAKE_PREFIX_PATH}:/opt/ros/jazzy DEBUGINFOD_URLS=https://debuginfod.ubuntu.com /usr/bin/cmake --install /home/ycao/virtual_roam_2/build/champ_msgs
[0.511s] Level 1:colcon.colcon_core.environment:create_environment_scripts_only(champ_msgs)
[0.512s] Level 1:colcon.colcon_core.environment:checking '/home/ycao/virtual_roam_2/install/champ_msgs' for CMake module files
[0.512s] DEBUG:colcon.colcon_core.event_handler.log_command:Invoked command in '/home/ycao/virtual_roam_2/build/champ_msgs' returned '0': CMAKE_PREFIX_PATH=${CMAKE_PREFIX_PATH}:/opt/ros/jazzy DEBUGINFOD_URLS=https://debuginfod.ubuntu.com /usr/bin/cmake --install /home/ycao/virtual_roam_2/build/champ_msgs
[0.512s] Level 1:colcon.colcon_core.environment:checking '/home/ycao/virtual_roam_2/install/champ_msgs' for CMake config files
[0.513s] Level 1:colcon.colcon_core.shell:create_environment_hook('champ_msgs', 'cmake_prefix_path')
[0.513s] INFO:colcon.colcon_core.shell:Creating environment hook '/home/ycao/virtual_roam_2/install/champ_msgs/share/champ_msgs/hook/cmake_prefix_path.ps1'
[0.513s] INFO:colcon.colcon_core.shell:Creating environment descriptor '/home/ycao/virtual_roam_2/install/champ_msgs/share/champ_msgs/hook/cmake_prefix_path.dsv'
[0.513s] INFO:colcon.colcon_core.shell:Creating environment hook '/home/ycao/virtual_roam_2/install/champ_msgs/share/champ_msgs/hook/cmake_prefix_path.sh'
[0.514s] Level 1:colcon.colcon_core.environment:checking '/home/ycao/virtual_roam_2/install/champ_msgs/lib'
[0.514s] Level 1:colcon.colcon_core.shell:create_environment_hook('champ_msgs', 'ld_library_path_lib')
[0.514s] INFO:colcon.colcon_core.shell:Creating environment hook '/home/ycao/virtual_roam_2/install/champ_msgs/share/champ_msgs/hook/ld_library_path_lib.ps1'
[0.515s] INFO:colcon.colcon_core.shell:Creating environment descriptor '/home/ycao/virtual_roam_2/install/champ_msgs/share/champ_msgs/hook/ld_library_path_lib.dsv'
[0.515s] INFO:colcon.colcon_core.shell:Creating environment hook '/home/ycao/virtual_roam_2/install/champ_msgs/share/champ_msgs/hook/ld_library_path_lib.sh'
[0.515s] Level 1:colcon.colcon_core.environment:checking '/home/ycao/virtual_roam_2/install/champ_msgs/bin'
[0.515s] Level 1:colcon.colcon_core.environment:checking '/home/ycao/virtual_roam_2/install/champ_msgs/lib/pkgconfig/champ_msgs.pc'
[0.515s] Level 1:colcon.colcon_core.environment:checking '/home/ycao/virtual_roam_2/install/champ_msgs/lib/python3.12/site-packages'
[0.516s] Level 1:colcon.colcon_core.shell:create_environment_hook('champ_msgs', 'pythonpath')
[0.516s] INFO:colcon.colcon_core.shell:Creating environment hook '/home/ycao/virtual_roam_2/install/champ_msgs/share/champ_msgs/hook/pythonpath.ps1'
[0.516s] INFO:colcon.colcon_core.shell:Creating environment descriptor '/home/ycao/virtual_roam_2/install/champ_msgs/share/champ_msgs/hook/pythonpath.dsv'
[0.516s] INFO:colcon.colcon_core.shell:Creating environment hook '/home/ycao/virtual_roam_2/install/champ_msgs/share/champ_msgs/hook/pythonpath.sh'
[0.517s] Level 1:colcon.colcon_core.environment:checking '/home/ycao/virtual_roam_2/install/champ_msgs/bin'
[0.517s] INFO:colcon.colcon_core.shell:Creating package script '/home/ycao/virtual_roam_2/install/champ_msgs/share/champ_msgs/package.ps1'
[0.517s] INFO:colcon.colcon_core.shell:Creating package descriptor '/home/ycao/virtual_roam_2/install/champ_msgs/share/champ_msgs/package.dsv'
[0.518s] INFO:colcon.colcon_core.shell:Creating package script '/home/ycao/virtual_roam_2/install/champ_msgs/share/champ_msgs/package.sh'
[0.518s] INFO:colcon.colcon_core.shell:Creating package script '/home/ycao/virtual_roam_2/install/champ_msgs/share/champ_msgs/package.bash'
[0.518s] INFO:colcon.colcon_core.shell:Creating package script '/home/ycao/virtual_roam_2/install/champ_msgs/share/champ_msgs/package.zsh'
[0.519s] Level 1:colcon.colcon_core.environment:create_file_with_runtime_dependencies(/home/ycao/virtual_roam_2/install/champ_msgs/share/colcon-core/packages/champ_msgs)
[0.519s] Level 1:colcon.colcon_core.environment:create_environment_scripts_only(champ_msgs)
[0.519s] Level 1:colcon.colcon_core.environment:checking '/home/ycao/virtual_roam_2/install/champ_msgs' for CMake module files
[0.520s] Level 1:colcon.colcon_core.environment:checking '/home/ycao/virtual_roam_2/install/champ_msgs' for CMake config files
[0.520s] Level 1:colcon.colcon_core.shell:create_environment_hook('champ_msgs', 'cmake_prefix_path')
[0.520s] INFO:colcon.colcon_core.shell:Creating environment hook '/home/ycao/virtual_roam_2/install/champ_msgs/share/champ_msgs/hook/cmake_prefix_path.ps1'
[0.520s] INFO:colcon.colcon_core.shell:Creating environment descriptor '/home/ycao/virtual_roam_2/install/champ_msgs/share/champ_msgs/hook/cmake_prefix_path.dsv'
[0.520s] INFO:colcon.colcon_core.shell:Creating environment hook '/home/ycao/virtual_roam_2/install/champ_msgs/share/champ_msgs/hook/cmake_prefix_path.sh'
[0.521s] Level 1:colcon.colcon_core.environment:checking '/home/ycao/virtual_roam_2/install/champ_msgs/lib'
[0.521s] Level 1:colcon.colcon_core.shell:create_environment_hook('champ_msgs', 'ld_library_path_lib')
[0.521s] INFO:colcon.colcon_core.shell:Creating environment hook '/home/ycao/virtual_roam_2/install/champ_msgs/share/champ_msgs/hook/ld_library_path_lib.ps1'
[0.521s] INFO:colcon.colcon_core.shell:Creating environment descriptor '/home/ycao/virtual_roam_2/install/champ_msgs/share/champ_msgs/hook/ld_library_path_lib.dsv'
[0.522s] INFO:colcon.colcon_core.shell:Creating environment hook '/home/ycao/virtual_roam_2/install/champ_msgs/share/champ_msgs/hook/ld_library_path_lib.sh'
[0.522s] Level 1:colcon.colcon_core.environment:checking '/home/ycao/virtual_roam_2/install/champ_msgs/bin'
[0.522s] Level 1:colcon.colcon_core.environment:checking '/home/ycao/virtual_roam_2/install/champ_msgs/lib/pkgconfig/champ_msgs.pc'
[0.522s] Level 1:colcon.colcon_core.environment:checking '/home/ycao/virtual_roam_2/install/champ_msgs/lib/python3.12/site-packages'
[0.522s] Level 1:colcon.colcon_core.shell:create_environment_hook('champ_msgs', 'pythonpath')
[0.522s] INFO:colcon.colcon_core.shell:Creating environment hook '/home/ycao/virtual_roam_2/install/champ_msgs/share/champ_msgs/hook/pythonpath.ps1'
[0.523s] INFO:colcon.colcon_core.shell:Creating environment descriptor '/home/ycao/virtual_roam_2/install/champ_msgs/share/champ_msgs/hook/pythonpath.dsv'
[0.523s] INFO:colcon.colcon_core.shell:Creating environment hook '/home/ycao/virtual_roam_2/install/champ_msgs/share/champ_msgs/hook/pythonpath.sh'
[0.523s] Level 1:colcon.colcon_core.environment:checking '/home/ycao/virtual_roam_2/install/champ_msgs/bin'
[0.523s] INFO:colcon.colcon_core.shell:Creating package script '/home/ycao/virtual_roam_2/install/champ_msgs/share/champ_msgs/package.ps1'
[0.524s] INFO:colcon.colcon_core.shell:Creating package descriptor '/home/ycao/virtual_roam_2/install/champ_msgs/share/champ_msgs/package.dsv'
[0.524s] INFO:colcon.colcon_core.shell:Creating package script '/home/ycao/virtual_roam_2/install/champ_msgs/share/champ_msgs/package.sh'
[0.525s] INFO:colcon.colcon_core.shell:Creating package script '/home/ycao/virtual_roam_2/install/champ_msgs/share/champ_msgs/package.bash'
[0.525s] INFO:colcon.colcon_core.shell:Creating package script '/home/ycao/virtual_roam_2/install/champ_msgs/share/champ_msgs/package.zsh'
[0.525s] Level 1:colcon.colcon_core.environment:create_file_with_runtime_dependencies(/home/ycao/virtual_roam_2/install/champ_msgs/share/colcon-core/packages/champ_msgs)
[0.526s] INFO:colcon.colcon_ros.task.ament_cmake.build:Building ROS package in '/home/ycao/virtual_roam_2/src/champ_base' with build type 'ament_cmake'
[0.526s] INFO:colcon.colcon_cmake.task.cmake.build:Building CMake package in '/home/ycao/virtual_roam_2/src/champ_base'
[0.526s] INFO:colcon.colcon_core.shell:Skip shell extension 'powershell' for command environment: Not usable outside of PowerShell
[0.526s] DEBUG:colcon.colcon_core.shell:Skip shell extension 'dsv' for command environment
[0.536s] DEBUG:colcon.colcon_core.event_handler.log_command:Invoking command in '/home/ycao/virtual_roam_2/build/champ_base': AMENT_PREFIX_PATH=/home/ycao/virtual_roam_2/install/champ_msgs:/home/ycao/virtual_roam_2/install/champ:${AMENT_PREFIX_PATH} CMAKE_PREFIX_PATH=/home/ycao/virtual_roam_2/install/champ_msgs:/home/ycao/virtual_roam_2/install/champ:/opt/ros/jazzy/opt/gz_sim_vendor:/opt/ros/jazzy/opt/gz_sensors_vendor:/opt/ros/jazzy/opt/gz_physics_vendor:/opt/ros/jazzy/opt/sdformat_vendor:/opt/ros/jazzy/opt/gz_gui_vendor:/opt/ros/jazzy/opt/gz_transport_vendor:/opt/ros/jazzy/opt/gz_rendering_vendor:/opt/ros/jazzy/opt/gz_plugin_vendor:/opt/ros/jazzy/opt/gz_fuel_tools_vendor:/opt/ros/jazzy/opt/gz_msgs_vendor:/opt/ros/jazzy/opt/gz_common_vendor:/opt/ros/jazzy/opt/gz_math_vendor:/opt/ros/jazzy/opt/gz_utils_vendor:/opt/ros/jazzy/opt/gz_tools_vendor:/opt/ros/jazzy/opt/gz_ogre_next_vendor:/opt/ros/jazzy/opt/gz_dartsim_vendor:/opt/ros/jazzy/opt/gz_cmake_vendor:/opt/ros/jazzy DEBUGINFOD_URLS=https://debuginfod.ubuntu.com LD_LIBRARY_PATH=/home/ycao/virtual_roam_2/install/champ_msgs/lib:${LD_LIBRARY_PATH} PYTHONPATH=/home/ycao/virtual_roam_2/install/champ_msgs/lib/python3.12/site-packages:${PYTHONPATH} /usr/bin/cmake --build /home/ycao/virtual_roam_2/build/champ_base -- -j16 -l16
[0.625s] DEBUG:colcon.colcon_core.event_handler.log_command:Invoked command in '/home/ycao/virtual_roam_2/build/champ_base' returned '0': AMENT_PREFIX_PATH=/home/ycao/virtual_roam_2/install/champ_msgs:/home/ycao/virtual_roam_2/install/champ:${AMENT_PREFIX_PATH} CMAKE_PREFIX_PATH=/home/ycao/virtual_roam_2/install/champ_msgs:/home/ycao/virtual_roam_2/install/champ:/opt/ros/jazzy/opt/gz_sim_vendor:/opt/ros/jazzy/opt/gz_sensors_vendor:/opt/ros/jazzy/opt/gz_physics_vendor:/opt/ros/jazzy/opt/sdformat_vendor:/opt/ros/jazzy/opt/gz_gui_vendor:/opt/ros/jazzy/opt/gz_transport_vendor:/opt/ros/jazzy/opt/gz_rendering_vendor:/opt/ros/jazzy/opt/gz_plugin_vendor:/opt/ros/jazzy/opt/gz_fuel_tools_vendor:/opt/ros/jazzy/opt/gz_msgs_vendor:/opt/ros/jazzy/opt/gz_common_vendor:/opt/ros/jazzy/opt/gz_math_vendor:/opt/ros/jazzy/opt/gz_utils_vendor:/opt/ros/jazzy/opt/gz_tools_vendor:/opt/ros/jazzy/opt/gz_ogre_next_vendor:/opt/ros/jazzy/opt/gz_dartsim_vendor:/opt/ros/jazzy/opt/gz_cmake_vendor:/opt/ros/jazzy DEBUGINFOD_URLS=https://debuginfod.ubuntu.com LD_LIBRARY_PATH=/home/ycao/virtual_roam_2/install/champ_msgs/lib:${LD_LIBRARY_PATH} PYTHONPATH=/home/ycao/virtual_roam_2/install/champ_msgs/lib/python3.12/site-packages:${PYTHONPATH} /usr/bin/cmake --build /home/ycao/virtual_roam_2/build/champ_base -- -j16 -l16
[0.626s] DEBUG:colcon.colcon_core.event_handler.log_command:Invoking command in '/home/ycao/virtual_roam_2/build/champ_base': AMENT_PREFIX_PATH=/home/ycao/virtual_roam_2/install/champ_msgs:/home/ycao/virtual_roam_2/install/champ:${AMENT_PREFIX_PATH} CMAKE_PREFIX_PATH=/home/ycao/virtual_roam_2/install/champ_msgs:/home/ycao/virtual_roam_2/install/champ:/opt/ros/jazzy/opt/gz_sim_vendor:/opt/ros/jazzy/opt/gz_sensors_vendor:/opt/ros/jazzy/opt/gz_physics_vendor:/opt/ros/jazzy/opt/sdformat_vendor:/opt/ros/jazzy/opt/gz_gui_vendor:/opt/ros/jazzy/opt/gz_transport_vendor:/opt/ros/jazzy/opt/gz_rendering_vendor:/opt/ros/jazzy/opt/gz_plugin_vendor:/opt/ros/jazzy/opt/gz_fuel_tools_vendor:/opt/ros/jazzy/opt/gz_msgs_vendor:/opt/ros/jazzy/opt/gz_common_vendor:/opt/ros/jazzy/opt/gz_math_vendor:/opt/ros/jazzy/opt/gz_utils_vendor:/opt/ros/jazzy/opt/gz_tools_vendor:/opt/ros/jazzy/opt/gz_ogre_next_vendor:/opt/ros/jazzy/opt/gz_dartsim_vendor:/opt/ros/jazzy/opt/gz_cmake_vendor:/opt/ros/jazzy DEBUGINFOD_URLS=https://debuginfod.ubuntu.com LD_LIBRARY_PATH=/home/ycao/virtual_roam_2/install/champ_msgs/lib:${LD_LIBRARY_PATH} PYTHONPATH=/home/ycao/virtual_roam_2/install/champ_msgs/lib/python3.12/site-packages:${PYTHONPATH} /usr/bin/cmake --install /home/ycao/virtual_roam_2/build/champ_base
[0.638s] Level 1:colcon.colcon_core.environment:create_environment_scripts_only(champ_base)
[0.638s] Level 1:colcon.colcon_core.environment:checking '/home/ycao/virtual_roam_2/install/champ_base' for CMake module files
[0.638s] DEBUG:colcon.colcon_core.event_handler.log_command:Invoked command in '/home/ycao/virtual_roam_2/build/champ_base' returned '0': AMENT_PREFIX_PATH=/home/ycao/virtual_roam_2/install/champ_msgs:/home/ycao/virtual_roam_2/install/champ:${AMENT_PREFIX_PATH} CMAKE_PREFIX_PATH=/home/ycao/virtual_roam_2/install/champ_msgs:/home/ycao/virtual_roam_2/install/champ:/opt/ros/jazzy/opt/gz_sim_vendor:/opt/ros/jazzy/opt/gz_sensors_vendor:/opt/ros/jazzy/opt/gz_physics_vendor:/opt/ros/jazzy/opt/sdformat_vendor:/opt/ros/jazzy/opt/gz_gui_vendor:/opt/ros/jazzy/opt/gz_transport_vendor:/opt/ros/jazzy/opt/gz_rendering_vendor:/opt/ros/jazzy/opt/gz_plugin_vendor:/opt/ros/jazzy/opt/gz_fuel_tools_vendor:/opt/ros/jazzy/opt/gz_msgs_vendor:/opt/ros/jazzy/opt/gz_common_vendor:/opt/ros/jazzy/opt/gz_math_vendor:/opt/ros/jazzy/opt/gz_utils_vendor:/opt/ros/jazzy/opt/gz_tools_vendor:/opt/ros/jazzy/opt/gz_ogre_next_vendor:/opt/ros/jazzy/opt/gz_dartsim_vendor:/opt/ros/jazzy/opt/gz_cmake_vendor:/opt/ros/jazzy DEBUGINFOD_URLS=https://debuginfod.ubuntu.com LD_LIBRARY_PATH=/home/ycao/virtual_roam_2/install/champ_msgs/lib:${LD_LIBRARY_PATH} PYTHONPATH=/home/ycao/virtual_roam_2/install/champ_msgs/lib/python3.12/site-packages:${PYTHONPATH} /usr/bin/cmake --install /home/ycao/virtual_roam_2/build/champ_base
[0.639s] Level 1:colcon.colcon_core.environment:checking '/home/ycao/virtual_roam_2/install/champ_base' for CMake config files
[0.639s] Level 1:colcon.colcon_core.shell:create_environment_hook('champ_base', 'cmake_prefix_path')
[0.639s] INFO:colcon.colcon_core.shell:Creating environment hook '/home/ycao/virtual_roam_2/install/champ_base/share/champ_base/hook/cmake_prefix_path.ps1'
[0.639s] INFO:colcon.colcon_core.shell:Creating environment descriptor '/home/ycao/virtual_roam_2/install/champ_base/share/champ_base/hook/cmake_prefix_path.dsv'
[0.640s] INFO:colcon.colcon_core.shell:Creating environment hook '/home/ycao/virtual_roam_2/install/champ_base/share/champ_base/hook/cmake_prefix_path.sh'
[0.640s] Level 1:colcon.colcon_core.environment:checking '/home/ycao/virtual_roam_2/install/champ_base/lib'
[0.640s] Level 1:colcon.colcon_core.shell:create_environment_hook('champ_base', 'ld_library_path_lib')
[0.640s] INFO:colcon.colcon_core.shell:Creating environment hook '/home/ycao/virtual_roam_2/install/champ_base/share/champ_base/hook/ld_library_path_lib.ps1'
[0.641s] INFO:colcon.colcon_core.shell:Creating environment descriptor '/home/ycao/virtual_roam_2/install/champ_base/share/champ_base/hook/ld_library_path_lib.dsv'
[0.641s] INFO:colcon.colcon_core.shell:Creating environment hook '/home/ycao/virtual_roam_2/install/champ_base/share/champ_base/hook/ld_library_path_lib.sh'
[0.641s] Level 1:colcon.colcon_core.environment:checking '/home/ycao/virtual_roam_2/install/champ_base/bin'
[0.641s] Level 1:colcon.colcon_core.shell:create_environment_hook('champ_base', 'path')
[0.642s] INFO:colcon.colcon_core.shell:Creating environment hook '/home/ycao/virtual_roam_2/install/champ_base/share/champ_base/hook/path.ps1'
[0.642s] INFO:colcon.colcon_core.shell:Creating environment descriptor '/home/ycao/virtual_roam_2/install/champ_base/share/champ_base/hook/path.dsv'
[0.642s] INFO:colcon.colcon_core.shell:Creating environment hook '/home/ycao/virtual_roam_2/install/champ_base/share/champ_base/hook/path.sh'
[0.642s] Level 1:colcon.colcon_core.environment:checking '/home/ycao/virtual_roam_2/install/champ_base/lib/pkgconfig/champ_base.pc'
[0.643s] Level 1:colcon.colcon_core.environment:checking '/home/ycao/virtual_roam_2/install/champ_base/lib/python3.12/site-packages'
[0.643s] Level 1:colcon.colcon_core.environment:checking '/home/ycao/virtual_roam_2/install/champ_base/bin'
[0.643s] Level 1:colcon.colcon_core.shell:create_environment_hook('champ_base', 'pythonscriptspath')
[0.643s] INFO:colcon.colcon_core.shell:Creating environment hook '/home/ycao/virtual_roam_2/install/champ_base/share/champ_base/hook/pythonscriptspath.ps1'
[0.643s] INFO:colcon.colcon_core.shell:Creating environment descriptor '/home/ycao/virtual_roam_2/install/champ_base/share/champ_base/hook/pythonscriptspath.dsv'
[0.644s] INFO:colcon.colcon_core.shell:Creating environment hook '/home/ycao/virtual_roam_2/install/champ_base/share/champ_base/hook/pythonscriptspath.sh'
[0.644s] INFO:colcon.colcon_core.shell:Creating package script '/home/ycao/virtual_roam_2/install/champ_base/share/champ_base/package.ps1'
[0.644s] INFO:colcon.colcon_core.shell:Creating package descriptor '/home/ycao/virtual_roam_2/install/champ_base/share/champ_base/package.dsv'
[0.645s] INFO:colcon.colcon_core.shell:Creating package script '/home/ycao/virtual_roam_2/install/champ_base/share/champ_base/package.sh'
[0.645s] INFO:colcon.colcon_core.shell:Creating package script '/home/ycao/virtual_roam_2/install/champ_base/share/champ_base/package.bash'
[0.646s] INFO:colcon.colcon_core.shell:Creating package script '/home/ycao/virtual_roam_2/install/champ_base/share/champ_base/package.zsh'
[0.646s] Level 1:colcon.colcon_core.environment:create_file_with_runtime_dependencies(/home/ycao/virtual_roam_2/install/champ_base/share/colcon-core/packages/champ_base)
[0.646s] Level 1:colcon.colcon_core.environment:create_environment_scripts_only(champ_base)
[0.646s] Level 1:colcon.colcon_core.environment:checking '/home/ycao/virtual_roam_2/install/champ_base' for CMake module files
[0.647s] Level 1:colcon.colcon_core.environment:checking '/home/ycao/virtual_roam_2/install/champ_base' for CMake config files
[0.647s] Level 1:colcon.colcon_core.shell:create_environment_hook('champ_base', 'cmake_prefix_path')
[0.647s] INFO:colcon.colcon_core.shell:Creating environment hook '/home/ycao/virtual_roam_2/install/champ_base/share/champ_base/hook/cmake_prefix_path.ps1'
[0.647s] INFO:colcon.colcon_core.shell:Creating environment descriptor '/home/ycao/virtual_roam_2/install/champ_base/share/champ_base/hook/cmake_prefix_path.dsv'
[0.648s] INFO:colcon.colcon_core.shell:Creating environment hook '/home/ycao/virtual_roam_2/install/champ_base/share/champ_base/hook/cmake_prefix_path.sh'
[0.648s] Level 1:colcon.colcon_core.environment:checking '/home/ycao/virtual_roam_2/install/champ_base/lib'
[0.648s] Level 1:colcon.colcon_core.shell:create_environment_hook('champ_base', 'ld_library_path_lib')
[0.648s] INFO:colcon.colcon_core.shell:Creating environment hook '/home/ycao/virtual_roam_2/install/champ_base/share/champ_base/hook/ld_library_path_lib.ps1'
[0.649s] INFO:colcon.colcon_core.shell:Creating environment descriptor '/home/ycao/virtual_roam_2/install/champ_base/share/champ_base/hook/ld_library_path_lib.dsv'
[0.649s] INFO:colcon.colcon_core.shell:Creating environment hook '/home/ycao/virtual_roam_2/install/champ_base/share/champ_base/hook/ld_library_path_lib.sh'
[0.649s] Level 1:colcon.colcon_core.environment:checking '/home/ycao/virtual_roam_2/install/champ_base/bin'
[0.649s] Level 1:colcon.colcon_core.shell:create_environment_hook('champ_base', 'path')
[0.650s] INFO:colcon.colcon_core.shell:Creating environment hook '/home/ycao/virtual_roam_2/install/champ_base/share/champ_base/hook/path.ps1'
[0.650s] INFO:colcon.colcon_core.shell:Creating environment descriptor '/home/ycao/virtual_roam_2/install/champ_base/share/champ_base/hook/path.dsv'
[0.650s] INFO:colcon.colcon_core.shell:Creating environment hook '/home/ycao/virtual_roam_2/install/champ_base/share/champ_base/hook/path.sh'
[0.651s] Level 1:colcon.colcon_core.environment:checking '/home/ycao/virtual_roam_2/install/champ_base/lib/pkgconfig/champ_base.pc'
[0.651s] Level 1:colcon.colcon_core.environment:checking '/home/ycao/virtual_roam_2/install/champ_base/lib/python3.12/site-packages'
[0.651s] Level 1:colcon.colcon_core.environment:checking '/home/ycao/virtual_roam_2/install/champ_base/bin'
[0.651s] Level 1:colcon.colcon_core.shell:create_environment_hook('champ_base', 'pythonscriptspath')
[0.651s] INFO:colcon.colcon_core.shell:Creating environment hook '/home/ycao/virtual_roam_2/install/champ_base/share/champ_base/hook/pythonscriptspath.ps1'
[0.651s] INFO:colcon.colcon_core.shell:Creating environment descriptor '/home/ycao/virtual_roam_2/install/champ_base/share/champ_base/hook/pythonscriptspath.dsv'
[0.652s] INFO:colcon.colcon_core.shell:Creating environment hook '/home/ycao/virtual_roam_2/install/champ_base/share/champ_base/hook/pythonscriptspath.sh'
[0.652s] INFO:colcon.colcon_core.shell:Creating package script '/home/ycao/virtual_roam_2/install/champ_base/share/champ_base/package.ps1'
[0.653s] INFO:colcon.colcon_core.shell:Creating package descriptor '/home/ycao/virtual_roam_2/install/champ_base/share/champ_base/package.dsv'
[0.653s] INFO:colcon.colcon_core.shell:Creating package script '/home/ycao/virtual_roam_2/install/champ_base/share/champ_base/package.sh'
[0.653s] INFO:colcon.colcon_core.shell:Creating package script '/home/ycao/virtual_roam_2/install/champ_base/share/champ_base/package.bash'
[0.654s] INFO:colcon.colcon_core.shell:Creating package script '/home/ycao/virtual_roam_2/install/champ_base/share/champ_base/package.zsh'
[0.654s] Level 1:colcon.colcon_core.environment:create_file_with_runtime_dependencies(/home/ycao/virtual_roam_2/install/champ_base/share/colcon-core/packages/champ_base)
[0.654s] DEBUG:colcon.colcon_parallel_executor.executor.parallel:closing loop
[0.655s] DEBUG:colcon.colcon_parallel_executor.executor.parallel:loop closed
[0.655s] DEBUG:colcon.colcon_parallel_executor.executor.parallel:run_until_complete finished with '0'
[0.655s] DEBUG:colcon.colcon_core.event_reactor:joining thread
[0.659s] INFO:colcon.colcon_core.plugin_system:Skipping extension 'colcon_notification.desktop_notification.terminal_notifier': Not used on non-Darwin systems
[0.659s] INFO:colcon.colcon_core.plugin_system:Skipping extension 'colcon_notification.desktop_notification.win32': Not used on non-Windows systems
[0.659s] INFO:colcon.colcon_notification.desktop_notification:Sending desktop notification using 'notify2'
[0.675s] DEBUG:colcon.colcon_core.event_reactor:joined thread
[0.675s] INFO:colcon.colcon_core.shell:Creating prefix script '/home/ycao/virtual_roam_2/install/local_setup.ps1'
[0.677s] INFO:colcon.colcon_core.shell:Creating prefix util module '/home/ycao/virtual_roam_2/install/_local_setup_util_ps1.py'
[0.679s] INFO:colcon.colcon_core.shell:Creating prefix chain script '/home/ycao/virtual_roam_2/install/setup.ps1'
[0.680s] INFO:colcon.colcon_core.shell:Creating prefix script '/home/ycao/virtual_roam_2/install/local_setup.sh'
[0.681s] INFO:colcon.colcon_core.shell:Creating prefix util module '/home/ycao/virtual_roam_2/install/_local_setup_util_sh.py'
[0.682s] INFO:colcon.colcon_core.shell:Creating prefix chain script '/home/ycao/virtual_roam_2/install/setup.sh'
[0.684s] INFO:colcon.colcon_core.shell:Creating prefix script '/home/ycao/virtual_roam_2/install/local_setup.bash'
[0.685s] INFO:colcon.colcon_core.shell:Creating prefix chain script '/home/ycao/virtual_roam_2/install/setup.bash'
[0.687s] INFO:colcon.colcon_core.shell:Creating prefix script '/home/ycao/virtual_roam_2/install/local_setup.zsh'
[0.687s] INFO:colcon.colcon_core.shell:Creating prefix chain script '/home/ycao/virtual_roam_2/install/setup.zsh'
