-- Install configuration: ""
-- Up-to-date: /home/ycao/virtual_roam_2/install/unitree_go2_description/share/unitree_go2_description/worlds
-- Up-to-date: /home/ycao/virtual_roam_2/install/unitree_go2_description/share/unitree_go2_description/worlds/RailroadPack_railroad_1_BaseColor.png
-- Up-to-date: /home/ycao/virtual_roam_2/install/unitree_go2_description/share/unitree_go2_description/worlds/RailroadPack_railroad_6_Metallic_png-RailroadPack_railroad_6.png
-- Up-to-date: /home/ycao/virtual_roam_2/install/unitree_go2_description/share/unitree_go2_description/worlds/RailroadPack_railroad_2_Metallic_png-RailroadPack_railroad_2.png
-- Up-to-date: /home/ycao/virtual_roam_2/install/unitree_go2_description/share/unitree_go2_description/worlds/RailroadPack_railroad_4_BaseColor.png
-- Up-to-date: /home/ycao/virtual_roam_2/install/unitree_go2_description/share/unitree_go2_description/worlds/component.sdf
-- Up-to-date: /home/ycao/virtual_roam_2/install/unitree_go2_description/share/unitree_go2_description/worlds/RailroadPack_railroad_3_NormalOpenGl.png
-- Up-to-date: /home/ycao/virtual_roam_2/install/unitree_go2_description/share/unitree_go2_description/worlds/RailroadPack_railroad_4_Metallic_png-RailroadPack_railroad_4.png
-- Up-to-date: /home/ycao/virtual_roam_2/install/unitree_go2_description/share/unitree_go2_description/worlds/full1.stl
-- Up-to-date: /home/ycao/virtual_roam_2/install/unitree_go2_description/share/unitree_go2_description/worlds/RailroadPack_railroad_7_NormalOpenGl.png
-- Up-to-date: /home/ycao/virtual_roam_2/install/unitree_go2_description/share/unitree_go2_description/worlds/RailroadPack_railroad_5_Metallic_png-RailroadPack_railroad_5.png
-- Up-to-date: /home/ycao/virtual_roam_2/install/unitree_go2_description/share/unitree_go2_description/worlds/RailroadPack_railroad_7_BaseColor.png
-- Up-to-date: /home/ycao/virtual_roam_2/install/unitree_go2_description/share/unitree_go2_description/worlds/RailroadPack_railroad_6_BaseColor.png
-- Up-to-date: /home/ycao/virtual_roam_2/install/unitree_go2_description/share/unitree_go2_description/worlds/RailroadPack_railroad_5_NormalOpenGl.png
-- Up-to-date: /home/ycao/virtual_roam_2/install/unitree_go2_description/share/unitree_go2_description/worlds/scene.sdf
-- Up-to-date: /home/ycao/virtual_roam_2/install/unitree_go2_description/share/unitree_go2_description/worlds/RailroadPack_railroad_6_NormalOpenGl.png
-- Up-to-date: /home/ycao/virtual_roam_2/install/unitree_go2_description/share/unitree_go2_description/worlds/RailroadPack_railroad_7_Metallic_png-RailroadPack_railroad_7.png
-- Up-to-date: /home/ycao/virtual_roam_2/install/unitree_go2_description/share/unitree_go2_description/worlds/RailroadPack_railroad_2_BaseColor.png
-- Up-to-date: /home/ycao/virtual_roam_2/install/unitree_go2_description/share/unitree_go2_description/worlds/RailroadPack_railroad_3_Metallic_png-RailroadPack_railroad_3.png
-- Up-to-date: /home/ycao/virtual_roam_2/install/unitree_go2_description/share/unitree_go2_description/worlds/RailroadPack_railroad_1_Metallic_png-RailroadPack_railroad_1.png
-- Up-to-date: /home/ycao/virtual_roam_2/install/unitree_go2_description/share/unitree_go2_description/worlds/default.sdf
-- Up-to-date: /home/ycao/virtual_roam_2/install/unitree_go2_description/share/unitree_go2_description/worlds/hc.obj
-- Up-to-date: /home/ycao/virtual_roam_2/install/unitree_go2_description/share/unitree_go2_description/worlds/RailroadPack_railroad_5_BaseColor.png
-- Up-to-date: /home/ycao/virtual_roam_2/install/unitree_go2_description/share/unitree_go2_description/worlds/RailroadPack_railroad_2_NormalOpenGl.png
-- Up-to-date: /home/ycao/virtual_roam_2/install/unitree_go2_description/share/unitree_go2_description/worlds/hc.mtl
-- Up-to-date: /home/ycao/virtual_roam_2/install/unitree_go2_description/share/unitree_go2_description/worlds/RailroadPack_railroad_4_NormalOpenGl.png
-- Up-to-date: /home/ycao/virtual_roam_2/install/unitree_go2_description/share/unitree_go2_description/worlds/RailroadPack_railroad_1_NormalOpenGl.png
-- Up-to-date: /home/ycao/virtual_roam_2/install/unitree_go2_description/share/unitree_go2_description/worlds/OIP.png
-- Up-to-date: /home/ycao/virtual_roam_2/install/unitree_go2_description/share/unitree_go2_description/worlds/RailroadPack_railroad_3_BaseColor.png
-- Up-to-date: /home/ycao/virtual_roam_2/install/unitree_go2_description/share/unitree_go2_description/meshes
-- Up-to-date: /home/ycao/virtual_roam_2/install/unitree_go2_description/share/unitree_go2_description/meshes/VLP16_scan.dae
-- Up-to-date: /home/ycao/virtual_roam_2/install/unitree_go2_description/share/unitree_go2_description/meshes/L1_4D_Lidar.dae
-- Up-to-date: /home/ycao/virtual_roam_2/install/unitree_go2_description/share/unitree_go2_description/meshes/VLP16_base_1.dae
-- Up-to-date: /home/ycao/virtual_roam_2/install/unitree_go2_description/share/unitree_go2_description/meshes/thigh_mirror.dae
-- Up-to-date: /home/ycao/virtual_roam_2/install/unitree_go2_description/share/unitree_go2_description/meshes/hip.dae
-- Up-to-date: /home/ycao/virtual_roam_2/install/unitree_go2_description/share/unitree_go2_description/meshes/trunk.dae
-- Up-to-date: /home/ycao/virtual_roam_2/install/unitree_go2_description/share/unitree_go2_description/meshes/foot.dae
-- Up-to-date: /home/ycao/virtual_roam_2/install/unitree_go2_description/share/unitree_go2_description/meshes/thigh.dae
-- Up-to-date: /home/ycao/virtual_roam_2/install/unitree_go2_description/share/unitree_go2_description/meshes/hokuyo.dae
-- Up-to-date: /home/ycao/virtual_roam_2/install/unitree_go2_description/share/unitree_go2_description/meshes/calf.dae
-- Up-to-date: /home/ycao/virtual_roam_2/install/unitree_go2_description/share/unitree_go2_description/meshes/calf_mirror.dae
-- Up-to-date: /home/ycao/virtual_roam_2/install/unitree_go2_description/share/unitree_go2_description/meshes/VLP16_base_2.dae
-- Up-to-date: /home/ycao/virtual_roam_2/install/unitree_go2_description/share/unitree_go2_description/urdf
-- Up-to-date: /home/ycao/virtual_roam_2/install/unitree_go2_description/share/unitree_go2_description/urdf/lidar_4D_lidar.xacro
-- Up-to-date: /home/ycao/virtual_roam_2/install/unitree_go2_description/share/unitree_go2_description/urdf/unitree_go2_gazebo.xacro
-- Up-to-date: /home/ycao/virtual_roam_2/install/unitree_go2_description/share/unitree_go2_description/urdf/velodyne.xacro
-- Up-to-date: /home/ycao/virtual_roam_2/install/unitree_go2_description/share/unitree_go2_description/urdf/const.xacro
-- Up-to-date: /home/ycao/virtual_roam_2/install/unitree_go2_description/share/unitree_go2_description/urdf/materials.xacro
-- Up-to-date: /home/ycao/virtual_roam_2/install/unitree_go2_description/share/unitree_go2_description/urdf/unitree_go2_robot.xacro
-- Up-to-date: /home/ycao/virtual_roam_2/install/unitree_go2_description/share/unitree_go2_description/urdf/leg.xacro
-- Up-to-date: /home/ycao/virtual_roam_2/install/unitree_go2_description/share/ament_index/resource_index/package_run_dependencies/unitree_go2_description
-- Up-to-date: /home/ycao/virtual_roam_2/install/unitree_go2_description/share/ament_index/resource_index/parent_prefix_path/unitree_go2_description
-- Up-to-date: /home/ycao/virtual_roam_2/install/unitree_go2_description/share/unitree_go2_description/environment/ament_prefix_path.sh
-- Up-to-date: /home/ycao/virtual_roam_2/install/unitree_go2_description/share/unitree_go2_description/environment/ament_prefix_path.dsv
-- Up-to-date: /home/ycao/virtual_roam_2/install/unitree_go2_description/share/unitree_go2_description/environment/path.sh
-- Up-to-date: /home/ycao/virtual_roam_2/install/unitree_go2_description/share/unitree_go2_description/environment/path.dsv
-- Up-to-date: /home/ycao/virtual_roam_2/install/unitree_go2_description/share/unitree_go2_description/local_setup.bash
-- Up-to-date: /home/ycao/virtual_roam_2/install/unitree_go2_description/share/unitree_go2_description/local_setup.sh
-- Up-to-date: /home/ycao/virtual_roam_2/install/unitree_go2_description/share/unitree_go2_description/local_setup.zsh
-- Up-to-date: /home/ycao/virtual_roam_2/install/unitree_go2_description/share/unitree_go2_description/local_setup.dsv
-- Installing: /home/ycao/virtual_roam_2/install/unitree_go2_description/share/unitree_go2_description/package.dsv
-- Up-to-date: /home/ycao/virtual_roam_2/install/unitree_go2_description/share/ament_index/resource_index/packages/unitree_go2_description
-- Up-to-date: /home/ycao/virtual_roam_2/install/unitree_go2_description/share/unitree_go2_description/cmake/unitree_go2_descriptionConfig.cmake
-- Up-to-date: /home/ycao/virtual_roam_2/install/unitree_go2_description/share/unitree_go2_description/cmake/unitree_go2_descriptionConfig-version.cmake
-- Up-to-date: /home/ycao/virtual_roam_2/install/unitree_go2_description/share/unitree_go2_description/package.xml
