[0.014s] Invoking command in '/home/ycao/virtual_roam_2/build/champ': CMAKE_PREFIX_PATH=${CMAKE_PREFIX_PATH}:/opt/ros/jazzy DEBUGINFOD_URLS=https://debuginfod.ubuntu.com /usr/bin/cmake /home/ycao/virtual_roam_2/src/champ -DCMAKE_INSTALL_PREFIX=/home/ycao/virtual_roam_2/install/champ
[0.067s] -- The C compiler identification is GNU 13.3.0
[0.115s] -- The CXX compiler identification is GNU 13.3.0
[0.130s] -- Detecting C compiler ABI info
[0.203s] -- Detecting C compiler ABI info - done
[0.208s] -- Check for working C compiler: /usr/bin/cc - skipped
[0.209s] -- Detecting C compile features
[0.209s] -- Detecting C compile features - done
[0.217s] -- Detecting CXX compiler ABI info
[0.298s] -- Detecting CXX compiler ABI info - done
[0.304s] -- Check for working CXX compiler: /usr/bin/c++ - skipped
[0.304s] -- Detecting CXX compile features
[0.305s] -- Detecting CXX compile features - done
[0.309s] -- Found ament_cmake: 2.5.4 (/opt/ros/jazzy/share/ament_cmake/cmake)
[0.420s] -- Found Python3: /usr/bin/python3 (found version "3.12.3") found components: Interpreter 
[0.510s] -- Found rclcpp: 28.1.11 (/opt/ros/jazzy/share/rclcpp/cmake)
[0.555s] -- Found rosidl_generator_c: 4.6.6 (/opt/ros/jazzy/share/rosidl_generator_c/cmake)
[0.567s] -- Found rosidl_generator_cpp: 4.6.6 (/opt/ros/jazzy/share/rosidl_generator_cpp/cmake)
[0.581s] -- Using all available rosidl_typesupport_c: rosidl_typesupport_fastrtps_c;rosidl_typesupport_introspection_c
[0.596s] -- Using all available rosidl_typesupport_cpp: rosidl_typesupport_fastrtps_cpp;rosidl_typesupport_introspection_cpp
[0.661s] -- Found rmw_implementation_cmake: 7.3.2 (/opt/ros/jazzy/share/rmw_implementation_cmake/cmake)
[0.664s] -- Found rmw_fastrtps_cpp: 8.4.3 (/opt/ros/jazzy/share/rmw_fastrtps_cpp/cmake)
[0.741s] -- Found OpenSSL: /usr/lib/x86_64-linux-gnu/libcrypto.so (found version "3.0.13")  
[0.755s] -- Found FastRTPS: /opt/ros/jazzy/include (Required is at least version "2.13") 
[0.773s] -- Using RMW implementation 'rmw_fastrtps_cpp' as default
[0.830s] -- Found ament_lint_auto: 0.17.3 (/opt/ros/jazzy/share/ament_lint_auto/cmake)
[0.891s] -- Configuring done (0.9s)
[0.896s] -- Generating done (0.0s)
[0.897s] -- Build files have been written to: /home/ycao/virtual_roam_2/build/champ
[0.908s] Invoked command in '/home/ycao/virtual_roam_2/build/champ' returned '0': CMAKE_PREFIX_PATH=${CMAKE_PREFIX_PATH}:/opt/ros/jazzy DEBUGINFOD_URLS=https://debuginfod.ubuntu.com /usr/bin/cmake /home/ycao/virtual_roam_2/src/champ -DCMAKE_INSTALL_PREFIX=/home/ycao/virtual_roam_2/install/champ
[0.909s] Invoking command in '/home/ycao/virtual_roam_2/build/champ': CMAKE_PREFIX_PATH=${CMAKE_PREFIX_PATH}:/opt/ros/jazzy DEBUGINFOD_URLS=https://debuginfod.ubuntu.com /usr/bin/cmake --build /home/ycao/virtual_roam_2/build/champ -- -j16 -l16
[0.944s] Invoked command in '/home/ycao/virtual_roam_2/build/champ' returned '0': CMAKE_PREFIX_PATH=${CMAKE_PREFIX_PATH}:/opt/ros/jazzy DEBUGINFOD_URLS=https://debuginfod.ubuntu.com /usr/bin/cmake --build /home/ycao/virtual_roam_2/build/champ -- -j16 -l16
[0.945s] Invoking command in '/home/ycao/virtual_roam_2/build/champ': CMAKE_PREFIX_PATH=${CMAKE_PREFIX_PATH}:/opt/ros/jazzy DEBUGINFOD_URLS=https://debuginfod.ubuntu.com /usr/bin/cmake --install /home/ycao/virtual_roam_2/build/champ
[0.952s] -- Install configuration: ""
[0.952s] -- Installing: /home/ycao/virtual_roam_2/install/champ/include
[0.952s] -- Installing: /home/ycao/virtual_roam_2/install/champ/include/champ
[0.952s] -- Installing: /home/ycao/virtual_roam_2/install/champ/include/champ/utils
[0.952s] -- Installing: /home/ycao/virtual_roam_2/install/champ/include/champ/utils/urdf_loader.h
[0.952s] -- Installing: /home/ycao/virtual_roam_2/install/champ/include/champ/utils/xmlrpc_helpers.h
[0.953s] -- Installing: /home/ycao/virtual_roam_2/install/champ/include/champ/README.md
[0.953s] -- Installing: /home/ycao/virtual_roam_2/install/champ/include/champ/geometry
[0.953s] -- Installing: /home/ycao/virtual_roam_2/install/champ/include/champ/geometry/geometry.h
[0.953s] -- Installing: /home/ycao/virtual_roam_2/install/champ/include/champ/LICENSE
[0.953s] -- Installing: /home/ycao/virtual_roam_2/install/champ/include/champ/bla
[0.953s] -- Installing: /home/ycao/virtual_roam_2/install/champ/include/champ/bla/memory_delegate.h
[0.953s] -- Installing: /home/ycao/virtual_roam_2/install/champ/include/champ/bla/basic_linear_algebra.h
[0.953s] -- Installing: /home/ycao/virtual_roam_2/install/champ/include/champ/leg_controller
[0.954s] -- Installing: /home/ycao/virtual_roam_2/install/champ/include/champ/leg_controller/phase_generator.h
[0.954s] -- Installing: /home/ycao/virtual_roam_2/install/champ/include/champ/leg_controller/trajectory_planner.h
[0.954s] -- Installing: /home/ycao/virtual_roam_2/install/champ/include/champ/leg_controller/leg_controller.h
[0.954s] -- Installing: /home/ycao/virtual_roam_2/install/champ/include/champ/quadruped_base
[0.954s] -- Installing: /home/ycao/virtual_roam_2/install/champ/include/champ/quadruped_base/quadruped_components.h
[0.954s] -- Installing: /home/ycao/virtual_roam_2/install/champ/include/champ/quadruped_base/quadruped_base.h
[0.954s] -- Installing: /home/ycao/virtual_roam_2/install/champ/include/champ/quadruped_base/quadruped_joint.h
[0.954s] -- Installing: /home/ycao/virtual_roam_2/install/champ/include/champ/quadruped_base/quadruped_leg.h
[0.954s] -- Installing: /home/ycao/virtual_roam_2/install/champ/include/champ/kinematics
[0.954s] -- Installing: /home/ycao/virtual_roam_2/install/champ/include/champ/kinematics/kinematics.h
[0.954s] -- Installing: /home/ycao/virtual_roam_2/install/champ/include/champ/odometry
[0.955s] -- Installing: /home/ycao/virtual_roam_2/install/champ/include/champ/odometry/odometry.h
[0.955s] -- Installing: /home/ycao/virtual_roam_2/install/champ/include/champ/body_controller
[0.955s] -- Installing: /home/ycao/virtual_roam_2/install/champ/include/champ/body_controller/body_controller.h
[0.955s] -- Installing: /home/ycao/virtual_roam_2/install/champ/include/champ/macros
[0.955s] -- Installing: /home/ycao/virtual_roam_2/install/champ/include/champ/macros/macros.h
[0.955s] -- Installing: /home/ycao/virtual_roam_2/install/champ/share/ament_index/resource_index/package_run_dependencies/champ
[0.955s] -- Installing: /home/ycao/virtual_roam_2/install/champ/share/ament_index/resource_index/parent_prefix_path/champ
[0.955s] -- Installing: /home/ycao/virtual_roam_2/install/champ/share/champ/environment/ament_prefix_path.sh
[0.955s] -- Installing: /home/ycao/virtual_roam_2/install/champ/share/champ/environment/ament_prefix_path.dsv
[0.955s] -- Installing: /home/ycao/virtual_roam_2/install/champ/share/champ/environment/path.sh
[0.955s] -- Installing: /home/ycao/virtual_roam_2/install/champ/share/champ/environment/path.dsv
[0.955s] -- Installing: /home/ycao/virtual_roam_2/install/champ/share/champ/local_setup.bash
[0.955s] -- Installing: /home/ycao/virtual_roam_2/install/champ/share/champ/local_setup.sh
[0.955s] -- Installing: /home/ycao/virtual_roam_2/install/champ/share/champ/local_setup.zsh
[0.955s] -- Installing: /home/ycao/virtual_roam_2/install/champ/share/champ/local_setup.dsv
[0.955s] -- Installing: /home/ycao/virtual_roam_2/install/champ/share/champ/package.dsv
[0.956s] -- Installing: /home/ycao/virtual_roam_2/install/champ/share/ament_index/resource_index/packages/champ
[0.956s] -- Installing: /home/ycao/virtual_roam_2/install/champ/share/champ/cmake/ament_cmake_export_include_directories-extras.cmake
[0.956s] -- Installing: /home/ycao/virtual_roam_2/install/champ/share/champ/cmake/champConfig.cmake
[0.956s] -- Installing: /home/ycao/virtual_roam_2/install/champ/share/champ/cmake/champConfig-version.cmake
[0.956s] -- Installing: /home/ycao/virtual_roam_2/install/champ/share/champ/package.xml
[0.957s] Invoked command in '/home/ycao/virtual_roam_2/build/champ' returned '0': CMAKE_PREFIX_PATH=${CMAKE_PREFIX_PATH}:/opt/ros/jazzy DEBUGINFOD_URLS=https://debuginfod.ubuntu.com /usr/bin/cmake --install /home/ycao/virtual_roam_2/build/champ
