[0.071s] DEBUG:colcon:Command line arguments: ['/usr/bin/colcon', 'build']
[0.071s] DEBUG:colcon:Parsed command line arguments: Namespace(log_base=None, log_level=None, verb_name='build', build_base='build', install_base='install', merge_install=False, symlink_install=False, test_result_base=None, continue_on_error=False, executor='parallel', parallel_workers=16, event_handlers=None, ignore_user_meta=False, metas=['./colcon.meta'], base_paths=['.'], packages_ignore=None, packages_ignore_regex=None, paths=None, packages_up_to=None, packages_up_to_regex=None, packages_above=None, packages_above_and_dependencies=None, packages_above_depth=None, packages_select_by_dep=None, packages_skip_by_dep=None, packages_skip_up_to=None, packages_select_build_failed=False, packages_skip_build_finished=False, packages_select_test_failures=False, packages_skip_test_passed=False, packages_select=None, packages_skip=None, packages_select_regex=None, packages_skip_regex=None, packages_start=None, packages_end=None, allow_overriding=[], cmake_args=None, cmake_target=None, cmake_target_skip_unavailable=False, cmake_clean_cache=False, cmake_clean_first=False, cmake_force_configure=False, ament_cmake_args=None, catkin_cmake_args=None, catkin_skip_building_tests=False, mixin_files=None, mixin=None, verb_parser=<colcon_mixin.mixin.mixin_argument.MixinArgumentDecorator object at 0x780790c48470>, verb_extension=<colcon_core.verb.build.BuildVerb object at 0x780790c23c80>, main=<bound method BuildVerb.main of <colcon_core.verb.build.BuildVerb object at 0x780790c23c80>>, mixin_verb=('build',))
[0.096s] Level 1:colcon.colcon_core.package_discovery:discover_packages(colcon_meta) check parameters
[0.097s] Level 1:colcon.colcon_core.package_discovery:discover_packages(recursive) check parameters
[0.097s] Level 1:colcon.colcon_core.package_discovery:discover_packages(ignore) check parameters
[0.097s] Level 1:colcon.colcon_core.package_discovery:discover_packages(path) check parameters
[0.097s] Level 1:colcon.colcon_core.package_discovery:discover_packages(colcon_meta) discover
[0.097s] Level 1:colcon.colcon_core.package_discovery:discover_packages(recursive) discover
[0.097s] INFO:colcon.colcon_core.package_discovery:Crawling recursively for packages in '/home/ycao/virtual_roam_2'
[0.097s] Level 1:colcon.colcon_core.package_identification:_identify(.) by extensions ['ignore', 'ignore_ament_install']
[0.097s] Level 1:colcon.colcon_core.package_identification:_identify(.) by extension 'ignore'
[0.097s] Level 1:colcon.colcon_core.package_identification:_identify(.) by extension 'ignore_ament_install'
[0.097s] Level 1:colcon.colcon_core.package_identification:_identify(.) by extensions ['colcon_pkg']
[0.097s] Level 1:colcon.colcon_core.package_identification:_identify(.) by extension 'colcon_pkg'
[0.097s] Level 1:colcon.colcon_core.package_identification:_identify(.) by extensions ['colcon_meta']
[0.097s] Level 1:colcon.colcon_core.package_identification:_identify(.) by extension 'colcon_meta'
[0.097s] Level 1:colcon.colcon_core.package_identification:_identify(.) by extensions ['ros']
[0.097s] Level 1:colcon.colcon_core.package_identification:_identify(.) by extension 'ros'
[0.114s] Level 1:colcon.colcon_core.package_identification:_identify(.) by extensions ['cmake', 'python']
[0.114s] Level 1:colcon.colcon_core.package_identification:_identify(.) by extension 'cmake'
[0.114s] Level 1:colcon.colcon_core.package_identification:_identify(.) by extension 'python'
[0.114s] Level 1:colcon.colcon_core.package_identification:_identify(.) by extensions ['python_setup_py']
[0.114s] Level 1:colcon.colcon_core.package_identification:_identify(.) by extension 'python_setup_py'
[0.114s] Level 1:colcon.colcon_core.package_identification:_identify(build) by extensions ['ignore', 'ignore_ament_install']
[0.114s] Level 1:colcon.colcon_core.package_identification:_identify(build) by extension 'ignore'
[0.114s] Level 1:colcon.colcon_core.package_identification:_identify(build) ignored
[0.114s] Level 1:colcon.colcon_core.package_identification:_identify(install) by extensions ['ignore', 'ignore_ament_install']
[0.114s] Level 1:colcon.colcon_core.package_identification:_identify(install) by extension 'ignore'
[0.115s] Level 1:colcon.colcon_core.package_identification:_identify(install) ignored
[0.115s] Level 1:colcon.colcon_core.package_identification:_identify(log) by extensions ['ignore', 'ignore_ament_install']
[0.115s] Level 1:colcon.colcon_core.package_identification:_identify(log) by extension 'ignore'
[0.115s] Level 1:colcon.colcon_core.package_identification:_identify(log) ignored
[0.115s] Level 1:colcon.colcon_core.package_identification:_identify(src) by extensions ['ignore', 'ignore_ament_install']
[0.115s] Level 1:colcon.colcon_core.package_identification:_identify(src) by extension 'ignore'
[0.115s] Level 1:colcon.colcon_core.package_identification:_identify(src) by extension 'ignore_ament_install'
[0.115s] Level 1:colcon.colcon_core.package_identification:_identify(src) by extensions ['colcon_pkg']
[0.115s] Level 1:colcon.colcon_core.package_identification:_identify(src) by extension 'colcon_pkg'
[0.115s] Level 1:colcon.colcon_core.package_identification:_identify(src) by extensions ['colcon_meta']
[0.115s] Level 1:colcon.colcon_core.package_identification:_identify(src) by extension 'colcon_meta'
[0.115s] Level 1:colcon.colcon_core.package_identification:_identify(src) by extensions ['ros']
[0.115s] Level 1:colcon.colcon_core.package_identification:_identify(src) by extension 'ros'
[0.115s] Level 1:colcon.colcon_core.package_identification:_identify(src) by extensions ['cmake', 'python']
[0.115s] Level 1:colcon.colcon_core.package_identification:_identify(src) by extension 'cmake'
[0.115s] Level 1:colcon.colcon_core.package_identification:_identify(src) by extension 'python'
[0.115s] Level 1:colcon.colcon_core.package_identification:_identify(src) by extensions ['python_setup_py']
[0.115s] Level 1:colcon.colcon_core.package_identification:_identify(src) by extension 'python_setup_py'
[0.115s] Level 1:colcon.colcon_core.package_identification:_identify(src/champ) by extensions ['ignore', 'ignore_ament_install']
[0.115s] Level 1:colcon.colcon_core.package_identification:_identify(src/champ) by extension 'ignore'
[0.115s] Level 1:colcon.colcon_core.package_identification:_identify(src/champ) by extension 'ignore_ament_install'
[0.115s] Level 1:colcon.colcon_core.package_identification:_identify(src/champ) by extensions ['colcon_pkg']
[0.115s] Level 1:colcon.colcon_core.package_identification:_identify(src/champ) by extension 'colcon_pkg'
[0.115s] Level 1:colcon.colcon_core.package_identification:_identify(src/champ) by extensions ['colcon_meta']
[0.115s] Level 1:colcon.colcon_core.package_identification:_identify(src/champ) by extension 'colcon_meta'
[0.115s] Level 1:colcon.colcon_core.package_identification:_identify(src/champ) by extensions ['ros']
[0.115s] Level 1:colcon.colcon_core.package_identification:_identify(src/champ) by extension 'ros'
[0.117s] DEBUG:colcon.colcon_core.package_identification:Package 'src/champ' with type 'ros.ament_cmake' and name 'champ'
[0.117s] Level 1:colcon.colcon_core.package_identification:_identify(src/champ_base) by extensions ['ignore', 'ignore_ament_install']
[0.117s] Level 1:colcon.colcon_core.package_identification:_identify(src/champ_base) by extension 'ignore'
[0.117s] Level 1:colcon.colcon_core.package_identification:_identify(src/champ_base) by extension 'ignore_ament_install'
[0.117s] Level 1:colcon.colcon_core.package_identification:_identify(src/champ_base) by extensions ['colcon_pkg']
[0.117s] Level 1:colcon.colcon_core.package_identification:_identify(src/champ_base) by extension 'colcon_pkg'
[0.117s] Level 1:colcon.colcon_core.package_identification:_identify(src/champ_base) by extensions ['colcon_meta']
[0.117s] Level 1:colcon.colcon_core.package_identification:_identify(src/champ_base) by extension 'colcon_meta'
[0.117s] Level 1:colcon.colcon_core.package_identification:_identify(src/champ_base) by extensions ['ros']
[0.117s] Level 1:colcon.colcon_core.package_identification:_identify(src/champ_base) by extension 'ros'
[0.118s] DEBUG:colcon.colcon_core.package_identification:Package 'src/champ_base' with type 'ros.ament_cmake' and name 'champ_base'
[0.118s] Level 1:colcon.colcon_core.package_identification:_identify(src/champ_msgs) by extensions ['ignore', 'ignore_ament_install']
[0.118s] Level 1:colcon.colcon_core.package_identification:_identify(src/champ_msgs) by extension 'ignore'
[0.118s] Level 1:colcon.colcon_core.package_identification:_identify(src/champ_msgs) by extension 'ignore_ament_install'
[0.118s] Level 1:colcon.colcon_core.package_identification:_identify(src/champ_msgs) by extensions ['colcon_pkg']
[0.118s] Level 1:colcon.colcon_core.package_identification:_identify(src/champ_msgs) by extension 'colcon_pkg'
[0.118s] Level 1:colcon.colcon_core.package_identification:_identify(src/champ_msgs) by extensions ['colcon_meta']
[0.118s] Level 1:colcon.colcon_core.package_identification:_identify(src/champ_msgs) by extension 'colcon_meta'
[0.118s] Level 1:colcon.colcon_core.package_identification:_identify(src/champ_msgs) by extensions ['ros']
[0.118s] Level 1:colcon.colcon_core.package_identification:_identify(src/champ_msgs) by extension 'ros'
[0.119s] DEBUG:colcon.colcon_core.package_identification:Package 'src/champ_msgs' with type 'ros.ament_cmake' and name 'champ_msgs'
[0.119s] Level 1:colcon.colcon_core.package_identification:_identify(src/unitree_go2_description) by extensions ['ignore', 'ignore_ament_install']
[0.119s] Level 1:colcon.colcon_core.package_identification:_identify(src/unitree_go2_description) by extension 'ignore'
[0.119s] Level 1:colcon.colcon_core.package_identification:_identify(src/unitree_go2_description) by extension 'ignore_ament_install'
[0.119s] Level 1:colcon.colcon_core.package_identification:_identify(src/unitree_go2_description) by extensions ['colcon_pkg']
[0.119s] Level 1:colcon.colcon_core.package_identification:_identify(src/unitree_go2_description) by extension 'colcon_pkg'
[0.119s] Level 1:colcon.colcon_core.package_identification:_identify(src/unitree_go2_description) by extensions ['colcon_meta']
[0.119s] Level 1:colcon.colcon_core.package_identification:_identify(src/unitree_go2_description) by extension 'colcon_meta'
[0.119s] Level 1:colcon.colcon_core.package_identification:_identify(src/unitree_go2_description) by extensions ['ros']
[0.119s] Level 1:colcon.colcon_core.package_identification:_identify(src/unitree_go2_description) by extension 'ros'
[0.119s] DEBUG:colcon.colcon_core.package_identification:Package 'src/unitree_go2_description' with type 'ros.ament_cmake' and name 'unitree_go2_description'
[0.119s] Level 1:colcon.colcon_core.package_identification:_identify(src/unitree_go2_sim) by extensions ['ignore', 'ignore_ament_install']
[0.119s] Level 1:colcon.colcon_core.package_identification:_identify(src/unitree_go2_sim) by extension 'ignore'
[0.119s] Level 1:colcon.colcon_core.package_identification:_identify(src/unitree_go2_sim) by extension 'ignore_ament_install'
[0.119s] Level 1:colcon.colcon_core.package_identification:_identify(src/unitree_go2_sim) by extensions ['colcon_pkg']
[0.120s] Level 1:colcon.colcon_core.package_identification:_identify(src/unitree_go2_sim) by extension 'colcon_pkg'
[0.120s] Level 1:colcon.colcon_core.package_identification:_identify(src/unitree_go2_sim) by extensions ['colcon_meta']
[0.120s] Level 1:colcon.colcon_core.package_identification:_identify(src/unitree_go2_sim) by extension 'colcon_meta'
[0.120s] Level 1:colcon.colcon_core.package_identification:_identify(src/unitree_go2_sim) by extensions ['ros']
[0.120s] Level 1:colcon.colcon_core.package_identification:_identify(src/unitree_go2_sim) by extension 'ros'
[0.120s] DEBUG:colcon.colcon_core.package_identification:Package 'src/unitree_go2_sim' with type 'ros.ament_cmake' and name 'unitree_go2_sim'
[0.120s] Level 1:colcon.colcon_core.package_discovery:discover_packages(recursive) using defaults
[0.120s] Level 1:colcon.colcon_core.package_discovery:discover_packages(ignore) discover
[0.120s] Level 1:colcon.colcon_core.package_discovery:discover_packages(ignore) using defaults
[0.120s] Level 1:colcon.colcon_core.package_discovery:discover_packages(path) discover
[0.120s] Level 1:colcon.colcon_core.package_discovery:discover_packages(path) using defaults
[0.131s] Level 1:colcon.colcon_core.package_discovery:discover_packages(prefix_path) check parameters
[0.131s] Level 1:colcon.colcon_core.package_discovery:discover_packages(prefix_path) discover
[0.133s] DEBUG:colcon.colcon_installed_package_information.package_discovery:Found 375 installed packages in /opt/ros/jazzy
[0.134s] Level 1:colcon.colcon_core.package_discovery:discover_packages(prefix_path) using defaults
[0.164s] Level 5:colcon.colcon_core.verb:set package 'champ' build argument 'cmake_args' from command line to 'None'
[0.164s] Level 5:colcon.colcon_core.verb:set package 'champ' build argument 'cmake_target' from command line to 'None'
[0.164s] Level 5:colcon.colcon_core.verb:set package 'champ' build argument 'cmake_target_skip_unavailable' from command line to 'False'
[0.164s] Level 5:colcon.colcon_core.verb:set package 'champ' build argument 'cmake_clean_cache' from command line to 'False'
[0.164s] Level 5:colcon.colcon_core.verb:set package 'champ' build argument 'cmake_clean_first' from command line to 'False'
[0.164s] Level 5:colcon.colcon_core.verb:set package 'champ' build argument 'cmake_force_configure' from command line to 'False'
[0.164s] Level 5:colcon.colcon_core.verb:set package 'champ' build argument 'ament_cmake_args' from command line to 'None'
[0.164s] Level 5:colcon.colcon_core.verb:set package 'champ' build argument 'catkin_cmake_args' from command line to 'None'
[0.165s] Level 5:colcon.colcon_core.verb:set package 'champ' build argument 'catkin_skip_building_tests' from command line to 'False'
[0.165s] DEBUG:colcon.colcon_core.verb:Building package 'champ' with the following arguments: {'ament_cmake_args': None, 'build_base': '/home/ycao/virtual_roam_2/build/champ', 'catkin_cmake_args': None, 'catkin_skip_building_tests': False, 'cmake_args': None, 'cmake_clean_cache': False, 'cmake_clean_first': False, 'cmake_force_configure': False, 'cmake_target': None, 'cmake_target_skip_unavailable': False, 'install_base': '/home/ycao/virtual_roam_2/install/champ', 'merge_install': False, 'path': '/home/ycao/virtual_roam_2/src/champ', 'symlink_install': False, 'test_result_base': None}
[0.165s] Level 5:colcon.colcon_core.verb:set package 'champ_msgs' build argument 'cmake_args' from command line to 'None'
[0.165s] Level 5:colcon.colcon_core.verb:set package 'champ_msgs' build argument 'cmake_target' from command line to 'None'
[0.165s] Level 5:colcon.colcon_core.verb:set package 'champ_msgs' build argument 'cmake_target_skip_unavailable' from command line to 'False'
[0.165s] Level 5:colcon.colcon_core.verb:set package 'champ_msgs' build argument 'cmake_clean_cache' from command line to 'False'
[0.165s] Level 5:colcon.colcon_core.verb:set package 'champ_msgs' build argument 'cmake_clean_first' from command line to 'False'
[0.165s] Level 5:colcon.colcon_core.verb:set package 'champ_msgs' build argument 'cmake_force_configure' from command line to 'False'
[0.165s] Level 5:colcon.colcon_core.verb:set package 'champ_msgs' build argument 'ament_cmake_args' from command line to 'None'
[0.165s] Level 5:colcon.colcon_core.verb:set package 'champ_msgs' build argument 'catkin_cmake_args' from command line to 'None'
[0.165s] Level 5:colcon.colcon_core.verb:set package 'champ_msgs' build argument 'catkin_skip_building_tests' from command line to 'False'
[0.165s] DEBUG:colcon.colcon_core.verb:Building package 'champ_msgs' with the following arguments: {'ament_cmake_args': None, 'build_base': '/home/ycao/virtual_roam_2/build/champ_msgs', 'catkin_cmake_args': None, 'catkin_skip_building_tests': False, 'cmake_args': None, 'cmake_clean_cache': False, 'cmake_clean_first': False, 'cmake_force_configure': False, 'cmake_target': None, 'cmake_target_skip_unavailable': False, 'install_base': '/home/ycao/virtual_roam_2/install/champ_msgs', 'merge_install': False, 'path': '/home/ycao/virtual_roam_2/src/champ_msgs', 'symlink_install': False, 'test_result_base': None}
[0.165s] Level 5:colcon.colcon_core.verb:set package 'unitree_go2_description' build argument 'cmake_args' from command line to 'None'
[0.165s] Level 5:colcon.colcon_core.verb:set package 'unitree_go2_description' build argument 'cmake_target' from command line to 'None'
[0.165s] Level 5:colcon.colcon_core.verb:set package 'unitree_go2_description' build argument 'cmake_target_skip_unavailable' from command line to 'False'
[0.165s] Level 5:colcon.colcon_core.verb:set package 'unitree_go2_description' build argument 'cmake_clean_cache' from command line to 'False'
[0.165s] Level 5:colcon.colcon_core.verb:set package 'unitree_go2_description' build argument 'cmake_clean_first' from command line to 'False'
[0.165s] Level 5:colcon.colcon_core.verb:set package 'unitree_go2_description' build argument 'cmake_force_configure' from command line to 'False'
[0.165s] Level 5:colcon.colcon_core.verb:set package 'unitree_go2_description' build argument 'ament_cmake_args' from command line to 'None'
[0.165s] Level 5:colcon.colcon_core.verb:set package 'unitree_go2_description' build argument 'catkin_cmake_args' from command line to 'None'
[0.165s] Level 5:colcon.colcon_core.verb:set package 'unitree_go2_description' build argument 'catkin_skip_building_tests' from command line to 'False'
[0.165s] DEBUG:colcon.colcon_core.verb:Building package 'unitree_go2_description' with the following arguments: {'ament_cmake_args': None, 'build_base': '/home/ycao/virtual_roam_2/build/unitree_go2_description', 'catkin_cmake_args': None, 'catkin_skip_building_tests': False, 'cmake_args': None, 'cmake_clean_cache': False, 'cmake_clean_first': False, 'cmake_force_configure': False, 'cmake_target': None, 'cmake_target_skip_unavailable': False, 'install_base': '/home/ycao/virtual_roam_2/install/unitree_go2_description', 'merge_install': False, 'path': '/home/ycao/virtual_roam_2/src/unitree_go2_description', 'symlink_install': False, 'test_result_base': None}
[0.165s] Level 5:colcon.colcon_core.verb:set package 'unitree_go2_sim' build argument 'cmake_args' from command line to 'None'
[0.165s] Level 5:colcon.colcon_core.verb:set package 'unitree_go2_sim' build argument 'cmake_target' from command line to 'None'
[0.165s] Level 5:colcon.colcon_core.verb:set package 'unitree_go2_sim' build argument 'cmake_target_skip_unavailable' from command line to 'False'
[0.165s] Level 5:colcon.colcon_core.verb:set package 'unitree_go2_sim' build argument 'cmake_clean_cache' from command line to 'False'
[0.165s] Level 5:colcon.colcon_core.verb:set package 'unitree_go2_sim' build argument 'cmake_clean_first' from command line to 'False'
[0.165s] Level 5:colcon.colcon_core.verb:set package 'unitree_go2_sim' build argument 'cmake_force_configure' from command line to 'False'
[0.165s] Level 5:colcon.colcon_core.verb:set package 'unitree_go2_sim' build argument 'ament_cmake_args' from command line to 'None'
[0.165s] Level 5:colcon.colcon_core.verb:set package 'unitree_go2_sim' build argument 'catkin_cmake_args' from command line to 'None'
[0.165s] Level 5:colcon.colcon_core.verb:set package 'unitree_go2_sim' build argument 'catkin_skip_building_tests' from command line to 'False'
[0.165s] DEBUG:colcon.colcon_core.verb:Building package 'unitree_go2_sim' with the following arguments: {'ament_cmake_args': None, 'build_base': '/home/ycao/virtual_roam_2/build/unitree_go2_sim', 'catkin_cmake_args': None, 'catkin_skip_building_tests': False, 'cmake_args': None, 'cmake_clean_cache': False, 'cmake_clean_first': False, 'cmake_force_configure': False, 'cmake_target': None, 'cmake_target_skip_unavailable': False, 'install_base': '/home/ycao/virtual_roam_2/install/unitree_go2_sim', 'merge_install': False, 'path': '/home/ycao/virtual_roam_2/src/unitree_go2_sim', 'symlink_install': False, 'test_result_base': None}
[0.166s] Level 5:colcon.colcon_core.verb:set package 'champ_base' build argument 'cmake_args' from command line to 'None'
[0.166s] Level 5:colcon.colcon_core.verb:set package 'champ_base' build argument 'cmake_target' from command line to 'None'
[0.166s] Level 5:colcon.colcon_core.verb:set package 'champ_base' build argument 'cmake_target_skip_unavailable' from command line to 'False'
[0.166s] Level 5:colcon.colcon_core.verb:set package 'champ_base' build argument 'cmake_clean_cache' from command line to 'False'
[0.166s] Level 5:colcon.colcon_core.verb:set package 'champ_base' build argument 'cmake_clean_first' from command line to 'False'
[0.166s] Level 5:colcon.colcon_core.verb:set package 'champ_base' build argument 'cmake_force_configure' from command line to 'False'
[0.166s] Level 5:colcon.colcon_core.verb:set package 'champ_base' build argument 'ament_cmake_args' from command line to 'None'
[0.166s] Level 5:colcon.colcon_core.verb:set package 'champ_base' build argument 'catkin_cmake_args' from command line to 'None'
[0.166s] Level 5:colcon.colcon_core.verb:set package 'champ_base' build argument 'catkin_skip_building_tests' from command line to 'False'
[0.166s] DEBUG:colcon.colcon_core.verb:Building package 'champ_base' with the following arguments: {'ament_cmake_args': None, 'build_base': '/home/ycao/virtual_roam_2/build/champ_base', 'catkin_cmake_args': None, 'catkin_skip_building_tests': False, 'cmake_args': None, 'cmake_clean_cache': False, 'cmake_clean_first': False, 'cmake_force_configure': False, 'cmake_target': None, 'cmake_target_skip_unavailable': False, 'install_base': '/home/ycao/virtual_roam_2/install/champ_base', 'merge_install': False, 'path': '/home/ycao/virtual_roam_2/src/champ_base', 'symlink_install': False, 'test_result_base': None}
[0.166s] INFO:colcon.colcon_core.executor:Executing jobs using 'parallel' executor
[0.167s] DEBUG:colcon.colcon_parallel_executor.executor.parallel:run_until_complete
[0.167s] INFO:colcon.colcon_ros.task.ament_cmake.build:Building ROS package in '/home/ycao/virtual_roam_2/src/champ' with build type 'ament_cmake'
[0.167s] INFO:colcon.colcon_cmake.task.cmake.build:Building CMake package in '/home/ycao/virtual_roam_2/src/champ'
[0.169s] INFO:colcon.colcon_core.plugin_system:Skipping extension 'colcon_core.shell.bat': Not used on non-Windows systems
[0.169s] INFO:colcon.colcon_core.shell:Skip shell extension 'powershell' for command environment: Not usable outside of PowerShell
[0.169s] DEBUG:colcon.colcon_core.shell:Skip shell extension 'dsv' for command environment
[0.172s] INFO:colcon.colcon_ros.task.ament_cmake.build:Building ROS package in '/home/ycao/virtual_roam_2/src/champ_msgs' with build type 'ament_cmake'
[0.172s] INFO:colcon.colcon_cmake.task.cmake.build:Building CMake package in '/home/ycao/virtual_roam_2/src/champ_msgs'
[0.172s] INFO:colcon.colcon_core.shell:Skip shell extension 'powershell' for command environment: Not usable outside of PowerShell
[0.172s] DEBUG:colcon.colcon_core.shell:Skip shell extension 'dsv' for command environment
[0.174s] INFO:colcon.colcon_ros.task.ament_cmake.build:Building ROS package in '/home/ycao/virtual_roam_2/src/unitree_go2_description' with build type 'ament_cmake'
[0.174s] INFO:colcon.colcon_cmake.task.cmake.build:Building CMake package in '/home/ycao/virtual_roam_2/src/unitree_go2_description'
[0.174s] INFO:colcon.colcon_core.shell:Skip shell extension 'powershell' for command environment: Not usable outside of PowerShell
[0.174s] DEBUG:colcon.colcon_core.shell:Skip shell extension 'dsv' for command environment
[0.176s] INFO:colcon.colcon_ros.task.ament_cmake.build:Building ROS package in '/home/ycao/virtual_roam_2/src/unitree_go2_sim' with build type 'ament_cmake'
[0.177s] INFO:colcon.colcon_cmake.task.cmake.build:Building CMake package in '/home/ycao/virtual_roam_2/src/unitree_go2_sim'
[0.177s] INFO:colcon.colcon_core.shell:Skip shell extension 'powershell' for command environment: Not usable outside of PowerShell
[0.177s] DEBUG:colcon.colcon_core.shell:Skip shell extension 'dsv' for command environment
[0.182s] DEBUG:colcon.colcon_core.event_handler.log_command:Invoking command in '/home/ycao/virtual_roam_2/build/champ': CMAKE_PREFIX_PATH=${CMAKE_PREFIX_PATH}:/opt/ros/jazzy DEBUGINFOD_URLS=https://debuginfod.ubuntu.com /usr/bin/cmake --build /home/ycao/virtual_roam_2/build/champ -- -j16 -l16
[0.184s] DEBUG:colcon.colcon_core.event_handler.log_command:Invoking command in '/home/ycao/virtual_roam_2/build/champ_msgs': CMAKE_PREFIX_PATH=${CMAKE_PREFIX_PATH}:/opt/ros/jazzy DEBUGINFOD_URLS=https://debuginfod.ubuntu.com /usr/bin/cmake --build /home/ycao/virtual_roam_2/build/champ_msgs -- -j16 -l16
[0.186s] DEBUG:colcon.colcon_core.event_handler.log_command:Invoking command in '/home/ycao/virtual_roam_2/build/unitree_go2_description': CMAKE_PREFIX_PATH=${CMAKE_PREFIX_PATH}:/opt/ros/jazzy DEBUGINFOD_URLS=https://debuginfod.ubuntu.com /usr/bin/cmake --build /home/ycao/virtual_roam_2/build/unitree_go2_description -- -j16 -l16
[0.190s] DEBUG:colcon.colcon_core.event_handler.log_command:Invoking command in '/home/ycao/virtual_roam_2/build/unitree_go2_sim': CMAKE_PREFIX_PATH=${CMAKE_PREFIX_PATH}:/opt/ros/jazzy DEBUGINFOD_URLS=https://debuginfod.ubuntu.com /usr/bin/cmake --build /home/ycao/virtual_roam_2/build/unitree_go2_sim -- -j16 -l16
[0.220s] DEBUG:colcon.colcon_core.event_handler.log_command:Invoked command in '/home/ycao/virtual_roam_2/build/champ' returned '0': CMAKE_PREFIX_PATH=${CMAKE_PREFIX_PATH}:/opt/ros/jazzy DEBUGINFOD_URLS=https://debuginfod.ubuntu.com /usr/bin/cmake --build /home/ycao/virtual_roam_2/build/champ -- -j16 -l16
[0.229s] DEBUG:colcon.colcon_core.event_handler.log_command:Invoking command in '/home/ycao/virtual_roam_2/build/champ': CMAKE_PREFIX_PATH=${CMAKE_PREFIX_PATH}:/opt/ros/jazzy DEBUGINFOD_URLS=https://debuginfod.ubuntu.com /usr/bin/cmake --install /home/ycao/virtual_roam_2/build/champ
[0.232s] DEBUG:colcon.colcon_core.event_handler.log_command:Invoked command in '/home/ycao/virtual_roam_2/build/unitree_go2_description' returned '0': CMAKE_PREFIX_PATH=${CMAKE_PREFIX_PATH}:/opt/ros/jazzy DEBUGINFOD_URLS=https://debuginfod.ubuntu.com /usr/bin/cmake --build /home/ycao/virtual_roam_2/build/unitree_go2_description -- -j16 -l16
[0.233s] DEBUG:colcon.colcon_core.event_handler.log_command:Invoking command in '/home/ycao/virtual_roam_2/build/unitree_go2_description': CMAKE_PREFIX_PATH=${CMAKE_PREFIX_PATH}:/opt/ros/jazzy DEBUGINFOD_URLS=https://debuginfod.ubuntu.com /usr/bin/cmake --install /home/ycao/virtual_roam_2/build/unitree_go2_description
[0.233s] DEBUG:colcon.colcon_core.event_handler.log_command:Invoked command in '/home/ycao/virtual_roam_2/build/unitree_go2_sim' returned '0': CMAKE_PREFIX_PATH=${CMAKE_PREFIX_PATH}:/opt/ros/jazzy DEBUGINFOD_URLS=https://debuginfod.ubuntu.com /usr/bin/cmake --build /home/ycao/virtual_roam_2/build/unitree_go2_sim -- -j16 -l16
[0.235s] DEBUG:colcon.colcon_core.event_handler.log_command:Invoking command in '/home/ycao/virtual_roam_2/build/unitree_go2_sim': CMAKE_PREFIX_PATH=${CMAKE_PREFIX_PATH}:/opt/ros/jazzy DEBUGINFOD_URLS=https://debuginfod.ubuntu.com /usr/bin/cmake --install /home/ycao/virtual_roam_2/build/unitree_go2_sim
[0.240s] Level 1:colcon.colcon_core.environment:create_environment_scripts_only(champ)
[0.245s] DEBUG:colcon.colcon_core.event_handler.log_command:Invoked command in '/home/ycao/virtual_roam_2/build/champ' returned '0': CMAKE_PREFIX_PATH=${CMAKE_PREFIX_PATH}:/opt/ros/jazzy DEBUGINFOD_URLS=https://debuginfod.ubuntu.com /usr/bin/cmake --install /home/ycao/virtual_roam_2/build/champ
[0.257s] Level 1:colcon.colcon_core.environment:checking '/home/ycao/virtual_roam_2/install/champ' for CMake module files
[0.258s] Level 1:colcon.colcon_core.environment:checking '/home/ycao/virtual_roam_2/install/champ' for CMake config files
[0.258s] Level 1:colcon.colcon_core.shell:create_environment_hook('champ', 'cmake_prefix_path')
[0.258s] INFO:colcon.colcon_core.shell:Creating environment hook '/home/ycao/virtual_roam_2/install/champ/share/champ/hook/cmake_prefix_path.ps1'
[0.259s] INFO:colcon.colcon_core.shell:Creating environment descriptor '/home/ycao/virtual_roam_2/install/champ/share/champ/hook/cmake_prefix_path.dsv'
[0.259s] INFO:colcon.colcon_core.shell:Creating environment hook '/home/ycao/virtual_roam_2/install/champ/share/champ/hook/cmake_prefix_path.sh'
[0.260s] Level 1:colcon.colcon_core.environment:checking '/home/ycao/virtual_roam_2/install/champ/bin'
[0.260s] Level 1:colcon.colcon_core.environment:checking '/home/ycao/virtual_roam_2/install/champ/lib/pkgconfig/champ.pc'
[0.260s] Level 1:colcon.colcon_core.environment:checking '/home/ycao/virtual_roam_2/install/champ/lib/python3.12/site-packages'
[0.260s] Level 1:colcon.colcon_core.environment:checking '/home/ycao/virtual_roam_2/install/champ/bin'
[0.260s] INFO:colcon.colcon_core.shell:Creating package script '/home/ycao/virtual_roam_2/install/champ/share/champ/package.ps1'
[0.261s] INFO:colcon.colcon_core.shell:Creating package descriptor '/home/ycao/virtual_roam_2/install/champ/share/champ/package.dsv'
[0.262s] INFO:colcon.colcon_core.shell:Creating package script '/home/ycao/virtual_roam_2/install/champ/share/champ/package.sh'
[0.262s] INFO:colcon.colcon_core.shell:Creating package script '/home/ycao/virtual_roam_2/install/champ/share/champ/package.bash'
[0.263s] INFO:colcon.colcon_core.shell:Creating package script '/home/ycao/virtual_roam_2/install/champ/share/champ/package.zsh'
[0.263s] Level 1:colcon.colcon_core.environment:create_file_with_runtime_dependencies(/home/ycao/virtual_roam_2/install/champ/share/colcon-core/packages/champ)
[0.264s] Level 1:colcon.colcon_core.environment:create_environment_scripts_only(champ)
[0.264s] Level 1:colcon.colcon_core.environment:checking '/home/ycao/virtual_roam_2/install/champ' for CMake module files
[0.264s] Level 1:colcon.colcon_core.environment:checking '/home/ycao/virtual_roam_2/install/champ' for CMake config files
[0.265s] Level 1:colcon.colcon_core.shell:create_environment_hook('champ', 'cmake_prefix_path')
[0.265s] INFO:colcon.colcon_core.shell:Creating environment hook '/home/ycao/virtual_roam_2/install/champ/share/champ/hook/cmake_prefix_path.ps1'
[0.265s] INFO:colcon.colcon_core.shell:Creating environment descriptor '/home/ycao/virtual_roam_2/install/champ/share/champ/hook/cmake_prefix_path.dsv'
[0.265s] INFO:colcon.colcon_core.shell:Creating environment hook '/home/ycao/virtual_roam_2/install/champ/share/champ/hook/cmake_prefix_path.sh'
[0.266s] Level 1:colcon.colcon_core.environment:checking '/home/ycao/virtual_roam_2/install/champ/bin'
[0.266s] Level 1:colcon.colcon_core.environment:checking '/home/ycao/virtual_roam_2/install/champ/lib/pkgconfig/champ.pc'
[0.266s] Level 1:colcon.colcon_core.environment:checking '/home/ycao/virtual_roam_2/install/champ/lib/python3.12/site-packages'
[0.266s] Level 1:colcon.colcon_core.environment:checking '/home/ycao/virtual_roam_2/install/champ/bin'
[0.267s] INFO:colcon.colcon_core.shell:Creating package script '/home/ycao/virtual_roam_2/install/champ/share/champ/package.ps1'
[0.267s] INFO:colcon.colcon_core.shell:Creating package descriptor '/home/ycao/virtual_roam_2/install/champ/share/champ/package.dsv'
[0.268s] INFO:colcon.colcon_core.shell:Creating package script '/home/ycao/virtual_roam_2/install/champ/share/champ/package.sh'
[0.268s] INFO:colcon.colcon_core.shell:Creating package script '/home/ycao/virtual_roam_2/install/champ/share/champ/package.bash'
[0.268s] INFO:colcon.colcon_core.shell:Creating package script '/home/ycao/virtual_roam_2/install/champ/share/champ/package.zsh'
[0.269s] Level 1:colcon.colcon_core.environment:create_file_with_runtime_dependencies(/home/ycao/virtual_roam_2/install/champ/share/colcon-core/packages/champ)
[0.271s] Level 1:colcon.colcon_core.environment:create_environment_scripts_only(unitree_go2_description)
[0.271s] Level 1:colcon.colcon_core.environment:checking '/home/ycao/virtual_roam_2/install/unitree_go2_description' for CMake module files
[0.272s] DEBUG:colcon.colcon_core.event_handler.log_command:Invoked command in '/home/ycao/virtual_roam_2/build/unitree_go2_description' returned '0': CMAKE_PREFIX_PATH=${CMAKE_PREFIX_PATH}:/opt/ros/jazzy DEBUGINFOD_URLS=https://debuginfod.ubuntu.com /usr/bin/cmake --install /home/ycao/virtual_roam_2/build/unitree_go2_description
[0.272s] Level 1:colcon.colcon_core.environment:checking '/home/ycao/virtual_roam_2/install/unitree_go2_description' for CMake config files
[0.272s] Level 1:colcon.colcon_core.shell:create_environment_hook('unitree_go2_description', 'cmake_prefix_path')
[0.272s] INFO:colcon.colcon_core.shell:Creating environment hook '/home/ycao/virtual_roam_2/install/unitree_go2_description/share/unitree_go2_description/hook/cmake_prefix_path.ps1'
[0.273s] INFO:colcon.colcon_core.shell:Creating environment descriptor '/home/ycao/virtual_roam_2/install/unitree_go2_description/share/unitree_go2_description/hook/cmake_prefix_path.dsv'
[0.273s] INFO:colcon.colcon_core.shell:Creating environment hook '/home/ycao/virtual_roam_2/install/unitree_go2_description/share/unitree_go2_description/hook/cmake_prefix_path.sh'
[0.273s] Level 1:colcon.colcon_core.environment:checking '/home/ycao/virtual_roam_2/install/unitree_go2_description/bin'
[0.273s] Level 1:colcon.colcon_core.environment:checking '/home/ycao/virtual_roam_2/install/unitree_go2_description/lib/pkgconfig/unitree_go2_description.pc'
[0.274s] Level 1:colcon.colcon_core.environment:checking '/home/ycao/virtual_roam_2/install/unitree_go2_description/lib/python3.12/site-packages'
[0.274s] Level 1:colcon.colcon_core.environment:checking '/home/ycao/virtual_roam_2/install/unitree_go2_description/bin'
[0.274s] INFO:colcon.colcon_core.shell:Creating package script '/home/ycao/virtual_roam_2/install/unitree_go2_description/share/unitree_go2_description/package.ps1'
[0.274s] INFO:colcon.colcon_core.shell:Creating package descriptor '/home/ycao/virtual_roam_2/install/unitree_go2_description/share/unitree_go2_description/package.dsv'
[0.275s] INFO:colcon.colcon_core.shell:Creating package script '/home/ycao/virtual_roam_2/install/unitree_go2_description/share/unitree_go2_description/package.sh'
[0.275s] INFO:colcon.colcon_core.shell:Creating package script '/home/ycao/virtual_roam_2/install/unitree_go2_description/share/unitree_go2_description/package.bash'
[0.276s] INFO:colcon.colcon_core.shell:Creating package script '/home/ycao/virtual_roam_2/install/unitree_go2_description/share/unitree_go2_description/package.zsh'
[0.276s] Level 1:colcon.colcon_core.environment:create_file_with_runtime_dependencies(/home/ycao/virtual_roam_2/install/unitree_go2_description/share/colcon-core/packages/unitree_go2_description)
[0.277s] Level 1:colcon.colcon_core.environment:create_environment_scripts_only(unitree_go2_description)
[0.277s] Level 1:colcon.colcon_core.environment:checking '/home/ycao/virtual_roam_2/install/unitree_go2_description' for CMake module files
[0.278s] Level 1:colcon.colcon_core.environment:checking '/home/ycao/virtual_roam_2/install/unitree_go2_description' for CMake config files
[0.278s] Level 1:colcon.colcon_core.shell:create_environment_hook('unitree_go2_description', 'cmake_prefix_path')
[0.278s] INFO:colcon.colcon_core.shell:Creating environment hook '/home/ycao/virtual_roam_2/install/unitree_go2_description/share/unitree_go2_description/hook/cmake_prefix_path.ps1'
[0.279s] INFO:colcon.colcon_core.shell:Creating environment descriptor '/home/ycao/virtual_roam_2/install/unitree_go2_description/share/unitree_go2_description/hook/cmake_prefix_path.dsv'
[0.279s] INFO:colcon.colcon_core.shell:Creating environment hook '/home/ycao/virtual_roam_2/install/unitree_go2_description/share/unitree_go2_description/hook/cmake_prefix_path.sh'
[0.280s] Level 1:colcon.colcon_core.environment:checking '/home/ycao/virtual_roam_2/install/unitree_go2_description/bin'
[0.280s] Level 1:colcon.colcon_core.environment:checking '/home/ycao/virtual_roam_2/install/unitree_go2_description/lib/pkgconfig/unitree_go2_description.pc'
[0.280s] Level 1:colcon.colcon_core.environment:checking '/home/ycao/virtual_roam_2/install/unitree_go2_description/lib/python3.12/site-packages'
[0.281s] Level 1:colcon.colcon_core.environment:checking '/home/ycao/virtual_roam_2/install/unitree_go2_description/bin'
[0.281s] INFO:colcon.colcon_core.shell:Creating package script '/home/ycao/virtual_roam_2/install/unitree_go2_description/share/unitree_go2_description/package.ps1'
[0.282s] INFO:colcon.colcon_core.shell:Creating package descriptor '/home/ycao/virtual_roam_2/install/unitree_go2_description/share/unitree_go2_description/package.dsv'
[0.283s] INFO:colcon.colcon_core.shell:Creating package script '/home/ycao/virtual_roam_2/install/unitree_go2_description/share/unitree_go2_description/package.sh'
[0.284s] INFO:colcon.colcon_core.shell:Creating package script '/home/ycao/virtual_roam_2/install/unitree_go2_description/share/unitree_go2_description/package.bash'
[0.284s] INFO:colcon.colcon_core.shell:Creating package script '/home/ycao/virtual_roam_2/install/unitree_go2_description/share/unitree_go2_description/package.zsh'
[0.285s] Level 1:colcon.colcon_core.environment:create_file_with_runtime_dependencies(/home/ycao/virtual_roam_2/install/unitree_go2_description/share/colcon-core/packages/unitree_go2_description)
[0.286s] Level 1:colcon.colcon_core.environment:create_environment_scripts_only(unitree_go2_sim)
[0.286s] Level 1:colcon.colcon_core.environment:checking '/home/ycao/virtual_roam_2/install/unitree_go2_sim' for CMake module files
[0.287s] Level 1:colcon.colcon_core.environment:checking '/home/ycao/virtual_roam_2/install/unitree_go2_sim' for CMake config files
[0.288s] DEBUG:colcon.colcon_core.event_handler.log_command:Invoked command in '/home/ycao/virtual_roam_2/build/unitree_go2_sim' returned '0': CMAKE_PREFIX_PATH=${CMAKE_PREFIX_PATH}:/opt/ros/jazzy DEBUGINFOD_URLS=https://debuginfod.ubuntu.com /usr/bin/cmake --install /home/ycao/virtual_roam_2/build/unitree_go2_sim
[0.288s] Level 1:colcon.colcon_core.shell:create_environment_hook('unitree_go2_sim', 'cmake_prefix_path')
[0.289s] INFO:colcon.colcon_core.shell:Creating environment hook '/home/ycao/virtual_roam_2/install/unitree_go2_sim/share/unitree_go2_sim/hook/cmake_prefix_path.ps1'
[0.289s] INFO:colcon.colcon_core.shell:Creating environment descriptor '/home/ycao/virtual_roam_2/install/unitree_go2_sim/share/unitree_go2_sim/hook/cmake_prefix_path.dsv'
[0.289s] INFO:colcon.colcon_core.shell:Creating environment hook '/home/ycao/virtual_roam_2/install/unitree_go2_sim/share/unitree_go2_sim/hook/cmake_prefix_path.sh'
[0.290s] Level 1:colcon.colcon_core.environment:checking '/home/ycao/virtual_roam_2/install/unitree_go2_sim/bin'
[0.290s] Level 1:colcon.colcon_core.environment:checking '/home/ycao/virtual_roam_2/install/unitree_go2_sim/lib/pkgconfig/unitree_go2_sim.pc'
[0.290s] Level 1:colcon.colcon_core.environment:checking '/home/ycao/virtual_roam_2/install/unitree_go2_sim/lib/python3.12/site-packages'
[0.290s] Level 1:colcon.colcon_core.environment:checking '/home/ycao/virtual_roam_2/install/unitree_go2_sim/bin'
[0.290s] INFO:colcon.colcon_core.shell:Creating package script '/home/ycao/virtual_roam_2/install/unitree_go2_sim/share/unitree_go2_sim/package.ps1'
[0.291s] INFO:colcon.colcon_core.shell:Creating package descriptor '/home/ycao/virtual_roam_2/install/unitree_go2_sim/share/unitree_go2_sim/package.dsv'
[0.291s] INFO:colcon.colcon_core.shell:Creating package script '/home/ycao/virtual_roam_2/install/unitree_go2_sim/share/unitree_go2_sim/package.sh'
[0.291s] INFO:colcon.colcon_core.shell:Creating package script '/home/ycao/virtual_roam_2/install/unitree_go2_sim/share/unitree_go2_sim/package.bash'
[0.292s] INFO:colcon.colcon_core.shell:Creating package script '/home/ycao/virtual_roam_2/install/unitree_go2_sim/share/unitree_go2_sim/package.zsh'
[0.292s] Level 1:colcon.colcon_core.environment:create_file_with_runtime_dependencies(/home/ycao/virtual_roam_2/install/unitree_go2_sim/share/colcon-core/packages/unitree_go2_sim)
[0.292s] Level 1:colcon.colcon_core.environment:create_environment_scripts_only(unitree_go2_sim)
[0.292s] Level 1:colcon.colcon_core.environment:checking '/home/ycao/virtual_roam_2/install/unitree_go2_sim' for CMake module files
[0.293s] Level 1:colcon.colcon_core.environment:checking '/home/ycao/virtual_roam_2/install/unitree_go2_sim' for CMake config files
[0.293s] Level 1:colcon.colcon_core.shell:create_environment_hook('unitree_go2_sim', 'cmake_prefix_path')
[0.293s] INFO:colcon.colcon_core.shell:Creating environment hook '/home/ycao/virtual_roam_2/install/unitree_go2_sim/share/unitree_go2_sim/hook/cmake_prefix_path.ps1'
[0.293s] INFO:colcon.colcon_core.shell:Creating environment descriptor '/home/ycao/virtual_roam_2/install/unitree_go2_sim/share/unitree_go2_sim/hook/cmake_prefix_path.dsv'
[0.294s] INFO:colcon.colcon_core.shell:Creating environment hook '/home/ycao/virtual_roam_2/install/unitree_go2_sim/share/unitree_go2_sim/hook/cmake_prefix_path.sh'
[0.294s] Level 1:colcon.colcon_core.environment:checking '/home/ycao/virtual_roam_2/install/unitree_go2_sim/bin'
[0.294s] Level 1:colcon.colcon_core.environment:checking '/home/ycao/virtual_roam_2/install/unitree_go2_sim/lib/pkgconfig/unitree_go2_sim.pc'
[0.294s] Level 1:colcon.colcon_core.environment:checking '/home/ycao/virtual_roam_2/install/unitree_go2_sim/lib/python3.12/site-packages'
[0.295s] Level 1:colcon.colcon_core.environment:checking '/home/ycao/virtual_roam_2/install/unitree_go2_sim/bin'
[0.295s] INFO:colcon.colcon_core.shell:Creating package script '/home/ycao/virtual_roam_2/install/unitree_go2_sim/share/unitree_go2_sim/package.ps1'
[0.295s] INFO:colcon.colcon_core.shell:Creating package descriptor '/home/ycao/virtual_roam_2/install/unitree_go2_sim/share/unitree_go2_sim/package.dsv'
[0.296s] INFO:colcon.colcon_core.shell:Creating package script '/home/ycao/virtual_roam_2/install/unitree_go2_sim/share/unitree_go2_sim/package.sh'
[0.296s] INFO:colcon.colcon_core.shell:Creating package script '/home/ycao/virtual_roam_2/install/unitree_go2_sim/share/unitree_go2_sim/package.bash'
[0.296s] INFO:colcon.colcon_core.shell:Creating package script '/home/ycao/virtual_roam_2/install/unitree_go2_sim/share/unitree_go2_sim/package.zsh'
[0.297s] Level 1:colcon.colcon_core.environment:create_file_with_runtime_dependencies(/home/ycao/virtual_roam_2/install/unitree_go2_sim/share/colcon-core/packages/unitree_go2_sim)
[0.478s] DEBUG:colcon.colcon_core.event_handler.log_command:Invoked command in '/home/ycao/virtual_roam_2/build/champ_msgs' returned '0': CMAKE_PREFIX_PATH=${CMAKE_PREFIX_PATH}:/opt/ros/jazzy DEBUGINFOD_URLS=https://debuginfod.ubuntu.com /usr/bin/cmake --build /home/ycao/virtual_roam_2/build/champ_msgs -- -j16 -l16
[0.479s] DEBUG:colcon.colcon_core.event_handler.log_command:Invoking command in '/home/ycao/virtual_roam_2/build/champ_msgs': CMAKE_PREFIX_PATH=${CMAKE_PREFIX_PATH}:/opt/ros/jazzy DEBUGINFOD_URLS=https://debuginfod.ubuntu.com /usr/bin/cmake --install /home/ycao/virtual_roam_2/build/champ_msgs
[0.528s] Level 1:colcon.colcon_core.environment:create_environment_scripts_only(champ_msgs)
[0.529s] Level 1:colcon.colcon_core.environment:checking '/home/ycao/virtual_roam_2/install/champ_msgs' for CMake module files
[0.529s] DEBUG:colcon.colcon_core.event_handler.log_command:Invoked command in '/home/ycao/virtual_roam_2/build/champ_msgs' returned '0': CMAKE_PREFIX_PATH=${CMAKE_PREFIX_PATH}:/opt/ros/jazzy DEBUGINFOD_URLS=https://debuginfod.ubuntu.com /usr/bin/cmake --install /home/ycao/virtual_roam_2/build/champ_msgs
[0.530s] Level 1:colcon.colcon_core.environment:checking '/home/ycao/virtual_roam_2/install/champ_msgs' for CMake config files
[0.530s] Level 1:colcon.colcon_core.shell:create_environment_hook('champ_msgs', 'cmake_prefix_path')
[0.530s] INFO:colcon.colcon_core.shell:Creating environment hook '/home/ycao/virtual_roam_2/install/champ_msgs/share/champ_msgs/hook/cmake_prefix_path.ps1'
[0.531s] INFO:colcon.colcon_core.shell:Creating environment descriptor '/home/ycao/virtual_roam_2/install/champ_msgs/share/champ_msgs/hook/cmake_prefix_path.dsv'
[0.531s] INFO:colcon.colcon_core.shell:Creating environment hook '/home/ycao/virtual_roam_2/install/champ_msgs/share/champ_msgs/hook/cmake_prefix_path.sh'
[0.532s] Level 1:colcon.colcon_core.environment:checking '/home/ycao/virtual_roam_2/install/champ_msgs/lib'
[0.532s] Level 1:colcon.colcon_core.shell:create_environment_hook('champ_msgs', 'ld_library_path_lib')
[0.532s] INFO:colcon.colcon_core.shell:Creating environment hook '/home/ycao/virtual_roam_2/install/champ_msgs/share/champ_msgs/hook/ld_library_path_lib.ps1'
[0.532s] INFO:colcon.colcon_core.shell:Creating environment descriptor '/home/ycao/virtual_roam_2/install/champ_msgs/share/champ_msgs/hook/ld_library_path_lib.dsv'
[0.532s] INFO:colcon.colcon_core.shell:Creating environment hook '/home/ycao/virtual_roam_2/install/champ_msgs/share/champ_msgs/hook/ld_library_path_lib.sh'
[0.533s] Level 1:colcon.colcon_core.environment:checking '/home/ycao/virtual_roam_2/install/champ_msgs/bin'
[0.533s] Level 1:colcon.colcon_core.environment:checking '/home/ycao/virtual_roam_2/install/champ_msgs/lib/pkgconfig/champ_msgs.pc'
[0.533s] Level 1:colcon.colcon_core.environment:checking '/home/ycao/virtual_roam_2/install/champ_msgs/lib/python3.12/site-packages'
[0.533s] Level 1:colcon.colcon_core.shell:create_environment_hook('champ_msgs', 'pythonpath')
[0.533s] INFO:colcon.colcon_core.shell:Creating environment hook '/home/ycao/virtual_roam_2/install/champ_msgs/share/champ_msgs/hook/pythonpath.ps1'
[0.533s] INFO:colcon.colcon_core.shell:Creating environment descriptor '/home/ycao/virtual_roam_2/install/champ_msgs/share/champ_msgs/hook/pythonpath.dsv'
[0.534s] INFO:colcon.colcon_core.shell:Creating environment hook '/home/ycao/virtual_roam_2/install/champ_msgs/share/champ_msgs/hook/pythonpath.sh'
[0.534s] Level 1:colcon.colcon_core.environment:checking '/home/ycao/virtual_roam_2/install/champ_msgs/bin'
[0.534s] INFO:colcon.colcon_core.shell:Creating package script '/home/ycao/virtual_roam_2/install/champ_msgs/share/champ_msgs/package.ps1'
[0.535s] INFO:colcon.colcon_core.shell:Creating package descriptor '/home/ycao/virtual_roam_2/install/champ_msgs/share/champ_msgs/package.dsv'
[0.535s] INFO:colcon.colcon_core.shell:Creating package script '/home/ycao/virtual_roam_2/install/champ_msgs/share/champ_msgs/package.sh'
[0.535s] INFO:colcon.colcon_core.shell:Creating package script '/home/ycao/virtual_roam_2/install/champ_msgs/share/champ_msgs/package.bash'
[0.536s] INFO:colcon.colcon_core.shell:Creating package script '/home/ycao/virtual_roam_2/install/champ_msgs/share/champ_msgs/package.zsh'
[0.536s] Level 1:colcon.colcon_core.environment:create_file_with_runtime_dependencies(/home/ycao/virtual_roam_2/install/champ_msgs/share/colcon-core/packages/champ_msgs)
[0.537s] Level 1:colcon.colcon_core.environment:create_environment_scripts_only(champ_msgs)
[0.537s] Level 1:colcon.colcon_core.environment:checking '/home/ycao/virtual_roam_2/install/champ_msgs' for CMake module files
[0.537s] Level 1:colcon.colcon_core.environment:checking '/home/ycao/virtual_roam_2/install/champ_msgs' for CMake config files
[0.537s] Level 1:colcon.colcon_core.shell:create_environment_hook('champ_msgs', 'cmake_prefix_path')
[0.537s] INFO:colcon.colcon_core.shell:Creating environment hook '/home/ycao/virtual_roam_2/install/champ_msgs/share/champ_msgs/hook/cmake_prefix_path.ps1'
[0.538s] INFO:colcon.colcon_core.shell:Creating environment descriptor '/home/ycao/virtual_roam_2/install/champ_msgs/share/champ_msgs/hook/cmake_prefix_path.dsv'
[0.538s] INFO:colcon.colcon_core.shell:Creating environment hook '/home/ycao/virtual_roam_2/install/champ_msgs/share/champ_msgs/hook/cmake_prefix_path.sh'
[0.538s] Level 1:colcon.colcon_core.environment:checking '/home/ycao/virtual_roam_2/install/champ_msgs/lib'
[0.538s] Level 1:colcon.colcon_core.shell:create_environment_hook('champ_msgs', 'ld_library_path_lib')
[0.539s] INFO:colcon.colcon_core.shell:Creating environment hook '/home/ycao/virtual_roam_2/install/champ_msgs/share/champ_msgs/hook/ld_library_path_lib.ps1'
[0.539s] INFO:colcon.colcon_core.shell:Creating environment descriptor '/home/ycao/virtual_roam_2/install/champ_msgs/share/champ_msgs/hook/ld_library_path_lib.dsv'
[0.539s] INFO:colcon.colcon_core.shell:Creating environment hook '/home/ycao/virtual_roam_2/install/champ_msgs/share/champ_msgs/hook/ld_library_path_lib.sh'
[0.540s] Level 1:colcon.colcon_core.environment:checking '/home/ycao/virtual_roam_2/install/champ_msgs/bin'
[0.540s] Level 1:colcon.colcon_core.environment:checking '/home/ycao/virtual_roam_2/install/champ_msgs/lib/pkgconfig/champ_msgs.pc'
[0.540s] Level 1:colcon.colcon_core.environment:checking '/home/ycao/virtual_roam_2/install/champ_msgs/lib/python3.12/site-packages'
[0.540s] Level 1:colcon.colcon_core.shell:create_environment_hook('champ_msgs', 'pythonpath')
[0.540s] INFO:colcon.colcon_core.shell:Creating environment hook '/home/ycao/virtual_roam_2/install/champ_msgs/share/champ_msgs/hook/pythonpath.ps1'
[0.540s] INFO:colcon.colcon_core.shell:Creating environment descriptor '/home/ycao/virtual_roam_2/install/champ_msgs/share/champ_msgs/hook/pythonpath.dsv'
[0.541s] INFO:colcon.colcon_core.shell:Creating environment hook '/home/ycao/virtual_roam_2/install/champ_msgs/share/champ_msgs/hook/pythonpath.sh'
[0.542s] Level 1:colcon.colcon_core.environment:checking '/home/ycao/virtual_roam_2/install/champ_msgs/bin'
[0.542s] INFO:colcon.colcon_core.shell:Creating package script '/home/ycao/virtual_roam_2/install/champ_msgs/share/champ_msgs/package.ps1'
[0.542s] INFO:colcon.colcon_core.shell:Creating package descriptor '/home/ycao/virtual_roam_2/install/champ_msgs/share/champ_msgs/package.dsv'
[0.542s] INFO:colcon.colcon_core.shell:Creating package script '/home/ycao/virtual_roam_2/install/champ_msgs/share/champ_msgs/package.sh'
[0.543s] INFO:colcon.colcon_core.shell:Creating package script '/home/ycao/virtual_roam_2/install/champ_msgs/share/champ_msgs/package.bash'
[0.543s] INFO:colcon.colcon_core.shell:Creating package script '/home/ycao/virtual_roam_2/install/champ_msgs/share/champ_msgs/package.zsh'
[0.543s] Level 1:colcon.colcon_core.environment:create_file_with_runtime_dependencies(/home/ycao/virtual_roam_2/install/champ_msgs/share/colcon-core/packages/champ_msgs)
[0.544s] INFO:colcon.colcon_ros.task.ament_cmake.build:Building ROS package in '/home/ycao/virtual_roam_2/src/champ_base' with build type 'ament_cmake'
[0.544s] INFO:colcon.colcon_cmake.task.cmake.build:Building CMake package in '/home/ycao/virtual_roam_2/src/champ_base'
[0.544s] INFO:colcon.colcon_core.shell:Skip shell extension 'powershell' for command environment: Not usable outside of PowerShell
[0.544s] DEBUG:colcon.colcon_core.shell:Skip shell extension 'dsv' for command environment
[0.555s] DEBUG:colcon.colcon_core.event_handler.log_command:Invoking command in '/home/ycao/virtual_roam_2/build/champ_base': AMENT_PREFIX_PATH=/home/ycao/virtual_roam_2/install/champ_msgs:/home/ycao/virtual_roam_2/install/champ:${AMENT_PREFIX_PATH} CMAKE_PREFIX_PATH=/home/ycao/virtual_roam_2/install/champ_msgs:/home/ycao/virtual_roam_2/install/champ:/opt/ros/jazzy/opt/gz_sim_vendor:/opt/ros/jazzy/opt/gz_sensors_vendor:/opt/ros/jazzy/opt/gz_physics_vendor:/opt/ros/jazzy/opt/sdformat_vendor:/opt/ros/jazzy/opt/gz_gui_vendor:/opt/ros/jazzy/opt/gz_transport_vendor:/opt/ros/jazzy/opt/gz_rendering_vendor:/opt/ros/jazzy/opt/gz_plugin_vendor:/opt/ros/jazzy/opt/gz_fuel_tools_vendor:/opt/ros/jazzy/opt/gz_msgs_vendor:/opt/ros/jazzy/opt/gz_common_vendor:/opt/ros/jazzy/opt/gz_math_vendor:/opt/ros/jazzy/opt/gz_utils_vendor:/opt/ros/jazzy/opt/gz_tools_vendor:/opt/ros/jazzy/opt/gz_ogre_next_vendor:/opt/ros/jazzy/opt/gz_dartsim_vendor:/opt/ros/jazzy/opt/gz_cmake_vendor:/opt/ros/jazzy DEBUGINFOD_URLS=https://debuginfod.ubuntu.com LD_LIBRARY_PATH=/home/ycao/virtual_roam_2/install/champ_msgs/lib:${LD_LIBRARY_PATH} PYTHONPATH=/home/ycao/virtual_roam_2/install/champ_msgs/lib/python3.12/site-packages:${PYTHONPATH} /usr/bin/cmake --build /home/ycao/virtual_roam_2/build/champ_base -- -j16 -l16
[0.642s] DEBUG:colcon.colcon_core.event_handler.log_command:Invoked command in '/home/ycao/virtual_roam_2/build/champ_base' returned '0': AMENT_PREFIX_PATH=/home/ycao/virtual_roam_2/install/champ_msgs:/home/ycao/virtual_roam_2/install/champ:${AMENT_PREFIX_PATH} CMAKE_PREFIX_PATH=/home/ycao/virtual_roam_2/install/champ_msgs:/home/ycao/virtual_roam_2/install/champ:/opt/ros/jazzy/opt/gz_sim_vendor:/opt/ros/jazzy/opt/gz_sensors_vendor:/opt/ros/jazzy/opt/gz_physics_vendor:/opt/ros/jazzy/opt/sdformat_vendor:/opt/ros/jazzy/opt/gz_gui_vendor:/opt/ros/jazzy/opt/gz_transport_vendor:/opt/ros/jazzy/opt/gz_rendering_vendor:/opt/ros/jazzy/opt/gz_plugin_vendor:/opt/ros/jazzy/opt/gz_fuel_tools_vendor:/opt/ros/jazzy/opt/gz_msgs_vendor:/opt/ros/jazzy/opt/gz_common_vendor:/opt/ros/jazzy/opt/gz_math_vendor:/opt/ros/jazzy/opt/gz_utils_vendor:/opt/ros/jazzy/opt/gz_tools_vendor:/opt/ros/jazzy/opt/gz_ogre_next_vendor:/opt/ros/jazzy/opt/gz_dartsim_vendor:/opt/ros/jazzy/opt/gz_cmake_vendor:/opt/ros/jazzy DEBUGINFOD_URLS=https://debuginfod.ubuntu.com LD_LIBRARY_PATH=/home/ycao/virtual_roam_2/install/champ_msgs/lib:${LD_LIBRARY_PATH} PYTHONPATH=/home/ycao/virtual_roam_2/install/champ_msgs/lib/python3.12/site-packages:${PYTHONPATH} /usr/bin/cmake --build /home/ycao/virtual_roam_2/build/champ_base -- -j16 -l16
[0.643s] DEBUG:colcon.colcon_core.event_handler.log_command:Invoking command in '/home/ycao/virtual_roam_2/build/champ_base': AMENT_PREFIX_PATH=/home/ycao/virtual_roam_2/install/champ_msgs:/home/ycao/virtual_roam_2/install/champ:${AMENT_PREFIX_PATH} CMAKE_PREFIX_PATH=/home/ycao/virtual_roam_2/install/champ_msgs:/home/ycao/virtual_roam_2/install/champ:/opt/ros/jazzy/opt/gz_sim_vendor:/opt/ros/jazzy/opt/gz_sensors_vendor:/opt/ros/jazzy/opt/gz_physics_vendor:/opt/ros/jazzy/opt/sdformat_vendor:/opt/ros/jazzy/opt/gz_gui_vendor:/opt/ros/jazzy/opt/gz_transport_vendor:/opt/ros/jazzy/opt/gz_rendering_vendor:/opt/ros/jazzy/opt/gz_plugin_vendor:/opt/ros/jazzy/opt/gz_fuel_tools_vendor:/opt/ros/jazzy/opt/gz_msgs_vendor:/opt/ros/jazzy/opt/gz_common_vendor:/opt/ros/jazzy/opt/gz_math_vendor:/opt/ros/jazzy/opt/gz_utils_vendor:/opt/ros/jazzy/opt/gz_tools_vendor:/opt/ros/jazzy/opt/gz_ogre_next_vendor:/opt/ros/jazzy/opt/gz_dartsim_vendor:/opt/ros/jazzy/opt/gz_cmake_vendor:/opt/ros/jazzy DEBUGINFOD_URLS=https://debuginfod.ubuntu.com LD_LIBRARY_PATH=/home/ycao/virtual_roam_2/install/champ_msgs/lib:${LD_LIBRARY_PATH} PYTHONPATH=/home/ycao/virtual_roam_2/install/champ_msgs/lib/python3.12/site-packages:${PYTHONPATH} /usr/bin/cmake --install /home/ycao/virtual_roam_2/build/champ_base
[0.654s] Level 1:colcon.colcon_core.environment:create_environment_scripts_only(champ_base)
[0.654s] Level 1:colcon.colcon_core.environment:checking '/home/ycao/virtual_roam_2/install/champ_base' for CMake module files
[0.655s] DEBUG:colcon.colcon_core.event_handler.log_command:Invoked command in '/home/ycao/virtual_roam_2/build/champ_base' returned '0': AMENT_PREFIX_PATH=/home/ycao/virtual_roam_2/install/champ_msgs:/home/ycao/virtual_roam_2/install/champ:${AMENT_PREFIX_PATH} CMAKE_PREFIX_PATH=/home/ycao/virtual_roam_2/install/champ_msgs:/home/ycao/virtual_roam_2/install/champ:/opt/ros/jazzy/opt/gz_sim_vendor:/opt/ros/jazzy/opt/gz_sensors_vendor:/opt/ros/jazzy/opt/gz_physics_vendor:/opt/ros/jazzy/opt/sdformat_vendor:/opt/ros/jazzy/opt/gz_gui_vendor:/opt/ros/jazzy/opt/gz_transport_vendor:/opt/ros/jazzy/opt/gz_rendering_vendor:/opt/ros/jazzy/opt/gz_plugin_vendor:/opt/ros/jazzy/opt/gz_fuel_tools_vendor:/opt/ros/jazzy/opt/gz_msgs_vendor:/opt/ros/jazzy/opt/gz_common_vendor:/opt/ros/jazzy/opt/gz_math_vendor:/opt/ros/jazzy/opt/gz_utils_vendor:/opt/ros/jazzy/opt/gz_tools_vendor:/opt/ros/jazzy/opt/gz_ogre_next_vendor:/opt/ros/jazzy/opt/gz_dartsim_vendor:/opt/ros/jazzy/opt/gz_cmake_vendor:/opt/ros/jazzy DEBUGINFOD_URLS=https://debuginfod.ubuntu.com LD_LIBRARY_PATH=/home/ycao/virtual_roam_2/install/champ_msgs/lib:${LD_LIBRARY_PATH} PYTHONPATH=/home/ycao/virtual_roam_2/install/champ_msgs/lib/python3.12/site-packages:${PYTHONPATH} /usr/bin/cmake --install /home/ycao/virtual_roam_2/build/champ_base
[0.655s] Level 1:colcon.colcon_core.environment:checking '/home/ycao/virtual_roam_2/install/champ_base' for CMake config files
[0.656s] Level 1:colcon.colcon_core.shell:create_environment_hook('champ_base', 'cmake_prefix_path')
[0.656s] INFO:colcon.colcon_core.shell:Creating environment hook '/home/ycao/virtual_roam_2/install/champ_base/share/champ_base/hook/cmake_prefix_path.ps1'
[0.656s] INFO:colcon.colcon_core.shell:Creating environment descriptor '/home/ycao/virtual_roam_2/install/champ_base/share/champ_base/hook/cmake_prefix_path.dsv'
[0.656s] INFO:colcon.colcon_core.shell:Creating environment hook '/home/ycao/virtual_roam_2/install/champ_base/share/champ_base/hook/cmake_prefix_path.sh'
[0.657s] Level 1:colcon.colcon_core.environment:checking '/home/ycao/virtual_roam_2/install/champ_base/lib'
[0.657s] Level 1:colcon.colcon_core.shell:create_environment_hook('champ_base', 'ld_library_path_lib')
[0.657s] INFO:colcon.colcon_core.shell:Creating environment hook '/home/ycao/virtual_roam_2/install/champ_base/share/champ_base/hook/ld_library_path_lib.ps1'
[0.657s] INFO:colcon.colcon_core.shell:Creating environment descriptor '/home/ycao/virtual_roam_2/install/champ_base/share/champ_base/hook/ld_library_path_lib.dsv'
[0.658s] INFO:colcon.colcon_core.shell:Creating environment hook '/home/ycao/virtual_roam_2/install/champ_base/share/champ_base/hook/ld_library_path_lib.sh'
[0.658s] Level 1:colcon.colcon_core.environment:checking '/home/ycao/virtual_roam_2/install/champ_base/bin'
[0.658s] Level 1:colcon.colcon_core.shell:create_environment_hook('champ_base', 'path')
[0.658s] INFO:colcon.colcon_core.shell:Creating environment hook '/home/ycao/virtual_roam_2/install/champ_base/share/champ_base/hook/path.ps1'
[0.659s] INFO:colcon.colcon_core.shell:Creating environment descriptor '/home/ycao/virtual_roam_2/install/champ_base/share/champ_base/hook/path.dsv'
[0.659s] INFO:colcon.colcon_core.shell:Creating environment hook '/home/ycao/virtual_roam_2/install/champ_base/share/champ_base/hook/path.sh'
[0.659s] Level 1:colcon.colcon_core.environment:checking '/home/ycao/virtual_roam_2/install/champ_base/lib/pkgconfig/champ_base.pc'
[0.659s] Level 1:colcon.colcon_core.environment:checking '/home/ycao/virtual_roam_2/install/champ_base/lib/python3.12/site-packages'
[0.659s] Level 1:colcon.colcon_core.environment:checking '/home/ycao/virtual_roam_2/install/champ_base/bin'
[0.660s] Level 1:colcon.colcon_core.shell:create_environment_hook('champ_base', 'pythonscriptspath')
[0.660s] INFO:colcon.colcon_core.shell:Creating environment hook '/home/ycao/virtual_roam_2/install/champ_base/share/champ_base/hook/pythonscriptspath.ps1'
[0.660s] INFO:colcon.colcon_core.shell:Creating environment descriptor '/home/ycao/virtual_roam_2/install/champ_base/share/champ_base/hook/pythonscriptspath.dsv'
[0.660s] INFO:colcon.colcon_core.shell:Creating environment hook '/home/ycao/virtual_roam_2/install/champ_base/share/champ_base/hook/pythonscriptspath.sh'
[0.661s] INFO:colcon.colcon_core.shell:Creating package script '/home/ycao/virtual_roam_2/install/champ_base/share/champ_base/package.ps1'
[0.661s] INFO:colcon.colcon_core.shell:Creating package descriptor '/home/ycao/virtual_roam_2/install/champ_base/share/champ_base/package.dsv'
[0.662s] INFO:colcon.colcon_core.shell:Creating package script '/home/ycao/virtual_roam_2/install/champ_base/share/champ_base/package.sh'
[0.662s] INFO:colcon.colcon_core.shell:Creating package script '/home/ycao/virtual_roam_2/install/champ_base/share/champ_base/package.bash'
[0.662s] INFO:colcon.colcon_core.shell:Creating package script '/home/ycao/virtual_roam_2/install/champ_base/share/champ_base/package.zsh'
[0.662s] Level 1:colcon.colcon_core.environment:create_file_with_runtime_dependencies(/home/ycao/virtual_roam_2/install/champ_base/share/colcon-core/packages/champ_base)
[0.663s] Level 1:colcon.colcon_core.environment:create_environment_scripts_only(champ_base)
[0.663s] Level 1:colcon.colcon_core.environment:checking '/home/ycao/virtual_roam_2/install/champ_base' for CMake module files
[0.663s] Level 1:colcon.colcon_core.environment:checking '/home/ycao/virtual_roam_2/install/champ_base' for CMake config files
[0.664s] Level 1:colcon.colcon_core.shell:create_environment_hook('champ_base', 'cmake_prefix_path')
[0.664s] INFO:colcon.colcon_core.shell:Creating environment hook '/home/ycao/virtual_roam_2/install/champ_base/share/champ_base/hook/cmake_prefix_path.ps1'
[0.664s] INFO:colcon.colcon_core.shell:Creating environment descriptor '/home/ycao/virtual_roam_2/install/champ_base/share/champ_base/hook/cmake_prefix_path.dsv'
[0.664s] INFO:colcon.colcon_core.shell:Creating environment hook '/home/ycao/virtual_roam_2/install/champ_base/share/champ_base/hook/cmake_prefix_path.sh'
[0.665s] Level 1:colcon.colcon_core.environment:checking '/home/ycao/virtual_roam_2/install/champ_base/lib'
[0.665s] Level 1:colcon.colcon_core.shell:create_environment_hook('champ_base', 'ld_library_path_lib')
[0.665s] INFO:colcon.colcon_core.shell:Creating environment hook '/home/ycao/virtual_roam_2/install/champ_base/share/champ_base/hook/ld_library_path_lib.ps1'
[0.665s] INFO:colcon.colcon_core.shell:Creating environment descriptor '/home/ycao/virtual_roam_2/install/champ_base/share/champ_base/hook/ld_library_path_lib.dsv'
[0.666s] INFO:colcon.colcon_core.shell:Creating environment hook '/home/ycao/virtual_roam_2/install/champ_base/share/champ_base/hook/ld_library_path_lib.sh'
[0.666s] Level 1:colcon.colcon_core.environment:checking '/home/ycao/virtual_roam_2/install/champ_base/bin'
[0.666s] Level 1:colcon.colcon_core.shell:create_environment_hook('champ_base', 'path')
[0.666s] INFO:colcon.colcon_core.shell:Creating environment hook '/home/ycao/virtual_roam_2/install/champ_base/share/champ_base/hook/path.ps1'
[0.666s] INFO:colcon.colcon_core.shell:Creating environment descriptor '/home/ycao/virtual_roam_2/install/champ_base/share/champ_base/hook/path.dsv'
[0.667s] INFO:colcon.colcon_core.shell:Creating environment hook '/home/ycao/virtual_roam_2/install/champ_base/share/champ_base/hook/path.sh'
[0.667s] Level 1:colcon.colcon_core.environment:checking '/home/ycao/virtual_roam_2/install/champ_base/lib/pkgconfig/champ_base.pc'
[0.667s] Level 1:colcon.colcon_core.environment:checking '/home/ycao/virtual_roam_2/install/champ_base/lib/python3.12/site-packages'
[0.667s] Level 1:colcon.colcon_core.environment:checking '/home/ycao/virtual_roam_2/install/champ_base/bin'
[0.667s] Level 1:colcon.colcon_core.shell:create_environment_hook('champ_base', 'pythonscriptspath')
[0.667s] INFO:colcon.colcon_core.shell:Creating environment hook '/home/ycao/virtual_roam_2/install/champ_base/share/champ_base/hook/pythonscriptspath.ps1'
[0.668s] INFO:colcon.colcon_core.shell:Creating environment descriptor '/home/ycao/virtual_roam_2/install/champ_base/share/champ_base/hook/pythonscriptspath.dsv'
[0.668s] INFO:colcon.colcon_core.shell:Creating environment hook '/home/ycao/virtual_roam_2/install/champ_base/share/champ_base/hook/pythonscriptspath.sh'
[0.669s] INFO:colcon.colcon_core.shell:Creating package script '/home/ycao/virtual_roam_2/install/champ_base/share/champ_base/package.ps1'
[0.669s] INFO:colcon.colcon_core.shell:Creating package descriptor '/home/ycao/virtual_roam_2/install/champ_base/share/champ_base/package.dsv'
[0.670s] INFO:colcon.colcon_core.shell:Creating package script '/home/ycao/virtual_roam_2/install/champ_base/share/champ_base/package.sh'
[0.670s] INFO:colcon.colcon_core.shell:Creating package script '/home/ycao/virtual_roam_2/install/champ_base/share/champ_base/package.bash'
[0.670s] INFO:colcon.colcon_core.shell:Creating package script '/home/ycao/virtual_roam_2/install/champ_base/share/champ_base/package.zsh'
[0.671s] Level 1:colcon.colcon_core.environment:create_file_with_runtime_dependencies(/home/ycao/virtual_roam_2/install/champ_base/share/colcon-core/packages/champ_base)
[0.671s] DEBUG:colcon.colcon_parallel_executor.executor.parallel:closing loop
[0.671s] DEBUG:colcon.colcon_parallel_executor.executor.parallel:loop closed
[0.671s] DEBUG:colcon.colcon_parallel_executor.executor.parallel:run_until_complete finished with '0'
[0.672s] DEBUG:colcon.colcon_core.event_reactor:joining thread
[0.676s] INFO:colcon.colcon_core.plugin_system:Skipping extension 'colcon_notification.desktop_notification.terminal_notifier': Not used on non-Darwin systems
[0.676s] INFO:colcon.colcon_core.plugin_system:Skipping extension 'colcon_notification.desktop_notification.win32': Not used on non-Windows systems
[0.676s] INFO:colcon.colcon_notification.desktop_notification:Sending desktop notification using 'notify2'
[0.687s] DEBUG:colcon.colcon_core.event_reactor:joined thread
[0.687s] INFO:colcon.colcon_core.shell:Creating prefix script '/home/ycao/virtual_roam_2/install/local_setup.ps1'
[0.688s] INFO:colcon.colcon_core.shell:Creating prefix util module '/home/ycao/virtual_roam_2/install/_local_setup_util_ps1.py'
[0.689s] INFO:colcon.colcon_core.shell:Creating prefix chain script '/home/ycao/virtual_roam_2/install/setup.ps1'
[0.690s] INFO:colcon.colcon_core.shell:Creating prefix script '/home/ycao/virtual_roam_2/install/local_setup.sh'
[0.690s] INFO:colcon.colcon_core.shell:Creating prefix util module '/home/ycao/virtual_roam_2/install/_local_setup_util_sh.py'
[0.690s] INFO:colcon.colcon_core.shell:Creating prefix chain script '/home/ycao/virtual_roam_2/install/setup.sh'
[0.691s] INFO:colcon.colcon_core.shell:Creating prefix script '/home/ycao/virtual_roam_2/install/local_setup.bash'
[0.692s] INFO:colcon.colcon_core.shell:Creating prefix chain script '/home/ycao/virtual_roam_2/install/setup.bash'
[0.692s] INFO:colcon.colcon_core.shell:Creating prefix script '/home/ycao/virtual_roam_2/install/local_setup.zsh'
[0.693s] INFO:colcon.colcon_core.shell:Creating prefix chain script '/home/ycao/virtual_roam_2/install/setup.zsh'
